04月25日 13:20:56.750 ***** StartLogging SIO.log *****
04月25日 13:21:14.031 [U0A P1]READY
04月25日 13:21:14.031 [U0A P1]モードチェンジデータ 89C2
04月25日 13:21:14.031 [U0A P1]モードチェンジ要求
04月25日 13:21:14.031 [U0A P2]READY
04月25日 13:21:14.062 [U0A P2]モードチェンジデータ 85C2
04月25日 13:21:14.062 [U0A P2]モードチェンジ要求
04月25日 13:21:15.125 [U0A P1]モードチェンジ要求中ON
04月25日 13:21:16.062 [U0A P2]モードチェンジ要求中ON
04月25日 13:21:16.062 [U0A P1]モードチェンジ要求完了
04月25日 13:21:16.062 [U0A P1]初期設定完了
04月25日 13:21:17.140 [U0A P2]モードチェンジ要求完了
04月25日 13:21:17.140 [U0A P2]初期設定完了
04月25日 13:24:05.328 [U0A P1]占有権要求 S05
04月25日 13:24:05.328 [U0A P1]占有権取得 S05
04月25日 13:24:05.343 [U0A P1]占有権要求 S06
04月25日 13:24:05.953 [U0A P1]SND S05 02 50 34 35 0C 00 49 4E 49 00 01 00 00 01 01 01 00 00 03 41 39
04月25日 13:24:06.796 [U0A P1]RCV 02 50 34 35 00 00 03 42 39
04月25日 13:24:06.843 [U0A P1]RCV S05 02 50 34 35 00 00 03 42 39
04月25日 13:24:06.875 [U0A P1]占有権解放 S05
04月25日 13:24:06.875 [U0A P1]占有権要求 S05
04月25日 13:24:07.156 [U0A P1]占有権取得 S06
04月25日 13:24:07.656 [U0A P1]SND S06 02 50 34 37 0C 00 49 4E 49 00 01 00 00 01 01 01 00 00 03 41 42
04月25日 13:24:08.593 [U0A P1]RCV 02 50 34 37 00 00 03 42 42
04月25日 13:24:08.656 [U0A P1]RCV S06 02 50 34 37 00 00 03 42 42
04月25日 13:24:08.656 [U0A P1]占有権解放 S06
04月25日 13:24:08.687 [U0A P1]占有権要求 S06
04月25日 13:24:08.734 [U0A P1]占有権取得 S05
04月25日 13:24:09.250 [U0A P1]SND S05 02 50 34 35 23 01 4F 52 50 00 00 00 00 00 00 00 00 00 00 00 00 00 00 00 00 00 10 00 00 40 00 00 01 00 00 01 00 00 30 06 00 03 35 36
04月25日 13:24:09.984 [U0A P1]RCV 02 50 34 35 00 01 03 42 41
04月25日 13:24:10.109 [U0A P1]RCV S05 02 50 34 35 00 01 03 42 41
04月25日 13:24:10.109 [U0A P1]占有権解放 S05
04月25日 13:24:10.140 [U0A P1]占有権要求 S05
04月25日 13:24:10.234 [U0A P1]占有権取得 S06
04月25日 13:24:10.656 [U0A P1]SND S06 02 50 34 37 23 01 4F 52 50 00 00 00 00 00 00 00 00 00 00 00 00 00 00 00 00 00 10 00 00 40 00 00 01 00 00 01 00 00 30 06 00 03 35 38
04月25日 13:24:11.390 [U0A P1]RCV 02 50 34 37 00 01 03 42 43
04月25日 13:24:11.484 [U0A P1]RCV S06 02 50 34 37 00 01 03 42 43
04月25日 13:24:11.546 [U0A P1]占有権解放 S06
04月25日 13:24:11.593 [U0A P1]占有権取得 S05
04月25日 13:24:11.593 [U0A P1]占有権要求 S06
04月25日 13:24:12.125 [U0A P1]SND S05 02 50 34 35 06 02 4F 52 53 02 01 01 03 42 39
04月25日 13:24:12.640 [U0A P1]RCV 02 50 34 35 00 02 03 42 42
04月25日 13:24:12.671 [U0A P1]RCV S05 02 50 34 35 00 02 03 42 42
04月25日 13:24:12.687 [U0A P1]占有権解放 S05
04月25日 13:24:12.796 [U0A P1]占有権取得 S06
04月25日 13:24:13.265 [U0A P1]SND S06 02 50 34 37 06 02 4F 52 53 02 01 01 03 42 42
04月25日 13:24:14.046 [U0A P1]RCV 02 50 34 37 00 02 03 42 44
04月25日 13:24:14.062 [U0A P1]RCV S06 02 50 34 37 00 02 03 42 44
04月25日 13:24:14.109 [U0A P1]占有権解放 S06
04月25日 13:24:16.562 [U0A P1]占有権要求 S05
04月25日 13:24:16.640 [U0A P1]占有権取得 S05
04月25日 13:24:16.859 [U0A P1]SND S05 02 50 34 35 05 03 53 54 51 02 00 03 42 42
04月25日 13:24:17.390 [U0A P1]RCV 02 50 34 35 00 03 03 42 43
04月25日 13:24:17.390 [U0A P1]RCV S05 02 50 34 35 00 03 03 42 43
04月25日 13:24:17.453 [U0A P1]占有権要求 S06
04月25日 13:24:18.140 [U0A P1]RCV 02 50 34 35 0F 03 53 54 41 02 00 00 00 00 01 00 00 00 00 00 00 03 42 36
04月25日 13:24:18.187 [U0A P1]RCV S05 02 50 34 35 0F 03 53 54 41 02 00 00 00 00 01 00 00 00 00 00 00 03 42 36
04月25日 13:24:18.187 [U0A P1]占有権解放 S05
04月25日 13:24:18.281 [U0A P1]占有権要求 S05
04月25日 13:24:18.343 [U0A P1]占有権取得 S06
04月25日 13:24:18.765 [U0A P1]SND S06 02 50 34 37 05 03 53 54 51 02 00 03 42 44
04月25日 13:24:19.546 [U0A P1]RCV 02 50 34 37 00 03 03 42 45
04月25日 13:24:19.625 [U0A P1]RCV S06 02 50 34 37 00 03 03 42 45
04月25日 13:24:20.421 [U0A P1]RCV 02 50 34 37 0F 03 53 54 41 02 00 00 00 00 01 00 00 00 00 00 00 03 42 38
04月25日 13:24:20.468 [U0A P1]RCV S06 02 50 34 37 0F 03 53 54 41 02 00 00 00 00 01 00 00 00 00 00 00 03 42 38
04月25日 13:24:20.484 [U0A P1]占有権解放 S06
04月25日 13:24:20.531 [U0A P1]占有権取得 S05
04月25日 13:24:20.578 [U0A P1]占有権要求 S06
04月25日 13:24:20.984 [U0A P1]SND S05 02 50 34 35 1D 04 50 41 52 00 00 00 00 00 00 00 00 00 00 00 00 00 00 03 60 00 03 60 00 01 00 00 01 00 00 03 38 35
04月25日 13:24:21.703 [U0A P1]RCV 02 50 34 35 00 04 03 42 44
04月25日 13:24:21.734 [U0A P1]RCV S05 02 50 34 35 00 04 03 42 44
04月25日 13:24:21.734 [U0A P1]占有権解放 S05
04月25日 13:24:21.734 [U0A P1]占有権要求 S05
04月25日 13:24:21.859 [U0A P1]占有権取得 S06
04月25日 13:24:22.328 [U0A P1]SND S06 02 50 34 37 1D 04 50 41 52 00 00 00 00 00 00 00 00 00 00 00 00 00 00 03 60 00 03 60 00 01 00 00 01 00 00 03 38 37
04月25日 13:24:23.093 [U0A P1]RCV 02 50 34 37 00 04 03 42 46
04月25日 13:24:23.140 [U0A P1]RCV S06 02 50 34 37 00 04 03 42 46
04月25日 13:24:23.156 [U0A P1]占有権解放 S06
04月25日 13:24:23.203 [U0A P1]占有権要求 S06
04月25日 13:24:23.312 [U0A P1]占有権取得 S05
04月25日 13:24:23.875 [U0A P1]SND S05 02 50 34 35 17 05 50 55 4C 00 00 00 00 00 00 00 00 00 00 10 01 32 00 00 00 00 00 00 00 03 30 39
04月25日 13:24:24.390 [U0A P1]RCV 02 50 34 35 00 05 03 42 45
04月25日 13:24:24.390 [U0A P1]RCV S05 02 50 34 35 00 05 03 42 45
04月25日 13:24:24.390 [U0A P1]占有権解放 S05
04月25日 13:24:24.437 [U0A P1]占有権取得 S06
04月25日 13:24:24.890 [U0A P1]占有権要求 S05
04月25日 13:24:24.953 [U0A P1]SND S06 02 50 34 37 17 05 50 55 4C 00 00 00 00 00 00 00 00 00 00 10 01 32 00 00 00 00 00 00 00 03 30 42
04月25日 13:24:25.546 [U0A P1]RCV 02 50 34 37 00 05 03 43 30
04月25日 13:24:25.593 [U0A P1]RCV S06 02 50 34 37 00 05 03 43 30
04月25日 13:24:25.593 [U0A P1]占有権解放 S06
04月25日 13:24:25.656 [U0A P1]占有権取得 S05
04月25日 13:24:26.015 [U0A P1]SND S05 02 50 34 35 05 06 53 54 51 02 00 03 42 45
04月25日 13:24:26.078 [U0A P1]占有権要求 S06
04月25日 13:24:26.656 [U0A P1]RCV 02 50 34 35 00 06 03 42 46
04月25日 13:24:26.718 [U0A P1]RCV S05 02 50 34 35 00 06 03 42 46
04月25日 13:24:27.250 [U0A P1]RCV 02 50 34 35 0F 06 53 54 41 02 01 10 01 32 01 00 00 00 00 00 00 03 46 44
04月25日 13:24:27.250 [U0A P1]RCV S05 02 50 34 35 0F 06 53 54 41 02 01 10 01 32 01 00 00 00 00 00 00 03 46 44
04月25日 13:24:27.296 [U0A P1]占有権解放 S05
04月25日 13:24:27.390 [U0A P1]占有権取得 S06
04月25日 13:24:27.656 [U0A P1]SND S06 02 50 34 37 05 06 53 54 51 02 00 03 43 30
04月25日 13:24:28.062 [U0A P1]RCV 02 50 34 37 00 06 03 43 31
04月25日 13:24:28.062 [U0A P1]RCV S06 02 50 34 37 00 06 03 43 31
04月25日 13:24:28.640 [U0A P1]RCV 02 50 34 37 0F 06 53 54 41 02 01 10 01 32 01 00 00 00 00 00 00 03 46 46
04月25日 13:24:28.640 [U0A P1]RCV S06 02 50 34 37 0F 06 53 54 41 02 01 10 01 32 01 00 00 00 00 00 00 03 46 46
04月25日 13:24:28.656 [U0A P1]占有権解放 S06
04月25日 13:29:34.156 [U0A P1]占有権要求 S05
04月25日 13:29:34.203 [U0A P1]占有権取得 S05
04月25日 13:29:34.218 [U0A P1]占有権要求 S06
04月25日 13:29:34.718 [U0A P1]SND S05 02 50 34 35 0C 07 49 4E 49 00 01 00 00 01 01 01 00 00 03 42 30
04月25日 13:29:35.640 [U0A P1]RCV 02 50 34 35 00 07 03 43 30
04月25日 13:29:35.656 [U0A P1]RCV S05 02 50 34 35 00 07 03 43 30
04月25日 13:29:35.671 [U0A P1]占有権解放 S05
04月25日 13:29:35.671 [U0A P1]占有権要求 S05
04月25日 13:29:35.828 [U0A P1]占有権取得 S06
04月25日 13:29:36.343 [U0A P1]SND S06 02 50 34 37 0C 07 49 4E 49 00 01 00 00 01 01 01 00 00 03 42 32
04月25日 13:29:37.296 [U0A P1]RCV 02 50 34 37 00 07 03 43 32
04月25日 13:29:37.312 [U0A P1]RCV S06 02 50 34 37 00 07 03 43 32
04月25日 13:29:37.328 [U0A P1]占有権解放 S06
04月25日 13:29:37.343 [U0A P1]占有権要求 S06
04月25日 13:29:37.390 [U0A P1]占有権取得 S05
04月25日 13:29:37.625 [U0A P1]SND S05 02 50 34 35 23 08 4F 52 50 00 00 00 00 00 00 00 00 00 00 00 00 00 00 00 00 00 10 00 00 40 00 00 01 00 00 01 00 00 30 06 00 03 35 44
04月25日 13:29:38.281 [U0A P1]RCV 02 50 34 35 00 08 03 43 31
04月25日 13:29:38.281 [U0A P1]RCV S05 02 50 34 35 00 08 03 43 31
04月25日 13:29:38.390 [U0A P1]占有権解放 S05
04月25日 13:29:38.421 [U0A P1]占有権要求 S05
04月25日 13:29:38.562 [U0A P1]占有権取得 S06
04月25日 13:29:39.046 [U0A P1]SND S06 02 50 34 37 23 08 4F 52 50 00 00 00 00 00 00 00 00 00 00 00 00 00 00 00 00 00 10 00 00 40 00 00 01 00 00 01 00 00 30 06 00 03 35 46
04月25日 13:29:39.828 [U0A P1]RCV 02 50 34 37 00 08 03 43 33
04月25日 13:29:39.906 [U0A P1]RCV S06 02 50 34 37 00 08 03 43 33
04月25日 13:29:39.906 [U0A P1]占有権解放 S06
04月25日 13:29:39.906 [U0A P1]占有権要求 S06
04月25日 13:29:40.015 [U0A P1]占有権取得 S05
04月25日 13:29:40.484 [U0A P1]SND S05 02 50 34 35 06 09 4F 52 53 02 01 01 03 43 30
04月25日 13:29:41.031 [U0A P1]RCV 02 50 34 35 00 09 03 43 32
04月25日 13:29:41.031 [U0A P1]RCV S05 02 50 34 35 00 09 03 43 32
04月25日 13:29:41.046 [U0A P1]占有権解放 S05
04月25日 13:29:41.140 [U0A P1]占有権取得 S06
04月25日 13:29:41.703 [U0A P1]SND S06 02 50 34 37 06 09 4F 52 53 02 01 01 03 43 32
04月25日 13:29:42.640 [U0A P1]RCV 02 50 34 37 00 09 03 43 34
04月25日 13:29:42.640 [U0A P1]RCV S06 02 50 34 37 00 09 03 43 34
04月25日 13:29:42.671 [U0A P1]占有権解放 S06
04月25日 13:29:43.937 [U0A P1]占有権要求 S05
04月25日 13:29:44.062 [U0A P1]占有権取得 S05
04月25日 13:29:44.406 [U0A P1]SND S05 02 50 34 35 05 0A 53 54 51 02 00 03 43 32
04月25日 13:29:44.640 [U0A P1]占有権要求 S06
04月25日 13:29:45.312 [U0A P1]RCV 02 50 34 35 00 0A 03 43 33
04月25日 13:29:45.421 [U0A P1]RCV S05 02 50 34 35 00 0A 03 43 33
04月25日 13:29:46.078 [U0A P1]RCV 02 50 34 35 0F 0A 53 54 41 02 00 10 01 32 01 00 00 00 00 00 00 03 30 30
04月25日 13:29:46.140 [U0A P1]RCV S05 02 50 34 35 0F 0A 53 54 41 02 00 10 01 32 01 00 00 00 00 00 00 03 30 30
04月25日 13:29:46.140 [U0A P1]占有権解放 S05
04月25日 13:29:46.203 [U0A P1]占有権要求 S05
04月25日 13:29:46.203 [U0A P1]占有権取得 S06
04月25日 13:29:46.859 [U0A P1]SND S06 02 50 34 37 05 0A 53 54 51 02 00 03 43 34
04月25日 13:29:47.359 [U0A P1]RCV 02 50 34 37 00 0A 03 43 35
04月25日 13:29:47.359 [U0A P1]RCV S06 02 50 34 37 00 0A 03 43 35
04月25日 13:29:48.000 [U0A P1]RCV 02 50 34 37 0F 0A 53 54 41 02 00 10 01 32 01 00 00 00 00 00 00 03 30 32
04月25日 13:29:48.000 [U0A P1]RCV S06 02 50 34 37 0F 0A 53 54 41 02 00 10 01 32 01 00 00 00 00 00 00 03 30 32
04月25日 13:29:48.000 [U0A P1]占有権解放 S06
04月25日 13:29:48.046 [U0A P1]占有権取得 S05
04月25日 13:29:48.109 [U0A P1]占有権要求 S06
04月25日 13:29:48.406 [U0A P1]SND S05 02 50 34 35 1D 0B 50 41 52 00 00 00 00 00 00 00 00 00 00 00 00 00 00 03 60 00 03 60 00 01 00 00 01 00 00 03 38 43
04月25日 13:29:49.062 [U0A P1]RCV 02 50 34 35 00 0B 03 43 34
04月25日 13:29:49.093 [U0A P1]RCV S05 02 50 34 35 00 0B 03 43 34
04月25日 13:29:49.093 [U0A P1]占有権解放 S05
04月25日 13:29:49.093 [U0A P1]占有権要求 S05
04月25日 13:29:49.156 [U0A P1]占有権取得 S06
04月25日 13:29:49.515 [U0A P1]SND S06 02 50 34 37 1D 0B 50 41 52 00 00 00 00 00 00 00 00 00 00 00 00 00 00 03 60 00 03 60 00 01 00 00 01 00 00 03 38 45
04月25日 13:29:50.234 [U0A P1]RCV 02 50 34 37 00 0B 03 43 36
04月25日 13:29:50.265 [U0A P1]RCV S06 02 50 34 37 00 0B 03 43 36
04月25日 13:29:50.312 [U0A P1]占有権解放 S06
04月25日 13:29:50.328 [U0A P1]占有権要求 S06
04月25日 13:29:50.375 [U0A P1]占有権取得 S05
04月25日 13:29:50.843 [U0A P1]SND S05 02 50 34 35 17 0C 50 55 4C 00 00 00 00 00 00 00 00 00 00 10 01 32 00 00 00 00 00 00 00 03 31 30
04月25日 13:29:51.406 [U0A P1]RCV 02 50 34 35 00 0C 03 43 35
04月25日 13:29:51.406 [U0A P1]RCV S05 02 50 34 35 00 0C 03 43 35
04月25日 13:29:51.500 [U0A P1]占有権解放 S05
04月25日 13:29:51.625 [U0A P1]占有権取得 S06
04月25日 13:29:52.031 [U0A P1]SND S06 02 50 34 37 17 0C 50 55 4C 00 00 00 00 00 00 00 00 00 00 10 01 32 00 00 00 00 00 00 00 03 31 32
04月25日 13:29:52.078 [U0A P1]占有権要求 S05
04月25日 13:29:52.781 [U0A P1]RCV 02 50 34 37 00 0C 03 43 37
04月25日 13:29:52.859 [U0A P1]RCV S06 02 50 34 37 00 0C 03 43 37
04月25日 13:29:52.859 [U0A P1]占有権解放 S06
04月25日 13:29:52.937 [U0A P1]占有権取得 S05
04月25日 13:29:53.437 [U0A P1]SND S05 02 50 34 35 05 0D 53 54 51 02 00 03 43 35
04月25日 13:29:53.484 [U0A P1]占有権要求 S06
04月25日 13:29:53.984 [U0A P1]RCV 02 50 34 35 00 0D 03 43 36
04月25日 13:29:54.000 [U0A P1]RCV S05 02 50 34 35 00 0D 03 43 36
04月25日 13:29:54.718 [U0A P1]RCV 02 50 34 35 0F 0D 53 54 41 02 01 10 01 32 01 00 00 00 00 00 00 03 30 34
04月25日 13:29:54.765 [U0A P1]RCV S05 02 50 34 35 0F 0D 53 54 41 02 01 10 01 32 01 00 00 00 00 00 00 03 30 34
04月25日 13:29:54.828 [U0A P1]占有権解放 S05
04月25日 13:29:54.828 [U0A P1]占有権取得 S06
04月25日 13:29:55.250 [U0A P1]SND S06 02 50 34 37 05 0D 53 54 51 02 00 03 43 37
04月25日 13:29:55.843 [U0A P1]RCV 02 50 34 37 00 0D 03 43 38
04月25日 13:29:55.843 [U0A P1]RCV S06 02 50 34 37 00 0D 03 43 38
04月25日 13:29:56.453 [U0A P1]RCV 02 50 34 37 0F 0D 53 54 41 02 01 10 01 32 01 00 00 00 00 00 00 03 30 36
04月25日 13:29:56.546 [U0A P1]RCV S06 02 50 34 37 0F 0D 53 54 41 02 01 10 01 32 01 00 00 00 00 00 00 03 30 36
04月25日 13:29:56.546 [U0A P1]占有権解放 S06
04月25日 13:34:40.343 [U0A P1]占有権要求 S06
04月25日 13:34:40.359 [U0A P1]占有権要求 S05
04月25日 13:34:40.453 [U0A P1]占有権取得 S06
04月25日 13:34:41.546 [U0A P1]SND S06 02 50 34 37 0C 0E 49 4E 49 00 01 00 00 01 01 01 00 00 03 42 39
04月25日 13:34:43.000 [U0A P1]RCV 02 50 34 37 00 0E 03 43 39
04月25日 13:34:43.000 [U0A P1]RCV S06 02 50 34 37 00 0E 03 43 39
04月25日 13:34:43.000 [U0A P1]占有権解放 S06
04月25日 13:34:43.000 [U0A P1]占有権要求 S06
04月25日 13:34:43.140 [U0A P1]占有権取得 S05
04月25日 13:34:43.703 [U0A P1]SND S05 02 50 34 35 0C 0E 49 4E 49 00 01 00 00 01 01 01 00 00 03 42 37
04月25日 13:34:44.218 [U0A P1]RCV 02 50 34 35 00 0E 03 43 37
04月25日 13:34:44.250 [U0A P1]RCV S05 02 50 34 35 00 0E 03 43 37
04月25日 13:34:44.265 [U0A P1]占有権解放 S05
04月25日 13:34:44.265 [U0A P1]占有権要求 S05
04月25日 13:34:44.359 [U0A P1]占有権取得 S06
04月25日 13:34:44.796 [U0A P1]SND S06 02 50 34 37 23 0F 4F 52 50 00 00 00 00 00 00 00 00 00 00 00 00 00 00 00 00 00 10 00 00 40 00 00 01 00 00 01 00 00 30 06 00 03 36 36
04月25日 13:34:45.234 [U0A P1]RCV 02 50 34 37 00 0F 03 43 41
04月25日 13:34:45.265 [U0A P1]RCV S06 02 50 34 37 00 0F 03 43 41
04月25日 13:34:45.265 [U0A P1]占有権解放 S06
04月25日 13:34:45.281 [U0A P1]占有権要求 S06
04月25日 13:34:45.375 [U0A P1]占有権取得 S05
04月25日 13:34:45.640 [U0A P1]SND S05 02 50 34 35 23 0F 4F 52 50 00 00 00 00 00 00 00 00 00 00 00 00 00 00 00 00 00 10 00 00 40 00 00 01 00 00 01 00 00 30 06 00 03 36 34
04月25日 13:34:46.250 [U0A P1]RCV 02 50 34 35 00 0F 03 43 38
04月25日 13:34:46.281 [U0A P1]RCV S05 02 50 34 35 00 0F 03 43 38
04月25日 13:34:46.296 [U0A P1]占有権解放 S05
04月25日 13:34:46.328 [U0A P1]占有権要求 S05
04月25日 13:34:46.421 [U0A P1]占有権取得 S06
04月25日 13:34:46.703 [U0A P1]SND S06 02 50 34 37 06 10 4F 52 53 02 01 01 03 43 39
04月25日 13:34:47.156 [U0A P1]RCV 02 50 34 37 00 10 03 43 42
04月25日 13:34:47.156 [U0A P1]RCV S06 02 50 34 37 00 10 03 43 42
04月25日 13:34:47.171 [U0A P1]占有権解放 S06
04月25日 13:34:47.218 [U0A P1]占有権取得 S05
04月25日 13:34:47.531 [U0A P1]SND S05 02 50 34 35 06 10 4F 52 53 02 01 01 03 43 37
04月25日 13:34:48.078 [U0A P1]RCV 02 50 34 35 00 10 03 43 39
04月25日 13:34:48.109 [U0A P1]RCV S05 02 50 34 35 00 10 03 43 39
04月25日 13:34:48.125 [U0A P1]占有権解放 S05
04月25日 13:34:49.375 [U0A P1]占有権要求 S06
04月25日 13:34:49.468 [U0A P1]占有権取得 S06
04月25日 13:34:49.750 [U0A P1]SND S06 02 50 34 37 05 11 53 54 51 02 00 03 43 42
04月25日 13:34:50.281 [U0A P1]RCV 02 50 34 37 00 11 03 43 43
04月25日 13:34:50.281 [U0A P1]RCV S06 02 50 34 37 00 11 03 43 43
04月25日 13:34:50.546 [U0A P1]占有権要求 S05
04月25日 13:34:50.921 [U0A P1]RCV 02 50 34 37 0F 11 53 54 41 02 00 10 01 32 01 00 00 00 00 00 00 03 30 39
04月25日 13:34:50.968 [U0A P1]RCV S06 02 50 34 37 0F 11 53 54 41 02 00 10 01 32 01 00 00 00 00 00 00 03 30 39
04月25日 13:34:50.984 [U0A P1]占有権解放 S06
04月25日 13:34:51.046 [U0A P1]占有権要求 S06
04月25日 13:34:51.125 [U0A P1]占有権取得 S05
04月25日 13:34:51.546 [U0A P1]SND S05 02 50 34 35 05 11 53 54 51 02 00 03 43 39
04月25日 13:34:52.078 [U0A P1]RCV 02 50 34 35 00 11 03 43 41
04月25日 13:34:52.078 [U0A P1]RCV S05 02 50 34 35 00 11 03 43 41
04月25日 13:34:52.687 [U0A P1]RCV 02 50 34 35 0F 11 53 54 41 02 00 10 01 32 01 00 00 00 00 00 00 03 30 37
04月25日 13:34:52.734 [U0A P1]RCV S05 02 50 34 35 0F 11 53 54 41 02 00 10 01 32 01 00 00 00 00 00 00 03 30 37
04月25日 13:34:52.734 [U0A P1]占有権解放 S05
04月25日 13:34:52.828 [U0A P1]占有権要求 S05
04月25日 13:34:52.859 [U0A P1]占有権取得 S06
04月25日 13:34:53.156 [U0A P1]SND S06 02 50 34 37 1D 12 50 41 52 00 00 00 00 00 00 00 00 00 00 00 00 00 00 03 60 00 03 60 00 01 00 00 01 00 00 03 39 35
04月25日 13:34:53.703 [U0A P1]RCV 02 50 34 37 00 12 03 43 44
04月25日 13:34:53.750 [U0A P1]RCV S06 02 50 34 37 00 12 03 43 44
04月25日 13:34:53.750 [U0A P1]占有権解放 S06
04月25日 13:34:53.750 [U0A P1]占有権要求 S06
04月25日 13:34:53.843 [U0A P1]占有権取得 S05
04月25日 13:34:54.296 [U0A P1]SND S05 02 50 34 35 1D 12 50 41 52 00 00 00 00 00 00 00 00 00 00 00 00 00 00 03 60 00 03 60 00 01 00 00 01 00 00 03 39 33
04月25日 13:34:54.796 [U0A P1]RCV 02 50 34 35 00 12 03 43 42
04月25日 13:34:54.828 [U0A P1]RCV S05 02 50 34 35 00 12 03 43 42
04月25日 13:34:54.828 [U0A P1]占有権解放 S05
04月25日 13:34:54.859 [U0A P1]占有権要求 S05
04月25日 13:34:54.953 [U0A P1]占有権取得 S06
04月25日 13:34:55.312 [U0A P1]SND S06 02 50 34 37 17 13 50 55 4C 00 00 00 00 00 00 00 00 00 00 10 01 32 00 00 00 00 00 00 00 03 31 39
04月25日 13:34:55.734 [U0A P1]RCV 02 50 34 37 00 13 03 43 45
04月25日 13:34:55.734 [U0A P1]RCV S06 02 50 34 37 00 13 03 43 45
04月25日 13:34:55.750 [U0A P1]占有権解放 S06
04月25日 13:34:55.859 [U0A P1]占有権取得 S05
04月25日 13:34:56.203 [U0A P1]SND S05 02 50 34 35 17 13 50 55 4C 00 00 00 00 00 00 00 00 00 00 10 01 32 00 00 00 00 00 00 00 03 31 37
04月25日 13:34:56.421 [U0A P1]占有権要求 S06
04月25日 13:34:56.828 [U0A P1]RCV 02 50 34 35 00 13 03 43 43
04月25日 13:34:56.875 [U0A P1]RCV S05 02 50 34 35 00 13 03 43 43
04月25日 13:34:56.890 [U0A P1]占有権解放 S05
04月25日 13:34:56.921 [U0A P1]占有権取得 S06
04月25日 13:34:57.234 [U0A P1]SND S06 02 50 34 37 05 14 53 54 51 02 00 03 43 45
04月25日 13:34:57.437 [U0A P1]占有権要求 S05
04月25日 13:34:57.718 [U0A P1]RCV 02 50 34 37 00 14 03 43 46
04月25日 13:34:57.734 [U0A P1]RCV S06 02 50 34 37 00 14 03 43 46
04月25日 13:34:58.234 [U0A P1]RCV 02 50 34 37 0F 14 53 54 41 02 01 10 01 32 01 00 00 00 00 00 00 03 30 44
04月25日 13:34:58.265 [U0A P1]RCV S06 02 50 34 37 0F 14 53 54 41 02 01 10 01 32 01 00 00 00 00 00 00 03 30 44
04月25日 13:34:58.281 [U0A P1]占有権解放 S06
04月25日 13:34:58.312 [U0A P1]占有権取得 S05
04月25日 13:34:58.656 [U0A P1]SND S05 02 50 34 35 05 14 53 54 51 02 00 03 43 43
04月25日 13:34:59.140 [U0A P1]RCV 02 50 34 35 00 14 03 43 44
04月25日 13:34:59.171 [U0A P1]RCV S05 02 50 34 35 00 14 03 43 44
04月25日 13:34:59.671 [U0A P1]RCV 02 50 34 35 0F 14 53 54 41 02 01 10 01 32 01 00 00 00 00 00 00 03 30 42
04月25日 13:34:59.718 [U0A P1]RCV S05 02 50 34 35 0F 14 53 54 41 02 01 10 01 32 01 00 00 00 00 00 00 03 30 42
04月25日 13:34:59.718 [U0A P1]占有権解放 S05
04月25日 13:52:02.281 ***** StartLogging SIO.log *****
04月25日 13:52:15.593 [U0A P1]READY
04月25日 13:52:15.593 [U0A P1]モードチェンジデータ 89C2
04月25日 13:52:15.593 [U0A P1]モードチェンジ要求
04月25日 13:52:15.593 [U0A P2]READY
04月25日 13:52:15.656 [U0A P2]モードチェンジデータ 85C2
04月25日 13:52:15.656 [U0A P2]モードチェンジ要求
04月25日 13:52:16.312 [U0A P1]モードチェンジ要求中ON
04月25日 13:52:17.328 [U0A P1]モードチェンジ要求完了
04月25日 13:52:17.328 [U0A P1]初期設定完了
04月25日 13:52:17.328 [U0A P2]モードチェンジ要求中ON
04月25日 13:52:18.421 [U0A P2]モードチェンジ要求完了
04月25日 13:52:18.421 [U0A P2]初期設定完了
04月25日 13:53:56.593 [U0A P1]占有権要求 S05
04月25日 13:53:56.734 [U0A P1]占有権取得 S05
04月25日 13:53:56.921 [U0A P1]占有権要求 S06
04月25日 13:53:57.515 [U0A P1]SND S05 02 50 34 35 0C 00 49 4E 49 00 01 00 00 01 01 01 00 00 03 41 39
04月25日 13:53:58.671 [U0A P1]RCV 02 50 34 35 00 00 03 42 39
04月25日 13:53:58.703 [U0A P1]RCV S05 02 50 34 35 00 00 03 42 39
04月25日 13:53:58.718 [U0A P1]占有権解放 S05
04月25日 13:53:58.781 [U0A P1]占有権要求 S05
04月25日 13:53:58.812 [U0A P1]占有権取得 S06
04月25日 13:53:59.890 [U0A P1]SND S06 02 50 34 37 0C 00 49 4E 49 00 01 00 00 01 01 01 00 00 03 41 42
04月25日 13:54:01.453 [U0A P1]RCV 02 50 34 37 00 00 03 42 42
04月25日 13:54:01.500 [U0A P1]RCV S06 02 50 34 37 00 00 03 42 42
04月25日 13:54:01.531 [U0A P1]占有権解放 S06
04月25日 13:54:01.593 [U0A P1]占有権要求 S06
04月25日 13:54:01.609 [U0A P1]占有権取得 S05
04月25日 13:54:02.500 [U0A P1]SND S05 02 50 34 35 23 01 4F 52 50 00 00 00 00 00 00 00 00 00 00 00 00 00 00 00 00 00 10 00 00 40 00 00 01 00 00 01 00 00 30 06 00 03 35 36
04月25日 13:54:03.421 [U0A P1]RCV 02 50 34 35 00 01 03 42 41
04月25日 13:54:03.437 [U0A P1]RCV S05 02 50 34 35 00 01 03 42 41
04月25日 13:54:03.484 [U0A P1]占有権解放 S05
04月25日 13:54:03.500 [U0A P1]占有権要求 S05
04月25日 13:54:03.531 [U0A P1]占有権取得 S06
04月25日 13:54:04.125 [U0A P1]SND S06 02 50 34 37 23 01 4F 52 50 00 00 00 00 00 00 00 00 00 00 00 00 00 00 00 00 00 10 00 00 40 00 00 01 00 00 01 00 00 30 06 00 03 35 38
04月25日 13:54:05.156 [U0A P1]RCV 02 50 34 37 00 01 03 42 43
04月25日 13:54:05.203 [U0A P1]RCV S06 02 50 34 37 00 01 03 42 43
04月25日 13:54:05.218 [U0A P1]占有権解放 S06
04月25日 13:54:05.234 [U0A P1]占有権要求 S06
04月25日 13:54:05.265 [U0A P1]占有権取得 S05
04月25日 13:54:06.234 [U0A P1]SND S05 02 50 34 35 06 02 4F 52 53 02 01 01 03 42 39
04月25日 13:54:07.187 [U0A P1]RCV 02 50 34 35 00 02 03 42 42
04月25日 13:54:07.187 [U0A P1]RCV S05 02 50 34 35 00 02 03 42 42
04月25日 13:54:07.187 [U0A P1]占有権解放 S05
04月25日 13:54:07.250 [U0A P1]占有権取得 S06
04月25日 13:54:07.718 [U0A P1]SND S06 02 50 34 37 06 02 4F 52 53 02 01 01 03 42 42
04月25日 13:54:08.234 [U0A P1]RCV 02 50 34 37 00 02 03 42 44
04月25日 13:54:08.281 [U0A P1]RCV S06 02 50 34 37 00 02 03 42 44
04月25日 13:54:08.281 [U0A P1]占有権解放 S06
04月25日 13:54:10.312 [U0A P1]占有権要求 S05
04月25日 13:54:10.406 [U0A P1]占有権取得 S05
04月25日 13:54:10.906 [U0A P1]SND S05 02 50 34 35 05 03 53 54 51 02 00 03 42 42
04月25日 13:54:11.593 [U0A P1]占有権要求 S06
04月25日 13:54:12.093 [U0A P1]RCV 02 50 34 35 00 03 03 42 43
04月25日 13:54:12.109 [U0A P1]RCV S05 02 50 34 35 00 03 03 42 43
04月25日 13:54:13.203 [U0A P1]RCV 02 50 34 35 0F 03 53 54 41 02 00 00 00 00 01 00 00 00 00 00 00 03 42 36
04月25日 13:54:13.203 [U0A P1]RCV S05 02 50 34 35 0F 03 53 54 41 02 00 00 00 00 01 00 00 00 00 00 00 03 42 36
04月25日 13:54:13.203 [U0A P1]占有権解放 S05
04月25日 13:54:13.312 [U0A P1]占有権要求 S05
04月25日 13:54:13.312 [U0A P1]占有権取得 S06
04月25日 13:54:13.953 [U0A P1]SND S06 02 50 34 37 05 03 53 54 51 02 00 03 42 44
04月25日 13:54:15.187 [U0A P1]RCV 02 50 34 37 00 03 03 42 45
04月25日 13:54:15.218 [U0A P1]RCV S06 02 50 34 37 00 03 03 42 45
04月25日 13:54:15.671 [U0A P1]RCV 02 50 34 37 0F 03 53 54 41 02 00 00 00 00 01 00 00 00 00 00 00 03 42 38
04月25日 13:54:15.671 [U0A P1]RCV S06 02 50 34 37 0F 03 53 54 41 02 00 00 00 00 01 00 00 00 00 00 00 03 42 38
04月25日 13:54:15.718 [U0A P1]占有権解放 S06
04月25日 13:54:15.734 [U0A P1]占有権取得 S05
04月25日 13:54:15.812 [U0A P1]占有権要求 S06
04月25日 13:54:16.734 [U0A P1]SND S05 02 50 34 35 1D 04 50 41 52 00 00 00 00 00 00 00 00 00 00 00 00 00 00 03 60 00 03 60 00 01 00 00 01 00 00 03 38 35
04月25日 13:54:17.515 [U0A P1]RCV 02 50 34 35 00 04 03 42 44
04月25日 13:54:17.515 [U0A P1]RCV S05 02 50 34 35 00 04 03 42 44
04月25日 13:54:17.562 [U0A P1]占有権解放 S05
04月25日 13:54:17.578 [U0A P1]占有権要求 S05
04月25日 13:54:17.625 [U0A P1]占有権取得 S06
04月25日 13:54:18.203 [U0A P1]SND S06 02 50 34 37 1D 04 50 41 52 00 00 00 00 00 00 00 00 00 00 00 00 00 00 03 60 00 03 60 00 01 00 00 01 00 00 03 38 37
04月25日 13:54:19.203 [U0A P1]RCV 02 50 34 37 00 04 03 42 46
04月25日 13:54:19.203 [U0A P1]RCV S06 02 50 34 37 00 04 03 42 46
04月25日 13:54:19.218 [U0A P1]占有権解放 S06
04月25日 13:54:19.234 [U0A P1]占有権要求 S06
04月25日 13:54:19.234 [U0A P1]占有権取得 S05
04月25日 13:54:19.593 [U0A P1]SND S05 02 50 34 35 17 05 50 55 4C 00 00 00 00 00 00 00 00 00 00 10 01 32 00 00 00 00 00 00 00 03 30 39
04月25日 13:54:21.656 [U0A P1]RCV 02 50 34 35 00 05 03 42 45
04月25日 13:54:21.703 [U0A P1]RCV S05 02 50 34 35 00 05 03 42 45
04月25日 13:54:21.718 [U0A P1]占有権解放 S05
04月25日 13:54:21.765 [U0A P1]占有権取得 S06
04月25日 13:54:22.187 [U0A P1]SND S06 02 50 34 37 17 05 50 55 4C 00 00 00 00 00 00 00 00 00 00 10 01 32 00 00 00 00 00 00 00 03 30 42
04月25日 13:54:22.750 [U0A P1]RCV 02 50 34 37 00 05 03 43 30
04月25日 13:54:22.750 [U0A P1]RCV S06 02 50 34 37 00 05 03 43 30
04月25日 13:54:22.765 [U0A P1]占有権解放 S06
04月25日 13:54:23.375 [U0A P1]占有権取得 S06
04月25日 13:54:23.375 [U0A P1]占有権要求 S06
04月25日 13:54:23.703 [U0A P1]SND S06 02 50 34 37 05 06 53 54 51 02 00 03 43 30
04月25日 13:54:24.125 [U0A P1]RCV 02 50 34 37 00 06 03 43 31
04月25日 13:54:24.125 [U0A P1]RCV S06 02 50 34 37 00 06 03 43 31
04月25日 13:54:24.671 [U0A P1]RCV 02 50 34 37 0F 06 53 54 41 02 01 10 01 32 01 00 00 00 00 00 00 03 46 46
04月25日 13:54:24.703 [U0A P1]RCV S06 02 50 34 37 0F 06 53 54 41 02 01 10 01 32 01 00 00 00 00 00 00 03 46 46
04月25日 13:54:24.718 [U0A P1]占有権解放 S06
04月25日 13:54:27.140 [U0A P1]占有権要求 S05
04月25日 13:54:27.203 [U0A P1]占有権取得 S05
04月25日 13:54:27.859 [U0A P1]SND S05 02 50 34 35 04 06 53 54 50 02 03 42 43
04月25日 13:54:28.359 [U0A P1]RCV 02 50 34 35 00 06 03 42 46
04月25日 13:54:28.359 [U0A P1]RCV S05 02 50 34 35 00 06 03 42 46
04月25日 13:54:28.359 [U0A P1]占有権解放 S05
04月25日 13:54:28.375 [U0A P1]占有権要求 S05
04月25日 13:54:28.390 [U0A P1]占有権取得 S05
04月25日 13:54:28.750 [U0A P1]SND S05 02 50 34 35 05 07 53 54 51 02 00 03 42 46
04月25日 13:54:29.265 [U0A P1]RCV 02 50 34 35 00 07 03 43 30
04月25日 13:54:29.343 [U0A P1]RCV S05 02 50 34 35 00 07 03 43 30
04月25日 13:54:29.906 [U0A P1]RCV 02 50 34 35 0F 07 53 54 41 02 01 10 01 32 01 00 00 00 00 00 00 03 46 45
04月25日 13:54:29.953 [U0A P1]RCV S05 02 50 34 35 0F 07 53 54 41 02 01 10 01 32 01 00 00 00 00 00 00 03 46 45
04月25日 13:54:29.968 [U0A P1]占有権解放 S05
04月25日 14:06:30.734 [U0A P1]占有権要求 S05
04月25日 14:06:30.796 [U0A P1]占有権取得 S05
04月25日 14:06:31.156 [U0A P1]SND S05 02 50 34 35 0C 08 49 4E 49 00 01 00 00 01 01 01 00 00 03 42 31
04月25日 14:06:31.515 [U0A P1]RCV 02 50 34 35 00 08 03 43 31
04月25日 14:06:31.515 [U0A P1]RCV S05 02 50 34 35 00 08 03 43 31
04月25日 14:06:31.531 [U0A P1]占有権解放 S05
04月25日 14:06:31.531 [U0A P1]占有権要求 S05
04月25日 14:06:31.562 [U0A P1]占有権取得 S05
04月25日 14:06:31.812 [U0A P1]SND S05 02 50 34 35 23 09 4F 52 50 00 00 00 00 00 00 00 00 00 00 00 00 00 00 00 00 00 10 00 00 40 00 00 01 00 00 01 00 00 30 06 00 03 35 45
04月25日 14:06:32.140 [U0A P1]占有権要求 S06
04月25日 14:06:32.265 [U0A P1]RCV 02 50 34 35 00 09 03 43 32
04月25日 14:06:32.296 [U0A P1]RCV S05 02 50 34 35 00 09 03 43 32
04月25日 14:06:32.312 [U0A P1]占有権解放 S05
04月25日 14:06:32.328 [U0A P1]占有権要求 S05
04月25日 14:06:32.359 [U0A P1]占有権取得 S06
04月25日 14:06:32.781 [U0A P1]SND S06 02 50 34 37 0C 07 49 4E 49 00 01 00 00 01 01 01 00 00 03 42 32
04月25日 14:06:33.328 [U0A P1]RCV 02 50 34 37 00 07 03 43 32
04月25日 14:06:33.359 [U0A P1]RCV S06 02 50 34 37 00 07 03 43 32
04月25日 14:06:33.375 [U0A P1]占有権解放 S06
04月25日 14:06:33.390 [U0A P1]占有権要求 S06
04月25日 14:06:33.437 [U0A P1]占有権取得 S05
04月25日 14:06:33.734 [U0A P1]SND S05 02 50 34 35 06 0A 4F 52 53 02 01 01 03 43 31
04月25日 14:06:34.218 [U0A P1]RCV 02 50 34 35 00 0A 03 43 33
04月25日 14:06:34.218 [U0A P1]RCV S05 02 50 34 35 00 0A 03 43 33
04月25日 14:06:34.234 [U0A P1]占有権解放 S05
04月25日 14:06:34.375 [U0A P1]占有権取得 S06
04月25日 14:06:34.718 [U0A P1]SND S06 02 50 34 37 23 08 4F 52 50 00 00 00 00 00 00 00 00 00 00 00 00 00 00 00 00 00 10 00 00 40 00 00 01 00 00 01 00 00 30 06 00 03 35 46
04月25日 14:06:35.265 [U0A P1]RCV 02 50 34 37 00 08 03 43 33
04月25日 14:06:35.265 [U0A P1]RCV S06 02 50 34 37 00 08 03 43 33
04月25日 14:06:35.281 [U0A P1]占有権解放 S06
04月25日 14:06:35.281 [U0A P1]占有権要求 S06
04月25日 14:06:35.406 [U0A P1]占有権取得 S06
04月25日 14:06:35.781 [U0A P1]SND S06 02 50 34 37 06 09 4F 52 53 02 01 01 03 43 32
04月25日 14:06:36.203 [U0A P1]RCV 02 50 34 37 00 09 03 43 34
04月25日 14:06:36.250 [U0A P1]RCV S06 02 50 34 37 00 09 03 43 34
04月25日 14:06:36.250 [U0A P1]占有権解放 S06
04月25日 14:06:36.640 [U0A P1]占有権要求 S05
04月25日 14:06:36.656 [U0A P1]占有権取得 S05
04月25日 14:06:37.062 [U0A P1]SND S05 02 50 34 35 05 0B 53 54 51 02 00 03 43 33
04月25日 14:06:37.546 [U0A P1]RCV 02 50 34 35 00 0B 03 43 34
04月25日 14:06:37.578 [U0A P1]RCV S05 02 50 34 35 00 0B 03 43 34
04月25日 14:06:38.140 [U0A P1]RCV 02 50 34 35 0F 0B 53 54 41 02 00 10 01 32 01 00 00 00 00 00 00 03 30 31
04月25日 14:06:38.171 [U0A P1]RCV S05 02 50 34 35 0F 0B 53 54 41 02 00 10 01 32 01 00 00 00 00 00 00 03 30 31
04月25日 14:06:38.187 [U0A P1]占有権解放 S05
04月25日 14:06:38.218 [U0A P1]占有権要求 S05
04月25日 14:06:38.218 [U0A P1]占有権取得 S05
04月25日 14:06:38.484 [U0A P1]占有権要求 S06
04月25日 14:06:38.593 [U0A P1]SND S05 02 50 34 35 1D 0C 50 41 52 00 00 00 00 00 00 00 00 00 00 00 00 00 00 03 60 00 03 60 00 01 00 00 01 00 00 03 38 44
04月25日 14:06:38.984 [U0A P1]RCV 02 50 34 35 00 0C 03 43 35
04月25日 14:06:39.031 [U0A P1]RCV S05 02 50 34 35 00 0C 03 43 35
04月25日 14:06:39.031 [U0A P1]占有権解放 S05
04月25日 14:06:39.031 [U0A P1]占有権要求 S05
04月25日 14:06:39.078 [U0A P1]占有権取得 S06
04月25日 14:06:39.484 [U0A P1]SND S06 02 50 34 37 05 0A 53 54 51 02 00 03 43 34
04月25日 14:06:39.890 [U0A P1]RCV 02 50 34 37 00 0A 03 43 35
04月25日 14:06:39.890 [U0A P1]RCV S06 02 50 34 37 00 0A 03 43 35
04月25日 14:06:40.453 [U0A P1]RCV 02 50 34 37 0F 0A 53 54 41 02 00 10 01 32 01 00 00 00 00 00 00 03 30 32
04月25日 14:06:40.453 [U0A P1]RCV S06 02 50 34 37 0F 0A 53 54 41 02 00 10 01 32 01 00 00 00 00 00 00 03 30 32
04月25日 14:06:40.453 [U0A P1]占有権解放 S06
04月25日 14:06:40.515 [U0A P1]占有権要求 S06
04月25日 14:06:40.515 [U0A P1]占有権取得 S05
04月25日 14:06:40.921 [U0A P1]SND S05 02 50 34 35 17 0D 50 55 4C 00 00 00 00 00 00 00 00 00 00 10 01 32 00 00 00 00 00 00 00 03 31 31
04月25日 14:06:41.515 [U0A P1]RCV 02 50 34 35 00 0D 03 43 36
04月25日 14:06:41.562 [U0A P1]RCV S05 02 50 34 35 00 0D 03 43 36
04月25日 14:06:41.562 [U0A P1]占有権解放 S05
04月25日 14:06:41.656 [U0A P1]占有権取得 S06
04月25日 14:06:42.093 [U0A P1]SND S06 02 50 34 37 1D 0B 50 41 52 00 00 00 00 00 00 00 00 00 00 00 00 00 00 03 60 00 03 60 00 01 00 00 01 00 00 03 38 45
04月25日 14:06:42.125 [U0A P1]占有権要求 S05
04月25日 14:06:42.437 [U0A P1]RCV 02 50 34 37 00 0B 03 43 36
04月25日 14:06:42.437 [U0A P1]RCV S06 02 50 34 37 00 0B 03 43 36
04月25日 14:06:42.437 [U0A P1]占有権解放 S06
04月25日 14:06:42.453 [U0A P1]占有権要求 S06
04月25日 14:06:42.468 [U0A P1]占有権取得 S05
04月25日 14:06:42.953 [U0A P1]SND S05 02 50 34 35 05 0E 53 54 51 02 00 03 43 36
04月25日 14:06:43.500 [U0A P1]RCV 02 50 34 35 00 0E 03 43 37
04月25日 14:06:43.531 [U0A P1]RCV S05 02 50 34 35 00 0E 03 43 37
04月25日 14:06:43.953 [U0A P1]RCV 02 50 34 35 0F 0E 53 54 41 02 01 10 01 32 01 00 00 00 00 00 00 03 30 35
04月25日 14:06:44.000 [U0A P1]RCV S05 02 50 34 35 0F 0E 53 54 41 02 01 10 01 32 01 00 00 00 00 00 00 03 30 35
04月25日 14:06:44.000 [U0A P1]占有権解放 S05
04月25日 14:06:44.046 [U0A P1]占有権取得 S06
04月25日 14:06:44.437 [U0A P1]SND S06 02 50 34 37 17 0C 50 55 4C 00 00 00 00 00 00 00 00 00 00 10 01 32 00 00 00 00 00 00 00 03 31 32
04月25日 14:06:45.015 [U0A P1]RCV 02 50 34 37 00 0C 03 43 37
04月25日 14:06:45.015 [U0A P1]RCV S06 02 50 34 37 00 0C 03 43 37
04月25日 14:06:45.015 [U0A P1]占有権解放 S06
04月25日 14:06:45.687 [U0A P1]占有権要求 S06
04月25日 14:06:45.750 [U0A P1]占有権取得 S06
04月25日 14:06:46.093 [U0A P1]SND S06 02 50 34 37 05 0D 53 54 51 02 00 03 43 37
04月25日 14:06:46.578 [U0A P1]RCV 02 50 34 37 00 0D 03 43 38
04月25日 14:06:46.578 [U0A P1]RCV S06 02 50 34 37 00 0D 03 43 38
04月25日 14:06:47.125 [U0A P1]RCV 02 50 34 37 0F 0D 53 54 41 02 01 10 01 32 01 00 00 00 00 00 00 03 30 36
04月25日 14:06:47.125 [U0A P1]RCV S06 02 50 34 37 0F 0D 53 54 41 02 01 10 01 32 01 00 00 00 00 00 00 03 30 36
04月25日 14:06:47.140 [U0A P1]占有権解放 S06
04月25日 14:40:03.718 [U0A P2]NOT READY
04月25日 14:40:03.718 [U0A P1]NOT READY
04月25日 14:40:25.453 [U0A P1]READY
04月25日 14:40:25.453 [U0A P2]READY
04月25日 14:40:25.453 [U0A P2]モードチェンジデータ 85C2
04月25日 14:40:25.453 [U0A P2]モードチェンジ要求
04月25日 14:40:25.453 [U0A P1]モードチェンジデータ 89C2
04月25日 14:40:25.453 [U0A P1]モードチェンジ要求
04月25日 14:40:26.218 [U0A P1]モードチェンジ要求中ON
04月25日 14:40:28.218 [U0A P2]モードチェンジ要求中ON
04月25日 14:40:28.218 [U0A P1]モードチェンジ要求完了
04月25日 14:40:28.218 [U0A P1]初期設定完了
04月25日 14:40:33.843 [U0A P2]初期設定タイムアウト
04月25日 14:40:33.843 [U0A P1]NOT READY
04月25日 14:40:33.968 [U0A P2]NOT READY
04月25日 14:42:34.593 ***** StartLogging SIO.log *****
04月25日 14:42:50.000 [U0A P1]READY
04月25日 14:42:50.000 [U0A P1]モードチェンジデータ 89C2
04月25日 14:42:50.000 [U0A P1]モードチェンジ要求
04月25日 14:42:50.000 [U0A P2]READY
04月25日 14:42:50.000 [U0A P2]モードチェンジデータ 85C2
04月25日 14:42:50.000 [U0A P2]モードチェンジ要求
04月25日 14:42:50.453 [U0A P1]モードチェンジ要求中ON
04月25日 14:42:51.453 [U0A P1]モードチェンジ要求完了
04月25日 14:42:51.453 [U0A P1]初期設定完了
04月25日 14:42:51.453 [U0A P2]モードチェンジ要求中ON
04月25日 14:42:52.390 [U0A P2]モードチェンジ要求完了
04月25日 14:42:52.390 [U0A P2]初期設定完了
04月25日 14:50:45.218 ***** StartLogging SIO.log *****
04月25日 14:50:57.000 [U0A P2]READY
04月25日 14:50:57.000 [U0A P2]モードチェンジデータ 85C2
04月25日 14:50:57.000 [U0A P1]READY
04月25日 14:50:57.015 [U0A P1]モードチェンジデータ 89C2
04月25日 14:50:57.015 [U0A P1]モードチェンジ要求
04月25日 14:50:57.015 [U0A P2]モードチェンジ要求
04月25日 14:50:57.218 [U0A P1]モードチェンジ要求中ON
04月25日 14:50:58.218 [U0A P1]モードチェンジ要求完了
04月25日 14:50:58.218 [U0A P1]初期設定完了
04月25日 14:50:58.218 [U0A P2]モードチェンジ要求中ON
04月25日 14:50:59.218 [U0A P2]モードチェンジ要求完了
04月25日 14:50:59.218 [U0A P2]初期設定完了
