07月12日 16:21:01.205 [U0A P2]占有権解放 S03
07月12日 16:21:06.302 [U0A P2]占有権要求 S05
07月12日 16:21:06.398 [U0A P2]占有権取得 S05
07月12日 16:21:06.463 [U0A P2]SND S05 02 45 30 32 02 00 52 4D 03 34 38
07月12日 16:21:06.467 [U0A P2]RCV 02 45 30 32 02 00 52 4D 03 34 38 02 45 30 32 00 00 03 41 37 02 45 30 32 06 00 52 4D 02 00 00 00 03 34 45
07月12日 16:21:06.503 [U0A P2]RCV S05 02 45 30 32 02 00 52 4D 03 34 38 02 45 30 32 00 00 03 41 37 02 45 30 32 06 00 52 4D 02 00 00 00 03 34 45
07月12日 16:21:06.535 [U0A P2]RCV 02 45 30 32 02 00 52 58 03 35 33
07月12日 16:21:06.556 [U0A P2]SND S05 02 45 30 32 02 00 52 58 03 35 33
07月12日 16:21:06.559 [U0A P2]RCV 02 45 30 32 00 00 03 41 37 02 45 30 32 12 00 52 58 26 13 23 66 00 00 00 00 00 00 00 00 00 00 00 00 03 32 35
07月12日 16:21:06.597 [U0A P2]RCV S05 02 45 30 32 02 00 52 58 03 35 33 02 45 30 32 00 00 03 41 37 02 45 30 32 12 00 52 58 26 13 23 66 00 00 00 00 00 00 00 00 00 00 00 00 03 32 35
07月12日 16:21:06.752 [U0A P2]SND S05 02 45 30 32 02 00 52 52 03 34 44
07月12日 16:21:06.755 [U0A P2]RCV 02 45 30 32 02 00 52 52 03 34 44 02 45 30 32 00 00 03 41 37 02 45 30 32 0A 00 52 52 08 60 00 00 00 00 00 00 03 42 44
07月12日 16:21:06.797 [U0A P2]RCV S05 02 45 30 32 02 00 52 52 03 34 44 02 45 30 32 00 00 03 41 37 02 45 30 32 0A 00 52 52 08 60 00 00 00 00 00 00 03 42 44
07月12日 16:21:06.798 [U0A P2]占有権解放 S05
07月12日 16:21:06.897 [U0A P2]占有権要求 S05
07月12日 16:21:06.925 [U0A P2]占有権取得 S05
07月12日 16:21:07.048 [U0A P2]SND S05 02 45 30 32 06 00 57 4D 02 00 00 00 03 35 33
07月12日 16:21:07.053 [U0A P2]RCV 02 45 30 32 06 00 57 4D 02 00 00 00 03 35 33 02 45 30 32 00 00 03 41 37
07月12日 16:21:07.103 [U0A P2]RCV S05 02 45 30 32 06 00 57 4D 02 00 00 00 03 35 33 02 45 30 32 00 00 03 41 37
07月12日 16:21:07.103 [U0A P2]占有権解放 S05
07月12日 16:21:08.708 [U0A P2]占有権要求 S06
07月12日 16:21:08.742 [U0A P2]占有権要求 S03
07月12日 16:21:08.759 [U0A P2]占有権取得 S06
07月12日 16:21:08.867 [U0A P2]SND S06 02 45 30 33 02 00 52 4D 03 34 39
07月12日 16:21:08.868 [U0A P2]RCV 02 45 30 33 02 00 52 4D 03 34 39 02 45 30 33 00 00 03 41 38 02 45 30 33 06 00 52 4D 02 00 00 00 03 34 46
07月12日 16:21:08.907 [U0A P2]RCV S06 02 45 30 33 02 00 52 4D 03 34 39 02 45 30 33 00 00 03 41 38 02 45 30 33 06 00 52 4D 02 00 00 00 03 34 46
07月12日 16:21:09.058 [U0A P2]SND S06 02 45 30 33 02 00 52 58 03 35 34
07月12日 16:21:09.061 [U0A P2]RCV 02 45 30 33 02 00 52 58 03 35 34 02 45 30 33 00 00 03 41 38 02 45 30 33 12 00 52 58 25 89 24 93 00 00 00 00 00 00 00 00 00 00 00 00 03 43 39
07月12日 16:21:09.107 [U0A P2]RCV S06 02 45 30 33 02 00 52 58 03 35 34 02 45 30 33 00 00 03 41 38 02 45 30 33 12 00 52 58 25 89 24 93 00 00 00 00 00 00 00 00 00 00 00 00 03 43 39
07月12日 16:21:09.257 [U0A P2]RCV 02 45 30 33 02 00 52 52 03 34 45 02 45 30 33 00 00 03 41 38 02 45 30 33 0A 00 52 52 08 62 00 00 00 00 00 00 03 43 30
07月12日 16:21:09.261 [U0A P2]SND S06 02 45 30 33 02 00 52 52 03 34 45
07月12日 16:21:09.308 [U0A P2]RCV S06 02 45 30 33 02 00 52 52 03 34 45 02 45 30 33 00 00 03 41 38 02 45 30 33 0A 00 52 52 08 62 00 00 00 00 00 00 03 43 30
07月12日 16:21:09.309 [U0A P2]占有権解放 S06
07月12日 16:21:09.382 [U0A P2]占有権取得 S03
07月12日 16:21:09.480 [U0A P2]RCV 04 32 30 4D 35 05
07月12日 16:21:09.502 [U0A P2]SND S03 04 32 30 4D 35 05
07月12日 16:21:09.503 [U0A P2]RCV S03 04 32 30 4D 35 05
07月12日 16:21:09.618 [U0A P2]RCV 02 4D 35 20 32 30 2E 30 31 2C 20 20 34 32 2E 38 03 4A
07月12日 16:21:09.642 [U0A P2]RCV S03 02 4D 35 20 32 30 2E 30 31 2C 20 20 34 32 2E 38 03 4A
07月12日 16:21:09.776 [U0A P2]RCV 04 32 30 4A 4F 05
07月12日 16:21:09.801 [U0A P2]SND S03 04 32 30 4A 4F 05
07月12日 16:21:09.842 [U0A P2]RCV S03 04 32 30 4A 4F 05
07月12日 16:21:09.909 [U0A P2]RCV 02 4A 4F 32 03 34
07月12日 16:21:09.942 [U0A P2]RCV S03 02 4A 4F 32 03 34
07月12日 16:21:10.075 [U0A P2]RCV 04 32 30 45 52 05
07月12日 16:21:10.094 [U0A P2]SND S03 04 32 30 45 52 05
07月12日 16:21:10.142 [U0A P2]RCV S03 04 32 30 45 52 05
07月12日 16:21:10.204 [U0A P2]RCV 02 45 52 20 20 20 20 03 14
07月12日 16:21:10.244 [U0A P2]RCV S03 02 45 52 20 20 20 20 03 14
07月12日 16:21:10.244 [U0A P2]占有権解放 S03
07月12日 16:44:05.562 [U0C P1]占有権解放 S08
07月12日 16:44:05.563 [U0C P1]占有権要求 S08
07月12日 16:44:05.612 [U0C P1]占有権取得 S09
07月12日 16:44:05.731 [U0C P1]SND S09 04 30 32 4B 31 47 31 05
07月12日 16:44:05.735 [U0C P1]RCV 04 30 32 4B 31 47 31 05 02 47 31 30 31 20 30 2C 30 32 20 30 2C 30 33 20 30 2C 30 34 20 30 03 5D
07月12日 16:44:05.741 RCV U0C P1 -> S09 04 30 32 4B 31 47 31 05
07月12日 16:44:05.742 RCV U0C P1 -> S09 02 47 31 30 31 20 30 2C 30 32 20 30 2C 30 33 20 30 2C 30 34 20 30 03 5D
07月12日 16:44:05.742 [U0C P1]占有権解放 S09
07月12日 16:44:05.742 [U0C P1]占有権要求 S09
07月12日 16:44:05.814 [U0C P1]占有権取得 S08
07月12日 16:44:05.913 [U0C P1]SND S08 04 30 30 4B 31 41 4A 05
07月12日 16:44:05.919 [U0C P1]RCV 04 30 30 4B 31 41 4A 05 02 41 4A 30 31 20 30 31 30 30 30 30 30 2C 30 32 20 30 31 30 30 30 30 30 2C 30 33 20 30 31 30 30 30 30 30 2C 30 34 20 30 31 30 30 30 30 30 03 20
07月12日 16:44:05.923 RCV U0C P1 -> S08 04 30 30 4B 31 41 4A 05
07月12日 16:44:05.924 RCV U0C P1 -> S08 02 41 4A 30 31 20 30 31 30 30 30 30 30 2C 30 32 20 30 31 30 30 30 30 30 2C 30 33 20 30 31 30 30 30 30 30 2C 30 34 20 30 31 30 30 30 30 30 03 20
07月12日 16:44:05.924 [U0C P1]占有権解放 S08
07月12日 16:44:05.925 [U0C P1]占有権要求 S08
07月12日 16:44:06.019 [U0C P1]占有権取得 S09
07月12日 16:44:06.070 [U0C P1]RCV 04 30 32 4B 31 4D 31 05 02
07月12日 16:44:06.093 [U0C P1]SND S09 04 30 32 4B 31 4D 31 05
07月12日 16:44:06.094 RCV U0C P1 -> S09 04 30 32 4B 31 4D 31 05
07月12日 16:44:06.100 [U0C P1]RCV 4D 31 30 31 20 20 20 20 35 30 2E 30 2C 30 32 20 20 20 32 35 30 2E 30 2C 30 33 20 20 20 20 33 33 2E 35 2C 30 34 20 20 20 39 30 32 2E 35 03 5E
07月12日 16:44:06.104 RCV U0C P1 -> S09 02 4D 31 30 31 20 20 20 20 35 30 2E 30 2C 30 32 20 20 20 32 35 30 2E 30 2C 30 33 20 20 20 20 33 33 2E 35 2C 30 34 20 20 20 39 30 32 2E 35 03 5E
07月12日 16:44:06.105 [U0C P1]占有権解放 S09
07月12日 16:44:06.105 [U0C P1]占有権要求 S09
07月12日 16:44:06.121 [U0C P1]占有権取得 S08
07月12日 16:44:06.172 [U0C P1]RCV 04 30 31 4B 31 45 52 05 02 45 52 20 20 20 20 20 20 30 03 24
07月12日 16:44:06.175 [U0C P1]SND S08 04 30 31 4B 31 45 52 05
07月12日 16:44:06.176 RCV U0C P1 -> S08 04 30 31 4B 31 45 52 05
07月12日 16:44:06.177 RCV U0C P1 -> S08 02 45 52 20 20 20 20 20 20 30 03 24
07月12日 16:44:06.177 [U0C P1]占有権解放 S08
07月12日 16:44:06.177 [U0C P1]占有権要求 S08
07月12日 16:44:06.221 [U0C P1]占有権取得 S09
07月12日 16:44:06.355 [U0C P1]SND S09 04 30 32 4B 31 41 4A 05
07月12日 16:44:06.365 [U0C P1]RCV 04 30 32 4B 31 41 4A 05 02 41 4A 30 31 20 30 31 30 30 30 30 30 2C 30 32 20 30 31 30 30 30 30 30 2C 30 33 20 30 31 30 30 30 30 30 2C 30 34 20 31 31 30 30 30 30 30 03 21
07月12日 16:44:06.365 RCV U0C P1 -> S09 04 30 32 4B 31 41 4A 05
07月12日 16:44:06.366 RCV U0C P1 -> S09 02 41 4A 30 31 20 30 31 30 30 30 30 30 2C 30 32 20 30 31 30 30 30 30 30 2C 30 33 20 30 31 30 30 30 30 30 2C 30 34 20 31 31 30 30 30 30 30 03 21
07月12日 16:44:06.367 [U0C P1]占有権解放 S09
