07月12日 13:56:32.339 ***** StartLogging CMNLIB.log *****
07月12日 13:56:32.707 DIO設定　249件　読込完了
07月12日 13:56:33.033 ///// TC_CMN_Ver1.00-03[20120625] /////
07月12日 13:56:33.034 SNum:01 OWN:1, Name:  IND-A1
07月12日 13:56:33.034 SNum:02 OWN:1, Name:    TRN1
07月12日 13:56:33.038 SNum:03 OWN:1, Name:SPIN-SC1
07月12日 13:56:33.038 SNum:04 OWN:1, Name:SPIN-SC2
07月12日 13:56:33.039 SNum:05 OWN:1, Name:SPIN-SD3
07月12日 13:56:33.039 SNum:06 OWN:1, Name:SPIN-SD4
07月12日 13:56:33.040 SNum:07 OWN:0, Name:    EEW1
07月12日 13:56:33.040 SNum:08 OWN:0, Name:   BAKE1
07月12日 13:56:33.040 SNum:09 OWN:0, Name:   BAKE2
07月12日 13:56:33.040 SNum:10 OWN:0, Name:   IF-B1
07月12日 13:56:33.041 SNum:11 OWN:1, Name:    CVP1
07月12日 13:56:33.041 SNum:E1 OWN:1, Name:    CVP1
07月12日 13:56:33.041 ///// START  IND-A1 /////
07月12日 13:56:33.081 SEND PWR 02
07月12日 13:56:33.245 ///// START  TRN1 /////
07月12日 13:56:33.468 ///// START  SPIN-SC1 /////
07月12日 13:56:33.700 ///// START  SPIN-SC2 /////
07月12日 13:56:33.909 ///// START  SPIN-SD3 /////
07月12日 13:56:34.155 ///// START  SPIN-SD4 /////
07月12日 13:56:34.409 ///// START  CVP1 /////
07月12日 13:56:51.458 RECV STS(時刻設定)
07月12日 14:47:30.185 ***** StartLogging CMNLIB.log *****
07月12日 14:47:30.494 DIO設定　249件　読込完了
07月12日 14:47:30.765 ///// TC_CMN_Ver1.00-03[20120625] /////
07月12日 14:47:30.766 SNum:01 OWN:1, Name:  IND-A1
07月12日 14:47:30.766 SNum:02 OWN:1, Name:    TRN1
07月12日 14:47:30.766 SNum:03 OWN:1, Name:SPIN-SC1
07月12日 14:47:30.766 SNum:04 OWN:1, Name:SPIN-SC2
07月12日 14:47:30.767 SNum:05 OWN:1, Name:SPIN-SD3
07月12日 14:47:30.767 SNum:06 OWN:1, Name:SPIN-SD4
07月12日 14:47:30.767 SNum:07 OWN:0, Name:    EEW1
07月12日 14:47:30.767 SNum:08 OWN:0, Name:   BAKE1
07月12日 14:47:30.771 SNum:09 OWN:0, Name:   BAKE2
07月12日 14:47:30.772 SNum:10 OWN:0, Name:   IF-B1
07月12日 14:47:30.772 SNum:11 OWN:1, Name:    CVP1
07月12日 14:47:30.772 SNum:E1 OWN:1, Name:    CVP1
07月12日 14:47:30.772 ///// START  IND-A1 /////
07月12日 14:47:30.807 SEND PWR 02
07月12日 14:47:30.940 ///// START  TRN1 /////
07月12日 14:47:31.133 ///// START  SPIN-SC1 /////
07月12日 14:47:31.340 ///// START  SPIN-SC2 /////
07月12日 14:47:31.559 ///// START  SPIN-SD3 /////
07月12日 14:47:31.820 ///// START  SPIN-SD4 /////
07月12日 14:47:32.045 ///// START  CVP1 /////
07月12日 14:47:50.225 RECV STS(時刻設定)
07月12日 15:00:10.476 RECV STS(時刻設定)
07月12日 15:41:55.727 ***** StartLogging CMNLIB.log *****
07月12日 15:41:56.047 DIO設定　249件　読込完了
07月12日 15:41:56.292 ///// TC_CMN_Ver1.00-03[20120625] /////
07月12日 15:41:56.292 SNum:01 OWN:1, Name:  IND-A1
07月12日 15:41:56.292 SNum:02 OWN:1, Name:    TRN1
07月12日 15:41:56.292 SNum:03 OWN:1, Name:SPIN-SC1
07月12日 15:41:56.302 SNum:04 OWN:1, Name:SPIN-SC2
07月12日 15:41:56.302 SNum:05 OWN:1, Name:SPIN-SD3
07月12日 15:41:56.302 SNum:06 OWN:1, Name:SPIN-SD4
07月12日 15:41:56.303 SNum:07 OWN:0, Name:    EEW1
07月12日 15:41:56.303 SNum:08 OWN:0, Name:   BAKE1
07月12日 15:41:56.303 SNum:09 OWN:0, Name:   BAKE2
07月12日 15:41:56.307 SNum:10 OWN:0, Name:   IF-B1
07月12日 15:41:56.307 SNum:11 OWN:1, Name:    CVP1
07月12日 15:41:56.308 SNum:E1 OWN:1, Name:    CVP1
07月12日 15:41:56.308 ///// START  IND-A1 /////
07月12日 15:41:56.344 SEND PWR 02
07月12日 15:41:56.493 ///// START  TRN1 /////
07月12日 15:41:56.681 ///// START  SPIN-SC1 /////
07月12日 15:41:56.897 ///// START  SPIN-SC2 /////
07月12日 15:41:57.126 ///// START  SPIN-SD3 /////
07月12日 15:41:57.379 ///// START  SPIN-SD4 /////
07月12日 15:41:57.611 ///// START  CVP1 /////
07月12日 15:42:18.017 RECV STS(時刻設定)
07月12日 15:55:17.438 ***** StartLogging CMNLIB.log *****
07月12日 15:55:17.755 DIO設定　249件　読込完了
07月12日 15:55:18.028 ///// TC_CMN_Ver1.00-03[20120625] /////
07月12日 15:55:18.032 SNum:01 OWN:1, Name:  IND-A1
07月12日 15:55:18.033 SNum:02 OWN:1, Name:    TRN1
07月12日 15:55:18.033 SNum:03 OWN:1, Name:SPIN-SC1
07月12日 15:55:18.033 SNum:04 OWN:1, Name:SPIN-SC2
07月12日 15:55:18.033 SNum:05 OWN:1, Name:SPIN-SD3
07月12日 15:55:18.033 SNum:06 OWN:1, Name:SPIN-SD4
07月12日 15:55:18.034 SNum:07 OWN:0, Name:    EEW1
07月12日 15:55:18.034 SNum:08 OWN:0, Name:   BAKE1
07月12日 15:55:18.034 SNum:09 OWN:0, Name:   BAKE2
07月12日 15:55:18.034 SNum:10 OWN:0, Name:   IF-B1
07月12日 15:55:18.034 SNum:11 OWN:1, Name:    CVP1
07月12日 15:55:18.034 SNum:E1 OWN:1, Name:    CVP1
07月12日 15:55:18.035 ///// START  IND-A1 /////
07月12日 15:55:18.075 SEND PWR 02
07月12日 15:55:18.206 ///// START  TRN1 /////
07月12日 15:55:18.401 ///// START  SPIN-SC1 /////
07月12日 15:55:18.546 ///// START  SPIN-SC2 /////
07月12日 15:55:18.745 ///// START  SPIN-SD3 /////
07月12日 15:55:18.995 ///// START  SPIN-SD4 /////
07月12日 15:55:19.262 ///// START  CVP1 /////
07月12日 15:55:38.046 RECV STS(時刻設定)
