07月12日 13:56:34.425 ***** StartLogging CVP01.log *****
07月12日 13:56:34.455 SEND COMMAND PWR 宛先slv:240
07月12日 13:57:35.811 RECV COMMAND MDR
07月12日 13:57:35.812 SEND COMMAND MDT 宛先slv:240
07月12日 13:57:37.321 RECV COMMAND MDS
07月12日 13:57:37.323 RECV COMMAND MDS
07月12日 13:57:39.148 RECV COMMAND SOS02
07月12日 13:57:50.270 RECV COMMAND SOS08
07月12日 13:57:51.630 RECV COMMAND SOS10
07月12日 13:57:51.725 RECV COMMAND SOS10
07月12日 13:57:51.823 RECV COMMAND SOS10
07月12日 13:57:51.913 RECV COMMAND SOS10
07月12日 13:57:52.007 RECV COMMAND SOS10
07月12日 13:57:52.099 RECV COMMAND SOS10
07月12日 13:57:52.198 RECV COMMAND SOS10
07月12日 13:57:52.459 RECV COMMAND SOS10
07月12日 13:57:59.683 RECV COMMAND SOS42
07月12日 13:58:01.019 RECV COMMAND SOS43
07月12日 13:58:01.021 RECV COMMAND SOS43
07月12日 13:58:01.021 RECV COMMAND SOS43
07月12日 13:58:01.022 RECV COMMAND SOS43
07月12日 13:58:01.024 RECV COMMAND SOS43
07月12日 13:58:01.025 RECV COMMAND SOS43
07月12日 13:58:01.026 RECV COMMAND SOS43
07月12日 13:58:01.027 RECV COMMAND SOS43
07月12日 13:58:01.028 RECV COMMAND SOS43
07月12日 13:58:01.030 RECV COMMAND SOS43
07月12日 13:58:01.031 RECV COMMAND SOS43
07月12日 13:58:01.166 RECV COMMAND SOS44
07月12日 13:58:02.777 RECV COMMAND SOS44
07月12日 13:58:02.779 RECV COMMAND SOS44
07月12日 13:58:02.780 RECV COMMAND SOS44
07月12日 13:58:02.780 RECV COMMAND SOS44
07月12日 13:58:02.782 RECV COMMAND SOS44
07月12日 13:58:02.782 RECV COMMAND SOS44
07月12日 13:58:02.783 RECV COMMAND SOS44
07月12日 13:58:02.784 RECV COMMAND SOS44
07月12日 13:58:02.785 RECV COMMAND SOS44
07月12日 13:58:02.786 RECV COMMAND SOS44
07月12日 13:58:02.982 RECV COMMAND SOS45
07月12日 13:58:03.073 RECV COMMAND SOS45
07月12日 13:58:03.162 RECV COMMAND SOS45
07月12日 13:58:03.255 RECV COMMAND SOS45
07月12日 13:58:03.350 RECV COMMAND SOS45
07月12日 13:58:03.443 RECV COMMAND SOS45
07月12日 13:58:03.539 RECV COMMAND SOS45
07月12日 13:58:03.644 RECV COMMAND SOS45
07月12日 13:58:03.725 RECV COMMAND SOS45
07月12日 13:58:03.818 RECV COMMAND SOS45
07月12日 13:58:03.914 RECV COMMAND SOS45
07月12日 13:58:04.379 RECV COMMAND SOS46
07月12日 13:58:32.983 RECV COMMAND MST
07月12日 13:58:33.170 RECV COMMAND MST
07月12日 13:58:33.329 RECV COMMAND MST
07月12日 13:58:33.670 RECV COMMAND MST
07月12日 13:58:41.221 RECV COMMAND MST
07月12日 13:58:42.380 RECV COMMAND MST
07月12日 13:58:42.472 RECV COMMAND MST
07月12日 13:58:42.564 RECV COMMAND MST
07月12日 13:58:42.657 RECV COMMAND MST
07月12日 13:58:42.814 RECV COMMAND MST
07月12日 14:12:00.202 SEND COMMAND MPR 宛先slv:240
07月12日 14:12:00.356 RECV COMMAND MPA
07月12日 14:12:03.521 MLR msg送信ｽﾚｰﾌﾞ追加 slv:16 unit:1 menu:1
07月12日 14:12:03.522 SEND COMMAND MLR 宛先slv:16 Unit:1 MM:1 Sub:0
07月12日 14:12:03.731 RECV COMMAND MLA
07月12日 14:12:03.751 MLA msg送信ｽﾚｰﾌﾞあり 応答有効 slv:16 unit:1 sub:0
07月12日 14:12:03.809 MSR msg送信ｽﾚｰﾌﾞ追加 slv:16 unit:1
07月12日 14:12:03.809 SEND COMMAND MSR 宛先slv:16 Unit:1
07月12日 14:12:04.166 RECV COMMAND MSA
07月12日 14:12:04.166 MSA msg送信ｽﾚｰﾌﾞあり 応答有効 slv:16 unit:1
07月12日 14:12:04.167 手動画面侮ｦ切替中
07月12日 14:12:10.364 SW侮ｦ更新完了
07月12日 14:12:14.785 SEND COMMAND MKS 宛先slv:16 Unit:1 Menu:1 KN:7 RS1:0 RS2:0
07月12日 14:12:15.480 RECV COMMAND MST
07月12日 14:12:15.481 SW状態侮ｦ更新完了
07月12日 14:12:17.944 RECV COMMAND MST
07月12日 14:12:17.945 SW状態侮ｦ更新完了
07月12日 14:12:18.671 SEND COMMAND MKS 宛先slv:16 Unit:1 Menu:1 KN:8 RS1:0 RS2:0
07月12日 14:12:19.171 RECV COMMAND MST
07月12日 14:12:19.172 SW状態侮ｦ更新完了
07月12日 14:12:21.767 RECV COMMAND MST
07月12日 14:12:21.768 SW状態侮ｦ更新完了
07月12日 14:12:22.604 SEND COMMAND MKS 宛先slv:16 Unit:1 Menu:1 KN:19 RS1:0 RS2:0
07月12日 14:12:22.954 RECV COMMAND MST
07月12日 14:12:22.985 SW状態侮ｦ更新完了
07月12日 14:12:23.435 RECV COMMAND MST
07月12日 14:12:23.436 SW状態侮ｦ更新完了
07月12日 14:12:24.416 SEND COMMAND MKS 宛先slv:16 Unit:1 Menu:1 KN:19 RS1:0 RS2:0
07月12日 14:12:25.382 RECV COMMAND MST
07月12日 14:12:25.382 SW状態侮ｦ更新完了
07月12日 14:12:25.548 RECV COMMAND MST
07月12日 14:12:25.549 SW状態侮ｦ更新完了
07月12日 14:12:26.551 SEND COMMAND MKS 宛先slv:16 Unit:1 Menu:1 KN:19 RS1:0 RS2:0
07月12日 14:12:27.143 RECV COMMAND MST
07月12日 14:12:27.144 SW状態侮ｦ更新完了
07月12日 14:12:32.933 SEND COMMAND MKS 宛先slv:16 Unit:1 Menu:1 KN:14 RS1:0 RS2:0
07月12日 14:12:33.349 RECV COMMAND MST
07月12日 14:12:33.350 SW状態侮ｦ更新完了
07月12日 14:12:37.152 SEND COMMAND MKS 宛先slv:16 Unit:1 Menu:1 KN:20 RS1:0 RS2:0
07月12日 14:12:37.559 RECV COMMAND MST
07月12日 14:12:37.560 SW状態侮ｦ更新完了
07月12日 14:12:38.153 RECV COMMAND MST
07月12日 14:12:38.155 SW状態侮ｦ更新完了
07月12日 14:12:38.781 SEND COMMAND MKS 宛先slv:16 Unit:1 Menu:1 KN:20 RS1:0 RS2:0
07月12日 14:12:39.251 RECV COMMAND MST
07月12日 14:12:39.252 SW状態侮ｦ更新完了
07月12日 14:12:39.943 RECV COMMAND MST
07月12日 14:12:39.962 SW状態侮ｦ更新完了
07月12日 14:12:40.860 SEND COMMAND MKS 宛先slv:16 Unit:1 Menu:1 KN:20 RS1:0 RS2:0
07月12日 14:12:41.339 RECV COMMAND MST
07月12日 14:12:41.340 SW状態侮ｦ更新完了
07月12日 14:12:50.600 SEND COMMAND MKS 宛先slv:16 Unit:1 Menu:1 KN:15 RS1:0 RS2:0
07月12日 14:12:51.059 RECV COMMAND MST
07月12日 14:12:51.060 SW状態侮ｦ更新完了
07月12日 14:12:52.904 RECV COMMAND MST
07月12日 14:12:52.905 SW状態侮ｦ更新完了
07月12日 14:12:53.001 RECV COMMAND MST
07月12日 14:12:53.002 SW状態侮ｦ更新完了
07月12日 14:12:53.094 RECV COMMAND MST
07月12日 14:12:53.131 SW状態侮ｦ更新完了
07月12日 14:12:53.181 RECV COMMAND MST
07月12日 14:12:53.221 SW状態侮ｦ更新完了
07月12日 14:12:53.275 RECV COMMAND MST
07月12日 14:12:53.306 SW状態侮ｦ更新完了
07月12日 14:12:54.835 SEND COMMAND MKS 宛先slv:16 Unit:1 Menu:1 KN:20 RS1:0 RS2:0
07月12日 14:12:55.150 RECV COMMAND MST
07月12日 14:12:55.151 SW状態侮ｦ更新完了
07月12日 14:31:07.084 RECV COMMAND MLO
07月12日 14:31:07.085 SEND COMMAND MLE 宛先slv:16 Unit:1
07月12日 14:31:18.355 RECV COMMAND MST
07月12日 14:31:18.453 RECV COMMAND MST
07月12日 14:31:18.543 RECV COMMAND MST
07月12日 14:31:18.823 RECV COMMAND MST
07月12日 14:32:17.775 RECV COMMAND MST
07月12日 14:32:18.181 RECV COMMAND MST
07月12日 14:32:18.401 RECV COMMAND MST
07月12日 14:32:18.684 RECV COMMAND MST
07月12日 14:32:19.260 RECV COMMAND MST
07月12日 14:32:19.369 RECV COMMAND MST
07月12日 14:36:51.377 RECV COMMAND SOS02
07月12日 14:37:06.409 RECV COMMAND SOS02
07月12日 14:46:29.727 RECV COMMAND MST
07月12日 14:46:29.819 RECV COMMAND MST
07月12日 14:46:29.916 RECV COMMAND MST
07月12日 14:46:30.070 RECV COMMAND MST
07月12日 14:47:32.059 ***** StartLogging CVP01.log *****
07月12日 14:47:32.091 SEND COMMAND PWR 宛先slv:240
07月12日 14:48:15.938 RECV COMMAND MDR
07月12日 14:48:15.939 SEND COMMAND MDT 宛先slv:240
07月12日 14:48:17.300 RECV COMMAND MDS
07月12日 14:48:17.301 RECV COMMAND MDS
07月12日 14:48:18.968 RECV COMMAND SOS02
07月12日 14:48:30.004 RECV COMMAND SOS08
07月12日 14:48:31.475 RECV COMMAND SOS10
07月12日 14:48:31.755 RECV COMMAND SOS10
07月12日 14:48:31.851 RECV COMMAND SOS10
07月12日 14:48:31.944 RECV COMMAND SOS10
07月12日 14:48:32.039 RECV COMMAND SOS10
07月12日 14:48:32.132 RECV COMMAND SOS10
07月12日 14:48:32.228 RECV COMMAND SOS10
07月12日 14:48:32.325 RECV COMMAND SOS10
07月12日 14:48:38.897 RECV COMMAND SOS42
07月12日 14:48:39.133 RECV COMMAND SOS43
07月12日 14:48:39.228 RECV COMMAND SOS43
07月12日 14:48:39.328 RECV COMMAND SOS43
07月12日 14:48:39.502 RECV COMMAND SOS43
07月12日 14:48:39.503 RECV COMMAND SOS43
07月12日 14:48:40.213 RECV COMMAND SOS43
07月12日 14:48:40.309 RECV COMMAND SOS43
07月12日 14:48:40.406 RECV COMMAND SOS43
07月12日 14:48:40.581 RECV COMMAND SOS43
07月12日 14:48:40.583 RECV COMMAND SOS43
07月12日 14:48:40.684 RECV COMMAND SOS43
07月12日 14:48:40.834 RECV COMMAND SOS44
07月12日 14:48:40.927 RECV COMMAND SOS44
07月12日 14:48:41.026 RECV COMMAND SOS44
07月12日 14:48:41.118 RECV COMMAND SOS44
07月12日 14:48:41.218 RECV COMMAND SOS44
07月12日 14:48:41.854 RECV COMMAND SOS44
07月12日 14:48:42.039 RECV COMMAND SOS44
07月12日 14:48:42.040 RECV COMMAND SOS44
07月12日 14:48:42.149 RECV COMMAND SOS44
07月12日 14:48:42.248 RECV COMMAND SOS44
07月12日 14:48:42.345 RECV COMMAND SOS44
07月12日 14:48:42.402 RECV COMMAND SOS45
07月12日 14:48:42.492 RECV COMMAND SOS45
07月12日 14:48:42.587 RECV COMMAND SOS45
07月12日 14:48:42.680 RECV COMMAND SOS45
07月12日 14:48:42.774 RECV COMMAND SOS45
07月12日 14:48:43.025 RECV COMMAND SOS45
07月12日 14:48:43.118 RECV COMMAND SOS45
07月12日 14:48:43.211 RECV COMMAND SOS45
07月12日 14:48:43.305 RECV COMMAND SOS45
07月12日 14:48:43.401 RECV COMMAND SOS45
07月12日 14:48:43.494 RECV COMMAND SOS45
07月12日 14:48:43.971 RECV COMMAND SOS46
07月12日 14:49:02.422 RECV COMMAND MST
07月12日 14:49:03.601 RECV COMMAND MST
07月12日 14:49:03.701 RECV COMMAND MST
07月12日 14:49:03.782 RECV COMMAND MST
07月12日 14:49:26.584 RECV COMMAND MST
07月12日 14:49:27.116 RECV COMMAND MST
07月12日 14:49:27.270 RECV COMMAND MST
07月12日 14:49:27.738 RECV COMMAND MST
07月12日 14:49:27.898 RECV COMMAND MST
07月12日 14:49:28.242 RECV COMMAND MST
07月12日 14:50:42.640 SEND COMMAND MPR 宛先slv:240
07月12日 14:50:42.812 RECV COMMAND MPA
07月12日 14:50:45.669 MLR msg送信ｽﾚｰﾌﾞ追加 slv:16 unit:1 menu:1
07月12日 14:50:45.670 SEND COMMAND MLR 宛先slv:16 Unit:1 MM:1 Sub:0
07月12日 14:50:46.045 RECV COMMAND MLA
07月12日 14:50:46.046 MLA msg送信ｽﾚｰﾌﾞあり 応答有効 slv:16 unit:1 sub:0
07月12日 14:50:46.047 MSR msg送信ｽﾚｰﾌﾞ追加 slv:16 unit:1
07月12日 14:50:46.047 SEND COMMAND MSR 宛先slv:16 Unit:1
07月12日 14:50:46.302 RECV COMMAND MSA
07月12日 14:50:46.302 MSA msg送信ｽﾚｰﾌﾞあり 応答有効 slv:16 unit:1
07月12日 14:50:46.303 手動画面侮ｦ切替中
07月12日 14:50:46.423 SW侮ｦ更新完了
07月12日 14:50:52.590 SEND COMMAND MKS 宛先slv:16 Unit:1 Menu:1 KN:19 RS1:0 RS2:0
07月12日 14:50:52.922 RECV COMMAND MST
07月12日 14:50:52.923 SW状態侮ｦ更新完了
07月12日 14:50:53.265 RECV COMMAND MST
07月12日 14:50:53.266 SW状態侮ｦ更新完了
07月12日 14:50:54.003 SEND COMMAND MKS 宛先slv:16 Unit:1 Menu:1 KN:19 RS1:0 RS2:0
07月12日 14:50:54.642 RECV COMMAND MST
07月12日 14:50:54.643 SW状態侮ｦ更新完了
07月12日 14:50:55.297 RECV COMMAND MST
07月12日 14:50:55.298 SW状態侮ｦ更新完了
07月12日 14:50:58.506 SEND COMMAND MKS 宛先slv:16 Unit:1 Menu:1 KN:19 RS1:0 RS2:0
07月12日 14:50:58.747 RECV COMMAND MST
07月12日 14:50:58.748 SW状態侮ｦ更新完了
07月12日 14:51:00.679 SEND COMMAND MKS 宛先slv:16 Unit:1 Menu:1 KN:20 RS1:0 RS2:0
07月12日 14:51:00.984 RECV COMMAND MST
07月12日 14:51:00.986 SW状態侮ｦ更新完了
07月12日 14:51:01.519 RECV COMMAND MST
07月12日 14:51:01.520 SW状態侮ｦ更新完了
07月12日 14:51:02.409 SEND COMMAND MKS 宛先slv:16 Unit:1 Menu:1 KN:19 RS1:0 RS2:0
07月12日 14:51:03.269 RECV COMMAND MST
07月12日 14:51:03.270 SW状態侮ｦ更新完了
07月12日 14:51:03.614 RECV COMMAND MST
07月12日 14:51:03.614 SW状態侮ｦ更新完了
07月12日 14:51:06.262 SEND COMMAND MKS 宛先slv:16 Unit:1 Menu:1 KN:14 RS1:0 RS2:0
07月12日 14:51:07.158 RECV COMMAND MST
07月12日 14:51:07.160 SW状態侮ｦ更新完了
07月12日 14:51:09.850 SEND COMMAND MKS 宛先slv:16 Unit:1 Menu:1 KN:13 RS1:0 RS2:0
07月12日 14:51:10.158 RECV COMMAND MST
07月12日 14:51:10.159 SW状態侮ｦ更新完了
07月12日 14:51:10.597 RECV COMMAND MST
07月12日 14:51:10.597 SW状態侮ｦ更新完了
07月12日 14:51:11.792 SEND COMMAND MKS 宛先slv:16 Unit:1 Menu:1 KN:13 RS1:0 RS2:0
07月12日 14:51:12.038 RECV COMMAND MST
07月12日 14:51:12.038 SW状態侮ｦ更新完了
07月12日 14:51:12.385 RECV COMMAND MST
07月12日 14:51:12.386 SW状態侮ｦ更新完了
07月12日 14:51:13.983 SEND COMMAND MKS 宛先slv:16 Unit:1 Menu:1 KN:13 RS1:0 RS2:0
07月12日 14:51:14.256 RECV COMMAND MST
07月12日 14:51:14.257 SW状態侮ｦ更新完了
07月12日 14:51:14.410 RECV COMMAND MST
07月12日 14:51:14.411 SW状態侮ｦ更新完了
07月12日 14:51:16.624 SEND COMMAND MKS 宛先slv:16 Unit:1 Menu:1 KN:13 RS1:0 RS2:0
07月12日 14:51:17.026 RECV COMMAND MST
07月12日 14:51:17.027 SW状態侮ｦ更新完了
07月12日 14:51:17.190 RECV COMMAND MST
07月12日 14:51:17.191 SW状態侮ｦ更新完了
07月12日 14:55:38.777 SW侮ｦ更新完了
07月12日 14:55:39.119 SW侮ｦ更新完了
07月12日 14:55:40.231 SEND COMMAND MKS 宛先slv:16 Unit:1 Menu:1 KN:31 RS1:0 RS2:0
07月12日 14:55:40.706 RECV COMMAND MST
07月12日 14:55:40.707 SW状態侮ｦ更新完了
07月12日 14:55:41.360 RECV COMMAND MST
07月12日 14:55:41.361 SW状態侮ｦ更新完了
07月12日 14:55:41.377 SEND COMMAND MKS 宛先slv:16 Unit:1 Menu:1 KN:31 RS1:0 RS2:0
07月12日 14:55:41.772 RECV COMMAND MST
07月12日 14:55:41.773 SW状態侮ｦ更新完了
07月12日 14:55:42.299 RECV COMMAND MST
07月12日 14:55:42.300 SW状態侮ｦ更新完了
07月12日 14:55:42.630 SEND COMMAND MKS 宛先slv:16 Unit:1 Menu:1 KN:31 RS1:0 RS2:0
07月12日 14:55:43.433 RECV COMMAND MST
07月12日 14:55:43.434 SW状態侮ｦ更新完了
07月12日 14:55:45.457 RECV COMMAND MST
07月12日 14:55:45.458 SW状態侮ｦ更新完了
07月12日 14:55:46.343 SEND COMMAND MKS 宛先slv:16 Unit:1 Menu:1 KN:31 RS1:0 RS2:0
07月12日 14:55:46.646 RECV COMMAND MST
07月12日 14:55:46.646 SW状態侮ｦ更新完了
07月12日 14:55:47.236 RECV COMMAND MST
07月12日 14:55:47.237 SW状態侮ｦ更新完了
07月12日 14:55:47.361 SEND COMMAND MKS 宛先slv:16 Unit:1 Menu:1 KN:31 RS1:0 RS2:0
07月12日 14:55:47.613 RECV COMMAND MST
07月12日 14:55:47.614 SW状態侮ｦ更新完了
07月12日 14:55:48.935 RECV COMMAND MST
07月12日 14:55:48.936 SW状態侮ｦ更新完了
07月12日 14:55:48.985 SEND COMMAND MKS 宛先slv:16 Unit:1 Menu:1 KN:31 RS1:0 RS2:0
07月12日 14:55:49.243 RECV COMMAND MST
07月12日 14:55:49.244 SW状態侮ｦ更新完了
07月12日 14:55:49.970 RECV COMMAND MST
07月12日 14:55:49.974 SW状態侮ｦ更新完了
07月12日 14:55:50.707 SEND COMMAND MKS 宛先slv:16 Unit:1 Menu:1 KN:31 RS1:0 RS2:0
07月12日 14:55:51.571 RECV COMMAND MST
07月12日 14:55:51.572 SW状態侮ｦ更新完了
07月12日 14:55:55.118 SEND COMMAND MKS 宛先slv:16 Unit:1 Menu:1 KN:26 RS1:0 RS2:0
07月12日 14:55:55.508 RECV COMMAND MST
07月12日 14:55:55.509 SW状態侮ｦ更新完了
07月12日 14:55:58.227 RECV COMMAND MST
07月12日 14:55:58.227 SW状態侮ｦ更新完了
07月12日 14:55:59.323 SEND COMMAND MKS 宛先slv:16 Unit:1 Menu:1 KN:25 RS1:0 RS2:0
07月12日 14:55:59.545 RECV COMMAND MST
07月12日 14:55:59.546 SW状態侮ｦ更新完了
07月12日 14:56:02.397 RECV COMMAND MST
07月12日 14:56:02.397 SW状態侮ｦ更新完了
07月12日 14:56:09.117 SEND COMMAND MKS 宛先slv:16 Unit:1 Menu:1 KN:20 RS1:0 RS2:0
07月12日 14:56:09.533 RECV COMMAND MST
07月12日 14:56:09.534 SW状態侮ｦ更新完了
07月12日 14:56:09.994 RECV COMMAND MST
07月12日 14:56:09.995 SW状態侮ｦ更新完了
07月12日 14:56:10.824 SEND COMMAND MKS 宛先slv:16 Unit:1 Menu:1 KN:20 RS1:0 RS2:0
07月12日 14:56:11.057 RECV COMMAND MST
07月12日 14:56:11.058 SW状態侮ｦ更新完了
07月12日 14:56:11.600 RECV COMMAND MST
07月12日 14:56:11.601 SW状態侮ｦ更新完了
07月12日 14:56:13.559 SEND COMMAND MKS 宛先slv:16 Unit:1 Menu:1 KN:19 RS1:0 RS2:0
07月12日 14:56:13.967 RECV COMMAND MST
07月12日 14:56:13.967 SW状態侮ｦ更新完了
07月12日 14:56:14.798 RECV COMMAND MST
07月12日 14:56:14.799 SW状態侮ｦ更新完了
07月12日 14:56:15.341 SEND COMMAND MKS 宛先slv:16 Unit:1 Menu:1 KN:19 RS1:0 RS2:0
07月12日 14:56:15.606 RECV COMMAND MST
07月12日 14:56:15.607 SW状態侮ｦ更新完了
07月12日 14:56:16.532 RECV COMMAND MST
07月12日 14:56:16.533 SW状態侮ｦ更新完了
07月12日 14:56:17.360 SEND COMMAND MKS 宛先slv:16 Unit:1 Menu:1 KN:32 RS1:0 RS2:0
07月12日 14:56:17.967 RECV COMMAND MST
07月12日 14:56:17.968 SW状態侮ｦ更新完了
07月12日 14:56:21.099 SEND COMMAND MKS 宛先slv:16 Unit:1 Menu:1 KN:32 RS1:0 RS2:0
07月12日 14:56:21.342 RECV COMMAND MST
07月12日 14:56:21.344 SW状態侮ｦ更新完了
07月12日 14:56:24.115 SEND COMMAND MKS 宛先slv:16 Unit:1 Menu:1 KN:27 RS1:0 RS2:0
07月12日 14:56:24.466 RECV COMMAND MST
07月12日 14:56:24.467 SW状態侮ｦ更新完了
07月12日 14:56:25.623 RECV COMMAND MST
07月12日 14:56:25.625 SW状態侮ｦ更新完了
07月12日 14:56:25.720 RECV COMMAND MST
07月12日 14:56:25.721 SW状態侮ｦ更新完了
07月12日 14:56:25.816 RECV COMMAND MST
07月12日 14:56:25.817 SW状態侮ｦ更新完了
07月12日 14:56:25.910 RECV COMMAND MST
07月12日 14:56:25.911 SW状態侮ｦ更新完了
07月12日 14:56:26.001 RECV COMMAND MST
07月12日 14:56:26.002 SW状態侮ｦ更新完了
07月12日 14:56:27.747 SEND COMMAND MKS 宛先slv:16 Unit:1 Menu:1 KN:27 RS1:0 RS2:0
07月12日 14:56:28.193 RECV COMMAND MST
07月12日 14:56:28.194 SW状態侮ｦ更新完了
07月12日 14:56:29.846 RECV COMMAND MST
07月12日 14:56:29.846 SW状態侮ｦ更新完了
07月12日 14:56:30.192 RECV COMMAND MST
07月12日 14:56:30.193 SW状態侮ｦ更新完了
07月12日 14:56:30.282 RECV COMMAND MST
07月12日 14:56:30.284 SW状態侮ｦ更新完了
07月12日 14:56:30.374 RECV COMMAND MST
07月12日 14:56:30.375 SW状態侮ｦ更新完了
07月12日 14:56:30.469 RECV COMMAND MST
07月12日 14:56:30.489 SW状態侮ｦ更新完了
07月12日 14:56:31.361 SEND COMMAND MKS 宛先slv:16 Unit:1 Menu:1 KN:32 RS1:0 RS2:0
07月12日 14:56:31.593 RECV COMMAND MST
07月12日 14:56:31.595 SW状態侮ｦ更新完了
07月12日 14:56:32.377 RECV COMMAND MST
07月12日 14:56:32.378 SW状態侮ｦ更新完了
07月12日 14:56:33.706 SEND COMMAND MKS 宛先slv:16 Unit:1 Menu:1 KN:32 RS1:0 RS2:0
07月12日 14:56:34.218 RECV COMMAND MST
07月12日 14:56:34.223 SW状態侮ｦ更新完了
07月12日 14:56:35.477 RECV COMMAND MST
07月12日 14:56:35.478 SW状態侮ｦ更新完了
07月12日 14:56:36.454 SEND COMMAND MKS 宛先slv:16 Unit:1 Menu:1 KN:31 RS1:0 RS2:0
07月12日 14:56:36.726 RECV COMMAND MST
07月12日 14:56:36.727 SW状態侮ｦ更新完了
07月12日 14:56:37.941 RECV COMMAND MST
07月12日 14:56:37.943 SW状態侮ｦ更新完了
07月12日 14:56:39.164 SEND COMMAND MKS 宛先slv:16 Unit:1 Menu:1 KN:31 RS1:0 RS2:0
07月12日 14:56:39.949 RECV COMMAND MST
07月12日 14:56:39.949 SW状態侮ｦ更新完了
07月12日 14:56:40.847 RECV COMMAND MST
07月12日 14:56:40.848 SW状態侮ｦ更新完了
07月12日 15:07:18.606 SEND COMMAND MKS 宛先slv:16 Unit:1 Menu:1 KN:20 RS1:0 RS2:0
07月12日 15:07:19.308 RECV COMMAND MST
07月12日 15:07:19.308 SW状態侮ｦ更新完了
07月12日 15:07:19.710 RECV COMMAND MST
07月12日 15:07:19.735 SW状態侮ｦ更新完了
07月12日 15:07:20.554 SEND COMMAND MKS 宛先slv:16 Unit:1 Menu:1 KN:20 RS1:0 RS2:0
07月12日 15:07:21.021 RECV COMMAND MST
07月12日 15:07:21.044 SW状態侮ｦ更新完了
07月12日 15:07:22.087 RECV COMMAND MST
07月12日 15:07:22.087 SW状態侮ｦ更新完了
07月12日 15:07:23.549 SEND COMMAND MKS 宛先slv:16 Unit:1 Menu:1 KN:20 RS1:0 RS2:0
07月12日 15:07:23.883 RECV COMMAND MST
07月12日 15:07:23.884 SW状態侮ｦ更新完了
07月12日 15:07:26.068 SEND COMMAND MKS 宛先slv:16 Unit:1 Menu:1 KN:19 RS1:0 RS2:0
07月12日 15:07:26.475 RECV COMMAND MST
07月12日 15:07:26.509 SW状態侮ｦ更新完了
07月12日 15:07:27.070 RECV COMMAND MST
07月12日 15:07:27.108 SW状態侮ｦ更新完了
07月12日 15:07:35.918 SEND COMMAND MKS 宛先slv:16 Unit:1 Menu:1 KN:15 RS1:0 RS2:0
07月12日 15:07:36.278 RECV COMMAND MST
07月12日 15:07:36.279 SW状態侮ｦ更新完了
07月12日 15:07:37.972 RECV COMMAND MST
07月12日 15:07:37.977 SW状態侮ｦ更新完了
07月12日 15:07:38.507 RECV COMMAND MST
07月12日 15:07:38.508 SW状態侮ｦ更新完了
07月12日 15:07:38.696 RECV COMMAND MST
07月12日 15:07:38.697 SW状態侮ｦ更新完了
07月12日 15:07:38.773 RECV COMMAND MST
07月12日 15:07:38.774 SW状態侮ｦ更新完了
07月12日 15:07:38.868 RECV COMMAND MST
07月12日 15:07:38.889 SW状態侮ｦ更新完了
07月12日 15:07:41.171 SEND COMMAND MKS 宛先slv:16 Unit:1 Menu:1 KN:19 RS1:0 RS2:0
07月12日 15:07:42.498 RECV COMMAND MST
07月12日 15:07:42.530 SW状態侮ｦ更新完了
07月12日 15:07:42.652 RECV COMMAND MST
07月12日 15:07:42.682 SW状態侮ｦ更新完了
07月12日 15:07:43.360 SEND COMMAND MKS 宛先slv:16 Unit:1 Menu:1 KN:13 RS1:0 RS2:0
07月12日 15:07:44.577 RECV COMMAND MST
07月12日 15:07:44.578 SW状態侮ｦ更新完了
07月12日 15:07:44.980 RECV COMMAND MST
07月12日 15:07:44.981 SW状態侮ｦ更新完了
07月12日 15:07:46.668 SEND COMMAND MKS 宛先slv:16 Unit:1 Menu:1 KN:14 RS1:0 RS2:0
07月12日 15:07:46.921 RECV COMMAND MST
07月12日 15:07:46.959 SW状態侮ｦ更新完了
07月12日 15:07:49.414 SEND COMMAND MKS 宛先slv:16 Unit:1 Menu:1 KN:13 RS1:0 RS2:0
07月12日 15:07:49.919 RECV COMMAND MST
07月12日 15:07:49.941 SW状態侮ｦ更新完了
07月12日 15:07:50.404 RECV COMMAND MST
07月12日 15:07:50.441 SW状態侮ｦ更新完了
07月12日 15:07:55.136 SEND COMMAND MLE 宛先slv:16 Unit:1
07月12日 15:41:57.625 ***** StartLogging CVP01.log *****
07月12日 15:41:57.658 SEND COMMAND PWR 宛先slv:240
07月12日 15:42:51.715 RECV COMMAND MDR
07月12日 15:42:51.716 SEND COMMAND MDT 宛先slv:240
07月12日 15:42:53.533 RECV COMMAND MDS
07月12日 15:42:53.534 RECV COMMAND MDS
07月12日 15:42:55.099 RECV COMMAND SOS02
07月12日 15:43:05.738 RECV COMMAND SOS08
07月12日 15:43:07.068 RECV COMMAND SOS10
07月12日 15:43:07.163 RECV COMMAND SOS10
07月12日 15:43:07.255 RECV COMMAND SOS10
07月12日 15:43:07.599 RECV COMMAND SOS10
07月12日 15:43:07.696 RECV COMMAND SOS10
07月12日 15:43:07.788 RECV COMMAND SOS10
07月12日 15:43:07.881 RECV COMMAND SOS10
07月12日 15:43:07.974 RECV COMMAND SOS10
07月12日 15:43:14.163 RECV COMMAND SOS42
07月12日 15:43:14.415 RECV COMMAND SOS43
07月12日 15:43:14.606 RECV COMMAND SOS43
07月12日 15:43:14.607 RECV COMMAND SOS43
07月12日 15:43:14.780 RECV COMMAND SOS43
07月12日 15:43:14.972 RECV COMMAND SOS43
07月12日 15:43:15.070 RECV COMMAND SOS43
07月12日 15:43:15.074 RECV COMMAND SOS43
07月12日 15:43:15.081 RECV COMMAND SOS43
07月12日 15:43:15.725 RECV COMMAND SOS43
07月12日 15:43:15.823 RECV COMMAND SOS43
07月12日 15:43:15.917 RECV COMMAND SOS43
07月12日 15:43:16.068 RECV COMMAND SOS44
07月12日 15:43:16.168 RECV COMMAND SOS44
07月12日 15:43:16.266 RECV COMMAND SOS44
07月12日 15:43:16.446 RECV COMMAND SOS44
07月12日 15:43:16.447 RECV COMMAND SOS44
07月12日 15:43:16.631 RECV COMMAND SOS44
07月12日 15:43:16.632 RECV COMMAND SOS44
07月12日 15:43:16.731 RECV COMMAND SOS44
07月12日 15:43:17.388 RECV COMMAND SOS44
07月12日 15:43:17.580 RECV COMMAND SOS44
07月12日 15:43:17.581 RECV COMMAND SOS44
07月12日 15:43:17.634 RECV COMMAND SOS45
07月12日 15:43:17.729 RECV COMMAND SOS45
07月12日 15:43:17.821 RECV COMMAND SOS45
07月12日 15:43:17.913 RECV COMMAND SOS45
07月12日 15:43:18.011 RECV COMMAND SOS45
07月12日 15:43:18.104 RECV COMMAND SOS45
07月12日 15:43:18.195 RECV COMMAND SOS45
07月12日 15:43:18.293 RECV COMMAND SOS45
07月12日 15:43:18.835 RECV COMMAND SOS45
07月12日 15:43:18.931 RECV COMMAND SOS45
07月12日 15:43:19.023 RECV COMMAND SOS45
07月12日 15:43:19.504 RECV COMMAND SOS46
07月12日 15:43:42.108 RECV COMMAND MST
07月12日 15:43:42.212 RECV COMMAND MST
07月12日 15:43:42.299 RECV COMMAND MST
07月12日 15:43:42.701 RECV COMMAND MST
07月12日 15:43:49.204 RECV COMMAND MST
07月12日 15:43:49.672 RECV COMMAND MST
07月12日 15:43:49.831 RECV COMMAND MST
07月12日 15:43:50.298 RECV COMMAND MST
07月12日 15:43:50.517 RECV COMMAND MST
07月12日 15:43:50.798 RECV COMMAND MST
07月12日 15:45:21.567 SEND COMMAND MPR 宛先slv:240
07月12日 15:45:22.438 RECV COMMAND MPA
07月12日 15:45:25.405 MLR msg送信ｽﾚｰﾌﾞ追加 slv:16 unit:1 menu:1
07月12日 15:45:25.405 SEND COMMAND MLR 宛先slv:16 Unit:1 MM:1 Sub:0
07月12日 15:45:25.560 RECV COMMAND MLA
07月12日 15:45:25.560 MLA msg送信ｽﾚｰﾌﾞあり 応答有効 slv:16 unit:1 sub:0
07月12日 15:45:25.562 MSR msg送信ｽﾚｰﾌﾞ追加 slv:16 unit:1
07月12日 15:45:25.562 SEND COMMAND MSR 宛先slv:16 Unit:1
07月12日 15:45:25.752 RECV COMMAND MSA
07月12日 15:45:25.752 MSA msg送信ｽﾚｰﾌﾞあり 応答有効 slv:16 unit:1
07月12日 15:45:25.753 手動画面侮ｦ切替中
07月12日 15:45:26.504 SW侮ｦ更新完了
07月12日 15:45:30.696 SEND COMMAND MKS 宛先slv:16 Unit:1 Menu:1 KN:19 RS1:0 RS2:0
07月12日 15:45:31.071 RECV COMMAND MST
07月12日 15:45:31.072 SW状態侮ｦ更新完了
07月12日 15:45:32.422 RECV COMMAND MST
07月12日 15:45:32.422 SW状態侮ｦ更新完了
07月12日 15:45:33.716 SEND COMMAND MKS 宛先slv:16 Unit:1 Menu:1 KN:20 RS1:0 RS2:0
07月12日 15:45:33.924 RECV COMMAND MST
07月12日 15:45:33.924 SW状態侮ｦ更新完了
07月12日 15:45:34.578 RECV COMMAND MST
07月12日 15:45:34.579 SW状態侮ｦ更新完了
07月12日 15:45:35.653 SEND COMMAND MKS 宛先slv:16 Unit:1 Menu:1 KN:19 RS1:0 RS2:0
07月12日 15:45:36.470 RECV COMMAND MST
07月12日 15:45:36.471 SW状態侮ｦ更新完了
07月12日 15:45:36.704 RECV COMMAND MST
07月12日 15:45:36.705 SW状態侮ｦ更新完了
07月12日 15:45:37.705 SEND COMMAND MKS 宛先slv:16 Unit:1 Menu:1 KN:14 RS1:0 RS2:0
07月12日 15:45:38.367 RECV COMMAND MST
07月12日 15:45:38.368 SW状態侮ｦ更新完了
07月12日 15:45:41.546 RECV COMMAND MST
07月12日 15:45:41.547 SW状態侮ｦ更新完了
07月12日 15:45:42.611 SEND COMMAND MKS 宛先slv:16 Unit:1 Menu:1 KN:13 RS1:0 RS2:0
07月12日 15:45:43.017 RECV COMMAND MST
07月12日 15:45:43.038 SW状態侮ｦ更新完了
07月12日 15:45:45.612 RECV COMMAND MST
07月12日 15:45:45.612 SW状態侮ｦ更新完了
07月12日 15:46:24.329 RECV COMMAND SOS02
07月12日 15:48:02.400 SEND COMMAND MKS 宛先slv:16 Unit:1 Menu:1 KN:20 RS1:0 RS2:0
07月12日 15:48:02.573 RECV COMMAND MST
07月12日 15:48:02.573 SW状態侮ｦ更新完了
07月12日 15:48:03.402 RECV COMMAND MST
07月12日 15:48:03.403 SW状態侮ｦ更新完了
07月12日 15:48:03.981 SEND COMMAND MKS 宛先slv:16 Unit:1 Menu:1 KN:20 RS1:0 RS2:0
07月12日 15:48:04.339 RECV COMMAND MST
07月12日 15:48:04.340 SW状態侮ｦ更新完了
07月12日 15:48:05.631 RECV COMMAND MST
07月12日 15:48:05.632 SW状態侮ｦ更新完了
07月12日 15:48:06.306 SEND COMMAND MKS 宛先slv:16 Unit:1 Menu:1 KN:20 RS1:0 RS2:0
07月12日 15:48:06.625 RECV COMMAND MST
07月12日 15:48:06.626 SW状態侮ｦ更新完了
07月12日 15:48:07.560 RECV COMMAND MST
07月12日 15:48:07.561 SW状態侮ｦ更新完了
07月12日 15:48:08.392 SEND COMMAND MKS 宛先slv:16 Unit:1 Menu:1 KN:20 RS1:0 RS2:0
07月12日 15:48:08.922 RECV COMMAND MST
07月12日 15:48:08.923 SW状態侮ｦ更新完了
07月12日 15:48:11.733 RECV COMMAND MST
07月12日 15:48:11.771 SW状態侮ｦ更新完了
07月12日 15:48:12.883 SEND COMMAND MKS 宛先slv:16 Unit:1 Menu:1 KN:20 RS1:0 RS2:0
07月12日 15:48:13.135 RECV COMMAND MST
07月12日 15:48:13.176 SW状態侮ｦ更新完了
07月12日 15:48:13.596 RECV COMMAND MST
07月12日 15:48:13.597 SW状態侮ｦ更新完了
07月12日 15:48:15.604 SEND COMMAND MKS 宛先slv:16 Unit:1 Menu:1 KN:20 RS1:0 RS2:0
07月12日 15:48:16.099 RECV COMMAND MST
07月12日 15:48:16.100 SW状態侮ｦ更新完了
07月12日 15:48:16.904 RECV COMMAND MST
07月12日 15:48:16.904 SW状態侮ｦ更新完了
07月12日 15:48:17.602 SEND COMMAND MKS 宛先slv:16 Unit:1 Menu:1 KN:20 RS1:0 RS2:0
07月12日 15:48:17.906 RECV COMMAND MST
07月12日 15:48:17.907 SW状態侮ｦ更新完了
07月12日 15:48:18.441 RECV COMMAND MST
07月12日 15:48:18.442 SW状態侮ｦ更新完了
07月12日 15:48:19.145 SEND COMMAND MKS 宛先slv:16 Unit:1 Menu:1 KN:20 RS1:0 RS2:0
07月12日 15:48:19.764 RECV COMMAND MST
07月12日 15:48:19.766 SW状態侮ｦ更新完了
07月12日 15:48:23.484 SEND COMMAND MKS 宛先slv:16 Unit:1 Menu:1 KN:19 RS1:0 RS2:0
07月12日 15:48:23.770 RECV COMMAND MST
07月12日 15:48:23.771 SW状態侮ｦ更新完了
07月12日 15:48:24.300 RECV COMMAND MST
07月12日 15:48:24.301 SW状態侮ｦ更新完了
07月12日 15:48:27.101 SEND COMMAND MKS 宛先slv:16 Unit:1 Menu:1 KN:14 RS1:0 RS2:0
07月12日 15:48:27.496 RECV COMMAND MST
07月12日 15:48:27.639 SW状態侮ｦ更新完了
07月12日 15:48:29.921 SEND COMMAND MKS 宛先slv:16 Unit:1 Menu:1 KN:20 RS1:0 RS2:0
07月12日 15:48:30.235 RECV COMMAND MST
07月12日 15:48:30.237 SW状態侮ｦ更新完了
07月12日 15:48:30.644 RECV COMMAND MST
07月12日 15:48:30.645 SW状態侮ｦ更新完了
07月12日 15:48:31.434 SEND COMMAND MKS 宛先slv:16 Unit:1 Menu:1 KN:14 RS1:0 RS2:0
07月12日 15:48:32.021 RECV COMMAND MST
07月12日 15:48:32.021 SW状態侮ｦ更新完了
07月12日 15:48:34.424 RECV COMMAND MST
07月12日 15:48:34.425 SW状態侮ｦ更新完了
07月12日 15:48:35.621 SEND COMMAND MKS 宛先slv:16 Unit:1 Menu:1 KN:19 RS1:0 RS2:0
07月12日 15:48:35.934 RECV COMMAND MST
07月12日 15:48:35.934 SW状態侮ｦ更新完了
07月12日 15:48:36.644 RECV COMMAND MST
07月12日 15:48:36.645 SW状態侮ｦ更新完了
07月12日 15:48:37.589 SEND COMMAND MKS 宛先slv:16 Unit:1 Menu:1 KN:14 RS1:0 RS2:0
07月12日 15:48:37.774 RECV COMMAND MST
07月12日 15:48:37.775 SW状態侮ｦ更新完了
07月12日 15:48:39.725 SEND COMMAND MKS 宛先slv:16 Unit:1 Menu:1 KN:13 RS1:0 RS2:0
07月12日 15:48:39.961 RECV COMMAND MST
07月12日 15:48:39.962 SW状態侮ｦ更新完了
07月12日 15:48:42.472 RECV COMMAND MST
07月12日 15:48:42.472 SW状態侮ｦ更新完了
07月12日 15:48:43.306 SEND COMMAND MKS 宛先slv:16 Unit:1 Menu:1 KN:20 RS1:0 RS2:0
07月12日 15:48:43.615 RECV COMMAND MST
07月12日 15:48:43.617 SW状態侮ｦ更新完了
07月12日 15:48:44.277 RECV COMMAND MST
07月12日 15:48:44.277 SW状態侮ｦ更新完了
07月12日 15:48:44.993 SEND COMMAND MKS 宛先slv:16 Unit:1 Menu:1 KN:19 RS1:0 RS2:0
07月12日 15:48:45.726 RECV COMMAND MST
07月12日 15:48:45.727 SW状態侮ｦ更新完了
07月12日 15:48:46.260 RECV COMMAND MST
07月12日 15:48:46.261 SW状態侮ｦ更新完了
07月12日 15:48:46.789 SEND COMMAND MKS 宛先slv:16 Unit:1 Menu:1 KN:19 RS1:0 RS2:0
07月12日 15:48:47.197 RECV COMMAND MST
07月12日 15:48:47.198 SW状態侮ｦ更新完了
07月12日 15:48:47.666 RECV COMMAND MST
07月12日 15:48:47.666 SW状態侮ｦ更新完了
07月12日 15:48:49.011 SEND COMMAND MKS 宛先slv:16 Unit:1 Menu:1 KN:13 RS1:0 RS2:0
07月12日 15:48:49.711 RECV COMMAND MST
07月12日 15:48:49.712 SW状態侮ｦ更新完了
07月12日 15:48:53.000 RECV COMMAND MST
07月12日 15:48:53.001 SW状態侮ｦ更新完了
07月12日 15:48:59.155 SEND COMMAND MKS 宛先slv:16 Unit:1 Menu:1 KN:20 RS1:0 RS2:0
07月12日 15:48:59.437 RECV COMMAND MST
07月12日 15:48:59.438 SW状態侮ｦ更新完了
07月12日 15:48:59.844 RECV COMMAND MST
07月12日 15:48:59.845 SW状態侮ｦ更新完了
07月12日 15:49:01.290 SEND COMMAND MKS 宛先slv:16 Unit:1 Menu:1 KN:20 RS1:0 RS2:0
07月12日 15:49:01.597 RECV COMMAND MST
07月12日 15:49:01.598 SW状態侮ｦ更新完了
07月12日 15:49:02.434 RECV COMMAND MST
07月12日 15:49:02.435 SW状態侮ｦ更新完了
07月12日 15:49:04.261 SEND COMMAND MKS 宛先slv:16 Unit:1 Menu:1 KN:14 RS1:0 RS2:0
07月12日 15:49:04.841 RECV COMMAND MST
07月12日 15:49:04.842 SW状態侮ｦ更新完了
07月12日 15:49:08.064 RECV COMMAND MST
07月12日 15:49:08.065 SW状態侮ｦ更新完了
07月12日 15:49:08.996 SEND COMMAND MKS 宛先slv:16 Unit:1 Menu:1 KN:13 RS1:0 RS2:0
07月12日 15:49:09.435 RECV COMMAND MST
07月12日 15:49:09.437 SW状態侮ｦ更新完了
07月12日 15:49:13.067 RECV COMMAND MST
07月12日 15:49:13.071 SW状態侮ｦ更新完了
07月12日 15:49:17.130 SEND COMMAND MKS 宛先slv:16 Unit:1 Menu:1 KN:0 RS1:0 RS2:0
07月12日 15:49:17.343 RECV COMMAND MST
07月12日 15:49:51.759 RECV COMMAND MST
07月12日 15:49:51.760 SEND COMMAND MLE 宛先slv:16 Unit:1
07月12日 15:55:19.272 ***** StartLogging CVP01.log *****
07月12日 15:55:19.314 SEND COMMAND PWR 宛先slv:240
07月12日 15:56:08.390 RECV COMMAND MDR
07月12日 15:56:08.390 SEND COMMAND MDT 宛先slv:240
07月12日 15:56:09.954 RECV COMMAND MDS
07月12日 15:56:09.956 RECV COMMAND MDS
07月12日 15:56:12.347 RECV COMMAND SOS02
07月12日 15:56:22.550 RECV COMMAND SOS08
07月12日 15:56:24.117 RECV COMMAND SOS10
07月12日 15:56:24.208 RECV COMMAND SOS10
07月12日 15:56:24.302 RECV COMMAND SOS10
07月12日 15:56:24.399 RECV COMMAND SOS10
07月12日 15:56:24.493 RECV COMMAND SOS10
07月12日 15:56:24.584 RECV COMMAND SOS10
07月12日 15:56:24.676 RECV COMMAND SOS10
07月12日 15:56:24.773 RECV COMMAND SOS10
07月12日 15:56:31.819 RECV COMMAND SOS42
07月12日 15:56:32.429 RECV COMMAND SOS43
07月12日 15:56:32.527 RECV COMMAND SOS43
07月12日 15:56:32.624 RECV COMMAND SOS43
07月12日 15:56:32.799 RECV COMMAND SOS43
07月12日 15:56:32.801 RECV COMMAND SOS43
07月12日 15:56:32.899 RECV COMMAND SOS43
07月12日 15:56:32.994 RECV COMMAND SOS43
07月12日 15:56:33.176 RECV COMMAND SOS43
07月12日 15:56:33.384 RECV COMMAND SOS43
07月12日 15:56:33.395 RECV COMMAND SOS43
07月12日 15:56:33.404 RECV COMMAND SOS43
07月12日 15:56:33.652 RECV COMMAND SOS44
07月12日 15:56:33.826 RECV COMMAND SOS44
07月12日 15:56:33.827 RECV COMMAND SOS44
07月12日 15:56:33.929 RECV COMMAND SOS44
07月12日 15:56:34.026 RECV COMMAND SOS44
07月12日 15:56:34.120 RECV COMMAND SOS44
07月12日 15:56:34.218 RECV COMMAND SOS44
07月12日 15:56:34.389 RECV COMMAND SOS44
07月12日 15:56:34.390 RECV COMMAND SOS44
07月12日 15:56:34.492 RECV COMMAND SOS44
07月12日 15:56:34.588 RECV COMMAND SOS44
07月12日 15:56:34.712 RECV COMMAND SOS45
07月12日 15:56:34.807 RECV COMMAND SOS45
07月12日 15:56:34.908 RECV COMMAND SOS45
07月12日 15:56:34.993 RECV COMMAND SOS45
07月12日 15:56:35.087 RECV COMMAND SOS45
07月12日 15:56:35.182 RECV COMMAND SOS45
07月12日 15:56:35.275 RECV COMMAND SOS45
07月12日 15:56:35.366 RECV COMMAND SOS45
07月12日 15:56:35.460 RECV COMMAND SOS45
07月12日 15:56:35.558 RECV COMMAND SOS45
07月12日 15:56:35.653 RECV COMMAND SOS45
07月12日 15:56:36.174 RECV COMMAND SOS46
07月12日 15:56:53.641 RECV COMMAND MST
07月12日 15:56:53.965 RECV COMMAND MST
07月12日 15:56:54.124 RECV COMMAND MST
07月12日 15:56:54.341 RECV COMMAND MST
07月12日 15:57:00.701 RECV COMMAND MST
07月12日 15:57:00.787 RECV COMMAND MST
07月12日 15:57:01.102 RECV COMMAND MST
07月12日 15:57:01.379 RECV COMMAND MST
07月12日 15:57:01.895 RECV COMMAND MST
07月12日 15:57:01.991 RECV COMMAND MST
07月12日 15:59:29.492 SEND COMMAND MPR 宛先slv:240
07月12日 15:59:29.669 RECV COMMAND MPA
07月12日 15:59:47.664 強制終了 CVP操作中認識なし
07月12日 16:10:49.804 RECV COMMAND SOS02
