07ŒŽ12“ú 13:56:33.502 ***** StartLogging SPD01.log *****
07ŒŽ12“ú 14:05:17.038 GN= 0 RN= 1 NT=   580
+----+----+------+------+------+------+--+--+--+--+--+--+--+--+--+--+--+--+--+--+----+----+--+--+
|STEP| N1 |  T1  |  T2  |  T3  |  T4  |C1|C2|C3|C4|C5|C6|C7|C8|M1|P1|V1|M2|P2|V2|OFF1|OFF2|go| n|
+----+----+------+------+------+------+--+--+--+--+--+--+--+--+--+--+--+--+--+--+----+----+--+--+
|   1| 150|    50|   700|     0|     0| 0| 0| 0| 0| 0| 0| 0| 0| 1|30| 0| 0| 0| 0|   0|   0| 0| 0|
|   2| 150|     0|   350|   300|    50| 1| 0| 0| 0| 0| 0| 0| 0| 0| 0| 0| 0| 0| 0|   0|   0| 0| 0|
|   3| 300|    10|   200|     0|     0| 0| 0| 0| 0| 0| 0| 0| 0| 1|10| 0| 0| 0| 0|   0|   0| 0| 0|
|   4| 300|     0|  2300|     0|     0| 0|10| 0| 0| 0| 0| 0| 0| 0| 0| 0| 0| 0| 0|   0|   0| 0| 0|
|   5| 300|     0|   300|   100|     0|10| 0| 0| 0| 0| 0| 0| 0| 0| 0| 0| 7|20| 0|   0|   0| 0| 0|
|   6| 100|    50|    50|     0|     0| 0| 0| 7| 0| 0| 0| 0| 0| 0| 0| 0| 0| 0| 0|   0|   0| 0| 0|
|   7| 100|     0|   300|     0|     0| 0| 8| 7| 0| 0| 0| 0| 0| 0| 0| 0| 7|30|20|  10|   0| 0| 0|
|   8| 150|    10|   200|     0|     0| 0| 8| 7| 0| 0| 0| 0| 0| 0| 0| 0| 0| 0| 0|   0|   0| 0| 0|
|   9| 150|     0|   200|   100|     0| 8| 0| 7| 0| 0| 0| 0| 0| 0| 0| 0| 7|20| 0|   0|   0| 0| 0|
|  10| 300|    50|   600|     0|     0| 0| 0| 0| 0| 0| 0| 0| 0| 0| 0| 0| 7|10| 0|   0|   0| 0| 0|
|  11|   0|    50|     0|     0|     0| 0| 0| 0| 0| 0| 0| 0| 0| 0| 0| 0| 0| 0| 0|   0|   0| 0| 0|
+----+----+------+------+------+------+--+--+--+--+--+--+--+--+--+--+--+--+--+--+----+----+--+--+
07ŒŽ12“ú 14:37:26.075 GN= 1 RN=40 NT=     0
+----+----+------+------+------+------+--+--+--+--+--+--+--+--+--+--+--+--+--+--+----+----+--+--+
|STEP| N1 |  T1  |  T2  |  T3  |  T4  |C1|C2|C3|C4|C5|C6|C7|C8|M1|P1|V1|M2|P2|V2|OFF1|OFF2|go| n|
+----+----+------+------+------+------+--+--+--+--+--+--+--+--+--+--+--+--+--+--+----+----+--+--+
|   1|  10|    50|   500|     0|     0| 0| 2| 0| 0| 0| 0| 0| 0| 2|30| 0| 0| 0| 0|   0|   0| 0| 0|
|   2|  10|    50|     0|     0|     0| 0| 0| 0| 0| 0| 0| 0| 0| 2|10| 0| 0| 0| 0|   0|   0| 0| 0|
|   3|  10|    50|   500|     0|     0| 0| 3| 0| 0| 0| 0| 0| 0| 3|30| 0| 0| 0| 0|   0|   0| 0| 0|
|   4|  10|    50|     0|     0|     0| 0| 0| 0| 0| 0| 0| 0| 0| 3|10| 0| 0| 0| 0|   0|   0| 0| 0|
|   5|  10|    50|   500|     0|     0| 0| 4| 0| 0| 0| 0| 0| 0| 4|30| 0| 0| 0| 0|   0|   0| 0| 0|
|   6|  10|    50|     0|     0|     0| 0| 0| 0| 0| 0| 0| 0| 0| 0|10| 0| 0| 0| 0|   0|   0| 0| 0|
|   7| 100|   100|  1000|     0|     0| 0| 0| 0| 0| 0| 0| 0| 0| 0| 0| 0| 0| 0| 0|   0|   0| 0| 0|
|   8|   0|   100|     0|     0|     0| 0| 0| 0| 0| 0| 0| 0| 0| 0| 0| 0| 0| 0| 0|   0|   0| 0| 0|
+----+----+------+------+------+------+--+--+--+--+--+--+--+--+--+--+--+--+--+--+----+----+--+--+
07ŒŽ12“ú 14:41:29.505 GN= 1 RN=40 NT=     0
+----+----+------+------+------+------+--+--+--+--+--+--+--+--+--+--+--+--+--+--+----+----+--+--+
|STEP| N1 |  T1  |  T2  |  T3  |  T4  |C1|C2|C3|C4|C5|C6|C7|C8|M1|P1|V1|M2|P2|V2|OFF1|OFF2|go| n|
+----+----+------+------+------+------+--+--+--+--+--+--+--+--+--+--+--+--+--+--+----+----+--+--+
|   1|  10|    50|   500|     0|     0| 0| 2| 0| 0| 0| 0| 0| 0| 2|30| 0| 0| 0| 0|   0|   0| 0| 0|
|   2|  10|    50|     0|     0|     0| 0| 0| 0| 0| 0| 0| 0| 0| 2|10| 0| 0| 0| 0|   0|   0| 0| 0|
|   3|  10|    50|   500|     0|     0| 0| 3| 0| 0| 0| 0| 0| 0| 3|30| 0| 0| 0| 0|   0|   0| 0| 0|
|   4|  10|    50|     0|     0|     0| 0| 0| 0| 0| 0| 0| 0| 0| 3|10| 0| 0| 0| 0|   0|   0| 0| 0|
|   5|  10|    50|   500|     0|     0| 0| 4| 0| 0| 0| 0| 0| 0| 4|30| 0| 0| 0| 0|   0|   0| 0| 0|
|   6|  10|    50|     0|     0|     0| 0| 0| 0| 0| 0| 0| 0| 0| 4|10| 0| 0| 0| 0|   0|   0| 0| 0|
|   7| 100|   100|  1000|     0|     0| 0| 0| 0| 0| 0| 0| 0| 0| 0| 0| 0| 0| 0| 0|   0|   0| 0| 0|
|   8|   0|   100|     0|     0|     0| 0| 0| 0| 0| 0| 0| 0| 0| 0| 0| 0| 0| 0| 0|   0|   0| 0| 0|
+----+----+------+------+------+------+--+--+--+--+--+--+--+--+--+--+--+--+--+--+----+----+--+--+
07ŒŽ12“ú 14:47:31.159 ***** StartLogging SPD01.log *****
07ŒŽ12“ú 14:53:16.364 GN= 1 RN=40 NT=     0
+----+----+------+------+------+------+--+--+--+--+--+--+--+--+--+--+--+--+--+--+----+----+--+--+
|STEP| N1 |  T1  |  T2  |  T3  |  T4  |C1|C2|C3|C4|C5|C6|C7|C8|M1|P1|V1|M2|P2|V2|OFF1|OFF2|go| n|
+----+----+------+------+------+------+--+--+--+--+--+--+--+--+--+--+--+--+--+--+----+----+--+--+
|   1|  10|    50|   500|     0|     0| 0| 2| 0| 0| 0| 0| 0| 0| 2|30| 0| 0| 0| 0|   0|   0| 0| 0|
|   2|  10|    50|     0|     0|     0| 0| 0| 0| 0| 0| 0| 0| 0| 2|10| 0| 0| 0| 0|   0|   0| 0| 0|
|   3|  10|    50|   500|     0|     0| 0| 3| 0| 0| 0| 0| 0| 0| 3|30| 0| 0| 0| 0|   0|   0| 0| 0|
|   4|  10|    50|     0|     0|     0| 0| 0| 0| 0| 0| 0| 0| 0| 3|10| 0| 0| 0| 0|   0|   0| 0| 0|
|   5|  10|    50|   500|     0|     0| 0| 4| 0| 0| 0| 0| 0| 0| 4|30| 0| 0| 0| 0|   0|   0| 0| 0|
|   6|  10|    50|     0|     0|     0| 0| 0| 0| 0| 0| 0| 0| 0| 4|10| 0| 0| 0| 0|   0|   0| 0| 0|
|   7| 100|   100|  1000|     0|     0| 0| 0| 0| 0| 0| 0| 0| 0| 0| 0| 0| 0| 0| 0|   0|   0| 0| 0|
|   8|   0|   100|     0|     0|     0| 0| 0| 0| 0| 0| 0| 0| 0| 0| 0| 0| 0| 0| 0|   0|   0| 0| 0|
+----+----+------+------+------+------+--+--+--+--+--+--+--+--+--+--+--+--+--+--+----+----+--+--+
07ŒŽ12“ú 15:41:56.716 ***** StartLogging SPD01.log *****
07ŒŽ12“ú 15:55:18.431 ***** StartLogging SPD01.log *****
07ŒŽ12“ú 16:11:25.100 GN= 1 RN=90 NT=     0
+----+----+------+------+------+------+--+--+--+--+--+--+--+--+--+--+--+--+--+--+----+----+--+--+
|STEP| N1 |  T1  |  T2  |  T3  |  T4  |C1|C2|C3|C4|C5|C6|C7|C8|M1|P1|V1|M2|P2|V2|OFF1|OFF2|go| n|
+----+----+------+------+------+------+--+--+--+--+--+--+--+--+--+--+--+--+--+--+----+----+--+--+
|   1|  10|    50|   100|     0|     0| 0| 0| 0| 0| 0| 0| 0| 0| 0| 0| 0| 0| 0| 0|   0|   0| 0| 0|
|   2|  10|     0|   100|     0|     0| 0| 0| 0| 0| 0| 0| 0| 0| 2|30| 0| 0| 0| 0|   0|   0| 0| 0|
|   3|  10|     0|   100|     0|     0| 2| 0| 0| 0| 0| 0| 0| 0| 0| 0| 0| 0| 0| 0|   0|   0| 0| 0|
|   4|  20|    50|   500|     0|     0| 0| 0| 0| 0| 0| 0| 0| 0| 0| 0| 0| 0| 0| 0|   0|   0| 0| 0|
|   5|  20|     0|  1000|     0|     0| 0| 0| 0| 0| 0| 0| 0| 0| 2|10| 0| 0| 0| 0|   0|   0| 0| 0|
|   6|  50|   100|   500|     0|     0| 0| 0| 0| 0| 0| 0| 0| 0| 0| 0| 0| 0| 0| 0|   0|   0| 0| 0|
|   7|   0|   100|     0|     0|     0| 0| 0| 0| 0| 0| 0| 0| 0| 0| 0| 0| 0| 0| 0|   0|   0| 0| 0|
+----+----+------+------+------+------+--+--+--+--+--+--+--+--+--+--+--+--+--+--+----+----+--+--+
