07月12日 13:56:34.178 ***** StartLogging SPIN04.log *****
07月12日 13:56:34.199 spinMain起動 build : Jul 12 2012
07月12日 13:56:34.200 搬送ｱﾄﾞﾚｽｾｯﾄ完了 : ｱﾄﾞﾚｽ = 02
07月12日 13:56:34.200 CVPｱﾄﾞﾚｽｾｯﾄ完了：ｱﾄﾞﾚｽ = 11
07月12日 13:56:34.229 controlTask起動
07月12日 13:56:34.245 messageProc起動
07月12日 13:56:34.273 temperatureTask起動
07月12日 13:56:34.274 sendMsgTask起動
07月12日 13:56:34.290 waferInTask起動
07月12日 13:56:34.298 mainControl20起動
07月12日 13:56:34.313 chemiProcTask起動
07月12日 13:56:34.335 nozzleComTask起動
07月12日 13:56:34.359 nozzle2Task起動
07月12日 13:56:34.364 nozzle1Task起動
07月12日 13:56:34.370 dispenseTask起動
07月12日 13:56:34.387 mainControl100起動
07月12日 13:56:34.389 SEND PWR[FC=02]
07月12日 13:56:34.435 subControl起動
07月12日 13:56:34.452 interruptTask起動
07月12日 13:57:35.347 RECV MDR
07月12日 13:57:35.436 SEND MDT[MN=32]
07月12日 13:57:36.844 RECV MDS
07月12日 13:57:36.857 SRV:INITIAL Start
07月12日 13:57:36.875 TRN-NG N-SHT-OPEN
07月12日 13:57:38.836 RECV SOS[FN=02]
07月12日 13:57:41.975 SRV:INITIAL END
07月12日 13:57:44.408 RECV SOS[FN=04]
07月12日 13:57:45.614 RECV SOS[FN=05]
07月12日 13:57:45.707 RECV SOS[FN=05]
07月12日 13:57:46.331 RECV SOS[FN=06]
07月12日 13:57:49.193 RECV SOS[FN=08]
07月12日 13:57:51.380 RECV SOS[FN=09]
07月12日 13:57:51.473 RECV SOS[FN=09]
07月12日 13:57:57.444 RECV SOS[FN=20]
07月12日 13:57:58.070 RECV SOS[FN=21]
07月12日 13:57:58.963 RECV SOS[FN=25]
07月12日 13:58:08.279 RECV CLR[FC=02]
07月12日 13:58:08.294 CUP-STOP
07月12日 13:58:08.295 SHUTTER-STOP
07月12日 13:58:08.295 [VAC]CMD=4
07月12日 13:58:08.296 E-STOP
07月12日 13:58:08.296 SRV:ALREADY OFF
07月12日 13:58:08.312 SRV:OFF-END
07月12日 13:58:08.364 [DIS]E-STOP
07月12日 13:58:08.364 [SV-01]RESET-DIS-TIMER
07月12日 13:58:08.364 [SV-02]RESET-DIS-TIMER
07月12日 13:58:08.364 [SV-03]RESET-DIS-TIMER
07月12日 13:58:08.364 [SV-04]RESET-DIS-TIMER
07月12日 13:58:08.365 [SV-05]RESET-DIS-TIMER
07月12日 13:58:08.365 [SV-06]RESET-DIS-TIMER
07月12日 13:58:08.365 [SV-07]RESET-DIS-TIMER
07月12日 13:58:08.365 [SV-08]RESET-DIS-TIMER
07月12日 13:58:08.365 [SV-09]RESET-DIS-TIMER
07月12日 13:58:08.365 [SV-10]RESET-DIS-TIMER
07月12日 13:58:08.366 [SV-11]RESET-DIS-TIMER
07月12日 13:58:08.366 [SV-12]RESET-DIS-TIMER
07月12日 13:58:08.366 [SV-13]RESET-DIS-TIMER
07月12日 13:58:08.366 [SV-14]RESET-DIS-TIMER
07月12日 13:58:08.366 [SV-15]RESET-DIS-TIMER
07月12日 13:58:08.366 [SV-16]RESET-DIS-TIMER
07月12日 13:58:08.366 [SV-17]RESET-DIS-TIMER
07月12日 13:58:08.366 [SV-18]RESET-DIS-TIMER
07月12日 13:58:08.366 [SV-19]RESET-DIS-TIMER
07月12日 13:58:08.367 [SV-20]RESET-DIS-TIMER
07月12日 13:58:08.367 [SV-21]RESET-DIS-TIMER
07月12日 13:58:08.367 [SV-22]RESET-DIS-TIMER
07月12日 13:58:08.367 [SV-23]RESET-DIS-TIMER
07月12日 13:58:08.367 [SV-24]RESET-DIS-TIMER
07月12日 13:58:08.370 [UNIT_RST]START
07月12日 13:58:09.384 SRV:Non Alarm
07月12日 13:58:09.385 CUP-STOP
07月12日 13:58:09.386 SHUTTER-STOP
07月12日 13:58:09.592 [ETU]SEND WM
07月12日 13:58:09.851 SEND ALO[ALCD=6701,P1=00,P2=00,CF=00]
07月12日 13:58:09.951 SEND ALO[ALCD=8707,P1=00,P2=00,CF=00]
07月12日 13:58:32.141 RECV RET[FC=02]
07月12日 13:58:32.188 nzlUpOut_st
07月12日 13:58:32.189 nzlUpOut2_st
07月12日 13:58:32.285 TRN-NG CHK-WAFER
07月12日 13:58:32.370 [VAC]ST=1
07月12日 13:58:32.389 [VAC]CMD=3
07月12日 13:58:32.703 NODE=3 STATUS=0x 860
07月12日 13:58:32.831 SEND ALO[ALCD=2121,P1=06,P2=00,CF=00]
07月12日 13:58:32.986 [ETU]SEND WM
07月12日 13:58:33.587 [VAC]CMD=2
07月12日 13:58:33.587 [VAC]ST=2
07月12日 13:58:33.785 TRN-NG N-SHT-OPEN
07月12日 13:58:33.941 SEND REE[FC=02]
07月12日 13:58:40.657 RECV RET[FC=01]
07月12日 13:58:40.886 NZL1 U:0 A:0 P:1 H:1 4P:0 N:0
07月12日 13:58:40.887 SPN OK1
07月12日 13:58:40.887 NZL1 U:0 A:0 P:1 H:1 4P:0 N:0
07月12日 13:58:40.887 nzlUpOut
07月12日 13:58:40.889 NZL2 U:0 A:1 N:0
07月12日 13:58:40.889 SPN OK2
07月12日 13:58:40.889 nzlUpOut2
07月12日 13:58:40.889 TRN-NG RET-ORG
07月12日 13:58:41.041 NZL1 U:3 A:0 P:1 H:1 4P:0 N:12
07月12日 13:58:41.041 TR OK1
07月12日 13:58:41.065 NZL2 U:1 A:1 N:1
07月12日 13:58:41.065 TR OK2
07月12日 13:58:41.065 NZ1 OK2
07月12日 13:58:41.065 CHM OK2
07月12日 13:58:41.206 NZ02-STQ S
07月12日 13:58:41.498 CUP-UP-S
07月12日 13:58:41.538 [VAC]ST=1
07月12日 13:58:41.547 [VAC]CMD=3
07月12日 13:58:41.839 NZ02d-STQ E
07月12日 13:58:41.906 NZ02-ORG S
07月12日 13:58:43.586 NODE=3 STATUS=0x 860
07月12日 13:58:43.884 [ETU]SEND WM
07月12日 13:58:43.945 CUP-UP-E
07月12日 13:58:43.982 SRV:ON-40
07月12日 13:58:44.465 SRV:[RES DATA]-10
07月12日 13:58:44.465 SRV:ON-END
07月12日 13:58:44.548 SRV:ORG ON-42
07月12日 13:58:44.693 SRV:[RES DATA]-11
07月12日 13:58:44.982 SRV:[RES DATA]-13
07月12日 13:58:45.117 SRV:[RES DATA]-12
07月12日 13:58:46.001 SRV:[RES DATA]-10
07月12日 13:58:46.001 SRV:ORG-END
07月12日 13:58:46.012 SRV:OFF- 0
07月12日 13:58:46.601 SRV:[RES DATA]- 0
07月12日 13:58:46.602 SRV:OFF-END
07月12日 13:58:46.676 CUP-DOWN-S
07月12日 13:58:46.790 SHUTTER-CLOSE-S
07月12日 13:58:46.826 SHUTTER-CLOSE-E
07月12日 13:58:47.859 NZ02-ORG E
07月12日 13:58:47.906 NZ02-MOV S
07月12日 13:58:48.565 CUP-DOWN-E
07月12日 13:58:48.686 [VAC]CMD=2
07月12日 13:58:48.686 [VAC]ST=2
07月12日 13:58:50.869 NZ02-MOV E
07月12日 13:58:50.984 NZL1 U:3 A:1 P:1 H:1 4P:1 N:10
07月12日 13:58:50.984 TR NG1
07月12日 13:58:50.984 nzlDownOut
07月12日 13:58:53.311 NZL1 U:1 A:1 P:1 H:1 4P:1 N:1
07月12日 13:58:53.312 TR OK1
07月12日 13:58:53.312 NZ2 OK1
07月12日 13:58:53.312 CHM OK1
07月12日 13:58:53.384 NZL1 U:1 A:1 P:1 H:1 4P:1 N:1
07月12日 13:58:53.384 NZL_ORG_END
07月12日 13:58:53.585 TRN-NG N-SHT-OPEN
07月12日 13:58:53.845 SEND REE[FC=01]
07月12日 13:58:54.046 SEND STT[PN1=01,ST=00]
07月12日 13:58:54.247 SEND STT[PN1=02,ST=00]
07月12日 13:58:54.304 NODE=3 STATUS=0x 860
07月12日 13:58:54.786 [ETU]SEND WM
07月12日 13:59:07.260 NODE=3 STATUS=0x 860
07月12日 13:59:07.685 [ETU]SEND WM
07月12日 13:59:29.424 RECV USM[PN1=04,PN2=02,DN1=01,DN2=00]
07月12日 13:59:30.689 RECV USM[PN1=03,PN2=01,DN1=00,DN2=00]
07月12日 13:59:59.650 RECV USM[PN1=03,PN2=01,DN1=00,DN2=00]
07月12日 14:00:12.496 NODE=3 STATUS=0x 860
07月12日 14:00:12.795 [ETU]SEND WM
07月12日 14:00:35.903 NODE=3 STATUS=0x 860
07月12日 14:00:36.194 [ETU]SEND WM
07月12日 14:00:46.289 RECV USM[PN1=03,PN2=00,DN1=00,DN2=00]
07月12日 14:00:58.397 NODE=3 STATUS=0x 860
07月12日 14:00:58.694 [ETU]SEND WM
07月12日 14:01:12.194 [ETU]TIMEUP
07月12日 14:01:31.861 NODE=3 STATUS=0x 860
07月12日 14:01:32.293 [ETU]SEND WM
07月12日 14:01:43.056 NODE=3 STATUS=0x 860
07月12日 14:01:43.494 [ETU]SEND WM
07月12日 14:02:04.826 NODE=3 STATUS=0x 860
07月12日 14:02:05.094 [ETU]SEND WM
07月12日 14:02:26.500 NODE=3 STATUS=0x 860
07月12日 14:02:26.794 [ETU]SEND WM
07月12日 14:02:49.497 NODE=3 STATUS=0x 860
07月12日 14:02:49.794 [ETU]SEND WM
07月12日 14:03:17.643 RECV USM[PN1=03,PN2=01,DN1=00,DN2=00]
07月12日 14:03:44.745 RECV USM[PN1=03,PN2=00,DN1=00,DN2=00]
07月12日 14:04:01.180 [ETU]TIMEUP
07月12日 14:04:03.382 [ETU]TIMEUP
07月12日 14:04:05.777 [ETU]TIMEUP
07月12日 14:04:05.983 NODE=3 STATUS=0x 860
07月12日 14:04:06.081 [ETU]SEND WM
07月12日 14:05:11.909 NODE=3 STATUS=0x 860
07月12日 14:05:12.411 [ETU]SEND WM
07月12日 14:05:17.671 RECV EBR[BF=01]
07月12日 14:05:18.381 RECV SPD[GN=00,RN=01,SN=01,NT=000000]
07月12日 14:05:18.407 SEND PSC[GN=00,RN=01]
07月12日 14:05:18.473 RECV EBR[BF=01]
07月12日 14:05:18.707 [ETU]SEND WS
07月12日 14:05:18.717 SEND ALO[ALCD=2111,P1=00,P2=00,CF=00]
07月12日 14:05:18.718 SEND STT[PN1=01,ST=03]
07月12日 14:05:19.308 [ETU]SEND WB
07月12日 14:05:35.681 RECV USM[PN1=03,PN2=01,DN1=00,DN2=00]
07月12日 14:05:48.411 NODE=3 STATUS=0x 862
07月12日 14:05:48.506 [ETU]SEND WM
07月12日 14:06:09.606 NODE=3 STATUS=0x 862
07月12日 14:06:09.907 [ETU]SEND WM
07月12日 14:07:03.544 NODE=3 STATUS=0x 862
07月12日 14:07:04.006 [ETU]SEND WM
07月12日 14:07:06.178 RECV USM[PN1=03,PN2=00,DN1=00,DN2=00]
07月12日 14:07:14.365 NODE=3 STATUS=0x 862
07月12日 14:07:14.806 [ETU]SEND WM
07月12日 14:07:36.914 NODE=3 STATUS=0x 862
07月12日 14:07:37.205 [ETU]SEND WM
07月12日 14:08:32.326 RECV USM[PN1=03,PN2=01,DN1=00,DN2=00]
07月12日 14:08:33.180 NODE=3 STATUS=0x 862
07月12日 14:08:33.604 [ETU]SEND WM
07月12日 14:08:54.914 NODE=3 STATUS=0x 862
07月12日 14:08:55.117 NODE=3 STATUS=0x 868
07月12日 14:08:55.216 [ETU]SEND WM
07月12日 14:09:04.257 RECV USM[PN1=03,PN2=00,DN1=00,DN2=00]
07月12日 14:09:16.415 NODE=3 STATUS=0x 862
07月12日 14:09:16.712 [ETU]SEND WM
07月12日 14:09:59.365 NODE=3 STATUS=0x 862
07月12日 14:09:59.810 [ETU]SEND WM
07月12日 14:10:21.914 NODE=3 STATUS=0x 862
07月12日 14:10:22.205 [ETU]SEND WM
07月12日 14:11:20.443 RECV USM[PN1=03,PN2=01,DN1=00,DN2=00]
07月12日 14:11:31.256 NODE=3 STATUS=0x 862
07月12日 14:11:31.709 [ETU]SEND WM
07月12日 14:11:52.813 NODE=3 STATUS=0x 862
07月12日 14:11:53.105 [ETU]SEND WM
07月12日 14:12:25.811 NODE=3 STATUS=0x 862
07月12日 14:12:26.119 [ETU]SEND WM
07月12日 14:13:44.614 [ETU]TIMEUP
07月12日 14:13:57.308 [ETU]TIMEUP
07月12日 14:14:08.261 NODE=3 STATUS=0x 862
07月12日 14:14:08.706 [ETU]SEND WM
07月12日 14:14:29.826 NODE=3 STATUS=0x 862
07月12日 14:14:30.103 [ETU]SEND WM
07月12日 14:15:03.951 NODE=3 STATUS=0x 862
07月12日 14:15:04.255 [ETU]SEND WM
07月12日 14:15:26.845 NODE=3 STATUS=0x 862
07月12日 14:15:27.144 [ETU]SEND WM
07月12日 14:15:48.362 NODE=3 STATUS=0x 862
07月12日 14:15:48.650 [ETU]SEND WM
07月12日 14:16:09.749 NODE=3 STATUS=0x 862
07月12日 14:16:10.045 [ETU]SEND WM
07月12日 14:17:17.747 [ETU]TIMEUP
07月12日 14:17:19.947 [ETU]TIMEUP
07月12日 14:17:22.345 [ETU]TIMEUP
07月12日 14:17:22.555 NODE=3 STATUS=0x 862
07月12日 14:17:22.656 [ETU]SEND WM
07月12日 14:17:44.959 NODE=3 STATUS=0x 862
07月12日 14:17:45.247 [ETU]SEND WM
07月12日 14:18:05.172 RECV USM[PN1=03,PN2=00,DN1=00,DN2=00]
07月12日 14:18:17.849 NODE=3 STATUS=0x 862
07月12日 14:18:17.950 [ETU]SEND WM
07月12日 14:18:28.557 RECV USM[PN1=03,PN2=01,DN1=00,DN2=00]
07月12日 14:18:49.762 NODE=3 STATUS=0x 862
07月12日 14:18:50.051 [ETU]SEND WM
07月12日 14:19:11.560 NODE=3 STATUS=0x 862
07月12日 14:19:11.844 [ETU]SEND WM
07月12日 14:20:23.191 RECV USM[PN1=03,PN2=00,DN1=00,DN2=00]
07月12日 14:20:51.947 [ETU]TIMEUP
07月12日 14:21:04.646 [ETU]TIMEUP
07月12日 14:21:22.465 RECV USM[PN1=03,PN2=01,DN1=00,DN2=00]
07月12日 14:21:37.664 NODE=3 STATUS=0x 862
07月12日 14:21:37.754 [ETU]SEND WM
07月12日 14:21:48.543 NODE=3 STATUS=0x 860
07月12日 14:21:48.944 [ETU]SEND WM
07月12日 14:22:21.649 NODE=3 STATUS=0x 862
07月12日 14:22:21.751 [ETU]SEND WM
07月12日 14:22:43.651 NODE=3 STATUS=0x 862
07月12日 14:22:43.951 [ETU]SEND WM
07月12日 14:23:08.553 [ETU]TIMEUP
07月12日 14:23:10.752 [ETU]TIMEUP
07月12日 14:23:12.951 [ETU]TIMEUP
07月12日 14:23:15.148 [ETU]TIMEUP
07月12日 14:23:17.349 [ETU]TIMEUP
07月12日 14:23:19.553 [ETU]TIMEUP
07月12日 14:23:21.747 [ETU]TIMEUP
07月12日 14:23:23.948 [ETU]TIMEUP
07月12日 14:23:26.144 [ETU]TIMEUP
07月12日 14:23:28.350 [ETU]TIMEUP
07月12日 14:23:30.545 [ETU]RETRY OVER
07月12日 14:23:30.697 SEND ALO[ALCD=2101,P1=01,P2=00,CF=00]
07月12日 14:24:40.417 RECV ARS[ALCD=2101,CF=00,GN=00]
07月12日 14:24:44.399 RECV ARS[ALCD=2101,CF=00,GN=00]
07月12日 14:24:49.371 RECV ARS[ALCD=2101,CF=00,GN=00]
07月12日 14:24:49.589 RECV ARS[ALCD=2101,CF=00,GN=00]
07月12日 14:24:49.939 RECV ARS[ALCD=2101,CF=00,GN=00]
07月12日 14:24:50.273 RECV ARS[ALCD=2101,CF=00,GN=00]
07月12日 14:24:50.827 RECV ARS[ALCD=2101,CF=00,GN=00]
07月12日 14:30:53.707 RECV USM[PN1=03,PN2=00,DN1=00,DN2=00]
07月12日 14:31:05.787 RECV CLR[FC=02]
07月12日 14:31:05.795 [DIS]E-STOP
07月12日 14:31:05.796 [SV-01]RESET-DIS-TIMER
07月12日 14:31:05.796 [SV-02]RESET-DIS-TIMER
07月12日 14:31:05.796 [SV-03]RESET-DIS-TIMER
07月12日 14:31:05.796 [SV-04]RESET-DIS-TIMER
07月12日 14:31:05.796 [SV-05]RESET-DIS-TIMER
07月12日 14:31:05.797 [SV-06]RESET-DIS-TIMER
07月12日 14:31:05.797 [SV-07]RESET-DIS-TIMER
07月12日 14:31:05.798 [SV-08]RESET-DIS-TIMER
07月12日 14:31:05.799 [SV-09]RESET-DIS-TIMER
07月12日 14:31:05.799 [SV-10]RESET-DIS-TIMER
07月12日 14:31:05.799 [SV-11]RESET-DIS-TIMER
07月12日 14:31:05.799 [SV-12]RESET-DIS-TIMER
07月12日 14:31:05.800 [SV-13]RESET-DIS-TIMER
07月12日 14:31:05.800 [SV-14]RESET-DIS-TIMER
07月12日 14:31:05.800 [SV-15]RESET-DIS-TIMER
07月12日 14:31:05.800 [SV-16]RESET-DIS-TIMER
07月12日 14:31:05.800 [SV-17]RESET-DIS-TIMER
07月12日 14:31:05.800 [SV-18]RESET-DIS-TIMER
07月12日 14:31:05.800 [SV-19]RESET-DIS-TIMER
07月12日 14:31:05.800 [SV-20]RESET-DIS-TIMER
07月12日 14:31:05.801 [SV-21]RESET-DIS-TIMER
07月12日 14:31:05.801 [SV-22]RESET-DIS-TIMER
07月12日 14:31:05.801 [SV-23]RESET-DIS-TIMER
07月12日 14:31:05.801 [SV-24]RESET-DIS-TIMER
07月12日 14:31:05.803 CUP-STOP
07月12日 14:31:05.804 SHUTTER-STOP
07月12日 14:31:05.804 [VAC]CMD=4
07月12日 14:31:05.804 E-STOP
07月12日 14:31:05.805 SRV:ALREADY OFF
07月12日 14:31:05.821 SRV:OFF-END
07月12日 14:31:05.884 [DIS]E-STOP
07月12日 14:31:05.885 [SV-01]RESET-DIS-TIMER
07月12日 14:31:05.885 [SV-02]RESET-DIS-TIMER
07月12日 14:31:05.886 [SV-03]RESET-DIS-TIMER
07月12日 14:31:05.886 [SV-04]RESET-DIS-TIMER
07月12日 14:31:05.887 [SV-05]RESET-DIS-TIMER
07月12日 14:31:05.887 [SV-06]RESET-DIS-TIMER
07月12日 14:31:05.887 [SV-07]RESET-DIS-TIMER
07月12日 14:31:05.887 [SV-08]RESET-DIS-TIMER
07月12日 14:31:05.887 [SV-09]RESET-DIS-TIMER
07月12日 14:31:05.887 [SV-10]RESET-DIS-TIMER
07月12日 14:31:05.888 [SV-11]RESET-DIS-TIMER
07月12日 14:31:05.888 [SV-12]RESET-DIS-TIMER
07月12日 14:31:05.888 [SV-13]RESET-DIS-TIMER
07月12日 14:31:05.889 [SV-14]RESET-DIS-TIMER
07月12日 14:31:05.889 [SV-15]RESET-DIS-TIMER
07月12日 14:31:05.889 [SV-16]RESET-DIS-TIMER
07月12日 14:31:05.890 [SV-17]RESET-DIS-TIMER
07月12日 14:31:05.890 [SV-18]RESET-DIS-TIMER
07月12日 14:31:05.890 [SV-19]RESET-DIS-TIMER
07月12日 14:31:05.890 [SV-20]RESET-DIS-TIMER
07月12日 14:31:05.890 [SV-21]RESET-DIS-TIMER
07月12日 14:31:05.890 [SV-22]RESET-DIS-TIMER
07月12日 14:31:05.890 [SV-23]RESET-DIS-TIMER
07月12日 14:31:05.890 [SV-24]RESET-DIS-TIMER
07月12日 14:31:05.892 [UNIT_RST]START
07月12日 14:31:06.905 SRV:Non Alarm
07月12日 14:31:06.906 CUP-STOP
07月12日 14:31:06.907 SHUTTER-STOP
07月12日 14:31:07.014 [ETU]SEND WM
07月12日 14:31:08.206 [ETU]SEND WS
07月12日 14:31:09.504 [ETU]SEND WB
07月12日 14:31:17.299 RECV RET[FC=02]
07月12日 14:31:30.611 NODE=3 STATUS=0x 862
07月12日 14:31:30.904 [ETU]SEND WM
07月12日 14:31:52.608 NODE=3 STATUS=0x 862
07月12日 14:31:52.904 [ETU]SEND WM
07月12日 14:32:10.415 nzlUpOut
07月12日 14:32:10.416 nzlUpOut2
07月12日 14:32:10.416 [ETU]SEND WM
07月12日 14:32:10.504 TRN-NG CHK-WAFER
07月12日 14:32:10.506 [VAC]ST=1
07月12日 14:32:10.604 [ETU]SEND WS
07月12日 14:32:10.606 [VAC]CMD=3
07月12日 14:32:10.641 SEND ALO[ALCD=6701,P1=00,P2=00,CF=00]
07月12日 14:32:10.741 SEND ALO[ALCD=8707,P1=00,P2=00,CF=00]
07月12日 14:32:10.805 [ETU]SEND WB
07月12日 14:32:11.804 [VAC]CMD=2
07月12日 14:32:11.805 [VAC]ST=2
07月12日 14:32:12.006 TRN-NG N-SHT-OPEN
07月12日 14:32:12.073 SEND REE[FC=02]
07月12日 14:32:17.057 RECV RET[FC=01]
07月12日 14:32:17.104 NZL1 U:1 A:0 P:1 H:1 4P:1 N:0
07月12日 14:32:17.104 TR NG1
07月12日 14:32:17.104 NZ2 NG1
07月12日 14:32:17.104 CHM NG1
07月12日 14:32:17.105 NZL1 U:1 A:0 P:1 H:1 4P:1 N:0
07月12日 14:32:17.105 nzlUpOut
07月12日 14:32:17.105 NZL2 U:1 A:1 N:3
07月12日 14:32:17.105 TR NG2
07月12日 14:32:17.105 NZ1 NG2
07月12日 14:32:17.106 CHM NG2
07月12日 14:32:17.106 nzlUpOut2
07月12日 14:32:17.106 TRN-NG RET-ORG
07月12日 14:32:17.205 NZL1 U:3 A:0 P:1 H:1 4P:1 N:5
07月12日 14:32:17.206 TR OK1
07月12日 14:32:17.206 NZ2 OK1
07月12日 14:32:17.216 NZL2 U:1 A:1 N:1
07月12日 14:32:17.216 TR OK2
07月12日 14:32:17.216 NZ1 OK2
07月12日 14:32:17.216 CHM OK2
07月12日 14:32:17.425 NZ02-STQ S
07月12日 14:32:17.782 CUP-UP-S
07月12日 14:32:17.806 [VAC]ST=1
07月12日 14:32:17.811 [VAC]CMD=3
07月12日 14:32:18.102 NZ02d-STQ E
07月12日 14:32:18.129 NZ02-ORG S
07月12日 14:32:20.006 CUP-UP-E
07月12日 14:32:20.051 SRV:ON-40
07月12日 14:32:20.715 SRV:[RES DATA]-10
07月12日 14:32:20.716 SRV:ON-END
07月12日 14:32:20.750 SRV:ORG ON-42
07月12日 14:32:20.895 SRV:[RES DATA]-11
07月12日 14:32:21.194 SRV:[RES DATA]-13
07月12日 14:32:21.427 SRV:[RES DATA]-12
07月12日 14:32:22.243 SRV:[RES DATA]-10
07月12日 14:32:22.243 SRV:ORG-END
07月12日 14:32:22.253 SRV:OFF- 0
07月12日 14:32:22.475 NZ02-ORG E
07月12日 14:32:22.524 NZ02-MOV S
07月12日 14:32:22.823 SRV:[RES DATA]- 0
07月12日 14:32:22.823 SRV:OFF-END
07月12日 14:32:22.877 CUP-DOWN-S
07月12日 14:32:22.927 SHUTTER-CLOSE-S
07月12日 14:32:22.945 SHUTTER-CLOSE-E
07月12日 14:32:24.988 CUP-DOWN-E
07月12日 14:32:25.106 [VAC]CMD=2
07月12日 14:32:25.106 [VAC]ST=2
07月12日 14:32:25.504 NODE=3 STATUS=0x 862
07月12日 14:32:25.806 [ETU]SEND WM
07月12日 14:32:25.921 NZ02-MOV E
07月12日 14:32:26.106 NZL1 U:3 A:1 P:1 H:1 4P:1 N:9
07月12日 14:32:26.106 nzlDownOut
07月12日 14:32:28.432 NZL1 U:1 A:1 P:1 H:1 4P:1 N:1
07月12日 14:32:28.432 CHM OK1
07月12日 14:32:28.505 NZL1 U:1 A:1 P:1 H:1 4P:1 N:1
07月12日 14:32:28.505 NZL_ORG_END
07月12日 14:32:28.704 TRN-NG N-SHT-OPEN
07月12日 14:32:28.865 SEND REE[FC=01]
07月12日 14:32:29.066 SEND STT[PN1=01,ST=00]
07月12日 14:32:29.168 SEND STT[PN1=02,ST=00]
07月12日 14:32:36.572 NODE=3 STATUS=0x 860
07月12日 14:32:37.005 [ETU]SEND WM
07月12日 14:32:59.310 NODE=3 STATUS=0x 862
07月12日 14:32:59.614 [ETU]SEND WM
07月12日 14:33:15.546 RECV USM[PN1=04,PN2=02,DN1=01,DN2=00]
07月12日 14:33:16.546 RECV USM[PN1=03,PN2=01,DN1=00,DN2=00]
07月12日 14:33:21.905 NODE=3 STATUS=0x 862
07月12日 14:33:22.207 [ETU]SEND WM
07月12日 14:33:44.614 NODE=3 STATUS=0x 862
07月12日 14:33:44.913 [ETU]SEND WM
07月12日 14:34:06.414 NODE=3 STATUS=0x 862
07月12日 14:34:06.714 [ETU]SEND WM
07月12日 14:34:27.814 NODE=3 STATUS=0x 862
07月12日 14:34:28.114 [ETU]SEND WM
07月12日 14:35:02.717 NODE=3 STATUS=0x 862
07月12日 14:35:02.815 [ETU]SEND WM
07月12日 14:35:25.115 NODE=3 STATUS=0x 862
07月12日 14:35:25.420 [ETU]SEND WM
07月12日 14:36:09.068 NODE=3 STATUS=0x 862
07月12日 14:36:09.516 [ETU]SEND WM
07月12日 14:36:31.016 NODE=3 STATUS=0x 862
07月12日 14:36:31.315 [ETU]SEND WM
07月12日 14:36:50.351 RECV SOS[FN=02]
07月12日 14:36:52.984 NODE=3 STATUS=0x 862
07月12日 14:36:53.285 [ETU]SEND WM
07月12日 14:37:06.099 RECV SOS[FN=02]
07月12日 14:37:26.264 RECV EBR[BF=01]
07月12日 14:37:26.976 NODE=3 STATUS=0x 862
07月12日 14:37:27.074 [ETU]SEND WM
07月12日 14:37:37.433 NODE=3 STATUS=0x 862
07月12日 14:37:37.875 [ETU]SEND WM
07月12日 14:37:50.075 [ETU]TIMEUP
07月12日 14:38:01.031 NODE=3 STATUS=0x 862
07月12日 14:38:01.473 [ETU]SEND WM
07月12日 14:38:22.675 NODE=3 STATUS=0x 862
07月12日 14:38:22.981 [ETU]SEND WM
07月12日 14:38:45.176 NODE=3 STATUS=0x 862
07月12日 14:38:45.476 [ETU]SEND WM
07月12日 14:39:07.379 NODE=3 STATUS=0x 862
07月12日 14:39:07.676 [ETU]SEND WM
07月12日 14:39:20.374 [ETU]TIMEUP
07月12日 14:39:22.577 [ETU]TIMEUP
07月12日 14:39:24.775 [ETU]TIMEUP
07月12日 14:39:26.977 [ETU]TIMEUP
07月12日 14:39:29.176 [ETU]TIMEUP
07月12日 14:39:31.374 [ETU]TIMEUP
07月12日 14:39:33.575 [ETU]TIMEUP
07月12日 14:39:35.773 [ETU]TIMEUP
07月12日 14:39:37.974 [ETU]TIMEUP
07月12日 14:39:40.176 [ETU]TIMEUP
07月12日 14:39:41.942 RECV EBR[BF=02]
07月12日 14:39:42.379 [ETU]RETRY OVER
07月12日 14:39:42.494 SEND ALO[ALCD=2101,P1=01,P2=00,CF=00]
07月12日 14:39:50.131 RECV ARS[ALCD=2101,CF=00,GN=00]
07月12日 14:39:50.273 [ETU]SEND WM
07月12日 14:39:50.346 SEND ARA[ALCD=2101,ST=00]
07月12日 14:39:54.173 [ETU]SEND WS
07月12日 14:39:54.377 [ETU]SEND WB
07月12日 14:40:20.820 RECV EBR[BF=01]
07月12日 14:40:23.595 NODE=3 STATUS=0x 862
07月12日 14:40:23.895 [ETU]SEND WM
07月12日 14:40:48.196 NODE=3 STATUS=0x 862
07月12日 14:40:48.494 [ETU]SEND WM
07月12日 14:40:58.758 NODE=3 STATUS=0x 862
07月12日 14:40:59.195 [ETU]SEND WM
07月12日 14:41:31.294 NODE=3 STATUS=0x 862
07月12日 14:41:31.395 [ETU]SEND WM
07月12日 14:42:14.554 NODE=3 STATUS=0x 862
07月12日 14:42:14.995 [ETU]SEND WM
07月12日 14:42:48.196 NODE=3 STATUS=0x 862
07月12日 14:42:48.297 [ETU]SEND WM
07月12日 14:43:20.344 NODE=3 STATUS=0x 862
07月12日 14:43:20.443 [ETU]SEND WM
07月12日 14:43:41.546 NODE=3 STATUS=0x 862
07月12日 14:43:41.845 [ETU]SEND WM
07月12日 14:44:06.944 NODE=3 STATUS=0x 862
07月12日 14:44:07.245 [ETU]SEND WM
07月12日 14:45:00.622 NODE=3 STATUS=0x 862
07月12日 14:45:01.066 [ETU]SEND WM
07月12日 14:45:22.364 NODE=3 STATUS=0x 862
07月12日 14:45:22.666 [ETU]SEND WM
07月12日 14:45:45.474 NODE=3 STATUS=0x 862
07月12日 14:45:45.781 [ETU]SEND WM
07月12日 14:46:09.274 NODE=3 STATUS=0x 862
07月12日 14:46:09.573 [ETU]SEND WM
07月12日 14:46:17.296 RECV CLR[FC=02]
07月12日 14:46:17.306 CUP-STOP
07月12日 14:46:17.306 SHUTTER-STOP
07月12日 14:46:17.306 [VAC]CMD=4
07月12日 14:46:17.307 E-STOP
07月12日 14:46:17.307 SRV:ALREADY OFF
07月12日 14:46:17.324 SRV:OFF-END
07月12日 14:46:17.374 [DIS]E-STOP
07月12日 14:46:17.374 [SV-01]RESET-DIS-TIMER
07月12日 14:46:17.374 [SV-02]RESET-DIS-TIMER
07月12日 14:46:17.374 [SV-03]RESET-DIS-TIMER
07月12日 14:46:17.374 [SV-04]RESET-DIS-TIMER
07月12日 14:46:17.374 [SV-05]RESET-DIS-TIMER
07月12日 14:46:17.375 [SV-06]RESET-DIS-TIMER
07月12日 14:46:17.375 [SV-07]RESET-DIS-TIMER
07月12日 14:46:17.375 [SV-08]RESET-DIS-TIMER
07月12日 14:46:17.375 [SV-09]RESET-DIS-TIMER
07月12日 14:46:17.375 [SV-10]RESET-DIS-TIMER
07月12日 14:46:17.375 [SV-11]RESET-DIS-TIMER
07月12日 14:46:17.376 [SV-12]RESET-DIS-TIMER
07月12日 14:46:17.376 [SV-13]RESET-DIS-TIMER
07月12日 14:46:17.376 [SV-14]RESET-DIS-TIMER
07月12日 14:46:17.376 [SV-15]RESET-DIS-TIMER
07月12日 14:46:17.376 [SV-16]RESET-DIS-TIMER
07月12日 14:46:17.376 [SV-17]RESET-DIS-TIMER
07月12日 14:46:17.377 [SV-18]RESET-DIS-TIMER
07月12日 14:46:17.377 [SV-19]RESET-DIS-TIMER
07月12日 14:46:17.377 [SV-20]RESET-DIS-TIMER
07月12日 14:46:17.377 [SV-21]RESET-DIS-TIMER
07月12日 14:46:17.377 [SV-22]RESET-DIS-TIMER
07月12日 14:46:17.378 [SV-23]RESET-DIS-TIMER
07月12日 14:46:17.378 [SV-24]RESET-DIS-TIMER
07月12日 14:46:17.380 [UNIT_RST]START
07月12日 14:46:18.494 SRV:Non Alarm
07月12日 14:46:18.495 CUP-STOP
07月12日 14:46:18.496 SHUTTER-STOP
07月12日 14:46:18.597 [ETU]SEND WM
07月12日 14:46:18.880 SEND ALO[ALCD=6701,P1=00,P2=00,CF=00]
07月12日 14:46:18.896 [ETU]SEND WS
07月12日 14:46:18.985 SEND ALO[ALCD=8707,P1=00,P2=00,CF=00]
07月12日 14:46:19.298 [ETU]SEND WB
07月12日 14:46:28.350 RECV RET[FC=02]
07月12日 14:46:28.495 nzlUpOut
07月12日 14:46:28.496 nzlUpOut2
07月12日 14:46:28.595 TRN-NG CHK-WAFER
07月12日 14:46:28.621 [VAC]ST=1
07月12日 14:46:28.697 [VAC]CMD=3
07月12日 14:46:29.894 [VAC]CMD=2
07月12日 14:46:29.894 [VAC]ST=2
07月12日 14:46:30.096 TRN-NG N-SHT-OPEN
07月12日 14:46:30.151 SEND REE[FC=02]
07月12日 14:46:44.694 NODE=3 STATUS=0x 862
07月12日 14:46:44.793 [ETU]SEND WM
07月12日 14:47:05.896 NODE=3 STATUS=0x 862
07月12日 14:47:06.195 [ETU]SEND WM
07月12日 14:47:31.832 ***** StartLogging SPIN04.log *****
07月12日 14:47:31.851 spinMain起動 build : Jul 12 2012
07月12日 14:47:31.852 搬送ｱﾄﾞﾚｽｾｯﾄ完了 : ｱﾄﾞﾚｽ = 02
07月12日 14:47:31.852 CVPｱﾄﾞﾚｽｾｯﾄ完了：ｱﾄﾞﾚｽ = 11
07月12日 14:47:31.889 controlTask起動
07月12日 14:47:31.916 messageProc起動
07月12日 14:47:31.938 sendMsgTask起動
07月12日 14:47:31.944 temperatureTask起動
07月12日 14:47:31.962 waferInTask起動
07月12日 14:47:31.976 mainControl20起動
07月12日 14:47:31.986 chemiProcTask起動
07月12日 14:47:31.994 nozzleComTask起動
07月12日 14:47:32.001 nozzle1Task起動
07月12日 14:47:32.014 nozzle2Task起動
07月12日 14:47:32.024 dispenseTask起動
07月12日 14:47:32.035 mainControl100起動
07月12日 14:47:32.070 subControl起動
07月12日 14:47:32.072 SEND PWR[FC=02]
07月12日 14:47:32.072 interruptTask起動
07月12日 14:48:14.747 RECV MDR
07月12日 14:48:14.756 SEND MDT[MN=32]
07月12日 14:48:16.628 RECV MDS
07月12日 14:48:16.635 TRN-NG N-SHT-OPEN
07月12日 14:48:16.642 SRV:INITIAL Start
07月12日 14:48:18.668 RECV SOS[FN=02]
07月12日 14:48:21.537 SRV:INITIAL END
07月12日 14:48:24.208 RECV SOS[FN=04]
07月12日 14:48:25.476 RECV SOS[FN=05]
07月12日 14:48:25.568 RECV SOS[FN=05]
07月12日 14:48:26.597 RECV SOS[FN=06]
07月12日 14:48:29.051 RECV SOS[FN=08]
07月12日 14:48:31.039 RECV SOS[FN=09]
07月12日 14:48:31.130 RECV SOS[FN=09]
07月12日 14:48:36.631 RECV SOS[FN=20]
07月12日 14:48:37.272 RECV SOS[FN=21]
07月12日 14:48:38.117 RECV SOS[FN=25]
07月12日 14:48:48.088 RECV CLR[FC=02]
07月12日 14:48:48.204 CUP-STOP
07月12日 14:48:48.205 SHUTTER-STOP
07月12日 14:48:48.206 [VAC]CMD=4
07月12日 14:48:48.206 E-STOP
07月12日 14:48:48.207 SRV:ALREADY OFF
07月12日 14:48:48.254 [DIS]E-STOP
07月12日 14:48:48.254 [SV-01]RESET-DIS-TIMER
07月12日 14:48:48.255 [SV-02]RESET-DIS-TIMER
07月12日 14:48:48.255 [SV-03]RESET-DIS-TIMER
07月12日 14:48:48.255 [SV-04]RESET-DIS-TIMER
07月12日 14:48:48.255 [SV-05]RESET-DIS-TIMER
07月12日 14:48:48.255 [SV-06]RESET-DIS-TIMER
07月12日 14:48:48.255 [SV-07]RESET-DIS-TIMER
07月12日 14:48:48.256 [SV-08]RESET-DIS-TIMER
07月12日 14:48:48.256 [SV-09]RESET-DIS-TIMER
07月12日 14:48:48.256 [SV-10]RESET-DIS-TIMER
07月12日 14:48:48.256 [SV-11]RESET-DIS-TIMER
07月12日 14:48:48.256 [SV-12]RESET-DIS-TIMER
07月12日 14:48:48.256 [SV-13]RESET-DIS-TIMER
07月12日 14:48:48.256 [SV-14]RESET-DIS-TIMER
07月12日 14:48:48.257 [SV-15]RESET-DIS-TIMER
07月12日 14:48:48.257 [SV-16]RESET-DIS-TIMER
07月12日 14:48:48.257 [SV-17]RESET-DIS-TIMER
07月12日 14:48:48.261 [SV-18]RESET-DIS-TIMER
07月12日 14:48:48.261 [SV-19]RESET-DIS-TIMER
07月12日 14:48:48.261 [SV-20]RESET-DIS-TIMER
07月12日 14:48:48.261 [SV-21]RESET-DIS-TIMER
07月12日 14:48:48.261 [SV-22]RESET-DIS-TIMER
07月12日 14:48:48.261 [SV-23]RESET-DIS-TIMER
07月12日 14:48:48.262 [SV-24]RESET-DIS-TIMER
07月12日 14:48:48.263 SRV:OFF-END
07月12日 14:48:48.263 [UNIT_RST]START
07月12日 14:48:48.298 CUP-STOP
07月12日 14:48:48.299 SHUTTER-STOP
07月12日 14:48:48.299 E-STOP
07月12日 14:48:48.299 SRV:ALREADY OFF
07月12日 14:48:48.333 SRV:OFF-END
07月12日 14:48:48.397 [DIS]E-STOP
07月12日 14:48:48.397 [SV-01]RESET-DIS-TIMER
07月12日 14:48:48.397 [SV-02]RESET-DIS-TIMER
07月12日 14:48:48.397 [SV-03]RESET-DIS-TIMER
07月12日 14:48:48.397 [SV-04]RESET-DIS-TIMER
07月12日 14:48:48.398 [SV-05]RESET-DIS-TIMER
07月12日 14:48:48.398 [SV-06]RESET-DIS-TIMER
07月12日 14:48:48.398 [SV-07]RESET-DIS-TIMER
07月12日 14:48:48.398 [SV-08]RESET-DIS-TIMER
07月12日 14:48:48.398 [SV-09]RESET-DIS-TIMER
07月12日 14:48:48.398 [SV-10]RESET-DIS-TIMER
07月12日 14:48:48.398 [SV-11]RESET-DIS-TIMER
07月12日 14:48:48.398 [SV-12]RESET-DIS-TIMER
07月12日 14:48:48.398 [SV-13]RESET-DIS-TIMER
07月12日 14:48:48.399 [SV-14]RESET-DIS-TIMER
07月12日 14:48:48.399 [SV-15]RESET-DIS-TIMER
07月12日 14:48:48.403 [SV-16]RESET-DIS-TIMER
07月12日 14:48:48.403 [SV-17]RESET-DIS-TIMER
07月12日 14:48:48.404 [SV-18]RESET-DIS-TIMER
07月12日 14:48:48.404 [SV-19]RESET-DIS-TIMER
07月12日 14:48:48.404 [SV-20]RESET-DIS-TIMER
07月12日 14:48:48.404 [SV-21]RESET-DIS-TIMER
07月12日 14:48:48.404 [SV-22]RESET-DIS-TIMER
07月12日 14:48:48.404 [SV-23]RESET-DIS-TIMER
07月12日 14:48:48.404 [SV-24]RESET-DIS-TIMER
07月12日 14:48:49.409 SRV:Non Alarm
07月12日 14:48:49.410 CUP-STOP
07月12日 14:48:49.410 SHUTTER-STOP
07月12日 14:48:49.611 [ETU]SEND WM
07月12日 14:48:49.877 SEND ALO[ALCD=6701,P1=00,P2=00,CF=00]
07月12日 14:48:49.978 SEND ALO[ALCD=8707,P1=00,P2=00,CF=00]
07月12日 14:48:51.508 NODE=3 STATUS=0x 860
07月12日 14:48:51.806 [ETU]SEND WM
07月12日 14:48:51.887 SEND ALO[ALCD=2121,P1=06,P2=00,CF=00]
07月12日 14:49:01.959 RECV RET[FC=02]
07月12日 14:49:02.108 nzlUpOut_st
07月12日 14:49:02.109 nzlUpOut2_st
07月12日 14:49:02.208 TRN-NG CHK-WAFER
07月12日 14:49:02.210 [VAC]ST=1
07月12日 14:49:02.311 [VAC]CMD=3
07月12日 14:49:04.174 [VAC]CMD=2
07月12日 14:49:04.174 [VAC]ST=2
07月12日 14:49:04.464 TRN-NG N-SHT-OPEN
07月12日 14:49:04.522 NODE=3 STATUS=0x 860
07月12日 14:49:04.761 SEND REE[FC=02]
07月12日 14:49:04.764 [ETU]SEND WM
07月12日 14:49:26.051 RECV RET[FC=01]
07月12日 14:49:26.160 CUP-UP-S
07月12日 14:49:26.178 [VAC]ST=1
07月12日 14:49:26.206 [VAC]CMD=3
07月12日 14:49:26.217 NZL1 U:0 A:0 P:1 H:1 4P:0 N:0
07月12日 14:49:26.217 SPN OK1
07月12日 14:49:26.217 NZL1 U:0 A:0 P:1 H:1 4P:0 N:0
07月12日 14:49:26.217 nzlUpOut
07月12日 14:49:26.218 NZL2 U:0 A:1 N:0
07月12日 14:49:26.218 SPN OK2
07月12日 14:49:26.218 nzlUpOut2
07月12日 14:49:26.219 TRN-NG RET-ORG
07月12日 14:49:26.314 NZL1 U:3 A:0 P:1 H:1 4P:0 N:12
07月12日 14:49:26.314 TR OK1
07月12日 14:49:26.315 NZL2 U:1 A:1 N:1
07月12日 14:49:26.315 TR OK2
07月12日 14:49:26.315 NZ1 OK2
07月12日 14:49:26.315 CHM OK2
07月12日 14:49:26.537 NZ02-STQ S
07月12日 14:49:27.032 NZ02d-STQ E
07月12日 14:49:27.134 NZ02-ORG S
07月12日 14:49:28.515 CUP-UP-E
07月12日 14:49:28.552 SRV:ON-40
07月12日 14:49:29.086 SRV:[RES DATA]-10
07月12日 14:49:29.087 SRV:ON-END
07月12日 14:49:29.121 SRV:ORG ON-42
07月12日 14:49:29.308 SRV:[RES DATA]-11
07月12日 14:49:29.587 SRV:[RES DATA]-13
07月12日 14:49:29.747 SRV:[RES DATA]-12
07月12日 14:49:30.645 SRV:[RES DATA]-10
07月12日 14:49:30.645 SRV:ORG-END
07月12日 14:49:30.655 SRV:OFF- 0
07月12日 14:49:31.139 SRV:[RES DATA]- 0
07月12日 14:49:31.139 SRV:OFF-END
07月12日 14:49:31.140 CUP-DOWN-S
07月12日 14:49:31.141 SHUTTER-CLOSE-S
07月12日 14:49:31.159 SHUTTER-CLOSE-E
07月12日 14:49:31.837 NZ02-ORG E
07月12日 14:49:31.938 NZ02-MOV S
07月12日 14:49:33.822 CUP-DOWN-E
07月12日 14:49:33.943 [VAC]CMD=2
07月12日 14:49:33.943 [VAC]ST=2
07月12日 14:49:35.947 NZ02-MOV E
07月12日 14:49:36.136 NZL1 U:3 A:1 P:1 H:1 4P:1 N:10
07月12日 14:49:36.136 TR NG1
07月12日 14:49:36.137 nzlDownOut
07月12日 14:49:37.236 [ETU]TIMEUP
07月12日 14:49:38.558 NZL1 U:1 A:1 P:1 H:1 4P:1 N:1
07月12日 14:49:38.558 TR OK1
07月12日 14:49:38.558 NZ2 OK1
07月12日 14:49:38.558 CHM OK1
07月12日 14:49:38.635 NZL1 U:1 A:1 P:1 H:1 4P:1 N:1
07月12日 14:49:38.635 NZL_ORG_END
07月12日 14:49:38.734 TRN-NG N-SHT-OPEN
07月12日 14:49:38.868 SEND REE[FC=01]
07月12日 14:49:38.969 SEND STT[PN1=01,ST=00]
07月12日 14:49:39.071 SEND STT[PN1=02,ST=00]
07月12日 14:49:39.438 [ETU]TIMEUP
07月12日 14:49:41.637 [ETU]TIMEUP
07月12日 14:49:55.504 [ETU]TIMEUP
07月12日 14:49:57.704 [ETU]TIMEUP
07月12日 14:49:59.903 [ETU]TIMEUP
07月12日 14:50:02.104 [ETU]TIMEUP
07月12日 14:50:05.195 [ETU]TIMEUP
07月12日 14:50:07.401 [ETU]TIMEUP
07月12日 14:50:24.960 RECV USM[PN1=04,PN2=02,DN1=01,DN2=00]
07月12日 14:50:26.965 RECV USM[PN1=03,PN2=01,DN1=00,DN2=00]
07月12日 14:50:27.929 RECV ARS[ALCD=2121,CF=00,GN=00]
07月12日 14:50:28.088 SEND ARA[ALCD=2121,ST=00]
07月12日 14:50:28.190 SEND ALO[ALCD=2121,P1=06,P2=00,CF=00]
07月12日 14:50:33.692 RECV ARS[ALCD=2121,CF=00,GN=00]
07月12日 14:50:33.984 SEND ARA[ALCD=2121,ST=00]
07月12日 14:50:34.123 SEND ALO[ALCD=2121,P1=06,P2=00,CF=00]
07月12日 14:50:53.335 NODE=3 STATUS=0x 862
07月12日 14:50:53.767 [ETU]SEND WM
07月12日 14:51:28.364 NODE=3 STATUS=0x 862
07月12日 14:51:28.463 [ETU]SEND WM
07月12日 14:51:51.095 NODE=3 STATUS=0x 862
07月12日 14:51:51.393 [ETU]SEND WM
07月12日 14:52:13.697 NODE=3 STATUS=0x 862
07月12日 14:52:13.998 [ETU]SEND WM
07月12日 14:52:37.855 NODE=3 STATUS=0x 862
07月12日 14:52:38.154 [ETU]SEND WM
07月12日 14:53:11.692 NODE=3 STATUS=0x 862
07月12日 14:53:11.991 [ETU]SEND WM
07月12日 14:53:16.547 RECV EBR[BF=01]
07月12日 14:53:59.748 NODE=3 STATUS=0x 862
07月12日 14:54:00.045 [ETU]SEND WM
07月12日 14:54:45.189 NODE=3 STATUS=0x 862
07月12日 14:54:45.633 [ETU]SEND WM
07月12日 14:55:08.891 NODE=3 STATUS=0x 862
07月12日 14:55:09.187 [ETU]SEND WM
07月12日 14:55:31.191 NODE=3 STATUS=0x 862
07月12日 14:55:31.484 [ETU]SEND WM
07月12日 14:56:08.389 NODE=3 STATUS=0x 862
07月12日 14:56:08.485 [ETU]SEND WM
07月12日 14:56:30.702 NODE=3 STATUS=0x 862
07月12日 14:56:31.000 [ETU]SEND WM
07月12日 14:56:53.954 NODE=3 STATUS=0x 862
07月12日 14:56:54.258 [ETU]SEND WM
07月12日 14:57:28.184 NODE=3 STATUS=0x 862
07月12日 14:57:28.283 [ETU]SEND WM
07月12日 14:57:53.224 NODE=3 STATUS=0x 862
07月12日 14:57:53.526 [ETU]SEND WM
07月12日 14:58:27.513 NODE=3 STATUS=0x 862
07月12日 14:58:27.608 [ETU]SEND WM
07月12日 14:58:50.720 NODE=3 STATUS=0x 862
07月12日 14:58:51.017 [ETU]SEND WM
07月12日 14:59:24.845 NODE=3 STATUS=0x 862
07月12日 14:59:24.947 [ETU]SEND WM
07月12日 14:59:46.797 NODE=3 STATUS=0x 862
07月12日 14:59:47.095 [ETU]SEND WM
07月12日 15:00:00.414 [ETU]TIMEUP
07月12日 15:00:14.547 NODE=3 STATUS=0x 862
07月12日 15:00:14.991 [ETU]SEND WM
07月12日 15:00:37.945 NODE=3 STATUS=0x 862
07月12日 15:00:38.160 [ETU]SEND WM
07月12日 15:01:01.532 NODE=3 STATUS=0x 862
07月12日 15:01:01.839 [ETU]SEND WM
07月12日 15:01:45.039 NODE=3 STATUS=0x 862
07月12日 15:01:45.139 [ETU]SEND WM
07月12日 15:02:14.912 NODE=3 STATUS=0x 862
07月12日 15:02:15.209 [ETU]SEND WM
07月12日 15:02:42.930 NODE=3 STATUS=0x 862
07月12日 15:02:43.228 [ETU]SEND WM
07月12日 15:03:13.173 NODE=3 STATUS=0x 862
07月12日 15:03:13.470 [ETU]SEND WM
07月12日 15:03:43.383 NODE=3 STATUS=0x 862
07月12日 15:03:43.685 [ETU]SEND WM
07月12日 15:04:40.107 NODE=3 STATUS=0x 862
07月12日 15:04:40.507 [ETU]SEND WM
07月12日 15:05:12.239 NODE=3 STATUS=0x 862
07月12日 15:05:12.540 [ETU]SEND WM
07月12日 15:05:23.719 RECV EBR[BF=02]
07月12日 15:05:27.973 RECV EBR[BF=01]
07月12日 15:05:40.291 NODE=3 STATUS=0x 862
07月12日 15:05:40.593 [ETU]SEND WM
07月12日 15:06:24.456 NODE=3 STATUS=0x 862
07月12日 15:06:24.559 [ETU]SEND WM
07月12日 15:06:51.364 NODE=3 STATUS=0x 862
07月12日 15:06:52.312 [ETU]SEND WM
07月12日 15:07:18.832 NODE=3 STATUS=0x 862
07月12日 15:07:19.131 [ETU]SEND WM
07月12日 15:07:38.202 RECV EBR[BF=02]
07月12日 15:07:43.101 RECV EBR[BF=01]
07月12日 15:07:46.680 NODE=3 STATUS=0x 862
07月12日 15:07:46.979 [ETU]SEND WM
07月12日 15:08:34.379 NODE=3 STATUS=0x 862
07月12日 15:08:34.677 [ETU]SEND WM
07月12日 15:09:04.671 NODE=3 STATUS=0x 862
07月12日 15:09:04.970 [ETU]SEND WM
07月12日 15:09:33.855 NODE=3 STATUS=0x 862
07月12日 15:09:34.154 [ETU]SEND WM
07月12日 15:09:44.311 RECV EBR[BF=02]
07月12日 15:09:48.588 RECV EBR[BF=01]
07月12日 15:09:57.711 NODE=3 STATUS=0x 862
07月12日 15:09:58.011 [ETU]SEND WM
07月12日 15:10:09.406 NODE=3 STATUS=0x 862
07月12日 15:10:09.838 [ETU]SEND WM
07月12日 15:10:20.094 NODE=3 STATUS=0x 862
07月12日 15:10:20.537 [ETU]SEND WM
07月12日 15:10:42.975 NODE=3 STATUS=0x 862
07月12日 15:10:43.267 [ETU]SEND WM
07月12日 15:11:05.669 NODE=3 STATUS=0x 862
07月12日 15:11:05.771 [ETU]SEND WM
07月12日 15:11:51.628 RECV EBR[BF=02]
07月12日 15:11:52.549 NODE=3 STATUS=0x 862
07月12日 15:11:55.357 [ETU]TIMEUP
07月12日 15:11:56.443 RECV EBR[BF=01]
07月12日 15:11:57.559 [ETU]TIMEUP
07月12日 15:11:57.958 [ETU]SEND WM
07月12日 15:11:59.485 RECV EBR[BF=02]
07月12日 15:12:06.472 RECV EBR[BF=01]
07月12日 15:12:20.906 NODE=3 STATUS=0x 862
07月12日 15:12:21.200 [ETU]SEND WM
07月12日 15:12:43.998 NODE=3 STATUS=0x 862
07月12日 15:12:44.097 [ETU]SEND WM
07月12日 15:13:05.949 NODE=3 STATUS=0x 862
07月12日 15:13:06.249 [ETU]SEND WM
07月12日 15:13:29.020 NODE=3 STATUS=0x 862
07月12日 15:13:29.318 [ETU]SEND WM
07月12日 15:13:52.912 NODE=3 STATUS=0x 862
07月12日 15:13:53.318 [ETU]SEND WM
07月12日 15:14:04.101 NODE=3 STATUS=0x 860
07月12日 15:14:04.201 [ETU]SEND WM
07月12日 15:14:08.132 RECV EBR[BF=02]
07月12日 15:14:12.851 RECV EBR[BF=01]
07月12日 15:15:26.308 [ETU]TIMEUP
07月12日 15:15:28.507 [ETU]TIMEUP
07月12日 15:15:30.709 [ETU]TIMEUP
07月12日 15:15:32.907 [ETU]TIMEUP
07月12日 15:15:35.107 [ETU]TIMEUP
07月12日 15:15:37.984 [ETU]TIMEUP
07月12日 15:15:40.279 [ETU]TIMEUP
07月12日 15:15:42.480 [ETU]TIMEUP
07月12日 15:15:44.678 [ETU]TIMEUP
07月12日 15:15:46.879 [ETU]TIMEUP
07月12日 15:15:49.077 [ETU]RETRY OVER
07月12日 15:15:49.253 SEND ALO[ALCD=2101,P1=01,P2=00,CF=00]
07月12日 15:18:32.829 RECV ARS[ALCD=2101,CF=00,GN=00]
07月12日 15:18:33.019 [ETU]SEND WM
07月12日 15:18:33.063 SEND ARA[ALCD=2101,ST=00]
07月12日 15:18:38.353 RECV EBR[BF=02]
07月12日 15:18:50.991 NODE=3 STATUS=0x 862
07月12日 15:18:51.289 [ETU]SEND WM
07月12日 15:19:15.111 NODE=3 STATUS=0x 862
07月12日 15:19:15.414 [ETU]SEND WM
07月12日 15:19:38.617 NODE=3 STATUS=0x 862
07月12日 15:19:39.043 [ETU]SEND WM
07月12日 15:20:01.228 NODE=3 STATUS=0x 862
07月12日 15:20:01.527 [ETU]SEND WM
07月12日 15:20:15.177 [ETU]TIMEUP
07月12日 15:20:17.381 [ETU]TIMEUP
07月12日 15:20:19.586 [ETU]TIMEUP
07月12日 15:20:21.777 [ETU]TIMEUP
07月12日 15:20:24.760 [ETU]TIMEUP
07月12日 15:20:26.959 [ETU]TIMEUP
07月12日 15:20:29.157 [ETU]TIMEUP
07月12日 15:20:31.359 [ETU]TIMEUP
07月12日 15:20:33.558 [ETU]TIMEUP
07月12日 15:20:35.758 [ETU]TIMEUP
07月12日 15:20:38.713 [ETU]RETRY OVER
07月12日 15:20:38.971 SEND ALO[ALCD=2101,P1=01,P2=00,CF=00]
07月12日 15:31:22.695 RECV ARS[ALCD=2101,CF=00,GN=00]
07月12日 15:31:22.847 [ETU]SEND WM
07月12日 15:31:22.911 SEND ARA[ALCD=2101,ST=00]
07月12日 15:31:43.821 NODE=3 STATUS=0x 862
07月12日 15:31:44.117 [ETU]SEND WM
07月12日 15:32:15.590 NODE=3 STATUS=0x 862
07月12日 15:32:15.887 [ETU]SEND WM
07月12日 15:32:33.704 RECV EBR[BF=01]
07月12日 15:32:47.361 NODE=3 STATUS=0x 862
07月12日 15:32:47.662 [ETU]SEND WM
07月12日 15:33:19.220 NODE=3 STATUS=0x 862
07月12日 15:33:19.520 [ETU]SEND WM
07月12日 15:34:07.600 NODE=3 STATUS=0x 862
07月12日 15:34:07.697 [ETU]SEND WM
07月12日 15:34:32.660 RECV EBR[BF=02]
07月12日 15:34:55.860 NODE=3 STATUS=0x 862
07月12日 15:34:56.160 [ETU]SEND WM
07月12日 15:35:27.846 NODE=3 STATUS=0x 862
07月12日 15:35:28.145 [ETU]SEND WM
07月12日 15:35:59.552 NODE=3 STATUS=0x 862
07月12日 15:35:59.856 [ETU]SEND WM
07月12日 15:36:31.558 NODE=3 STATUS=0x 862
07月12日 15:36:31.860 [ETU]SEND WM
07月12日 15:36:49.332 [ETU]TIMEUP
07月12日 15:37:03.288 NODE=3 STATUS=0x 862
07月12日 15:37:03.763 [ETU]SEND WM
07月12日 15:37:35.471 NODE=3 STATUS=0x 862
07月12日 15:37:35.772 [ETU]SEND WM
07月12日 15:38:07.019 NODE=3 STATUS=0x 862
07月12日 15:38:07.318 [ETU]SEND WM
07月12日 15:38:38.710 NODE=3 STATUS=0x 862
07月12日 15:38:39.691 [ETU]SEND WM
07月12日 15:38:55.000 NODE=3 STATUS=0x 868
07月12日 15:38:55.683 [ETU]SEND WM
07月12日 15:39:43.541 NODE=3 STATUS=0x 862
07月12日 15:39:43.637 [ETU]SEND WM
07月12日 15:40:15.244 NODE=3 STATUS=0x 862
07月12日 15:40:15.546 [ETU]SEND WM
07月12日 15:40:47.084 NODE=3 STATUS=0x 862
07月12日 15:40:47.380 [ETU]SEND WM
07月12日 15:41:18.728 NODE=3 STATUS=0x 862
07月12日 15:41:19.027 [ETU]SEND WM
07月12日 15:41:57.400 ***** StartLogging SPIN04.log *****
07月12日 15:41:57.415 spinMain起動 build : Jul 12 2012
07月12日 15:41:57.420 搬送ｱﾄﾞﾚｽｾｯﾄ完了 : ｱﾄﾞﾚｽ = 02
07月12日 15:41:57.420 CVPｱﾄﾞﾚｽｾｯﾄ完了：ｱﾄﾞﾚｽ = 11
07月12日 15:41:57.449 controlTask起動
07月12日 15:41:57.465 messageProc起動
07月12日 15:41:57.479 sendMsgTask起動
07月12日 15:41:57.498 temperatureTask起動
07月12日 15:41:57.511 waferInTask起動
07月12日 15:41:57.524 mainControl20起動
07月12日 15:41:57.530 chemiProcTask起動
07月12日 15:41:57.546 nozzleComTask起動
07月12日 15:41:57.561 nozzle1Task起動
07月12日 15:41:57.573 nozzle2Task起動
07月12日 15:41:57.585 dispenseTask起動
07月12日 15:41:57.598 SEND PWR[FC=02]
07月12日 15:41:57.601 mainControl100起動
07月12日 15:41:57.636 subControl起動
07月12日 15:41:57.653 interruptTask起動
07月12日 15:42:51.063 RECV MDR
07月12日 15:42:51.126 SEND MDT[MN=32]
07月12日 15:42:52.501 RECV MDS
07月12日 15:42:52.503 SRV:INITIAL Start
07月12日 15:42:52.577 TRN-NG N-SHT-OPEN
07月12日 15:42:54.833 RECV SOS[FN=02]
07月12日 15:42:57.615 SRV:INITIAL END
07月12日 15:42:59.032 RECV SOS[FN=04]
07月12日 15:43:00.786 RECV SOS[FN=05]
07月12日 15:43:00.878 RECV SOS[FN=05]
07月12日 15:43:02.130 RECV SOS[FN=06]
07月12日 15:43:04.426 RECV SOS[FN=08]
07月12日 15:43:06.818 RECV SOS[FN=09]
07月12日 15:43:06.912 RECV SOS[FN=09]
07月12日 15:43:11.813 RECV SOS[FN=20]
07月12日 15:43:12.430 RECV SOS[FN=21]
07月12日 15:43:13.443 RECV SOS[FN=25]
07月12日 15:43:22.960 RECV CLR[FC=02]
07月12日 15:43:22.978 CUP-STOP
07月12日 15:43:22.979 SHUTTER-STOP
07月12日 15:43:22.979 [VAC]CMD=4
07月12日 15:43:22.981 E-STOP
07月12日 15:43:22.981 SRV:ALREADY OFF
07月12日 15:43:22.996 [DIS]E-STOP
07月12日 15:43:22.996 [SV-01]RESET-DIS-TIMER
07月12日 15:43:22.996 [SV-02]RESET-DIS-TIMER
07月12日 15:43:22.997 [SV-03]RESET-DIS-TIMER
07月12日 15:43:22.997 [SV-04]RESET-DIS-TIMER
07月12日 15:43:22.997 [SV-05]RESET-DIS-TIMER
07月12日 15:43:22.997 [SV-06]RESET-DIS-TIMER
07月12日 15:43:22.997 [SV-07]RESET-DIS-TIMER
07月12日 15:43:22.997 [SV-08]RESET-DIS-TIMER
07月12日 15:43:22.997 [SV-09]RESET-DIS-TIMER
07月12日 15:43:22.997 [SV-10]RESET-DIS-TIMER
07月12日 15:43:22.997 [SV-11]RESET-DIS-TIMER
07月12日 15:43:22.998 [SV-12]RESET-DIS-TIMER
07月12日 15:43:22.998 [SV-13]RESET-DIS-TIMER
07月12日 15:43:22.998 [SV-14]RESET-DIS-TIMER
07月12日 15:43:22.998 [SV-15]RESET-DIS-TIMER
07月12日 15:43:22.998 [SV-16]RESET-DIS-TIMER
07月12日 15:43:22.998 [SV-17]RESET-DIS-TIMER
07月12日 15:43:22.998 [SV-18]RESET-DIS-TIMER
07月12日 15:43:22.999 [SV-19]RESET-DIS-TIMER
07月12日 15:43:22.999 [SV-20]RESET-DIS-TIMER
07月12日 15:43:22.999 [SV-21]RESET-DIS-TIMER
07月12日 15:43:22.999 [SV-22]RESET-DIS-TIMER
07月12日 15:43:22.999 [SV-23]RESET-DIS-TIMER
07月12日 15:43:23.000 [SV-24]RESET-DIS-TIMER
07月12日 15:43:23.001 SRV:OFF-END
07月12日 15:43:23.001 [UNIT_RST]START
07月12日 15:43:23.013 CUP-STOP
07月12日 15:43:23.014 SHUTTER-STOP
07月12日 15:43:23.014 E-STOP
07月12日 15:43:23.014 SRV:ALREADY OFF
07月12日 15:43:23.036 SRV:OFF-END
07月12日 15:43:24.073 SRV:Non Alarm
07月12日 15:43:24.074 CUP-STOP
07月12日 15:43:24.075 SHUTTER-STOP
07月12日 15:43:24.270 [ETU]SEND WM
07月12日 15:43:24.553 SEND ALO[ALCD=6701,P1=00,P2=00,CF=00]
07月12日 15:43:24.654 SEND ALO[ALCD=8707,P1=00,P2=00,CF=00]
07月12日 15:43:41.390 RECV RET[FC=02]
07月12日 15:43:41.567 nzlUpOut_st
07月12日 15:43:41.568 nzlUpOut2_st
07月12日 15:43:41.713 TRN-NG CHK-WAFER
07月12日 15:43:41.715 [VAC]ST=1
07月12日 15:43:41.836 [VAC]CMD=3
07月12日 15:43:43.241 [VAC]CMD=2
07月12日 15:43:43.241 [VAC]ST=2
07月12日 15:43:43.441 TRN-NG N-SHT-OPEN
07月12日 15:43:43.497 SEND REE[FC=02]
07月12日 15:43:48.641 RECV RET[FC=01]
07月12日 15:43:48.687 CUP-UP-S
07月12日 15:43:48.710 [VAC]ST=1
07月12日 15:43:48.724 [VAC]CMD=3
07月12日 15:43:48.740 NZL1 U:0 A:0 P:1 H:1 4P:0 N:0
07月12日 15:43:48.740 SPN OK1
07月12日 15:43:48.741 NZL1 U:0 A:0 P:1 H:1 4P:0 N:0
07月12日 15:43:48.741 nzlUpOut
07月12日 15:43:48.742 NZL2 U:0 A:1 N:0
07月12日 15:43:48.742 SPN OK2
07月12日 15:43:48.742 nzlUpOut2
07月12日 15:43:48.743 TRN-NG RET-ORG
07月12日 15:43:48.840 NZL1 U:3 A:0 P:1 H:1 4P:0 N:12
07月12日 15:43:48.840 TR OK1
07月12日 15:43:48.840 NZL2 U:1 A:1 N:1
07月12日 15:43:48.840 TR OK2
07月12日 15:43:48.840 NZ1 OK2
07月12日 15:43:48.842 CHM OK2
07月12日 15:43:49.064 NZ02-STQ S
07月12日 15:43:50.095 NZ02d-STQ E
07月12日 15:43:50.160 NZ02-ORG S
07月12日 15:43:51.081 CUP-UP-E
07月12日 15:43:51.118 SRV:ON-40
07月12日 15:43:51.712 SRV:[RES DATA]-10
07月12日 15:43:51.712 SRV:ON-END
07月12日 15:43:51.752 SRV:ORG ON-42
07月12日 15:43:51.930 SRV:[RES DATA]-11
07月12日 15:43:52.227 SRV:[RES DATA]-13
07月12日 15:43:52.373 SRV:[RES DATA]-12
07月12日 15:43:53.271 SRV:[RES DATA]-10
07月12日 15:43:53.272 SRV:ORG-END
07月12日 15:43:53.272 SRV:OFF- 0
07月12日 15:43:53.859 SRV:[RES DATA]- 0
07月12日 15:43:53.859 SRV:OFF-END
07月12日 15:43:53.905 CUP-DOWN-S
07月12日 15:43:53.934 SHUTTER-CLOSE-S
07月12日 15:43:53.962 SHUTTER-CLOSE-E
07月12日 15:43:55.004 NZ02-ORG E
07月12日 15:43:55.063 NZ02-MOV S
07月12日 15:43:57.520 CUP-DOWN-E
07月12日 15:43:57.758 [VAC]CMD=2
07月12日 15:43:57.758 [VAC]ST=2
07月12日 15:43:59.029 NZ02-MOV E
07月12日 15:43:59.155 NZL1 U:3 A:1 P:1 H:1 4P:1 N:10
07月12日 15:43:59.155 TR NG1
07月12日 15:43:59.155 nzlDownOut
07月12日 15:44:01.351 NZL1 U:1 A:1 P:1 H:1 4P:1 N:1
07月12日 15:44:01.351 TR OK1
07月12日 15:44:01.352 NZ2 OK1
07月12日 15:44:01.352 CHM OK1
07月12日 15:44:01.451 NZL1 U:1 A:1 P:1 H:1 4P:1 N:1
07月12日 15:44:01.451 NZL_ORG_END
07月12日 15:44:01.554 TRN-NG N-SHT-OPEN
07月12日 15:44:01.651 SEND REE[FC=01]
07月12日 15:44:01.755 SEND STT[PN1=01,ST=00]
07月12日 15:44:01.862 SEND STT[PN1=02,ST=00]
07月12日 15:45:20.261 RECV USM[PN1=04,PN2=02,DN1=01,DN2=00]
07月12日 15:45:21.308 RECV USM[PN1=03,PN2=01,DN1=00,DN2=00]
07月12日 15:46:24.066 RECV SOS[FN=02]
07月12日 15:52:22.533 RECV EBR[BF=01]
07月12日 15:54:24.261 RECV EBR[BF=02]
07月12日 15:55:19.016 ***** StartLogging SPIN04.log *****
07月12日 15:55:19.035 spinMain起動 build : Jul 12 2012
07月12日 15:55:19.036 搬送ｱﾄﾞﾚｽｾｯﾄ完了 : ｱﾄﾞﾚｽ = 02
07月12日 15:55:19.036 CVPｱﾄﾞﾚｽｾｯﾄ完了：ｱﾄﾞﾚｽ = 11
07月12日 15:55:19.073 controlTask起動
07月12日 15:55:19.101 messageProc起動
07月12日 15:55:19.118 sendMsgTask起動
07月12日 15:55:19.129 temperatureTask起動
07月12日 15:55:19.143 waferInTask起動
07月12日 15:55:19.147 mainControl20起動
07月12日 15:55:19.158 chemiProcTask起動
07月12日 15:55:19.172 nozzleComTask起動
07月12日 15:55:19.182 nozzle1Task起動
07月12日 15:55:19.204 nozzle2Task起動
07月12日 15:55:19.226 dispenseTask起動
07月12日 15:55:19.230 SEND PWR[FC=02]
07月12日 15:55:19.241 mainControl100起動
07月12日 15:55:19.291 subControl起動
07月12日 15:55:19.293 interruptTask起動
07月12日 15:56:07.922 RECV MDR
07月12日 15:56:08.006 SEND MDT[MN=32]
07月12日 15:56:09.486 RECV MDS
07月12日 15:56:09.493 SRV:INITIAL Start
07月12日 15:56:09.566 TRN-NG N-SHT-OPEN
07月12日 15:56:11.537 RECV SOS[FN=02]
07月12日 15:56:14.610 SRV:INITIAL END
07月12日 15:56:16.757 RECV SOS[FN=04]
07月12日 15:56:17.988 RECV SOS[FN=05]
07月12日 15:56:18.088 RECV SOS[FN=05]
07月12日 15:56:18.705 RECV SOS[FN=06]
07月12日 15:56:21.302 RECV SOS[FN=08]
07月12日 15:56:23.866 RECV SOS[FN=09]
07月12日 15:56:23.957 RECV SOS[FN=09]
07月12日 15:56:29.317 RECV SOS[FN=20]
07月12日 15:56:29.944 RECV SOS[FN=21]
07月12日 15:56:31.102 RECV SOS[FN=25]
07月12日 15:56:41.058 RECV CLR[FC=02]
07月12日 15:56:41.068 CUP-STOP
07月12日 15:56:41.069 SHUTTER-STOP
07月12日 15:56:41.069 [VAC]CMD=4
07月12日 15:56:41.070 E-STOP
07月12日 15:56:41.070 SRV:ALREADY OFF
07月12日 15:56:41.084 [DIS]E-STOP
07月12日 15:56:41.084 [SV-01]RESET-DIS-TIMER
07月12日 15:56:41.084 [SV-02]RESET-DIS-TIMER
07月12日 15:56:41.084 [SV-03]RESET-DIS-TIMER
07月12日 15:56:41.085 [SV-04]RESET-DIS-TIMER
07月12日 15:56:41.085 [SV-05]RESET-DIS-TIMER
07月12日 15:56:41.085 [SV-06]RESET-DIS-TIMER
07月12日 15:56:41.085 [SV-07]RESET-DIS-TIMER
07月12日 15:56:41.085 [SV-08]RESET-DIS-TIMER
07月12日 15:56:41.086 [SV-09]RESET-DIS-TIMER
07月12日 15:56:41.086 [SV-10]RESET-DIS-TIMER
07月12日 15:56:41.086 [SV-11]RESET-DIS-TIMER
07月12日 15:56:41.086 [SV-12]RESET-DIS-TIMER
07月12日 15:56:41.086 [SV-13]RESET-DIS-TIMER
07月12日 15:56:41.086 [SV-14]RESET-DIS-TIMER
07月12日 15:56:41.086 [SV-15]RESET-DIS-TIMER
07月12日 15:56:41.087 [SV-16]RESET-DIS-TIMER
07月12日 15:56:41.087 [SV-17]RESET-DIS-TIMER
07月12日 15:56:41.087 [SV-18]RESET-DIS-TIMER
07月12日 15:56:41.087 [SV-19]RESET-DIS-TIMER
07月12日 15:56:41.087 [SV-20]RESET-DIS-TIMER
07月12日 15:56:41.087 [SV-21]RESET-DIS-TIMER
07月12日 15:56:41.087 [SV-22]RESET-DIS-TIMER
07月12日 15:56:41.087 [SV-23]RESET-DIS-TIMER
07月12日 15:56:41.087 [SV-24]RESET-DIS-TIMER
07月12日 15:56:41.089 SRV:OFF-END
07月12日 15:56:41.089 [UNIT_RST]START
07月12日 15:56:41.097 CUP-STOP
07月12日 15:56:41.098 SHUTTER-STOP
07月12日 15:56:41.098 E-STOP
07月12日 15:56:41.098 SRV:ALREADY OFF
07月12日 15:56:41.124 SRV:OFF-END
07月12日 15:56:42.159 SRV:Non Alarm
07月12日 15:56:42.161 CUP-STOP
07月12日 15:56:42.163 SHUTTER-STOP
07月12日 15:56:42.357 [ETU]SEND WM
07月12日 15:56:42.604 SEND ALO[ALCD=6701,P1=00,P2=00,CF=00]
07月12日 15:56:42.705 SEND ALO[ALCD=8707,P1=00,P2=00,CF=00]
07月12日 15:56:52.867 RECV RET[FC=02]
07月12日 15:56:52.973 nzlUpOut_st
07月12日 15:56:52.974 nzlUpOut2_st
07月12日 15:56:53.077 TRN-NG CHK-WAFER
07月12日 15:56:53.079 [VAC]ST=1
07月12日 15:56:53.174 [VAC]CMD=3
07月12日 15:56:54.372 [VAC]CMD=2
07月12日 15:56:54.372 [VAC]ST=2
07月12日 15:56:54.569 TRN-NG N-SHT-OPEN
07月12日 15:56:54.586 SEND REE[FC=02]
07月12日 15:56:55.569 NODE=3 STATUS=0x 862
07月12日 15:56:55.694 SEND ALO[ALCD=2121,P1=02,P2=00,CF=00]
07月12日 15:56:55.874 [ETU]SEND WM
07月12日 15:56:59.735 RECV RET[FC=01]
07月12日 15:56:59.767 NZL1 U:0 A:0 P:1 H:1 4P:0 N:0
07月12日 15:56:59.768 SPN OK1
07月12日 15:56:59.768 NZL1 U:0 A:0 P:1 H:1 4P:0 N:0
07月12日 15:56:59.768 nzlUpOut
07月12日 15:56:59.768 NZL2 U:0 A:1 N:0
07月12日 15:56:59.768 SPN OK2
07月12日 15:56:59.769 nzlUpOut2
07月12日 15:56:59.769 TRN-NG RET-ORG
07月12日 15:56:59.869 NZL1 U:3 A:0 P:1 H:1 4P:0 N:12
07月12日 15:56:59.870 TR OK1
07月12日 15:56:59.871 NZL2 U:1 A:1 N:1
07月12日 15:56:59.871 TR OK2
07月12日 15:56:59.871 NZ1 OK2
07月12日 15:56:59.871 CHM OK2
07月12日 15:57:00.704 NZ02-STQ S
07月12日 15:57:02.137 CUP-UP-S
07月12日 15:57:02.198 [VAC]ST=1
07月12日 15:57:02.207 [VAC]CMD=3
07月12日 15:57:02.686 NZ02d-STQ E
07月12日 15:57:02.798 NZ02-ORG S
07月12日 15:57:04.364 CUP-UP-E
07月12日 15:57:04.399 SRV:ON-40
07月12日 15:57:05.826 SRV:[RES DATA]-10
07月12日 15:57:05.827 SRV:ON-END
07月12日 15:57:05.868 SRV:ORG ON-42
07月12日 15:57:06.052 SRV:[RES DATA]-11
07月12日 15:57:06.249 SRV:[RES DATA]-13
07月12日 15:57:06.326 SRV:[RES DATA]-12
07月12日 15:57:06.973 NZ02-ORG E
07月12日 15:57:06.997 NZ02-MOV S
07月12日 15:57:07.278 SRV:[RES DATA]-10
07月12日 15:57:07.278 SRV:ORG-END
07月12日 15:57:07.278 SRV:OFF- 0
07月12日 15:57:07.892 SRV:[RES DATA]- 0
07月12日 15:57:07.892 SRV:OFF-END
07月12日 15:57:07.926 CUP-DOWN-S
07月12日 15:57:07.947 SHUTTER-CLOSE-S
07月12日 15:57:07.960 SHUTTER-CLOSE-E
07月12日 15:57:08.677 [ETU]TIMEUP
07月12日 15:57:09.998 CUP-DOWN-E
07月12日 15:57:10.103 NZ02-MOV E
07月12日 15:57:10.179 [VAC]CMD=2
07月12日 15:57:10.179 [VAC]ST=2
07月12日 15:57:10.277 NZL1 U:3 A:1 P:1 H:1 4P:1 N:10
07月12日 15:57:10.277 TR NG1
07月12日 15:57:10.277 nzlDownOut
07月12日 15:57:12.481 NZL1 U:1 A:1 P:1 H:1 4P:1 N:1
07月12日 15:57:12.481 TR OK1
07月12日 15:57:12.481 NZ2 OK1
07月12日 15:57:12.481 CHM OK1
07月12日 15:57:12.578 NZL1 U:1 A:1 P:1 H:1 4P:1 N:1
07月12日 15:57:12.578 NZL_ORG_END
07月12日 15:57:12.681 TRN-NG N-SHT-OPEN
07月12日 15:57:12.744 SEND REE[FC=01]
07月12日 15:57:12.850 SEND STT[PN1=01,ST=00]
07月12日 15:57:12.956 SEND STT[PN1=02,ST=00]
07月12日 15:57:20.636 NODE=3 STATUS=0x 862
07月12日 15:57:21.067 [ETU]SEND WM
07月12日 15:57:54.697 NODE=3 STATUS=0x 862
07月12日 15:57:54.798 [ETU]SEND WM
07月12日 15:57:57.876 RECV USM[PN1=04,PN2=02,DN1=01,DN2=00]
07月12日 15:57:59.360 RECV USM[PN1=03,PN2=01,DN1=00,DN2=00]
07月12日 15:58:18.030 NODE=3 STATUS=0x 862
07月12日 15:58:18.327 [ETU]SEND WM
07月12日 15:58:52.888 NODE=3 STATUS=0x 862
07月12日 15:58:52.988 [ETU]SEND WM
07月12日 15:59:16.648 NODE=3 STATUS=0x 862
07月12日 15:59:17.043 [ETU]SEND WM
07月12日 15:59:50.908 NODE=3 STATUS=0x 862
07月12日 15:59:51.007 [ETU]SEND WM
07月12日 16:00:24.968 NODE=3 STATUS=0x 862
07月12日 16:00:25.070 [ETU]SEND WM
07月12日 16:00:48.108 NODE=3 STATUS=0x 862
07月12日 16:00:48.408 [ETU]SEND WM
07月12日 16:01:12.169 NODE=3 STATUS=0x 862
07月12日 16:01:12.468 [ETU]SEND WM
07月12日 16:01:36.538 NODE=3 STATUS=0x 862
07月12日 16:01:36.841 [ETU]SEND WM
07月12日 16:02:11.368 NODE=3 STATUS=0x 862
07月12日 16:02:11.471 [ETU]SEND WM
07月12日 16:02:34.428 NODE=3 STATUS=0x 862
07月12日 16:02:34.727 [ETU]SEND WM
07月12日 16:02:56.450 NODE=3 STATUS=0x 862
07月12日 16:02:56.747 [ETU]SEND WM
07月12日 16:03:19.308 NODE=3 STATUS=0x 862
07月12日 16:03:19.607 [ETU]SEND WM
07月12日 16:03:42.731 NODE=3 STATUS=0x 862
07月12日 16:03:43.027 [ETU]SEND WM
07月12日 16:04:06.468 NODE=3 STATUS=0x 862
07月12日 16:04:06.767 [ETU]SEND WM
07月12日 16:04:29.597 NODE=3 STATUS=0x 862
07月12日 16:04:29.897 [ETU]SEND WM
07月12日 16:05:04.315 NODE=3 STATUS=0x 862
07月12日 16:05:04.409 [ETU]SEND WM
07月12日 16:05:26.419 NODE=3 STATUS=0x 862
07月12日 16:05:26.719 [ETU]SEND WM
07月12日 16:05:49.427 NODE=3 STATUS=0x 862
07月12日 16:05:49.727 [ETU]SEND WM
07月12日 16:06:11.938 NODE=3 STATUS=0x 862
07月12日 16:06:12.242 [ETU]SEND WM
07月12日 16:06:35.738 NODE=3 STATUS=0x 862
07月12日 16:06:36.037 [ETU]SEND WM
07月12日 16:06:47.927 NODE=3 STATUS=0x 868
07月12日 16:06:47.947 [ETU]SEND WM
07月12日 16:07:09.988 NODE=3 STATUS=0x 862
07月12日 16:07:10.287 [ETU]SEND WM
07月12日 16:07:32.989 NODE=3 STATUS=0x 862
07月12日 16:07:33.287 [ETU]SEND WM
07月12日 16:07:55.358 NODE=3 STATUS=0x 862
07月12日 16:07:55.657 [ETU]SEND WM
07月12日 16:08:18.570 NODE=3 STATUS=0x 862
07月12日 16:08:18.868 [ETU]SEND WM
07月12日 16:08:53.828 NODE=3 STATUS=0x 862
07月12日 16:08:53.929 [ETU]SEND WM
07月12日 16:09:15.988 NODE=3 STATUS=0x 862
07月12日 16:09:17.000 [ETU]SEND WM
07月12日 16:09:39.772 NODE=3 STATUS=0x 862
07月12日 16:09:40.069 [ETU]SEND WM
07月12日 16:10:03.181 NODE=3 STATUS=0x 862
07月12日 16:10:03.404 [ETU]SEND WM
07月12日 16:10:25.567 NODE=3 STATUS=0x 862
07月12日 16:10:25.867 [ETU]SEND WM
07月12日 16:10:48.398 NODE=3 STATUS=0x 862
07月12日 16:10:48.698 [ETU]SEND WM
07月12日 16:10:49.487 RECV SOS[FN=02]
07月12日 16:11:11.068 NODE=3 STATUS=0x 862
07月12日 16:11:11.369 [ETU]SEND WM
07月12日 16:11:26.026 RECV EBR[BF=01]
07月12日 16:11:34.983 NODE=3 STATUS=0x 862
07月12日 16:11:35.278 [ETU]SEND WM
07月12日 16:11:57.931 NODE=3 STATUS=0x 862
07月12日 16:11:58.227 [ETU]SEND WM
07月12日 16:12:20.941 NODE=3 STATUS=0x 862
07月12日 16:12:21.242 [ETU]SEND WM
07月12日 16:12:48.677 RECV EBR[BF=02]
07月12日 16:13:18.890 NODE=3 STATUS=0x 862
07月12日 16:13:19.337 [ETU]SEND WM
07月12日 16:13:41.079 NODE=3 STATUS=0x 862
07月12日 16:13:41.377 [ETU]SEND WM
07月12日 16:14:04.048 NODE=3 STATUS=0x 862
07月12日 16:14:04.348 [ETU]SEND WM
07月12日 16:14:26.407 NODE=3 STATUS=0x 862
07月12日 16:14:26.708 [ETU]SEND WM
07月12日 16:14:49.658 NODE=3 STATUS=0x 862
07月12日 16:14:49.957 [ETU]SEND WM
07月12日 16:15:11.688 NODE=3 STATUS=0x 862
07月12日 16:15:11.989 [ETU]SEND WM
07月12日 16:15:34.798 NODE=3 STATUS=0x 862
07月12日 16:15:35.096 [ETU]SEND WM
07月12日 16:15:56.979 NODE=3 STATUS=0x 862
07月12日 16:15:57.277 [ETU]SEND WM
07月12日 16:16:20.541 NODE=3 STATUS=0x 862
07月12日 16:16:20.843 [ETU]SEND WM
07月12日 16:16:43.883 NODE=3 STATUS=0x 862
07月12日 16:16:44.177 [ETU]SEND WM
07月12日 16:16:59.539 CUP-STOP
07月12日 16:16:59.540 SHUTTER-STOP
07月12日 16:16:59.540 [VAC]CMD=4
07月12日 16:16:59.541 E-STOP
07月12日 16:16:59.541 SRV:ALREADY OFF
07月12日 16:16:59.567 SRV:OFF-END
07月12日 16:16:59.618 [DIS]E-STOP
07月12日 16:16:59.618 [SV-01]RESET-DIS-TIMER
07月12日 16:16:59.619 [SV-02]RESET-DIS-TIMER
07月12日 16:16:59.619 [SV-03]RESET-DIS-TIMER
07月12日 16:16:59.619 [SV-04]RESET-DIS-TIMER
07月12日 16:16:59.619 [SV-05]RESET-DIS-TIMER
07月12日 16:16:59.619 [SV-06]RESET-DIS-TIMER
07月12日 16:16:59.619 [SV-07]RESET-DIS-TIMER
07月12日 16:16:59.620 [SV-08]RESET-DIS-TIMER
07月12日 16:16:59.620 [SV-09]RESET-DIS-TIMER
07月12日 16:16:59.620 [SV-10]RESET-DIS-TIMER
07月12日 16:16:59.620 [SV-11]RESET-DIS-TIMER
07月12日 16:16:59.620 [SV-12]RESET-DIS-TIMER
07月12日 16:16:59.620 [SV-13]RESET-DIS-TIMER
07月12日 16:16:59.620 [SV-14]RESET-DIS-TIMER
07月12日 16:16:59.621 [SV-15]RESET-DIS-TIMER
07月12日 16:16:59.621 [SV-16]RESET-DIS-TIMER
07月12日 16:16:59.621 [SV-17]RESET-DIS-TIMER
07月12日 16:16:59.621 [SV-18]RESET-DIS-TIMER
07月12日 16:16:59.621 [SV-19]RESET-DIS-TIMER
07月12日 16:16:59.621 [SV-20]RESET-DIS-TIMER
07月12日 16:16:59.622 [SV-21]RESET-DIS-TIMER
07月12日 16:16:59.622 [SV-22]RESET-DIS-TIMER
07月12日 16:16:59.623 [SV-23]RESET-DIS-TIMER
07月12日 16:16:59.623 [SV-24]RESET-DIS-TIMER
07月12日 16:16:59.662 SEND ALO[ALCD=0301,P1=00,P2=00,CF=00]
07月12日 16:16:59.663 SEND STT[PN1=01,ST=05]
07月12日 16:17:06.917 NODE=3 STATUS=0x 862
07月12日 16:17:07.218 [ETU]SEND WM
07月12日 16:17:14.752 RECV USM[PN1=03,PN2=01,DN1=00,DN2=00]
07月12日 16:17:16.660 RECV USM[PN1=03,PN2=00,DN1=00,DN2=00]
07月12日 16:17:41.878 NODE=3 STATUS=0x 862
07月12日 16:17:41.977 [ETU]SEND WM
07月12日 16:18:05.278 NODE=3 STATUS=0x 862
07月12日 16:18:05.577 [ETU]SEND WM
07月12日 16:18:27.551 NODE=3 STATUS=0x 862
07月12日 16:18:27.851 [ETU]SEND WM
07月12日 16:19:01.529 NODE=3 STATUS=0x 862
07月12日 16:19:01.627 [ETU]SEND WM
07月12日 16:19:24.238 NODE=3 STATUS=0x 862
07月12日 16:19:24.537 [ETU]SEND WM
07月12日 16:19:46.843 NODE=3 STATUS=0x 862
07月12日 16:19:47.852 [ETU]SEND WM
07月12日 16:20:10.129 NODE=3 STATUS=0x 862
07月12日 16:20:10.427 [ETU]SEND WM
07月12日 16:20:33.289 NODE=3 STATUS=0x 862
07月12日 16:20:33.694 [ETU]SEND WM
07月12日 16:20:57.394 NODE=3 STATUS=0x 862
07月12日 16:20:57.690 [ETU]SEND WM
07月12日 16:21:20.549 NODE=3 STATUS=0x 862
07月12日 16:21:20.847 [ETU]SEND WM
07月12日 16:21:42.759 NODE=3 STATUS=0x 862
07月12日 16:21:43.056 [ETU]SEND WM
07月12日 16:22:05.737 NODE=3 STATUS=0x 862
07月12日 16:22:06.042 [ETU]SEND WM
07月12日 16:22:28.248 NODE=3 STATUS=0x 862
07月12日 16:22:28.548 [ETU]SEND WM
07月12日 16:23:05.777 NODE=3 STATUS=0x 862
07月12日 16:23:05.878 [ETU]SEND WM
07月12日 16:23:39.739 NODE=3 STATUS=0x 862
07月12日 16:23:39.837 [ETU]SEND WM
07月12日 16:24:01.668 NODE=3 STATUS=0x 862
07月12日 16:24:01.968 [ETU]SEND WM
07月12日 16:24:24.872 NODE=3 STATUS=0x 862
07月12日 16:24:25.174 [ETU]SEND WM
07月12日 16:24:48.904 NODE=3 STATUS=0x 862
07月12日 16:24:49.285 [ETU]SEND WM
07月12日 16:25:12.798 NODE=3 STATUS=0x 862
07月12日 16:25:13.098 [ETU]SEND WM
07月12日 16:25:35.835 NODE=3 STATUS=0x 862
07月12日 16:25:36.127 [ETU]SEND WM
07月12日 16:26:06.178 NODE=3 STATUS=0x 862
07月12日 16:26:06.476 [ETU]SEND WM
07月12日 16:26:38.068 NODE=3 STATUS=0x 862
07月12日 16:26:38.367 [ETU]SEND WM
07月12日 16:27:10.240 NODE=3 STATUS=0x 862
07月12日 16:27:10.540 [ETU]SEND WM
07月12日 16:27:58.187 NODE=3 STATUS=0x 862
07月12日 16:27:58.287 [ETU]SEND WM
07月12日 16:28:45.852 NODE=3 STATUS=0x 862
07月12日 16:28:45.950 [ETU]SEND WM
07月12日 16:29:18.448 NODE=3 STATUS=0x 862
07月12日 16:29:18.874 [ETU]SEND WM
07月12日 16:29:44.186 RECV EBR[BF=01]
07月12日 16:29:52.209 NODE=3 STATUS=0x 862
07月12日 16:29:52.507 [ETU]SEND WM
07月12日 16:30:28.132 NODE=3 STATUS=0x 862
07月12日 16:30:28.427 [ETU]SEND WM
07月12日 16:31:17.791 NODE=3 STATUS=0x 862
07月12日 16:31:18.499 [ETU]SEND WM
07月12日 16:31:18.963 RECV EBR[BF=02]
07月12日 16:31:52.039 NODE=3 STATUS=0x 862
07月12日 16:31:52.337 [ETU]SEND WM
07月12日 16:32:25.403 NODE=3 STATUS=0x 862
07月12日 16:32:25.696 [ETU]SEND WM
07月12日 16:32:51.925 RECV EBR[BF=01]
07月12日 16:32:56.372 NODE=3 STATUS=0x 862
07月12日 16:32:56.677 [ETU]SEND WM
07月12日 16:33:44.009 NODE=3 STATUS=0x 862
07月12日 16:33:44.108 [ETU]SEND WM
07月12日 16:34:15.768 NODE=3 STATUS=0x 862
07月12日 16:34:16.067 [ETU]SEND WM
07月12日 16:34:47.758 NODE=3 STATUS=0x 862
07月12日 16:34:48.057 [ETU]SEND WM
07月12日 16:35:15.838 RECV EBR[BF=02]
07月12日 16:36:08.854 NODE=3 STATUS=0x 862
07月12日 16:36:09.322 [ETU]SEND WM
07月12日 16:36:41.028 NODE=3 STATUS=0x 862
07月12日 16:36:41.328 [ETU]SEND WM
07月12日 16:37:12.866 NODE=3 STATUS=0x 862
07月12日 16:37:13.158 [ETU]SEND WM
07月12日 16:37:44.717 NODE=3 STATUS=0x 862
07月12日 16:37:45.017 [ETU]SEND WM
07月12日 16:38:16.629 NODE=3 STATUS=0x 862
07月12日 16:38:16.928 [ETU]SEND WM
07月12日 16:38:48.334 NODE=3 STATUS=0x 862
07月12日 16:38:49.290 [ETU]SEND WM
07月12日 16:39:04.663 NODE=3 STATUS=0x 868
07月12日 16:39:05.277 [ETU]SEND WM
07月12日 16:39:36.689 NODE=3 STATUS=0x 862
07月12日 16:39:36.992 [ETU]SEND WM
07月12日 16:40:08.531 NODE=3 STATUS=0x 862
07月12日 16:40:08.831 [ETU]SEND WM
07月12日 16:40:40.564 NODE=3 STATUS=0x 862
07月12日 16:40:40.862 [ETU]SEND WM
07月12日 16:41:12.138 NODE=3 STATUS=0x 862
07月12日 16:41:12.437 [ETU]SEND WM
07月12日 16:41:43.860 NODE=3 STATUS=0x 862
07月12日 16:41:44.161 [ETU]SEND WM
07月12日 16:42:31.807 NODE=3 STATUS=0x 862
07月12日 16:42:31.906 [ETU]SEND WM
07月12日 16:43:03.485 NODE=3 STATUS=0x 862
07月12日 16:43:03.782 [ETU]SEND WM
07月12日 16:43:07.734 RECV EBR[BF=01]
07月12日 16:43:42.641 RECV ARS[ALCD=0301,CF=00,GN=00]
07月12日 16:43:42.743 [UNIT_RST]START
07月12日 16:43:42.800 SEND ARA[ALCD=0301,ST=00]
07月12日 16:43:42.800 SEND STT[PN1=01,ST=00]
07月12日 16:43:43.160 [UNIT_RST]MECHA STP
07月12日 16:43:43.238 SRV:Non Alarm
07月12日 16:43:43.339 SRV:RESET OK
07月12日 16:43:43.539 [MECHA_RST]START
07月12日 16:43:43.753 [VAC]ST=1
07月12日 16:43:43.839 [VAC]CMD=3
07月12日 16:43:45.044 SRV:ON-40
07月12日 16:43:45.140 SRV:ON-40
07月12日 16:43:45.239 SRV:ON-40
07月12日 16:43:45.339 SRV:ON-40
07月12日 16:43:45.438 SRV:ON-40
07月12日 16:43:45.541 SRV:[RES DATA]-10
07月12日 16:43:45.646 SRV:ORG ON-42
07月12日 16:43:45.818 SRV:[RES DATA]-11
07月12日 16:43:46.046 SRV:[RES DATA]-13
07月12日 16:43:46.121 SRV:[RES DATA]-12
07月12日 16:43:47.003 SRV:[RES DATA]-10
07月12日 16:43:47.039 SRV:ORG-END
07月12日 16:43:47.139 CUP-DOWN-S
07月12日 16:43:47.140 SHUTTER-CLOSE-S
07月12日 16:43:47.140 [VAC]CMD=2
07月12日 16:43:47.140 [VAC]ST=2
07月12日 16:43:47.141 SRV:OFF- 0
07月12日 16:43:47.178 CUP-DOWN-E
07月12日 16:43:47.178 SHUTTER-CLOSE-E
07月12日 16:43:47.590 SRV:[RES DATA]- 0
07月12日 16:43:47.639 SRV:OFF-END
07月12日 16:43:47.639 [MECHA_RST]END
07月12日 16:43:47.639 [UNIT_RST]MECHA RST
07月12日 16:43:47.837 TRN-NG CHK-WAFER
07月12日 16:43:47.854 [VAC]ST=1
07月12日 16:43:47.939 [VAC]CMD=3
07月12日 16:43:49.832 [VAC]CMD=2
07月12日 16:43:49.832 [VAC]ST=2
07月12日 16:43:49.960 [UNIT_RST]END
07月12日 16:43:50.090 TRN-NG N-SHT-OPEN
07月12日 16:43:53.095 NODE=3 STATUS=0x 862
07月12日 16:43:53.197 [ETU]SEND WM
07月12日 16:44:24.878 NODE=3 STATUS=0x 862
07月12日 16:44:25.178 [ETU]SEND WM
07月12日 16:44:57.047 NODE=3 STATUS=0x 862
07月12日 16:44:57.351 [ETU]SEND WM
07月12日 16:45:28.799 NODE=3 STATUS=0x 862
07月12日 16:45:29.107 [ETU]SEND WM
07月12日 16:46:00.640 NODE=3 STATUS=0x 862
07月12日 16:46:00.946 [ETU]SEND WM
07月12日 16:46:48.487 NODE=3 STATUS=0x 862
07月12日 16:46:48.588 [ETU]SEND WM
