07月12日 13:56:33.932 ***** StartLogging SPIN03.log *****
07月12日 13:56:33.943 spinMain起動 build : Jul 12 2012
07月12日 13:56:33.954 搬送ｱﾄﾞﾚｽｾｯﾄ完了 : ｱﾄﾞﾚｽ = 02
07月12日 13:56:33.954 CVPｱﾄﾞﾚｽｾｯﾄ完了：ｱﾄﾞﾚｽ = 11
07月12日 13:56:33.997 controlTask起動
07月12日 13:56:34.007 messageProc起動
07月12日 13:56:34.024 sendMsgTask起動
07月12日 13:56:34.040 temperatureTask起動
07月12日 13:56:34.052 waferInTask起動
07月12日 13:56:34.065 mainControl20起動
07月12日 13:56:34.075 chemiProcTask起動
07月12日 13:56:34.089 nozzleComTask起動
07月12日 13:56:34.101 nozzle1Task起動
07月12日 13:56:34.117 nozzle2Task起動
07月12日 13:56:34.130 dispenseTask起動
07月12日 13:56:34.131 SEND PWR[FC=02]
07月12日 13:56:34.144 mainControl100起動
07月12日 13:56:34.215 subControl起動
07月12日 13:56:34.218 interruptTask起動
07月12日 13:57:35.251 RECV MDR
07月12日 13:57:35.331 SEND MDT[MN=32]
07月12日 13:57:36.752 RECV MDS
07月12日 13:57:36.764 SRV:INITIAL Start
07月12日 13:57:36.801 TRN-NG N-SHT-OPEN
07月12日 13:57:38.678 RECV SOS[FN=02]
07月12日 13:57:41.976 SRV:INITIAL END
07月12日 13:57:43.797 RECV SOS[FN=04]
07月12日 13:57:45.362 RECV SOS[FN=05]
07月12日 13:57:45.456 RECV SOS[FN=05]
07月12日 13:57:46.178 RECV SOS[FN=06]
07月12日 13:57:49.003 RECV SOS[FN=08]
07月12日 13:57:51.115 RECV SOS[FN=09]
07月12日 13:57:51.223 RECV SOS[FN=09]
07月12日 13:57:56.665 RECV SOS[FN=20]
07月12日 13:57:57.911 RECV SOS[FN=21]
07月12日 13:57:58.805 RECV SOS[FN=25]
07月12日 13:58:07.807 RECV CLR[FC=02]
07月12日 13:58:07.823 CUP-STOP
07月12日 13:58:07.824 SHUTTER-STOP
07月12日 13:58:07.824 [VAC]CMD=4
07月12日 13:58:07.825 E-STOP
07月12日 13:58:07.825 SRV:ALREADY OFF
07月12日 13:58:07.842 SRV:OFF-END
07月12日 13:58:07.881 [DIS]E-STOP
07月12日 13:58:07.881 [SV-01]RESET-DIS-TIMER
07月12日 13:58:07.881 [SV-02]RESET-DIS-TIMER
07月12日 13:58:07.881 [SV-03]RESET-DIS-TIMER
07月12日 13:58:07.882 [SV-04]RESET-DIS-TIMER
07月12日 13:58:07.882 [SV-05]RESET-DIS-TIMER
07月12日 13:58:07.882 [SV-06]RESET-DIS-TIMER
07月12日 13:58:07.882 [SV-07]RESET-DIS-TIMER
07月12日 13:58:07.882 [SV-08]RESET-DIS-TIMER
07月12日 13:58:07.882 [SV-09]RESET-DIS-TIMER
07月12日 13:58:07.883 [SV-10]RESET-DIS-TIMER
07月12日 13:58:07.883 [SV-11]RESET-DIS-TIMER
07月12日 13:58:07.883 [SV-12]RESET-DIS-TIMER
07月12日 13:58:07.883 [SV-13]RESET-DIS-TIMER
07月12日 13:58:07.883 [SV-14]RESET-DIS-TIMER
07月12日 13:58:07.883 [SV-15]RESET-DIS-TIMER
07月12日 13:58:07.884 [SV-16]RESET-DIS-TIMER
07月12日 13:58:07.884 [SV-17]RESET-DIS-TIMER
07月12日 13:58:07.884 [SV-18]RESET-DIS-TIMER
07月12日 13:58:07.884 [SV-19]RESET-DIS-TIMER
07月12日 13:58:07.884 [SV-20]RESET-DIS-TIMER
07月12日 13:58:07.884 [SV-21]RESET-DIS-TIMER
07月12日 13:58:07.885 [SV-22]RESET-DIS-TIMER
07月12日 13:58:07.885 [SV-23]RESET-DIS-TIMER
07月12日 13:58:07.885 [SV-24]RESET-DIS-TIMER
07月12日 13:58:07.886 [UNIT_RST]START
07月12日 13:58:08.902 SRV:Non Alarm
07月12日 13:58:08.903 CUP-STOP
07月12日 13:58:08.904 SHUTTER-STOP
07月12日 13:58:09.106 [ETU]SEND WM
07月12日 13:58:09.334 SEND ALO[ALCD=6701,P1=00,P2=00,CF=00]
07月12日 13:58:09.439 SEND ALO[ALCD=8707,P1=00,P2=00,CF=00]
07月12日 13:58:21.218 NODE=2 STATUS=0x 860
07月12日 13:58:21.412 SEND ALO[ALCD=2121,P1=06,P2=00,CF=00]
07月12日 13:58:21.504 [ETU]SEND WM
07月12日 13:58:32.047 RECV RET[FC=02]
07月12日 13:58:32.201 nzlUpOut_st
07月12日 13:58:32.202 nzlUpOut2_st
07月12日 13:58:32.297 TRN-NG CHK-WAFER
07月12日 13:58:32.379 [VAC]ST=1
07月12日 13:58:32.401 [VAC]CMD=3
07月12日 13:58:33.602 [VAC]CMD=2
07月12日 13:58:33.602 [VAC]ST=2
07月12日 13:58:33.797 TRN-NG N-SHT-OPEN
07月12日 13:58:33.933 SEND REE[FC=02]
07月12日 13:58:40.533 RECV RET[FC=01]
07月12日 13:58:40.901 NZL1 U:0 A:0 P:1 H:1 4P:0 N:0
07月12日 13:58:40.901 SPN OK1
07月12日 13:58:40.901 NZL1 U:0 A:0 P:1 H:1 4P:0 N:0
07月12日 13:58:40.901 nzlUpOut
07月12日 13:58:40.902 NZL2 U:0 A:1 N:0
07月12日 13:58:40.902 SPN OK2
07月12日 13:58:40.902 nzlUpOut2
07月12日 13:58:40.903 TRN-NG RET-ORG
07月12日 13:58:41.044 NZL1 U:3 A:0 P:1 H:1 4P:0 N:12
07月12日 13:58:41.044 TR OK1
07月12日 13:58:41.067 NZL2 U:1 A:1 N:1
07月12日 13:58:41.067 TR OK2
07月12日 13:58:41.067 NZ1 OK2
07月12日 13:58:41.068 CHM OK2
07月12日 13:58:41.216 NZ02-STQ S
07月12日 13:58:41.506 CUP-UP-S
07月12日 13:58:41.543 [VAC]ST=1
07月12日 13:58:41.551 [VAC]CMD=3
07月12日 13:58:42.465 NZ02d-STQ E
07月12日 13:58:42.516 NZ02-ORG S
07月12日 13:58:44.237 CUP-UP-E
07月12日 13:58:44.275 SRV:ON-40
07月12日 13:58:46.220 SRV:[RES DATA]-10
07月12日 13:58:46.220 SRV:ON-END
07月12日 13:58:46.280 SRV:ORG ON-42
07月12日 13:58:46.364 SRV:[RES DATA]-11
07月12日 13:58:46.669 SRV:[RES DATA]-13
07月12日 13:58:46.879 SRV:[RES DATA]-12
07月12日 13:58:47.720 SRV:[RES DATA]-10
07月12日 13:58:47.720 SRV:ORG-END
07月12日 13:58:47.745 SRV:OFF- 0
07月12日 13:58:48.103 NZ02-ORG E
07月12日 13:58:48.218 NZ02-MOV S
07月12日 13:58:48.280 SRV:[RES DATA]- 0
07月12日 13:58:48.280 SRV:OFF-END
07月12日 13:58:48.328 CUP-DOWN-S
07月12日 13:58:48.380 SHUTTER-CLOSE-S
07月12日 13:58:48.438 SHUTTER-CLOSE-E
07月12日 13:58:51.256 CUP-DOWN-E
07月12日 13:58:51.369 NZ02-MOV E
07月12日 13:58:51.400 [VAC]CMD=2
07月12日 13:58:51.400 [VAC]ST=2
07月12日 13:58:51.497 NZL1 U:3 A:1 P:1 H:1 4P:1 N:10
07月12日 13:58:51.497 TR NG1
07月12日 13:58:51.497 nzlDownOut
07月12日 13:58:54.213 NZL1 U:1 A:1 P:1 H:1 4P:1 N:1
07月12日 13:58:54.214 TR OK1
07月12日 13:58:54.214 NZ2 OK1
07月12日 13:58:54.214 CHM OK1
07月12日 13:58:54.296 NZL1 U:1 A:1 P:1 H:1 4P:1 N:1
07月12日 13:58:54.296 NZL_ORG_END
07月12日 13:58:54.500 TRN-NG N-SHT-OPEN
07月12日 13:58:54.951 SEND REE[FC=01]
07月12日 13:58:55.353 SEND STT[PN1=01,ST=00]
07月12日 13:58:55.656 SEND STT[PN1=02,ST=00]
07月12日 13:59:28.424 NODE=2 STATUS=0x 860
07月12日 13:59:28.527 [ETU]SEND WM
07月12日 13:59:29.329 RECV USM[PN1=04,PN2=02,DN1=01,DN2=00]
07月12日 13:59:30.597 RECV USM[PN1=03,PN2=01,DN1=00,DN2=00]
07月12日 13:59:49.734 NODE=2 STATUS=0x 860
07月12日 13:59:50.016 [ETU]SEND WM
07月12日 13:59:59.556 RECV USM[PN1=03,PN2=01,DN1=00,DN2=00]
07月12日 14:00:11.825 NODE=2 STATUS=0x 860
07月12日 14:00:11.926 [ETU]SEND WM
07月12日 14:00:33.125 NODE=2 STATUS=0x 860
07月12日 14:00:33.415 [ETU]SEND WM
07月12日 14:00:46.199 RECV USM[PN1=03,PN2=00,DN1=00,DN2=00]
07月12日 14:00:54.735 NODE=2 STATUS=0x 860
07月12日 14:00:54.831 [ETU]SEND WM
07月12日 14:01:07.523 [ETU]TIMEUP
07月12日 14:01:20.021 [ETU]TIMEUP
07月12日 14:01:22.222 [ETU]TIMEUP
07月12日 14:01:24.416 [ETU]TIMEUP
07月12日 14:01:26.622 [ETU]TIMEUP
07月12日 14:01:29.024 [ETU]TIMEUP
07月12日 14:01:31.224 [ETU]TIMEUP
07月12日 14:02:25.542 NODE=2 STATUS=0x 860
07月12日 14:02:26.031 [ETU]SEND WM
07月12日 14:02:48.031 NODE=2 STATUS=0x 860
07月12日 14:02:48.333 [ETU]SEND WM
07月12日 14:03:00.919 NODE=2 STATUS=0x 860
07月12日 14:03:01.424 [ETU]SEND WM
07月12日 14:03:17.550 RECV USM[PN1=03,PN2=01,DN1=00,DN2=00]
07月12日 14:03:27.329 NODE=2 STATUS=0x 860
07月12日 14:03:27.428 [ETU]SEND WM
07月12日 14:03:44.659 RECV USM[PN1=03,PN2=00,DN1=00,DN2=00]
07月12日 14:04:27.511 NODE=2 STATUS=0x 860
07月12日 14:04:27.960 [ETU]SEND WM
07月12日 14:04:50.365 NODE=2 STATUS=0x 860
07月12日 14:04:50.465 [ETU]SEND WM
07月12日 14:05:12.590 NODE=2 STATUS=0x 860
07月12日 14:05:12.886 [ETU]SEND WM
07月12日 14:05:17.670 RECV EBR[BF=01]
07月12日 14:05:18.100 RECV SPD[GN=00,RN=01,SN=01,NT=000000]
07月12日 14:05:18.196 RECV USM[PN1=04,PN2=02,DN1=01,DN2=00]
07月12日 14:05:18.200 SEND PSC[GN=00,RN=01]
07月12日 14:05:18.285 RECV EBR[BF=01]
07月12日 14:05:18.390 [ETU]SEND WS
07月12日 14:05:18.401 SEND ALO[ALCD=2111,P1=00,P2=00,CF=00]
07月12日 14:05:18.401 SEND STT[PN1=01,ST=03]
07月12日 14:05:18.787 [ETU]SEND WB
07月12日 14:05:35.591 RECV USM[PN1=03,PN2=01,DN1=00,DN2=00]
07月12日 14:05:49.890 NODE=2 STATUS=0x 860
07月12日 14:05:49.993 [ETU]SEND WM
07月12日 14:06:12.104 NODE=2 STATUS=0x 860
07月12日 14:06:12.386 [ETU]SEND WM
07月12日 14:06:33.689 NODE=2 STATUS=0x 860
07月12日 14:06:33.789 [ETU]SEND WM
07月12日 14:06:54.987 NODE=2 STATUS=0x 860
07月12日 14:06:55.286 [ETU]SEND WM
07月12日 14:07:06.082 RECV USM[PN1=03,PN2=00,DN1=00,DN2=00]
07月12日 14:07:16.390 NODE=2 STATUS=0x 860
07月12日 14:07:16.686 [ETU]SEND WM
07月12日 14:08:03.887 NODE=2 STATUS=0x 860
07月12日 14:08:03.986 [ETU]SEND WM
07月12日 14:08:28.188 NODE=2 STATUS=0x 860
07月12日 14:08:28.486 [ETU]SEND WM
07月12日 14:08:32.231 RECV USM[PN1=03,PN2=01,DN1=00,DN2=00]
07月12日 14:09:00.590 NODE=2 STATUS=0x 860
07月12日 14:09:00.686 [ETU]SEND WM
07月12日 14:09:04.161 RECV USM[PN1=03,PN2=00,DN1=00,DN2=00]
07月12日 14:09:21.887 NODE=2 STATUS=0x 860
07月12日 14:09:22.185 [ETU]SEND WM
07月12日 14:09:54.887 NODE=2 STATUS=0x 860
07月12日 14:09:54.993 [ETU]SEND WM
07月12日 14:10:17.105 NODE=2 STATUS=0x 860
07月12日 14:10:17.386 [ETU]SEND WM
07月12日 14:11:00.093 NODE=2 STATUS=0x 860
07月12日 14:11:00.187 [ETU]SEND WM
07月12日 14:11:20.342 RECV USM[PN1=03,PN2=01,DN1=00,DN2=00]
07月12日 14:11:32.393 NODE=2 STATUS=0x 860
07月12日 14:11:32.487 [ETU]SEND WM
07月12日 14:12:04.690 NODE=2 STATUS=0x 860
07月12日 14:12:04.787 [ETU]SEND WM
07月12日 14:12:15.476 NODE=2 STATUS=0x 860
07月12日 14:12:15.886 [ETU]SEND WM
07月12日 14:12:27.136 NODE=2 STATUS=0x 860
07月12日 14:12:27.590 [ETU]SEND WM
07月12日 14:13:11.751 NODE=2 STATUS=0x 860
07月12日 14:13:11.896 NODE=2 STATUS=0x 862
07月12日 14:13:12.186 [ETU]SEND WM
07月12日 14:13:33.789 NODE=2 STATUS=0x 860
07月12日 14:13:34.096 [ETU]SEND WM
07月12日 14:13:58.290 NODE=2 STATUS=0x 860
07月12日 14:13:58.597 [ETU]SEND WM
07月12日 14:14:20.187 NODE=2 STATUS=0x 860
07月12日 14:14:20.485 [ETU]SEND WM
07月12日 14:14:41.596 NODE=2 STATUS=0x 860
07月12日 14:14:41.897 [ETU]SEND WM
07月12日 14:15:05.475 NODE=2 STATUS=0x 860
07月12日 14:15:05.773 [ETU]SEND WM
07月12日 14:15:40.274 NODE=2 STATUS=0x 860
07月12日 14:15:40.366 [ETU]SEND WM
07月12日 14:16:04.684 NODE=2 STATUS=0x 860
07月12日 14:16:04.976 [ETU]SEND WM
07月12日 14:16:26.176 NODE=2 STATUS=0x 860
07月12日 14:16:26.472 [ETU]SEND WM
07月12日 14:16:36.734 NODE=2 STATUS=0x 862
07月12日 14:16:37.175 [ETU]SEND WM
07月12日 14:16:58.271 NODE=2 STATUS=0x 860
07月12日 14:16:58.565 [ETU]SEND WM
07月12日 14:17:08.965 NODE=2 STATUS=0x 860
07月12日 14:17:09.366 [ETU]SEND WM
07月12日 14:18:05.087 RECV USM[PN1=03,PN2=00,DN1=00,DN2=00]
07月12日 14:18:07.877 NODE=2 STATUS=0x 860
07月12日 14:18:08.366 [ETU]SEND WM
07月12日 14:18:28.464 RECV USM[PN1=03,PN2=01,DN1=00,DN2=00]
07月12日 14:18:29.781 NODE=2 STATUS=0x 860
07月12日 14:18:30.070 [ETU]SEND WM
07月12日 14:18:51.277 NODE=2 STATUS=0x 860
07月12日 14:18:51.566 [ETU]SEND WM
07月12日 14:19:46.233 NODE=2 STATUS=0x 860
07月12日 14:19:46.387 NODE=2 STATUS=0x 862
07月12日 14:19:46.679 [ETU]SEND WM
07月12日 14:20:07.987 NODE=2 STATUS=0x 860
07月12日 14:20:08.082 [ETU]SEND WM
07月12日 14:20:18.331 NODE=2 STATUS=0x 862
07月12日 14:20:18.776 [ETU]SEND WM
07月12日 14:20:22.605 RECV USM[PN1=03,PN2=00,DN1=00,DN2=00]
07月12日 14:21:22.365 RECV USM[PN1=03,PN2=01,DN1=00,DN2=00]
07月12日 14:21:38.181 NODE=2 STATUS=0x 860
07月12日 14:21:38.276 [ETU]SEND WM
07月12日 14:22:00.476 NODE=2 STATUS=0x 860
07月12日 14:22:00.776 [ETU]SEND WM
07月12日 14:22:33.677 NODE=2 STATUS=0x 860
07月12日 14:22:33.775 [ETU]SEND WM
07月12日 14:22:45.117 NODE=2 STATUS=0x 860
07月12日 14:22:45.587 [ETU]SEND WM
07月12日 14:23:30.886 NODE=2 STATUS=0x 860
07月12日 14:23:31.176 [ETU]SEND WM
07月12日 14:23:55.482 NODE=2 STATUS=0x 860
07月12日 14:23:55.783 [ETU]SEND WM
07月12日 14:24:16.881 NODE=2 STATUS=0x 860
07月12日 14:24:17.183 [ETU]SEND WM
07月12日 14:24:38.378 NODE=2 STATUS=0x 860
07月12日 14:24:38.676 [ETU]SEND WM
07月12日 14:24:48.977 NODE=2 STATUS=0x 860
07月12日 14:24:49.397 [ETU]SEND WM
07月12日 14:25:10.913 NODE=2 STATUS=0x 860
07月12日 14:25:11.011 [ETU]SEND WM
07月12日 14:25:33.009 NODE=2 STATUS=0x 860
07月12日 14:25:33.301 [ETU]SEND WM
07月12日 14:25:55.307 NODE=2 STATUS=0x 860
07月12日 14:25:55.601 [ETU]SEND WM
07月12日 14:26:16.709 NODE=2 STATUS=0x 860
07月12日 14:26:16.996 [ETU]SEND WM
07月12日 14:26:49.597 NODE=2 STATUS=0x 860
07月12日 14:26:49.699 [ETU]SEND WM
07月12日 14:27:22.409 NODE=2 STATUS=0x 860
07月12日 14:27:22.502 [ETU]SEND WM
07月12日 14:27:34.696 [ETU]TIMEUP
07月12日 14:27:36.896 [ETU]TIMEUP
07月12日 14:27:39.100 [ETU]TIMEUP
07月12日 14:27:41.298 [ETU]TIMEUP
07月12日 14:28:02.098 [ETU]TIMEUP
07月12日 14:28:04.297 [ETU]TIMEUP
07月12日 14:28:17.197 [ETU]TIMEUP
07月12日 14:28:19.401 [ETU]TIMEUP
07月12日 14:28:32.297 [ETU]TIMEUP
07月12日 14:28:34.495 [ETU]TIMEUP
07月12日 14:28:47.496 [ETU]TIMEUP
07月12日 14:28:49.696 [ETU]TIMEUP
07月12日 14:29:02.595 [ETU]TIMEUP
07月12日 14:29:04.796 [ETU]TIMEUP
07月12日 14:29:17.698 [ETU]TIMEUP
07月12日 14:29:19.895 [ETU]TIMEUP
07月12日 14:29:32.795 [ETU]TIMEUP
07月12日 14:29:35.004 [ETU]TIMEUP
07月12日 14:29:47.898 [ETU]TIMEUP
07月12日 14:29:50.096 [ETU]TIMEUP
07月12日 14:30:03.002 [ETU]TIMEUP
07月12日 14:30:05.195 [ETU]TIMEUP
07月12日 14:30:07.396 [ETU]TIMEUP
07月12日 14:30:09.599 [ETU]TIMEUP
07月12日 14:30:11.804 [ETU]TIMEUP
07月12日 14:30:13.996 [ETU]TIMEUP
07月12日 14:30:16.196 [ETU]TIMEUP
07月12日 14:30:18.400 [ETU]TIMEUP
07月12日 14:30:20.597 [ETU]TIMEUP
07月12日 14:30:22.797 [ETU]TIMEUP
07月12日 14:30:25.403 [ETU]TIMEUP
07月12日 14:30:27.603 [ETU]TIMEUP
07月12日 14:30:29.803 [ETU]TIMEUP
07月12日 14:30:42.299 [ETU]TIMEUP
07月12日 14:30:53.614 RECV USM[PN1=03,PN2=00,DN1=00,DN2=00]
07月12日 14:30:55.295 [ETU]TIMEUP
07月12日 14:31:05.681 RECV CLR[FC=02]
07月12日 14:31:05.708 CUP-STOP
07月12日 14:31:05.710 SHUTTER-STOP
07月12日 14:31:05.710 [VAC]CMD=4
07月12日 14:31:05.710 E-STOP
07月12日 14:31:05.711 SRV:ALREADY OFF
07月12日 14:31:05.731 [DIS]E-STOP
07月12日 14:31:05.731 [SV-01]RESET-DIS-TIMER
07月12日 14:31:05.731 [SV-02]RESET-DIS-TIMER
07月12日 14:31:05.731 [SV-03]RESET-DIS-TIMER
07月12日 14:31:05.732 [SV-04]RESET-DIS-TIMER
07月12日 14:31:05.732 [SV-05]RESET-DIS-TIMER
07月12日 14:31:05.732 [SV-06]RESET-DIS-TIMER
07月12日 14:31:05.732 [SV-07]RESET-DIS-TIMER
07月12日 14:31:05.732 [SV-08]RESET-DIS-TIMER
07月12日 14:31:05.732 [SV-09]RESET-DIS-TIMER
07月12日 14:31:05.732 [SV-10]RESET-DIS-TIMER
07月12日 14:31:05.732 [SV-11]RESET-DIS-TIMER
07月12日 14:31:05.733 [SV-12]RESET-DIS-TIMER
07月12日 14:31:05.733 [SV-13]RESET-DIS-TIMER
07月12日 14:31:05.733 [SV-14]RESET-DIS-TIMER
07月12日 14:31:05.734 [SV-15]RESET-DIS-TIMER
07月12日 14:31:05.734 [SV-16]RESET-DIS-TIMER
07月12日 14:31:05.734 [SV-17]RESET-DIS-TIMER
07月12日 14:31:05.734 [SV-18]RESET-DIS-TIMER
07月12日 14:31:05.734 [SV-19]RESET-DIS-TIMER
07月12日 14:31:05.734 [SV-20]RESET-DIS-TIMER
07月12日 14:31:05.734 [SV-21]RESET-DIS-TIMER
07月12日 14:31:05.734 [SV-22]RESET-DIS-TIMER
07月12日 14:31:05.735 [SV-23]RESET-DIS-TIMER
07月12日 14:31:05.735 [SV-24]RESET-DIS-TIMER
07月12日 14:31:05.736 SRV:OFF-END
07月12日 14:31:05.737 [UNIT_RST]START
07月12日 14:31:05.754 CUP-STOP
07月12日 14:31:05.754 SHUTTER-STOP
07月12日 14:31:05.755 E-STOP
07月12日 14:31:05.756 SRV:ALREADY OFF
07月12日 14:31:05.777 SRV:OFF-END
07月12日 14:31:05.831 [DIS]E-STOP
07月12日 14:31:05.831 [SV-01]RESET-DIS-TIMER
07月12日 14:31:05.831 [SV-02]RESET-DIS-TIMER
07月12日 14:31:05.831 [SV-03]RESET-DIS-TIMER
07月12日 14:31:05.831 [SV-04]RESET-DIS-TIMER
07月12日 14:31:05.831 [SV-05]RESET-DIS-TIMER
07月12日 14:31:05.831 [SV-06]RESET-DIS-TIMER
07月12日 14:31:05.833 [SV-07]RESET-DIS-TIMER
07月12日 14:31:05.833 [SV-08]RESET-DIS-TIMER
07月12日 14:31:05.833 [SV-09]RESET-DIS-TIMER
07月12日 14:31:05.833 [SV-10]RESET-DIS-TIMER
07月12日 14:31:05.833 [SV-11]RESET-DIS-TIMER
07月12日 14:31:05.833 [SV-12]RESET-DIS-TIMER
07月12日 14:31:05.833 [SV-13]RESET-DIS-TIMER
07月12日 14:31:05.834 [SV-14]RESET-DIS-TIMER
07月12日 14:31:05.834 [SV-15]RESET-DIS-TIMER
07月12日 14:31:05.834 [SV-16]RESET-DIS-TIMER
07月12日 14:31:05.834 [SV-17]RESET-DIS-TIMER
07月12日 14:31:05.834 [SV-18]RESET-DIS-TIMER
07月12日 14:31:05.834 [SV-19]RESET-DIS-TIMER
07月12日 14:31:05.834 [SV-20]RESET-DIS-TIMER
07月12日 14:31:05.835 [SV-21]RESET-DIS-TIMER
07月12日 14:31:05.835 [SV-22]RESET-DIS-TIMER
07月12日 14:31:05.835 [SV-23]RESET-DIS-TIMER
07月12日 14:31:05.835 [SV-24]RESET-DIS-TIMER
07月12日 14:31:06.859 SRV:Non Alarm
07月12日 14:31:06.860 CUP-STOP
07月12日 14:31:06.860 SHUTTER-STOP
07月12日 14:31:06.959 [ETU]SEND WM
07月12日 14:31:07.160 [ETU]SEND WS
07月12日 14:31:07.215 SEND ALO[ALCD=6701,P1=00,P2=00,CF=00]
07月12日 14:31:07.319 SEND ALO[ALCD=8707,P1=00,P2=00,CF=00]
07月12日 14:31:09.256 [ETU]SEND WB
07月12日 14:31:17.203 RECV RET[FC=02]
07月12日 14:31:17.359 nzlUpOut
07月12日 14:31:17.360 nzlUpOut2
07月12日 14:31:17.457 TRN-NG CHK-WAFER
07月12日 14:31:17.461 [VAC]ST=1
07月12日 14:31:17.557 [VAC]CMD=3
07月12日 14:31:18.757 [VAC]CMD=2
07月12日 14:31:18.757 [VAC]ST=2
07月12日 14:31:18.956 TRN-NG N-SHT-OPEN
07月12日 14:31:18.989 SEND REE[FC=02]
07月12日 14:31:31.158 NODE=2 STATUS=0x 860
07月12日 14:31:31.456 [ETU]SEND WM
07月12日 14:31:53.156 NODE=2 STATUS=0x 860
07月12日 14:31:53.458 [ETU]SEND WM
07月12日 14:32:15.158 NODE=2 STATUS=0x 860
07月12日 14:32:15.460 [ETU]SEND WM
07月12日 14:32:16.900 RECV RET[FC=01]
07月12日 14:32:17.060 NZL1 U:1 A:0 P:1 H:1 4P:1 N:0
07月12日 14:32:17.060 TR NG1
07月12日 14:32:17.060 NZ2 NG1
07月12日 14:32:17.060 CHM NG1
07月12日 14:32:17.060 NZL1 U:1 A:0 P:1 H:1 4P:1 N:0
07月12日 14:32:17.060 nzlUpOut
07月12日 14:32:17.061 NZL2 U:1 A:1 N:3
07月12日 14:32:17.061 TR NG2
07月12日 14:32:17.061 NZ1 NG2
07月12日 14:32:17.061 CHM NG2
07月12日 14:32:17.061 nzlUpOut2
07月12日 14:32:17.062 TRN-NG RET-ORG
07月12日 14:32:17.156 NZL1 U:3 A:0 P:1 H:1 4P:1 N:5
07月12日 14:32:17.156 TR OK1
07月12日 14:32:17.156 NZ2 OK1
07月12日 14:32:17.182 NZL2 U:1 A:1 N:1
07月12日 14:32:17.182 TR OK2
07月12日 14:32:17.182 NZ1 OK2
07月12日 14:32:17.182 CHM OK2
07月12日 14:32:17.376 NZ02-STQ S
07月12日 14:32:17.714 CUP-UP-S
07月12日 14:32:17.766 [VAC]ST=1
07月12日 14:32:17.777 [VAC]CMD=3
07月12日 14:32:17.889 NZ02d-STQ E
07月12日 14:32:17.976 NZ02-ORG S
07月12日 14:32:20.196 CUP-UP-E
07月12日 14:32:20.239 SRV:ON-40
07月12日 14:32:20.686 SRV:[RES DATA]-10
07月12日 14:32:20.686 SRV:ON-END
07月12日 14:32:20.739 SRV:ORG ON-42
07月12日 14:32:20.908 SRV:[RES DATA]-11
07月12日 14:32:21.209 SRV:[RES DATA]-13
07月12日 14:32:21.417 SRV:[RES DATA]-12
07月12日 14:32:21.897 NZ02-ORG E
07月12日 14:32:21.977 NZ02-MOV S
07月12日 14:32:22.223 SRV:[RES DATA]-10
07月12日 14:32:22.224 SRV:ORG-END
07月12日 14:32:22.238 SRV:OFF- 0
07月12日 14:32:22.829 SRV:[RES DATA]- 0
07月12日 14:32:22.830 SRV:OFF-END
07月12日 14:32:22.887 CUP-DOWN-S
07月12日 14:32:22.938 SHUTTER-CLOSE-S
07月12日 14:32:22.957 SHUTTER-CLOSE-E
07月12日 14:32:25.421 NZ02-MOV E
07月12日 14:32:25.557 NZL1 U:3 A:1 P:1 H:1 4P:1 N:9
07月12日 14:32:25.557 nzlDownOut
07月12日 14:32:25.838 CUP-DOWN-E
07月12日 14:32:25.957 NODE=2 STATUS=0x 862
07月12日 14:32:26.058 [VAC]CMD=2
07月12日 14:32:26.058 [VAC]ST=2
07月12日 14:32:26.256 [ETU]SEND WM
07月12日 14:32:28.380 NZL1 U:1 A:1 P:1 H:1 4P:1 N:1
07月12日 14:32:28.381 CHM OK1
07月12日 14:32:28.456 NZL1 U:1 A:1 P:1 H:1 4P:1 N:1
07月12日 14:32:28.456 NZL_ORG_END
07月12日 14:32:28.657 TRN-NG N-SHT-OPEN
07月12日 14:32:28.862 SEND REE[FC=01]
07月12日 14:32:28.962 SEND STT[PN1=01,ST=00]
07月12日 14:32:29.164 SEND STT[PN1=02,ST=00]
07月12日 14:32:48.559 NODE=2 STATUS=0x 860
07月12日 14:32:48.855 [ETU]SEND WM
07月12日 14:33:15.465 RECV USM[PN1=04,PN2=02,DN1=01,DN2=00]
07月12日 14:33:16.456 RECV USM[PN1=03,PN2=01,DN1=00,DN2=00]
07月12日 14:33:23.456 NODE=2 STATUS=0x 860
07月12日 14:33:23.556 [ETU]SEND WM
07月12日 14:33:45.066 NODE=2 STATUS=0x 860
07月12日 14:33:45.355 [ETU]SEND WM
07月12日 14:34:07.156 NODE=2 STATUS=0x 860
07月12日 14:34:07.457 [ETU]SEND WM
07月12日 14:35:02.957 NODE=2 STATUS=0x 860
07月12日 14:35:03.265 [ETU]SEND WM
07月12日 14:35:26.567 NODE=2 STATUS=0x 860
07月12日 14:35:26.858 [ETU]SEND WM
07月12日 14:35:48.357 NODE=2 STATUS=0x 860
07月12日 14:35:48.657 [ETU]SEND WM
07月12日 14:36:09.757 NODE=2 STATUS=0x 860
07月12日 14:36:10.055 [ETU]SEND WM
07月12日 14:36:31.561 NODE=2 STATUS=0x 860
07月12日 14:36:31.857 [ETU]SEND WM
07月12日 14:36:50.184 RECV SOS[FN=02]
07月12日 14:37:05.876 NODE=2 STATUS=0x 860
07月12日 14:37:05.946 RECV SOS[FN=02]
07月12日 14:37:05.989 [ETU]SEND WM
07月12日 14:37:26.264 RECV EBR[BF=01]
07月12日 14:37:28.020 NODE=2 STATUS=0x 860
07月12日 14:37:28.317 [ETU]SEND WM
07月12日 14:37:53.016 [ETU]TIMEUP
07月12日 14:37:55.216 [ETU]TIMEUP
07月12日 14:38:16.817 NODE=2 STATUS=0x 860
07月12日 14:38:17.118 [ETU]SEND WM
07月12日 14:38:38.216 NODE=2 STATUS=0x 860
07月12日 14:38:38.516 [ETU]SEND WM
07月12日 14:39:11.017 NODE=2 STATUS=0x 860
07月12日 14:39:11.117 [ETU]SEND WM
07月12日 14:39:41.941 RECV EBR[BF=02]
07月12日 14:39:45.415 [ETU]TIMEUP
07月12日 14:39:47.616 [ETU]TIMEUP
07月12日 14:39:49.815 [ETU]TIMEUP
07月12日 14:39:52.020 [ETU]TIMEUP
07月12日 14:40:04.916 [ETU]TIMEUP
07月12日 14:40:07.116 [ETU]TIMEUP
07月12日 14:40:20.137 [ETU]TIMEUP
07月12日 14:40:20.819 RECV EBR[BF=01]
07月12日 14:40:22.332 [ETU]TIMEUP
07月12日 14:40:35.531 [ETU]TIMEUP
07月12日 14:40:57.526 NODE=2 STATUS=0x 860
07月12日 14:40:57.626 [ETU]SEND WM
07月12日 14:41:18.830 NODE=2 STATUS=0x 860
07月12日 14:41:19.126 [ETU]SEND WM
07月12日 14:41:40.327 NODE=2 STATUS=0x 860
07月12日 14:41:40.628 [ETU]SEND WM
07月12日 14:42:34.726 NODE=2 STATUS=0x 860
07月12日 14:42:35.033 [ETU]SEND WM
07月12日 14:42:56.276 NODE=2 STATUS=0x 860
07月12日 14:42:56.575 [ETU]SEND WM
07月12日 14:43:17.677 NODE=2 STATUS=0x 860
07月12日 14:43:17.975 [ETU]SEND WM
07月12日 14:43:39.476 NODE=2 STATUS=0x 860
07月12日 14:43:39.777 [ETU]SEND WM
07月12日 14:44:01.676 NODE=2 STATUS=0x 860
07月12日 14:44:01.978 [ETU]SEND WM
07月12日 14:44:23.380 NODE=2 STATUS=0x 860
07月12日 14:44:23.659 [ETU]SEND WM
07月12日 14:44:46.889 NODE=2 STATUS=0x 860
07月12日 14:44:47.180 [ETU]SEND WM
07月12日 14:45:10.208 NODE=2 STATUS=0x 860
07月12日 14:45:10.506 [ETU]SEND WM
07月12日 14:45:44.307 NODE=2 STATUS=0x 860
07月12日 14:45:44.405 [ETU]SEND WM
07月12日 14:46:17.204 RECV CLR[FC=02]
07月12日 14:46:17.212 [DIS]E-STOP
07月12日 14:46:17.212 [SV-01]RESET-DIS-TIMER
07月12日 14:46:17.212 [SV-02]RESET-DIS-TIMER
07月12日 14:46:17.213 [SV-03]RESET-DIS-TIMER
07月12日 14:46:17.213 [SV-04]RESET-DIS-TIMER
07月12日 14:46:17.213 [SV-05]RESET-DIS-TIMER
07月12日 14:46:17.213 [SV-06]RESET-DIS-TIMER
07月12日 14:46:17.213 [SV-07]RESET-DIS-TIMER
07月12日 14:46:17.213 [SV-08]RESET-DIS-TIMER
07月12日 14:46:17.213 [SV-09]RESET-DIS-TIMER
07月12日 14:46:17.214 [SV-10]RESET-DIS-TIMER
07月12日 14:46:17.214 [SV-11]RESET-DIS-TIMER
07月12日 14:46:17.214 [SV-12]RESET-DIS-TIMER
07月12日 14:46:17.214 [SV-13]RESET-DIS-TIMER
07月12日 14:46:17.214 [SV-14]RESET-DIS-TIMER
07月12日 14:46:17.214 [SV-15]RESET-DIS-TIMER
07月12日 14:46:17.214 [SV-16]RESET-DIS-TIMER
07月12日 14:46:17.214 [SV-17]RESET-DIS-TIMER
07月12日 14:46:17.215 [SV-18]RESET-DIS-TIMER
07月12日 14:46:17.215 [SV-19]RESET-DIS-TIMER
07月12日 14:46:17.215 [SV-20]RESET-DIS-TIMER
07月12日 14:46:17.215 [SV-21]RESET-DIS-TIMER
07月12日 14:46:17.215 [SV-22]RESET-DIS-TIMER
07月12日 14:46:17.215 [SV-23]RESET-DIS-TIMER
07月12日 14:46:17.215 [SV-24]RESET-DIS-TIMER
07月12日 14:46:17.217 CUP-STOP
07月12日 14:46:17.218 SHUTTER-STOP
07月12日 14:46:17.218 [VAC]CMD=4
07月12日 14:46:17.218 E-STOP
07月12日 14:46:17.219 SRV:ALREADY OFF
07月12日 14:46:17.240 SRV:OFF-END
07月12日 14:46:17.325 [DIS]E-STOP
07月12日 14:46:17.325 [SV-01]RESET-DIS-TIMER
07月12日 14:46:17.325 [SV-02]RESET-DIS-TIMER
07月12日 14:46:17.325 [SV-03]RESET-DIS-TIMER
07月12日 14:46:17.326 [SV-04]RESET-DIS-TIMER
07月12日 14:46:17.326 [SV-05]RESET-DIS-TIMER
07月12日 14:46:17.326 [SV-06]RESET-DIS-TIMER
07月12日 14:46:17.326 [SV-07]RESET-DIS-TIMER
07月12日 14:46:17.326 [SV-08]RESET-DIS-TIMER
07月12日 14:46:17.326 [SV-09]RESET-DIS-TIMER
07月12日 14:46:17.326 [SV-10]RESET-DIS-TIMER
07月12日 14:46:17.326 [SV-11]RESET-DIS-TIMER
07月12日 14:46:17.327 [SV-12]RESET-DIS-TIMER
07月12日 14:46:17.327 [SV-13]RESET-DIS-TIMER
07月12日 14:46:17.327 [SV-14]RESET-DIS-TIMER
07月12日 14:46:17.327 [SV-15]RESET-DIS-TIMER
07月12日 14:46:17.327 [SV-16]RESET-DIS-TIMER
07月12日 14:46:17.327 [SV-17]RESET-DIS-TIMER
07月12日 14:46:17.327 [SV-18]RESET-DIS-TIMER
07月12日 14:46:17.327 [SV-19]RESET-DIS-TIMER
07月12日 14:46:17.327 [SV-20]RESET-DIS-TIMER
07月12日 14:46:17.328 [SV-21]RESET-DIS-TIMER
07月12日 14:46:17.328 [SV-22]RESET-DIS-TIMER
07月12日 14:46:17.328 [SV-23]RESET-DIS-TIMER
07月12日 14:46:17.328 [SV-24]RESET-DIS-TIMER
07月12日 14:46:17.329 [UNIT_RST]START
07月12日 14:46:18.355 SRV:Non Alarm
07月12日 14:46:18.355 CUP-STOP
07月12日 14:46:18.356 SHUTTER-STOP
07月12日 14:46:18.458 [ETU]SEND WM
07月12日 14:46:18.651 [ETU]SEND WS
07月12日 14:46:18.668 SEND ALO[ALCD=6701,P1=00,P2=00,CF=00]
07月12日 14:46:18.776 SEND ALO[ALCD=8707,P1=00,P2=00,CF=00]
07月12日 14:46:19.851 [ETU]SEND WB
07月12日 14:46:28.258 RECV RET[FC=02]
07月12日 14:46:28.454 nzlUpOut
07月12日 14:46:28.455 nzlUpOut2
07月12日 14:46:28.551 TRN-NG CHK-WAFER
07月12日 14:46:28.561 [VAC]ST=1
07月12日 14:46:28.647 [VAC]CMD=3
07月12日 14:46:29.853 [VAC]CMD=2
07月12日 14:46:29.853 [VAC]ST=2
07月12日 14:46:30.056 TRN-NG N-SHT-OPEN
07月12日 14:46:30.151 SEND REE[FC=02]
07月12日 14:46:52.352 NODE=2 STATUS=0x 860
07月12日 14:46:52.450 [ETU]SEND WM
07月12日 14:47:13.553 NODE=2 STATUS=0x 860
07月12日 14:47:13.848 [ETU]SEND WM
07月12日 14:47:31.579 ***** StartLogging SPIN03.log *****
07月12日 14:47:31.598 spinMain起動 build : Jul 12 2012
07月12日 14:47:31.599 搬送ｱﾄﾞﾚｽｾｯﾄ完了 : ｱﾄﾞﾚｽ = 02
07月12日 14:47:31.599 CVPｱﾄﾞﾚｽｾｯﾄ完了：ｱﾄﾞﾚｽ = 11
07月12日 14:47:31.628 controlTask起動
07月12日 14:47:31.644 messageProc起動
07月12日 14:47:31.667 sendMsgTask起動
07月12日 14:47:31.683 temperatureTask起動
07月12日 14:47:31.695 waferInTask起動
07月12日 14:47:31.713 mainControl20起動
07月12日 14:47:31.728 chemiProcTask起動
07月12日 14:47:31.739 nozzleComTask起動
07月12日 14:47:31.758 nozzle1Task起動
07月12日 14:47:31.780 nozzle2Task起動
07月12日 14:47:31.781 SEND PWR[FC=02]
07月12日 14:47:31.795 dispenseTask起動
07月12日 14:47:31.807 mainControl100起動
07月12日 14:47:31.857 subControl起動
07月12日 14:47:31.874 interruptTask起動
07月12日 14:48:14.661 RECV MDR
07月12日 14:48:14.757 SEND MDT[MN=32]
07月12日 14:48:16.533 RECV MDS
07月12日 14:48:16.540 SRV:INITIAL Start
07月12日 14:48:16.570 TRN-NG N-SHT-OPEN
07月12日 14:48:18.512 RECV SOS[FN=02]
07月12日 14:48:21.539 SRV:INITIAL END
07月12日 14:48:24.049 RECV SOS[FN=04]
07月12日 14:48:25.222 RECV SOS[FN=05]
07月12日 14:48:25.319 RECV SOS[FN=05]
07月12日 14:48:26.442 RECV SOS[FN=06]
07月12日 14:48:28.803 RECV SOS[FN=08]
07月12日 14:48:30.786 RECV SOS[FN=09]
07月12日 14:48:30.879 RECV SOS[FN=09]
07月12日 14:48:36.474 RECV SOS[FN=20]
07月12日 14:48:37.099 RECV SOS[FN=21]
07月12日 14:48:37.963 RECV SOS[FN=25]
07月12日 14:48:48.087 RECV CLR[FC=02]
07月12日 14:48:48.108 [DIS]E-STOP
07月12日 14:48:48.108 [SV-01]RESET-DIS-TIMER
07月12日 14:48:48.109 [SV-02]RESET-DIS-TIMER
07月12日 14:48:48.110 [SV-03]RESET-DIS-TIMER
07月12日 14:48:48.110 [SV-04]RESET-DIS-TIMER
07月12日 14:48:48.110 [SV-05]RESET-DIS-TIMER
07月12日 14:48:48.110 [SV-06]RESET-DIS-TIMER
07月12日 14:48:48.110 [SV-07]RESET-DIS-TIMER
07月12日 14:48:48.110 [SV-08]RESET-DIS-TIMER
07月12日 14:48:48.110 [SV-09]RESET-DIS-TIMER
07月12日 14:48:48.110 [SV-10]RESET-DIS-TIMER
07月12日 14:48:48.110 [SV-11]RESET-DIS-TIMER
07月12日 14:48:48.111 [SV-12]RESET-DIS-TIMER
07月12日 14:48:48.111 [SV-13]RESET-DIS-TIMER
07月12日 14:48:48.111 [SV-14]RESET-DIS-TIMER
07月12日 14:48:48.111 [SV-15]RESET-DIS-TIMER
07月12日 14:48:48.111 [SV-16]RESET-DIS-TIMER
07月12日 14:48:48.111 [SV-17]RESET-DIS-TIMER
07月12日 14:48:48.111 [SV-18]RESET-DIS-TIMER
07月12日 14:48:48.111 [SV-19]RESET-DIS-TIMER
07月12日 14:48:48.112 [SV-20]RESET-DIS-TIMER
07月12日 14:48:48.112 [SV-21]RESET-DIS-TIMER
07月12日 14:48:48.112 [SV-22]RESET-DIS-TIMER
07月12日 14:48:48.112 [SV-23]RESET-DIS-TIMER
07月12日 14:48:48.112 [SV-24]RESET-DIS-TIMER
07月12日 14:48:48.115 CUP-STOP
07月12日 14:48:48.120 SHUTTER-STOP
07月12日 14:48:48.120 [VAC]CMD=4
07月12日 14:48:48.121 E-STOP
07月12日 14:48:48.121 SRV:ALREADY OFF
07月12日 14:48:48.170 SRV:OFF-END
07月12日 14:48:49.344 SRV:Non Alarm
07月12日 14:48:49.345 CUP-STOP
07月12日 14:48:49.346 SHUTTER-STOP
07月12日 14:48:49.556 [ETU]SEND WM
07月12日 14:48:49.778 SEND ALO[ALCD=6701,P1=00,P2=00,CF=00]
07月12日 14:48:49.884 SEND ALO[ALCD=8707,P1=00,P2=00,CF=00]
07月12日 14:48:51.042 NODE=2 STATUS=0x 868
07月12日 14:48:51.343 [ETU]SEND WM
07月12日 14:48:51.393 SEND ALO[ALCD=2121,P1=04,P2=00,CF=00]
07月12日 14:49:01.840 RECV RET[FC=02]
07月12日 14:49:01.944 nzlUpOut_st
07月12日 14:49:01.945 nzlUpOut2_st
07月12日 14:49:02.043 TRN-NG CHK-WAFER
07月12日 14:49:02.046 [VAC]ST=1
07月12日 14:49:02.148 [VAC]CMD=3
07月12日 14:49:04.005 [VAC]CMD=2
07月12日 14:49:04.010 [VAC]ST=2
07月12日 14:49:04.204 TRN-NG N-SHT-OPEN
07月12日 14:49:04.664 SEND REE[FC=02]
07月12日 14:49:25.898 RECV RET[FC=01]
07月12日 14:49:26.036 CUP-UP-S
07月12日 14:49:26.055 [VAC]ST=1
07月12日 14:49:26.071 [VAC]CMD=3
07月12日 14:49:26.091 NZL1 U:0 A:0 P:1 H:1 4P:0 N:0
07月12日 14:49:26.091 SPN OK1
07月12日 14:49:26.091 NZL1 U:0 A:0 P:1 H:1 4P:0 N:0
07月12日 14:49:26.091 nzlUpOut
07月12日 14:49:26.092 NZL2 U:0 A:1 N:0
07月12日 14:49:26.092 SPN OK2
07月12日 14:49:26.092 nzlUpOut2
07月12日 14:49:26.093 TRN-NG RET-ORG
07月12日 14:49:26.191 NZL1 U:3 A:0 P:1 H:1 4P:0 N:12
07月12日 14:49:26.191 TR OK1
07月12日 14:49:26.192 NZL2 U:1 A:1 N:1
07月12日 14:49:26.192 TR OK2
07月12日 14:49:26.192 NZ1 OK2
07月12日 14:49:26.192 CHM OK2
07月12日 14:49:26.413 NZ02-STQ S
07月12日 14:49:26.790 NZ02d-STQ E
07月12日 14:49:26.819 NZ02-ORG S
07月12日 14:49:28.470 CUP-UP-E
07月12日 14:49:28.508 SRV:ON-40
07月12日 14:49:29.079 SRV:[RES DATA]-10
07月12日 14:49:29.079 SRV:ON-END
07月12日 14:49:29.111 SRV:ORG ON-42
07月12日 14:49:29.305 SRV:[RES DATA]-11
07月12日 14:49:29.606 SRV:[RES DATA]-13
07月12日 14:49:29.739 SRV:[RES DATA]-12
07月12日 14:49:30.634 SRV:[RES DATA]-10
07月12日 14:49:30.635 SRV:ORG-END
07月12日 14:49:30.649 SRV:OFF- 0
07月12日 14:49:31.154 SRV:[RES DATA]- 0
07月12日 14:49:31.154 SRV:OFF-END
07月12日 14:49:31.155 CUP-DOWN-S
07月12日 14:49:31.156 SHUTTER-CLOSE-S
07月12日 14:49:31.170 SHUTTER-CLOSE-E
07月12日 14:49:31.277 NZ02-ORG E
07月12日 14:49:31.315 NZ02-MOV S
07月12日 14:49:34.473 CUP-DOWN-E
07月12日 14:49:34.592 [VAC]CMD=2
07月12日 14:49:34.592 [VAC]ST=2
07月12日 14:49:35.432 NZ02-MOV E
07月12日 14:49:35.592 NZL1 U:3 A:1 P:1 H:1 4P:1 N:10
07月12日 14:49:35.592 TR NG1
07月12日 14:49:35.592 nzlDownOut
07月12日 14:49:38.526 NZL1 U:1 A:1 P:1 H:1 4P:1 N:1
07月12日 14:49:38.526 TR OK1
07月12日 14:49:38.526 NZ2 OK1
07月12日 14:49:38.526 CHM OK1
07月12日 14:49:38.594 NZL1 U:1 A:1 P:1 H:1 4P:1 N:1
07月12日 14:49:38.594 NZL_ORG_END
07月12日 14:49:38.691 TRN-NG N-SHT-OPEN
07月12日 14:49:38.866 SEND REE[FC=01]
07月12日 14:49:38.966 SEND STT[PN1=01,ST=00]
07月12日 14:49:39.066 SEND STT[PN1=02,ST=00]
07月12日 14:50:24.864 RECV USM[PN1=04,PN2=02,DN1=01,DN2=00]
07月12日 14:50:26.804 RECV USM[PN1=03,PN2=01,DN1=00,DN2=00]
07月12日 14:50:30.368 NODE=2 STATUS=0x 860
07月12日 14:50:30.812 [ETU]SEND WM
07月12日 14:50:54.162 NODE=2 STATUS=0x 860
07月12日 14:50:54.455 [ETU]SEND WM
07月12日 14:51:40.577 NODE=2 STATUS=0x 860
07月12日 14:51:41.015 [ETU]SEND WM
07月12日 14:52:03.650 NODE=2 STATUS=0x 860
07月12日 14:52:03.959 [ETU]SEND WM
07月12日 14:52:15.218 NODE=2 STATUS=0x 860
07月12日 14:52:15.657 [ETU]SEND WM
07月12日 14:52:55.025 NODE=2 STATUS=0x 860
07月12日 14:52:55.123 [ETU]SEND WM
07月12日 14:53:16.546 RECV EBR[BF=01]
07月12日 14:53:28.897 NODE=2 STATUS=0x 860
07月12日 14:53:28.992 [ETU]SEND WM
07月12日 14:53:51.586 NODE=2 STATUS=0x 860
07月12日 14:53:51.881 [ETU]SEND WM
07月12日 14:54:25.716 NODE=2 STATUS=0x 860
07月12日 14:54:25.816 [ETU]SEND WM
07月12日 14:54:51.278 NODE=2 STATUS=0x 860
07月12日 14:54:51.579 [ETU]SEND WM
07月12日 14:55:14.481 NODE=2 STATUS=0x 860
07月12日 14:55:14.780 [ETU]SEND WM
07月12日 14:55:37.508 NODE=2 STATUS=0x 860
07月12日 14:55:37.802 [ETU]SEND WM
07月12日 14:56:11.872 NODE=2 STATUS=0x 860
07月12日 14:56:12.170 [ETU]SEND WM
07月12日 14:56:35.884 NODE=2 STATUS=0x 860
07月12日 14:56:36.180 [ETU]SEND WM
07月12日 14:56:57.983 NODE=2 STATUS=0x 860
07月12日 14:56:58.282 [ETU]SEND WM
07月12日 14:57:20.925 NODE=2 STATUS=0x 860
07月12日 14:57:21.222 [ETU]SEND WM
07月12日 14:57:43.081 NODE=2 STATUS=0x 860
07月12日 14:57:43.383 [ETU]SEND WM
07月12日 14:58:28.554 NODE=2 STATUS=0x 860
07月12日 14:58:28.999 [ETU]SEND WM
07月12日 14:58:52.052 NODE=2 STATUS=0x 860
07月12日 14:58:52.350 [ETU]SEND WM
07月12日 14:59:14.292 NODE=2 STATUS=0x 860
07月12日 14:59:14.590 [ETU]SEND WM
07月12日 14:59:37.171 NODE=2 STATUS=0x 860
07月12日 14:59:37.474 [ETU]SEND WM
07月12日 15:00:03.081 [ETU]TIMEUP
07月12日 15:00:19.477 [ETU]TIMEUP
07月12日 15:00:33.234 [ETU]TIMEUP
07月12日 15:00:47.034 [ETU]TIMEUP
07月12日 15:01:00.687 [ETU]TIMEUP
07月12日 15:01:14.347 [ETU]TIMEUP
07月12日 15:01:29.948 [ETU]TIMEUP
07月12日 15:01:43.968 [ETU]TIMEUP
07月12日 15:01:58.080 [ETU]TIMEUP
07月12日 15:02:14.028 [ETU]TIMEUP
07月12日 15:02:28.105 [ETU]TIMEUP
07月12日 15:02:41.943 [ETU]TIMEUP
07月12日 15:02:58.225 [ETU]TIMEUP
07月12日 15:03:12.308 [ETU]TIMEUP
07月12日 15:03:26.140 [ETU]TIMEUP
07月12日 15:03:42.448 [ETU]TIMEUP
07月12日 15:03:57.986 [ETU]TIMEUP
07月12日 15:04:11.598 [ETU]TIMEUP
07月12日 15:04:25.566 [ETU]TIMEUP
07月12日 15:04:39.336 [ETU]TIMEUP
07月12日 15:04:57.552 [ETU]TIMEUP
07月12日 15:05:11.369 [ETU]TIMEUP
07月12日 15:05:23.718 RECV EBR[BF=02]
07月12日 15:05:25.351 [ETU]TIMEUP
07月12日 15:05:27.972 RECV EBR[BF=01]
07月12日 15:05:39.270 [ETU]TIMEUP
07月12日 15:05:55.315 [ETU]TIMEUP
07月12日 15:06:09.240 [ETU]TIMEUP
07月12日 15:06:23.048 [ETU]TIMEUP
07月12日 15:06:37.065 [ETU]TIMEUP
07月12日 15:06:50.514 [ETU]TIMEUP
07月12日 15:07:04.065 [ETU]TIMEUP
07月12日 15:07:17.898 [ETU]TIMEUP
07月12日 15:07:31.551 [ETU]TIMEUP
07月12日 15:07:38.202 RECV EBR[BF=02]
07月12日 15:07:43.101 RECV EBR[BF=01]
07月12日 15:07:45.614 [ETU]TIMEUP
07月12日 15:07:59.512 [ETU]TIMEUP
07月12日 15:08:01.708 [ETU]TIMEUP
07月12日 15:08:03.911 [ETU]TIMEUP
07月12日 15:08:06.108 [ETU]TIMEUP
07月12日 15:08:08.916 [ETU]TIMEUP
07月12日 15:08:11.112 [ETU]TIMEUP
07月12日 15:08:13.309 [ETU]TIMEUP
07月12日 15:08:15.510 [ETU]TIMEUP
07月12日 15:08:17.711 [ETU]TIMEUP
07月12日 15:08:19.911 [ETU]TIMEUP
07月12日 15:08:22.808 [ETU]RETRY OVER
07月12日 15:08:27.099 [ETU]TIMEUP
07月12日 15:08:29.298 [ETU]TIMEUP
07月12日 15:08:31.500 [ETU]TIMEUP
07月12日 15:08:45.543 [ETU]TIMEUP
07月12日 15:08:47.743 [ETU]TIMEUP
07月12日 15:09:01.488 [ETU]TIMEUP
07月12日 15:09:03.692 [ETU]TIMEUP
07月12日 15:09:17.230 [ETU]TIMEUP
07月12日 15:09:19.437 [ETU]TIMEUP
07月12日 15:09:32.971 [ETU]TIMEUP
07月12日 15:09:44.310 RECV EBR[BF=02]
07月12日 15:09:48.587 RECV EBR[BF=01]
07月12日 15:09:56.766 NODE=2 STATUS=0x 860
07月12日 15:09:56.866 [ETU]SEND WM
07月12日 15:10:07.991 NODE=2 STATUS=0x 860
07月12日 15:10:08.705 [ETU]SEND WM
07月12日 15:10:30.505 NODE=2 STATUS=0x 860
07月12日 15:10:30.804 [ETU]SEND WM
07月12日 15:10:53.427 NODE=2 STATUS=0x 860
07月12日 15:10:53.822 [ETU]SEND WM
07月12日 15:11:16.240 NODE=2 STATUS=0x 860
07月12日 15:11:16.535 [ETU]SEND WM
07月12日 15:11:51.627 RECV EBR[BF=02]
07月12日 15:11:56.443 RECV EBR[BF=01]
07月12日 15:11:59.484 RECV EBR[BF=02]
07月12日 15:12:06.471 RECV EBR[BF=01]
07月12日 15:12:13.785 NODE=2 STATUS=0x 860
07月12日 15:12:14.226 [ETU]SEND WM
07月12日 15:12:25.308 NODE=2 STATUS=0x 860
07月12日 15:12:25.738 [ETU]SEND WM
07月12日 15:12:36.815 NODE=2 STATUS=0x 868
07月12日 15:12:38.025 [ETU]SEND WM
07月12日 15:12:49.502 NODE=2 STATUS=0x 868
07月12日 15:12:49.938 [ETU]SEND WM
07月12日 15:13:12.416 NODE=2 STATUS=0x 860
07月12日 15:13:12.707 [ETU]SEND WM
07月12日 15:13:46.776 NODE=2 STATUS=0x 860
07月12日 15:13:46.874 [ETU]SEND WM
07月12日 15:14:08.131 RECV EBR[BF=02]
07月12日 15:14:12.850 RECV EBR[BF=01]
07月12日 15:14:21.646 NODE=2 STATUS=0x 860
07月12日 15:14:21.745 [ETU]SEND WM
07月12日 15:14:47.375 NODE=2 STATUS=0x 860
07月12日 15:14:47.474 [ETU]SEND WM
07月12日 15:15:09.976 NODE=2 STATUS=0x 860
07月12日 15:15:10.276 [ETU]SEND WM
07月12日 15:15:50.225 NODE=2 STATUS=0x 860
07月12日 15:15:50.527 [ETU]SEND WM
07月12日 15:16:16.552 NODE=2 STATUS=0x 860
07月12日 15:16:16.847 [ETU]SEND WM
07月12日 15:16:42.752 NODE=2 STATUS=0x 860
07月12日 15:16:43.044 [ETU]SEND WM
07月12日 15:17:05.161 NODE=2 STATUS=0x 860
07月12日 15:17:05.454 [ETU]SEND WM
07月12日 15:17:28.087 NODE=2 STATUS=0x 860
07月12日 15:17:28.382 [ETU]SEND WM
07月12日 15:17:50.456 NODE=2 STATUS=0x 860
07月12日 15:17:50.757 [ETU]SEND WM
07月12日 15:18:13.585 NODE=2 STATUS=0x 860
07月12日 15:18:13.885 [ETU]SEND WM
07月12日 15:18:38.353 RECV EBR[BF=02]
07月12日 15:18:49.376 NODE=2 STATUS=0x 860
07月12日 15:18:49.677 [ETU]SEND WM
07月12日 15:19:24.459 NODE=2 STATUS=0x 860
07月12日 15:19:24.557 [ETU]SEND WM
07月12日 15:19:46.672 NODE=2 STATUS=0x 860
07月12日 15:19:46.965 [ETU]SEND WM
07月12日 15:20:10.357 NODE=2 STATUS=0x 860
07月12日 15:20:10.655 [ETU]SEND WM
07月12日 15:20:41.554 [ETU]TIMEUP
07月12日 15:20:43.757 [ETU]TIMEUP
07月12日 15:20:45.956 [ETU]TIMEUP
07月12日 15:20:48.154 [ETU]TIMEUP
07月12日 15:21:01.710 [ETU]TIMEUP
07月12日 15:21:03.909 [ETU]TIMEUP
07月12日 15:21:17.727 [ETU]TIMEUP
07月12日 15:21:19.925 [ETU]TIMEUP
07月12日 15:21:33.577 [ETU]TIMEUP
07月12日 15:21:35.778 [ETU]TIMEUP
07月12日 15:21:49.346 [ETU]TIMEUP
07月12日 15:21:51.546 [ETU]TIMEUP
07月12日 15:22:05.195 [ETU]TIMEUP
07月12日 15:22:07.396 [ETU]TIMEUP
07月12日 15:22:21.212 [ETU]TIMEUP
07月12日 15:22:24.240 [ETU]TIMEUP
07月12日 15:22:37.224 [ETU]TIMEUP
07月12日 15:22:40.314 [ETU]TIMEUP
07月12日 15:22:53.819 [ETU]TIMEUP
07月12日 15:22:56.017 [ETU]TIMEUP
07月12日 15:23:09.522 [ETU]TIMEUP
07月12日 15:23:11.716 [ETU]TIMEUP
07月12日 15:23:25.270 [ETU]TIMEUP
07月12日 15:23:27.473 [ETU]TIMEUP
07月12日 15:23:41.301 [ETU]TIMEUP
07月12日 15:23:43.503 [ETU]TIMEUP
07月12日 15:23:57.130 [ETU]TIMEUP
07月12日 15:23:59.326 [ETU]TIMEUP
07月12日 15:24:13.044 [ETU]TIMEUP
07月12日 15:24:15.249 [ETU]TIMEUP
07月12日 15:24:28.814 [ETU]TIMEUP
07月12日 15:24:31.014 [ETU]TIMEUP
07月12日 15:24:44.628 [ETU]TIMEUP
07月12日 15:24:46.831 [ETU]TIMEUP
07月12日 15:25:00.626 [ETU]TIMEUP
07月12日 15:25:02.827 [ETU]TIMEUP
07月12日 15:25:16.576 [ETU]TIMEUP
07月12日 15:25:18.775 [ETU]TIMEUP
07月12日 15:25:32.488 [ETU]TIMEUP
07月12日 15:25:34.684 [ETU]TIMEUP
07月12日 15:25:48.184 [ETU]TIMEUP
07月12日 15:25:50.386 [ETU]TIMEUP
07月12日 15:26:04.205 [ETU]TIMEUP
07月12日 15:26:06.409 [ETU]TIMEUP
07月12日 15:26:20.194 [ETU]TIMEUP
07月12日 15:26:22.394 [ETU]TIMEUP
07月12日 15:26:36.277 [ETU]TIMEUP
07月12日 15:26:39.100 [ETU]TIMEUP
07月12日 15:26:52.394 [ETU]TIMEUP
07月12日 15:26:55.494 [ETU]TIMEUP
07月12日 15:27:09.128 [ETU]TIMEUP
07月12日 15:27:11.328 [ETU]TIMEUP
07月12日 15:27:25.064 [ETU]TIMEUP
07月12日 15:27:27.264 [ETU]TIMEUP
07月12日 15:27:41.095 [ETU]TIMEUP
07月12日 15:27:43.299 [ETU]TIMEUP
07月12日 15:27:57.104 [ETU]TIMEUP
07月12日 15:27:59.304 [ETU]TIMEUP
07月12日 15:28:12.835 [ETU]TIMEUP
07月12日 15:28:15.034 [ETU]TIMEUP
07月12日 15:28:28.805 [ETU]TIMEUP
07月12日 15:28:31.004 [ETU]TIMEUP
07月12日 15:28:44.536 [ETU]TIMEUP
07月12日 15:28:46.735 [ETU]TIMEUP
07月12日 15:29:00.504 [ETU]TIMEUP
07月12日 15:29:02.704 [ETU]TIMEUP
07月12日 15:29:16.258 [ETU]TIMEUP
07月12日 15:29:18.455 [ETU]TIMEUP
07月12日 15:29:32.000 [ETU]TIMEUP
07月12日 15:29:34.205 [ETU]TIMEUP
07月12日 15:29:48.096 [ETU]TIMEUP
07月12日 15:29:50.297 [ETU]TIMEUP
07月12日 15:30:04.095 [ETU]TIMEUP
07月12日 15:30:06.295 [ETU]TIMEUP
07月12日 15:30:20.074 [ETU]TIMEUP
07月12日 15:30:22.278 [ETU]TIMEUP
07月12日 15:30:36.087 [ETU]TIMEUP
07月12日 15:30:38.944 [ETU]TIMEUP
07月12日 15:30:52.224 [ETU]TIMEUP
07月12日 15:30:55.396 [ETU]TIMEUP
07月12日 15:31:08.961 [ETU]TIMEUP
07月12日 15:31:11.369 [ETU]TIMEUP
07月12日 15:31:24.908 [ETU]TIMEUP
07月12日 15:31:27.106 [ETU]TIMEUP
07月12日 15:31:40.639 [ETU]TIMEUP
07月12日 15:31:42.834 [ETU]TIMEUP
07月12日 15:31:56.659 [ETU]TIMEUP
07月12日 15:31:58.856 [ETU]TIMEUP
07月12日 15:32:12.405 [ETU]TIMEUP
07月12日 15:32:14.608 [ETU]TIMEUP
07月12日 15:32:28.385 [ETU]TIMEUP
07月12日 15:32:30.581 [ETU]TIMEUP
07月12日 15:32:33.703 RECV EBR[BF=01]
07月12日 15:32:44.178 [ETU]TIMEUP
07月12日 15:32:46.380 [ETU]TIMEUP
07月12日 15:33:00.319 [ETU]TIMEUP
07月12日 15:33:02.505 [ETU]TIMEUP
07月12日 15:33:16.089 [ETU]TIMEUP
07月12日 15:33:18.285 [ETU]TIMEUP
07月12日 15:33:32.134 [ETU]TIMEUP
07月12日 15:33:34.337 [ETU]TIMEUP
07月12日 15:33:48.184 [ETU]TIMEUP
07月12日 15:33:50.386 [ETU]TIMEUP
07月12日 15:34:04.209 [ETU]TIMEUP
07月12日 15:34:06.409 [ETU]TIMEUP
07月12日 15:34:19.905 [ETU]TIMEUP
07月12日 15:34:22.105 [ETU]TIMEUP
07月12日 15:34:32.660 RECV EBR[BF=02]
07月12日 15:34:35.817 [ETU]TIMEUP
07月12日 15:34:38.016 [ETU]TIMEUP
07月12日 15:34:51.575 [ETU]TIMEUP
07月12日 15:34:54.416 [ETU]TIMEUP
07月12日 15:35:07.917 [ETU]TIMEUP
07月12日 15:35:11.025 [ETU]TIMEUP
07月12日 15:35:24.639 [ETU]TIMEUP
07月12日 15:35:27.040 [ETU]TIMEUP
07月12日 15:35:40.684 [ETU]TIMEUP
07月12日 15:35:42.884 [ETU]TIMEUP
07月12日 15:35:56.494 [ETU]TIMEUP
07月12日 15:35:58.697 [ETU]TIMEUP
07月12日 15:36:12.416 [ETU]TIMEUP
07月12日 15:36:14.615 [ETU]TIMEUP
07月12日 15:36:28.405 [ETU]TIMEUP
07月12日 15:36:30.607 [ETU]TIMEUP
07月12日 15:36:44.364 [ETU]TIMEUP
07月12日 15:36:46.564 [ETU]TIMEUP
07月12日 15:37:00.304 [ETU]TIMEUP
07月12日 15:37:02.508 [ETU]TIMEUP
07月12日 15:37:16.384 [ETU]TIMEUP
07月12日 15:37:18.587 [ETU]TIMEUP
07月12日 15:37:32.395 [ETU]TIMEUP
07月12日 15:37:34.597 [ETU]TIMEUP
07月12日 15:37:48.214 [ETU]TIMEUP
07月12日 15:37:50.408 [ETU]TIMEUP
07月12日 15:38:03.978 [ETU]TIMEUP
07月12日 15:38:06.175 [ETU]TIMEUP
07月12日 15:38:19.725 [ETU]TIMEUP
07月12日 15:38:21.927 [ETU]TIMEUP
07月12日 15:38:35.557 [ETU]TIMEUP
07月12日 15:38:37.754 [ETU]TIMEUP
07月12日 15:38:51.334 [ETU]TIMEUP
07月12日 15:38:53.537 [ETU]TIMEUP
07月12日 15:39:07.461 [ETU]TIMEUP
07月12日 15:39:10.377 [ETU]TIMEUP
07月12日 15:39:23.575 [ETU]TIMEUP
07月12日 15:39:26.697 [ETU]TIMEUP
07月12日 15:39:40.205 [ETU]TIMEUP
07月12日 15:39:42.408 [ETU]TIMEUP
07月12日 15:39:56.186 [ETU]TIMEUP
07月12日 15:39:58.388 [ETU]TIMEUP
07月12日 15:40:12.224 [ETU]TIMEUP
07月12日 15:40:14.424 [ETU]TIMEUP
07月12日 15:40:27.967 [ETU]TIMEUP
07月12日 15:40:30.170 [ETU]TIMEUP
07月12日 15:40:43.954 [ETU]TIMEUP
07月12日 15:40:46.154 [ETU]TIMEUP
07月12日 15:40:59.794 [ETU]TIMEUP
07月12日 15:41:01.994 [ETU]TIMEUP
07月12日 15:41:15.556 [ETU]TIMEUP
07月12日 15:41:17.754 [ETU]TIMEUP
07月12日 15:41:31.604 [ETU]TIMEUP
07月12日 15:41:33.810 [ETU]TIMEUP
07月12日 15:41:57.147 ***** StartLogging SPIN03.log *****
07月12日 15:41:57.157 spinMain起動 build : Jul 12 2012
07月12日 15:41:57.158 搬送ｱﾄﾞﾚｽｾｯﾄ完了 : ｱﾄﾞﾚｽ = 02
07月12日 15:41:57.158 CVPｱﾄﾞﾚｽｾｯﾄ完了：ｱﾄﾞﾚｽ = 11
07月12日 15:41:57.194 controlTask起動
07月12日 15:41:57.205 messageProc起動
07月12日 15:41:57.227 sendMsgTask起動
07月12日 15:41:57.248 temperatureTask起動
07月12日 15:41:57.259 waferInTask起動
07月12日 15:41:57.270 mainControl20起動
07月12日 15:41:57.275 chemiProcTask起動
07月12日 15:41:57.292 nozzleComTask起動
07月12日 15:41:57.307 nozzle1Task起動
07月12日 15:41:57.318 nozzle2Task起動
07月12日 15:41:57.337 dispenseTask起動
07月12日 15:41:57.357 SEND PWR[FC=02]
07月12日 15:41:57.359 mainControl100起動
07月12日 15:41:57.426 subControl起動
07月12日 15:41:57.439 interruptTask起動
07月12日 15:42:50.969 RECV MDR
07月12日 15:42:51.023 SEND MDT[MN=32]
07月12日 15:42:52.407 RECV MDS
07月12日 15:42:52.411 TRN-NG N-SHT-OPEN
07月12日 15:42:52.416 SRV:INITIAL Start
07月12日 15:42:54.565 RECV SOS[FN=02]
07月12日 15:42:57.636 SRV:INITIAL END
07月12日 15:42:58.876 RECV SOS[FN=04]
07月12日 15:43:00.533 RECV SOS[FN=05]
07月12日 15:43:00.628 RECV SOS[FN=05]
07月12日 15:43:01.971 RECV SOS[FN=06]
07月12日 15:43:04.237 RECV SOS[FN=08]
07月12日 15:43:06.567 RECV SOS[FN=09]
07月12日 15:43:06.661 RECV SOS[FN=09]
07月12日 15:43:11.647 RECV SOS[FN=20]
07月12日 15:43:12.276 RECV SOS[FN=21]
07月12日 15:43:13.292 RECV SOS[FN=25]
07月12日 15:43:22.871 RECV CLR[FC=02]
07月12日 15:43:22.883 CUP-STOP
07月12日 15:43:22.883 SHUTTER-STOP
07月12日 15:43:22.883 [VAC]CMD=4
07月12日 15:43:22.884 E-STOP
07月12日 15:43:22.884 SRV:ALREADY OFF
07月12日 15:43:22.907 [DIS]E-STOP
07月12日 15:43:22.907 [SV-01]RESET-DIS-TIMER
07月12日 15:43:22.907 [SV-02]RESET-DIS-TIMER
07月12日 15:43:22.907 [SV-03]RESET-DIS-TIMER
07月12日 15:43:22.907 [SV-04]RESET-DIS-TIMER
07月12日 15:43:22.908 [SV-05]RESET-DIS-TIMER
07月12日 15:43:22.908 [SV-06]RESET-DIS-TIMER
07月12日 15:43:22.908 [SV-07]RESET-DIS-TIMER
07月12日 15:43:22.908 [SV-08]RESET-DIS-TIMER
07月12日 15:43:22.908 [SV-09]RESET-DIS-TIMER
07月12日 15:43:22.908 [SV-10]RESET-DIS-TIMER
07月12日 15:43:22.908 [SV-11]RESET-DIS-TIMER
07月12日 15:43:22.909 [SV-12]RESET-DIS-TIMER
07月12日 15:43:22.909 [SV-13]RESET-DIS-TIMER
07月12日 15:43:22.909 [SV-14]RESET-DIS-TIMER
07月12日 15:43:22.909 [SV-15]RESET-DIS-TIMER
07月12日 15:43:22.909 [SV-16]RESET-DIS-TIMER
07月12日 15:43:22.910 [SV-17]RESET-DIS-TIMER
07月12日 15:43:22.910 [SV-18]RESET-DIS-TIMER
07月12日 15:43:22.910 [SV-19]RESET-DIS-TIMER
07月12日 15:43:22.910 [SV-20]RESET-DIS-TIMER
07月12日 15:43:22.910 [SV-21]RESET-DIS-TIMER
07月12日 15:43:22.910 [SV-22]RESET-DIS-TIMER
07月12日 15:43:22.910 [SV-23]RESET-DIS-TIMER
07月12日 15:43:22.911 [SV-24]RESET-DIS-TIMER
07月12日 15:43:22.911 SRV:OFF-END
07月12日 15:43:22.912 [UNIT_RST]START
07月12日 15:43:22.922 CUP-STOP
07月12日 15:43:22.922 SHUTTER-STOP
07月12日 15:43:22.923 E-STOP
07月12日 15:43:22.923 SRV:ALREADY OFF
07月12日 15:43:22.942 SRV:OFF-END
07月12日 15:43:23.985 SRV:Non Alarm
07月12日 15:43:23.986 CUP-STOP
07月12日 15:43:23.987 SHUTTER-STOP
07月12日 15:43:24.180 [ETU]SEND WM
07月12日 15:43:24.451 SEND ALO[ALCD=6701,P1=00,P2=00,CF=00]
07月12日 15:43:24.652 SEND ALO[ALCD=8707,P1=00,P2=00,CF=00]
07月12日 15:43:40.671 RECV RET[FC=02]
07月12日 15:43:41.505 nzlUpOut_st
07月12日 15:43:41.511 nzlUpOut2_st
07月12日 15:43:41.645 TRN-NG CHK-WAFER
07月12日 15:43:41.651 [VAC]ST=1
07月12日 15:43:41.784 [VAC]CMD=3
07月12日 15:43:43.213 [VAC]CMD=2
07月12日 15:43:43.213 [VAC]ST=2
07月12日 15:43:43.411 TRN-NG N-SHT-OPEN
07月12日 15:43:43.496 SEND REE[FC=02]
07月12日 15:43:48.487 RECV RET[FC=01]
07月12日 15:43:48.561 CUP-UP-S
07月12日 15:43:48.571 [VAC]ST=1
07月12日 15:43:48.586 [VAC]CMD=3
07月12日 15:43:48.612 NZL1 U:0 A:0 P:1 H:1 4P:0 N:0
07月12日 15:43:48.612 SPN OK1
07月12日 15:43:48.613 NZL1 U:0 A:0 P:1 H:1 4P:0 N:0
07月12日 15:43:48.613 nzlUpOut
07月12日 15:43:48.614 NZL2 U:0 A:1 N:0
07月12日 15:43:48.614 SPN OK2
07月12日 15:43:48.614 nzlUpOut2
07月12日 15:43:48.615 TRN-NG RET-ORG
07月12日 15:43:48.712 NZL1 U:3 A:0 P:1 H:1 4P:0 N:12
07月12日 15:43:48.712 TR OK1
07月12日 15:43:48.713 NZL2 U:1 A:1 N:1
07月12日 15:43:48.713 TR OK2
07月12日 15:43:48.713 NZ1 OK2
07月12日 15:43:48.713 CHM OK2
07月12日 15:43:48.929 NZ02-STQ S
07月12日 15:43:49.274 NZ02d-STQ E
07月12日 15:43:49.326 NZ02-ORG S
07月12日 15:43:51.266 CUP-UP-E
07月12日 15:43:51.318 SRV:ON-40
07月12日 15:43:51.719 SRV:[RES DATA]-10
07月12日 15:43:51.720 SRV:ON-END
07月12日 15:43:51.761 SRV:ORG ON-42
07月12日 15:43:51.933 SRV:[RES DATA]-11
07月12日 15:43:52.235 SRV:[RES DATA]-13
07月12日 15:43:52.466 SRV:[RES DATA]-12
07月12日 15:43:53.263 SRV:[RES DATA]-10
07月12日 15:43:53.263 SRV:ORG-END
07月12日 15:43:53.264 SRV:OFF- 0
07月12日 15:43:53.862 SRV:[RES DATA]- 0
07月12日 15:43:53.862 SRV:OFF-END
07月12日 15:43:53.910 CUP-DOWN-S
07月12日 15:43:53.936 SHUTTER-CLOSE-S
07月12日 15:43:53.966 SHUTTER-CLOSE-E
07月12日 15:43:54.546 NZ02-ORG E
07月12日 15:43:54.626 NZ02-MOV S
07月12日 15:43:57.351 CUP-DOWN-E
07月12日 15:43:57.536 [VAC]CMD=2
07月12日 15:43:57.536 [VAC]ST=2
07月12日 15:44:02.225 NZ02-MOV ON-ERR
07月12日 15:44:02.228 CUP-STOP
07月12日 15:44:02.229 SHUTTER-STOP
07月12日 15:44:02.230 [VAC]CMD=4
07月12日 15:44:02.230 E-STOP
07月12日 15:44:02.231 SRV:ALREADY OFF
07月12日 15:44:02.250 NZ02-STP S
07月12日 15:44:02.250 NZ02-STP BUSY-OFF
07月12日 15:44:02.256 SRV:OFF-END
07月12日 15:44:02.281 SEND ALO[ALCD=1120,P1=00,P2=00,CF=00]
07月12日 15:44:02.326 [DIS]E-STOP
07月12日 15:44:02.326 [SV-01]RESET-DIS-TIMER
07月12日 15:44:02.326 [SV-02]RESET-DIS-TIMER
07月12日 15:44:02.327 [SV-03]RESET-DIS-TIMER
07月12日 15:44:02.327 [SV-04]RESET-DIS-TIMER
07月12日 15:44:02.327 [SV-05]RESET-DIS-TIMER
07月12日 15:44:02.327 [SV-06]RESET-DIS-TIMER
07月12日 15:44:02.327 [SV-07]RESET-DIS-TIMER
07月12日 15:44:02.327 [SV-08]RESET-DIS-TIMER
07月12日 15:44:02.327 [SV-09]RESET-DIS-TIMER
07月12日 15:44:02.328 [SV-10]RESET-DIS-TIMER
07月12日 15:44:02.328 [SV-11]RESET-DIS-TIMER
07月12日 15:44:02.328 [SV-12]RESET-DIS-TIMER
07月12日 15:44:02.328 [SV-13]RESET-DIS-TIMER
07月12日 15:44:02.329 [SV-14]RESET-DIS-TIMER
07月12日 15:44:02.329 [SV-15]RESET-DIS-TIMER
07月12日 15:44:02.329 [SV-16]RESET-DIS-TIMER
07月12日 15:44:02.329 [SV-17]RESET-DIS-TIMER
07月12日 15:44:02.329 [SV-18]RESET-DIS-TIMER
07月12日 15:44:02.330 [SV-19]RESET-DIS-TIMER
07月12日 15:44:02.330 [SV-20]RESET-DIS-TIMER
07月12日 15:44:02.330 [SV-21]RESET-DIS-TIMER
07月12日 15:44:02.330 [SV-22]RESET-DIS-TIMER
07月12日 15:44:02.331 [SV-23]RESET-DIS-TIMER
07月12日 15:44:02.331 [SV-24]RESET-DIS-TIMER
07月12日 15:44:02.601 NZ02-STP E
07月12日 15:45:12.024 RECV ARS[ALCD=1120,CF=00,GN=00]
07月12日 15:45:12.037 [UNIT_RST]START
07月12日 15:45:12.124 SEND ARA[ALCD=1120,ST=00]
07月12日 15:45:12.408 [UNIT_RST]MECHA STP
07月12日 15:45:12.501 SRV:Non Alarm
07月12日 15:45:12.605 SRV:RESET OK
07月12日 15:45:12.804 [MECHA_RST]START
07月12日 15:45:12.899 NZL1 U:3 A:0 P:1 H:0 4P:0 N:0
07月12日 15:45:12.899 TR NG1
07月12日 15:45:12.900 NZL1 U:3 A:0 P:1 H:0 4P:0 N:0
07月12日 15:45:12.900 nzlUpOut
07月12日 15:45:12.996 NZL1 U:3 A:0 P:1 H:0 4P:0 N:12
07月12日 15:45:12.996 TR OK1
07月12日 15:45:13.216 NZ02-STQ S
07月12日 15:45:13.396 NZ02d-STQ E
07月12日 15:45:13.424 NZ02-ORG S
07月12日 15:45:15.358 NZ02-ORG E
07月12日 15:45:15.415 NZ02-MOV S
07月12日 15:45:16.296 NZ02-MOV E
07月12日 15:45:16.395 NZL1 U:3 A:1 P:1 H:0 4P:1 N:10
07月12日 15:45:16.395 TR NG1
07月12日 15:45:16.395 nzlDownOut
07月12日 15:45:19.095 NZL1 U:1 A:1 P:1 H:0 4P:1 N:1
07月12日 15:45:19.096 TR OK1
07月12日 15:45:19.096 NZ2 OK1
07月12日 15:45:19.096 CHM OK1
07月12日 15:45:19.195 NZL1 U:1 A:1 P:1 H:0 4P:1 N:1
07月12日 15:45:19.196 NZL_ORG_END
07月12日 15:45:19.397 CUP-DOWN-S
07月12日 15:45:19.398 SHUTTER-CLOSE-S
07月12日 15:45:19.398 [VAC]CMD=2
07月12日 15:45:19.398 SRV:ALREADY OFF
07月12日 15:45:19.401 CUP-DOWN-E
07月12日 15:45:19.402 SHUTTER-CLOSE-E
07月12日 15:45:19.500 SRV:OFF-END
07月12日 15:45:19.500 [MECHA_RST]END
07月12日 15:45:19.500 [UNIT_RST]MECHA RST
07月12日 15:45:19.570 SEND REE[FC=01]
07月12日 15:45:19.571 SEND STT[PN1=01,ST=00]
07月12日 15:45:19.597 TRN-NG N-SHT-OPEN
07月12日 15:45:19.674 SEND STT[PN1=02,ST=00]
07月12日 15:45:19.701 TRN-NG CHK-WAFER
07月12日 15:45:19.703 [VAC]ST=1
07月12日 15:45:19.803 [VAC]CMD=3
07月12日 15:45:20.074 RECV USM[PN1=04,PN2=02,DN1=01,DN2=00]
07月12日 15:45:20.996 [VAC]CMD=2
07月12日 15:45:20.997 [VAC]ST=2
07月12日 15:45:21.098 [UNIT_RST]END
07月12日 15:45:21.195 TRN-NG N-SHT-OPEN
07月12日 15:45:21.214 RECV USM[PN1=03,PN2=01,DN1=00,DN2=00]
07月12日 15:46:23.724 RECV SOS[FN=02]
07月12日 15:52:22.533 RECV EBR[BF=01]
07月12日 15:54:24.260 RECV EBR[BF=02]
07月12日 15:55:18.766 ***** StartLogging SPIN03.log *****
07月12日 15:55:18.781 spinMain起動 build : Jul 12 2012
07月12日 15:55:18.782 搬送ｱﾄﾞﾚｽｾｯﾄ完了 : ｱﾄﾞﾚｽ = 02
07月12日 15:55:18.782 CVPｱﾄﾞﾚｽｾｯﾄ完了：ｱﾄﾞﾚｽ = 11
07月12日 15:55:18.814 controlTask起動
07月12日 15:55:18.836 messageProc起動
07月12日 15:55:18.859 sendMsgTask起動
07月12日 15:55:18.876 temperatureTask起動
07月12日 15:55:18.881 waferInTask起動
07月12日 15:55:18.899 mainControl20起動
07月12日 15:55:18.905 chemiProcTask起動
07月12日 15:55:18.922 nozzleComTask起動
07月12日 15:55:18.926 nozzle1Task起動
07月12日 15:55:18.940 nozzle2Task起動
07月12日 15:55:18.969 dispenseTask起動
07月12日 15:55:18.973 SEND PWR[FC=02]
07月12日 15:55:18.985 mainControl100起動
07月12日 15:55:19.049 subControl起動
07月12日 15:55:19.057 interruptTask起動
07月12日 15:56:07.827 RECV MDR
07月12日 15:56:07.901 SEND MDT[MN=32]
07月12日 15:56:09.395 RECV MDS
07月12日 15:56:09.405 SRV:INITIAL Start
07月12日 15:56:09.476 TRN-NG N-SHT-OPEN
07月12日 15:56:11.377 RECV SOS[FN=02]
07月12日 15:56:14.609 SRV:INITIAL END
07月12日 15:56:16.509 RECV SOS[FN=04]
07月12日 15:56:17.723 RECV SOS[FN=05]
07月12日 15:56:17.879 RECV SOS[FN=05]
07月12日 15:56:18.552 RECV SOS[FN=06]
07月12日 15:56:21.114 RECV SOS[FN=08]
07月12日 15:56:23.273 RECV SOS[FN=09]
07月12日 15:56:23.366 RECV SOS[FN=09]
07月12日 15:56:29.024 RECV SOS[FN=20]
07月12日 15:56:29.787 RECV SOS[FN=21]
07月12日 15:56:30.947 RECV SOS[FN=25]
07月12日 15:56:40.288 RECV CLR[FC=02]
07月12日 15:56:40.318 CUP-STOP
07月12日 15:56:40.334 SHUTTER-STOP
07月12日 15:56:40.335 [VAC]CMD=4
07月12日 15:56:40.355 E-STOP
07月12日 15:56:40.360 SRV:ALREADY OFF
07月12日 15:56:40.365 SRV:OFF-END
07月12日 15:56:40.378 [DIS]E-STOP
07月12日 15:56:40.378 [SV-01]RESET-DIS-TIMER
07月12日 15:56:40.378 [SV-02]RESET-DIS-TIMER
07月12日 15:56:40.379 [SV-03]RESET-DIS-TIMER
07月12日 15:56:40.379 [SV-04]RESET-DIS-TIMER
07月12日 15:56:40.379 [SV-05]RESET-DIS-TIMER
07月12日 15:56:40.379 [SV-06]RESET-DIS-TIMER
07月12日 15:56:40.379 [SV-07]RESET-DIS-TIMER
07月12日 15:56:40.379 [SV-08]RESET-DIS-TIMER
07月12日 15:56:40.379 [SV-09]RESET-DIS-TIMER
07月12日 15:56:40.379 [SV-10]RESET-DIS-TIMER
07月12日 15:56:40.380 [SV-11]RESET-DIS-TIMER
07月12日 15:56:40.380 [SV-12]RESET-DIS-TIMER
07月12日 15:56:40.380 [SV-13]RESET-DIS-TIMER
07月12日 15:56:40.380 [SV-14]RESET-DIS-TIMER
07月12日 15:56:40.380 [SV-15]RESET-DIS-TIMER
07月12日 15:56:40.380 [SV-16]RESET-DIS-TIMER
07月12日 15:56:40.381 [SV-17]RESET-DIS-TIMER
07月12日 15:56:40.381 [SV-18]RESET-DIS-TIMER
07月12日 15:56:40.382 [SV-19]RESET-DIS-TIMER
07月12日 15:56:40.382 [SV-20]RESET-DIS-TIMER
07月12日 15:56:40.382 [SV-21]RESET-DIS-TIMER
07月12日 15:56:40.382 [SV-22]RESET-DIS-TIMER
07月12日 15:56:40.382 [SV-23]RESET-DIS-TIMER
07月12日 15:56:40.382 [SV-24]RESET-DIS-TIMER
07月12日 15:56:41.538 SRV:Non Alarm
07月12日 15:56:41.540 CUP-STOP
07月12日 15:56:41.540 SHUTTER-STOP
07月12日 15:56:41.736 [ETU]SEND WM
07月12日 15:56:41.986 SEND ALO[ALCD=6701,P1=00,P2=00,CF=00]
07月12日 15:56:42.090 SEND ALO[ALCD=8707,P1=00,P2=00,CF=00]
07月12日 15:56:52.765 RECV RET[FC=02]
07月12日 15:56:52.946 nzlUpOut_st
07月12日 15:56:52.947 nzlUpOut2_st
07月12日 15:56:53.047 TRN-NG CHK-WAFER
07月12日 15:56:53.049 [VAC]ST=1
07月12日 15:56:53.148 [VAC]CMD=3
07月12日 15:56:54.351 [VAC]CMD=2
07月12日 15:56:54.352 [VAC]ST=2
07月12日 15:56:54.547 TRN-NG N-SHT-OPEN
07月12日 15:56:54.585 SEND REE[FC=02]
07月12日 15:56:59.576 RECV RET[FC=01]
07月12日 15:56:59.749 NZL1 U:0 A:0 P:1 H:1 4P:0 N:0
07月12日 15:56:59.749 SPN OK1
07月12日 15:56:59.749 NZL1 U:0 A:0 P:1 H:1 4P:0 N:0
07月12日 15:56:59.749 nzlUpOut
07月12日 15:56:59.750 NZL2 U:0 A:1 N:0
07月12日 15:56:59.750 SPN OK2
07月12日 15:56:59.750 nzlUpOut2
07月12日 15:56:59.750 TRN-NG RET-ORG
07月12日 15:56:59.848 NZL1 U:3 A:0 P:1 H:1 4P:0 N:12
07月12日 15:56:59.848 TR OK1
07月12日 15:56:59.848 NZL2 U:1 A:1 N:1
07月12日 15:56:59.849 TR OK2
07月12日 15:56:59.849 NZ1 OK2
07月12日 15:56:59.849 CHM OK2
07月12日 15:57:00.067 NZ02-STQ S
07月12日 15:57:02.115 CUP-UP-S
07月12日 15:57:02.180 [VAC]ST=1
07月12日 15:57:02.192 [VAC]CMD=3
07月12日 15:57:02.460 NZ02d-STQ E
07月12日 15:57:02.577 NZ02-ORG S
07月12日 15:57:04.496 CUP-UP-E
07月12日 15:57:04.537 SRV:ON-40
07月12日 15:57:05.058 NODE=2 STATUS=0x 860
07月12日 15:57:05.238 SEND ALO[ALCD=2121,P1=06,P2=00,CF=00]
07月12日 15:57:05.359 [ETU]SEND WM
07月12日 15:57:05.825 SRV:[RES DATA]-10
07月12日 15:57:05.826 SRV:ON-END
07月12日 15:57:05.866 SRV:ORG ON-42
07月12日 15:57:06.050 SRV:[RES DATA]-11
07月12日 15:57:06.246 SRV:[RES DATA]-13
07月12日 15:57:06.325 SRV:[RES DATA]-12
07月12日 15:57:06.799 NZ02-ORG E
07月12日 15:57:06.877 NZ02-MOV S
07月12日 15:57:07.298 SRV:[RES DATA]-10
07月12日 15:57:07.298 SRV:ORG-END
07月12日 15:57:07.298 SRV:OFF- 0
07月12日 15:57:07.891 SRV:[RES DATA]- 0
07月12日 15:57:07.891 SRV:OFF-END
07月12日 15:57:07.925 CUP-DOWN-S
07月12日 15:57:07.947 SHUTTER-CLOSE-S
07月12日 15:57:07.978 SHUTTER-CLOSE-E
07月12日 15:57:09.589 NZ02-MOV E
07月12日 15:57:09.758 NZL1 U:3 A:1 P:1 H:1 4P:1 N:10
07月12日 15:57:09.758 TR NG1
07月12日 15:57:09.758 nzlDownOut
07月12日 15:57:10.737 CUP-DOWN-E
07月12日 15:57:10.859 [VAC]CMD=2
07月12日 15:57:10.859 [VAC]ST=2
07月12日 15:57:12.458 NZL1 U:1 A:1 P:1 H:1 4P:1 N:1
07月12日 15:57:12.458 TR OK1
07月12日 15:57:12.458 NZ2 OK1
07月12日 15:57:12.459 CHM OK1
07月12日 15:57:12.559 NZL1 U:1 A:1 P:1 H:1 4P:1 N:1
07月12日 15:57:12.559 NZL_ORG_END
07月12日 15:57:12.656 TRN-NG N-SHT-OPEN
07月12日 15:57:12.743 SEND REE[FC=01]
07月12日 15:57:12.849 SEND STT[PN1=01,ST=00]
07月12日 15:57:12.955 SEND STT[PN1=02,ST=00]
07月12日 15:57:28.055 NODE=2 STATUS=0x 860
07月12日 15:57:28.346 [ETU]SEND WM
07月12日 15:57:57.781 RECV USM[PN1=04,PN2=02,DN1=01,DN2=00]
07月12日 15:57:59.266 RECV USM[PN1=03,PN2=01,DN1=00,DN2=00]
07月12日 15:58:03.897 NODE=2 STATUS=0x 860
07月12日 15:58:03.997 [ETU]SEND WM
07月12日 15:58:39.390 NODE=2 STATUS=0x 860
07月12日 15:58:39.698 [ETU]SEND WM
07月12日 15:59:02.418 NODE=2 STATUS=0x 860
07月12日 15:59:02.716 [ETU]SEND WM
07月12日 15:59:14.920 [ETU]TIMEUP
07月12日 15:59:26.843 NODE=2 STATUS=0x 860
07月12日 15:59:27.289 [ETU]SEND WM
07月12日 15:59:49.858 NODE=2 STATUS=0x 860
07月12日 15:59:50.160 [ETU]SEND WM
07月12日 16:00:23.897 NODE=2 STATUS=0x 860
07月12日 16:00:23.998 [ETU]SEND WM
07月12日 16:00:59.347 NODE=2 STATUS=0x 860
07月12日 16:00:59.439 [ETU]SEND WM
07月12日 16:01:23.389 NODE=2 STATUS=0x 860
07月12日 16:01:23.688 [ETU]SEND WM
07月12日 16:01:47.648 NODE=2 STATUS=0x 860
07月12日 16:01:47.948 [ETU]SEND WM
07月12日 16:02:10.389 NODE=2 STATUS=0x 860
07月12日 16:02:10.688 [ETU]SEND WM
07月12日 16:02:33.548 NODE=2 STATUS=0x 860
07月12日 16:02:33.846 [ETU]SEND WM
07月12日 16:02:55.672 NODE=2 STATUS=0x 860
07月12日 16:02:55.967 [ETU]SEND WM
07月12日 16:03:30.088 NODE=2 STATUS=0x 860
07月12日 16:03:30.188 [ETU]SEND WM
07月12日 16:04:05.153 NODE=2 STATUS=0x 860
07月12日 16:04:05.248 [ETU]SEND WM
07月12日 16:04:27.377 NODE=2 STATUS=0x 860
07月12日 16:04:27.666 [ETU]SEND WM
07月12日 16:04:50.187 NODE=2 STATUS=0x 860
07月12日 16:04:50.486 [ETU]SEND WM
07月12日 16:05:12.587 NODE=2 STATUS=0x 860
07月12日 16:05:12.888 [ETU]SEND WM
07月12日 16:05:35.688 NODE=2 STATUS=0x 860
07月12日 16:05:35.994 [ETU]SEND WM
07月12日 16:05:58.202 NODE=2 STATUS=0x 860
07月12日 16:05:58.497 [ETU]SEND WM
07月12日 16:06:21.137 NODE=2 STATUS=0x 860
07月12日 16:06:21.437 [ETU]SEND WM
07月12日 16:06:55.087 NODE=2 STATUS=0x 860
07月12日 16:06:55.186 [ETU]SEND WM
07月12日 16:07:28.937 NODE=2 STATUS=0x 860
07月12日 16:07:29.037 [ETU]SEND WM
07月12日 16:08:04.147 NODE=2 STATUS=0x 860
07月12日 16:08:04.247 [ETU]SEND WM
07月12日 16:08:27.241 NODE=2 STATUS=0x 860
07月12日 16:08:27.536 [ETU]SEND WM
07月12日 16:08:50.169 NODE=2 STATUS=0x 860
07月12日 16:08:50.473 [ETU]SEND WM
07月12日 16:09:24.510 NODE=2 STATUS=0x 860
07月12日 16:09:24.607 [ETU]SEND WM
07月12日 16:09:47.569 NODE=2 STATUS=0x 860
07月12日 16:09:48.017 [ETU]SEND WM
07月12日 16:10:09.927 NODE=2 STATUS=0x 860
07月12日 16:10:10.228 [ETU]SEND WM
07月12日 16:10:33.687 NODE=2 STATUS=0x 860
07月12日 16:10:33.986 [ETU]SEND WM
07月12日 16:10:49.333 RECV SOS[FN=02]
07月12日 16:10:56.608 NODE=2 STATUS=0x 860
07月12日 16:10:56.908 [ETU]SEND WM
07月12日 16:11:19.830 NODE=2 STATUS=0x 860
07月12日 16:11:20.129 [ETU]SEND WM
07月12日 16:11:26.025 RECV EBR[BF=01]
07月12日 16:12:06.229 NODE=2 STATUS=0x 860
07月12日 16:12:06.528 [ETU]SEND WM
07月12日 16:12:29.880 NODE=2 STATUS=0x 860
07月12日 16:12:30.179 [ETU]SEND WM
07月12日 16:12:48.676 RECV EBR[BF=02]
07月12日 16:12:53.597 NODE=2 STATUS=0x 860
07月12日 16:12:53.896 [ETU]SEND WM
07月12日 16:13:15.877 NODE=2 STATUS=0x 860
07月12日 16:13:16.178 [ETU]SEND WM
07月12日 16:13:50.282 NODE=2 STATUS=0x 860
07月12日 16:13:50.377 [ETU]SEND WM
07月12日 16:14:12.378 NODE=2 STATUS=0x 860
07月12日 16:14:12.684 [ETU]SEND WM
07月12日 16:14:36.353 NODE=2 STATUS=0x 860
07月12日 16:14:36.777 [ETU]SEND WM
07月12日 16:14:59.180 NODE=2 STATUS=0x 860
07月12日 16:14:59.478 [ETU]SEND WM
07月12日 16:15:21.828 NODE=2 STATUS=0x 860
07月12日 16:15:22.126 [ETU]SEND WM
07月12日 16:15:56.288 NODE=2 STATUS=0x 860
07月12日 16:15:56.387 [ETU]SEND WM
07月12日 16:16:19.138 NODE=2 STATUS=0x 860
07月12日 16:16:19.438 [ETU]SEND WM
07月12日 16:16:41.760 NODE=2 STATUS=0x 860
07月12日 16:16:42.057 [ETU]SEND WM
07月12日 16:17:13.502 RECV USM[PN1=03,PN2=01,DN1=00,DN2=00]
07月12日 16:17:14.531 RECV USM[PN1=03,PN2=00,DN1=00,DN2=00]
07月12日 16:17:16.168 NODE=2 STATUS=0x 860
07月12日 16:17:16.267 [ETU]SEND WM
07月12日 16:17:17.353 RECV USM[PN1=03,PN2=01,DN1=00,DN2=00]
07月12日 16:17:19.314 RECV USM[PN1=03,PN2=00,DN1=00,DN2=00]
07月12日 16:17:51.028 NODE=2 STATUS=0x 860
07月12日 16:17:51.127 [ETU]SEND WM
07月12日 16:18:14.302 NODE=2 STATUS=0x 860
07月12日 16:18:14.596 [ETU]SEND WM
07月12日 16:18:37.318 NODE=2 STATUS=0x 860
07月12日 16:18:37.617 [ETU]SEND WM
07月12日 16:19:11.467 NODE=2 STATUS=0x 860
07月12日 16:19:11.567 [ETU]SEND WM
07月12日 16:19:34.202 NODE=2 STATUS=0x 860
07月12日 16:19:34.498 [ETU]SEND WM
07月12日 16:20:08.857 NODE=2 STATUS=0x 860
07月12日 16:20:08.958 [ETU]SEND WM
07月12日 16:20:30.768 NODE=2 STATUS=0x 860
07月12日 16:20:31.068 [ETU]SEND WM
07月12日 16:21:06.797 NODE=2 STATUS=0x 860
07月12日 16:21:06.897 [ETU]SEND WM
07月12日 16:21:40.149 NODE=2 STATUS=0x 860
07月12日 16:21:40.446 [ETU]SEND WM
07月12日 16:22:03.823 NODE=2 STATUS=0x 860
07月12日 16:22:04.187 [ETU]SEND WM
07月12日 16:22:38.197 NODE=2 STATUS=0x 860
07月12日 16:22:38.298 [ETU]SEND WM
07月12日 16:23:00.158 NODE=2 STATUS=0x 860
07月12日 16:23:00.458 [ETU]SEND WM
07月12日 16:23:23.467 NODE=2 STATUS=0x 860
07月12日 16:23:23.766 [ETU]SEND WM
07月12日 16:23:58.307 NODE=2 STATUS=0x 860
07月12日 16:23:58.408 [ETU]SEND WM
07月12日 16:24:21.168 NODE=2 STATUS=0x 860
07月12日 16:24:21.467 [ETU]SEND WM
07月12日 16:24:43.407 NODE=2 STATUS=0x 860
07月12日 16:24:43.712 [ETU]SEND WM
07月12日 16:25:06.568 NODE=2 STATUS=0x 860
07月12日 16:25:06.868 [ETU]SEND WM
07月12日 16:25:28.720 NODE=2 STATUS=0x 860
07月12日 16:25:29.017 [ETU]SEND WM
07月12日 16:25:42.091 [ETU]TIMEUP
07月12日 16:25:44.292 [ETU]TIMEUP
07月12日 16:25:46.496 [ETU]TIMEUP
07月12日 16:25:49.427 [ETU]TIMEUP
07月12日 16:26:02.327 [ETU]TIMEUP
07月12日 16:26:05.206 [ETU]TIMEUP
07月12日 16:26:18.891 [ETU]TIMEUP
07月12日 16:26:21.236 [ETU]TIMEUP
07月12日 16:26:34.898 [ETU]TIMEUP
07月12日 16:26:37.097 [ETU]TIMEUP
07月12日 16:26:51.058 [ETU]TIMEUP
07月12日 16:26:53.258 [ETU]TIMEUP
07月12日 16:27:07.159 [ETU]TIMEUP
07月12日 16:27:09.356 [ETU]TIMEUP
07月12日 16:27:23.207 [ETU]TIMEUP
07月12日 16:27:25.412 [ETU]TIMEUP
07月12日 16:27:39.078 [ETU]TIMEUP
07月12日 16:27:41.276 [ETU]TIMEUP
07月12日 16:27:54.897 [ETU]TIMEUP
07月12日 16:27:57.099 [ETU]TIMEUP
07月12日 16:28:10.787 [ETU]TIMEUP
07月12日 16:28:12.987 [ETU]TIMEUP
07月12日 16:28:26.736 [ETU]TIMEUP
07月12日 16:28:28.939 [ETU]TIMEUP
07月12日 16:28:42.446 [ETU]TIMEUP
07月12日 16:28:44.646 [ETU]TIMEUP
07月12日 16:28:58.657 [ETU]TIMEUP
07月12日 16:29:00.864 [ETU]TIMEUP
07月12日 16:29:14.776 [ETU]TIMEUP
07月12日 16:29:16.978 [ETU]TIMEUP
07月12日 16:29:31.251 [ETU]TIMEUP
07月12日 16:29:34.211 [ETU]TIMEUP
07月12日 16:29:44.185 RECV EBR[BF=01]
07月12日 16:29:48.492 [ETU]TIMEUP
07月12日 16:29:51.176 [ETU]TIMEUP
07月12日 16:30:05.510 [ETU]TIMEUP
07月12日 16:30:07.708 [ETU]TIMEUP
07月12日 16:30:24.997 [ETU]TIMEUP
07月12日 16:30:27.196 [ETU]TIMEUP
07月12日 16:30:41.435 [ETU]TIMEUP
07月12日 16:30:43.631 [ETU]TIMEUP
07月12日 16:30:57.768 [ETU]TIMEUP
07月12日 16:30:59.967 [ETU]TIMEUP
07月12日 16:31:14.418 [ETU]TIMEUP
07月12日 16:31:16.618 [ETU]TIMEUP
07月12日 16:31:18.958 RECV EBR[BF=02]
07月12日 16:31:31.358 [ETU]TIMEUP
07月12日 16:31:34.361 [ETU]TIMEUP
07月12日 16:31:48.871 [ETU]TIMEUP
07月12日 16:31:51.157 [ETU]TIMEUP
07月12日 16:32:05.498 [ETU]TIMEUP
07月12日 16:32:07.696 [ETU]TIMEUP
07月12日 16:32:21.507 [ETU]TIMEUP
07月12日 16:32:23.707 [ETU]TIMEUP
07月12日 16:32:37.456 [ETU]TIMEUP
07月12日 16:32:39.656 [ETU]TIMEUP
07月12日 16:32:51.923 RECV EBR[BF=01]
07月12日 16:32:53.267 [ETU]TIMEUP
07月12日 16:32:55.472 [ETU]TIMEUP
07月12日 16:33:08.969 [ETU]TIMEUP
07月12日 16:33:11.168 [ETU]TIMEUP
07月12日 16:33:24.986 [ETU]TIMEUP
07月12日 16:33:27.186 [ETU]TIMEUP
07月12日 16:33:40.692 [ETU]TIMEUP
07月12日 16:33:42.887 [ETU]TIMEUP
07月12日 16:33:56.606 [ETU]TIMEUP
07月12日 16:33:58.807 [ETU]TIMEUP
07月12日 16:34:12.756 [ETU]TIMEUP
07月12日 16:34:14.956 [ETU]TIMEUP
07月12日 16:34:28.466 [ETU]TIMEUP
07月12日 16:34:30.670 [ETU]TIMEUP
07月12日 16:34:44.428 [ETU]TIMEUP
07月12日 16:34:46.627 [ETU]TIMEUP
07月12日 16:35:00.346 [ETU]TIMEUP
07月12日 16:35:02.547 [ETU]TIMEUP
07月12日 16:35:15.837 RECV EBR[BF=02]
07月12日 16:35:16.367 [ETU]TIMEUP
07月12日 16:35:19.318 [ETU]TIMEUP
07月12日 16:35:32.910 [ETU]TIMEUP
07月12日 16:35:35.958 [ETU]TIMEUP
07月12日 16:35:49.850 [ETU]TIMEUP
07月12日 16:35:52.130 [ETU]TIMEUP
07月12日 16:36:05.761 [ETU]TIMEUP
07月12日 16:36:08.075 [ETU]TIMEUP
07月12日 16:36:21.802 [ETU]TIMEUP
07月12日 16:36:24.001 [ETU]TIMEUP
07月12日 16:36:37.677 [ETU]TIMEUP
07月12日 16:36:39.878 [ETU]TIMEUP
07月12日 16:36:53.987 [ETU]TIMEUP
07月12日 16:36:56.192 [ETU]TIMEUP
07月12日 16:37:09.796 [ETU]TIMEUP
07月12日 16:37:11.996 [ETU]TIMEUP
07月12日 16:37:25.799 [ETU]TIMEUP
07月12日 16:37:27.998 [ETU]TIMEUP
07月12日 16:37:41.648 [ETU]TIMEUP
07月12日 16:37:43.846 [ETU]TIMEUP
07月12日 16:37:57.646 [ETU]TIMEUP
07月12日 16:37:59.847 [ETU]TIMEUP
07月12日 16:38:13.447 [ETU]TIMEUP
07月12日 16:38:15.647 [ETU]TIMEUP
07月12日 16:38:29.397 [ETU]TIMEUP
07月12日 16:38:31.598 [ETU]TIMEUP
07月12日 16:38:45.127 [ETU]TIMEUP
07月12日 16:38:47.326 [ETU]TIMEUP
07月12日 16:39:00.916 [ETU]TIMEUP
07月12日 16:39:03.120 [ETU]TIMEUP
07月12日 16:39:16.787 [ETU]TIMEUP
07月12日 16:39:19.704 [ETU]TIMEUP
07月12日 16:39:32.816 [ETU]TIMEUP
07月12日 16:39:35.871 [ETU]TIMEUP
07月12日 16:39:49.424 [ETU]TIMEUP
07月12日 16:39:51.607 [ETU]TIMEUP
07月12日 16:40:05.204 [ETU]TIMEUP
07月12日 16:40:07.598 [ETU]TIMEUP
07月12日 16:40:21.396 [ETU]TIMEUP
07月12日 16:40:23.596 [ETU]TIMEUP
07月12日 16:40:37.406 [ETU]TIMEUP
07月12日 16:40:39.606 [ETU]TIMEUP
07月12日 16:40:53.198 [ETU]TIMEUP
07月12日 16:40:55.396 [ETU]TIMEUP
07月12日 16:41:09.078 [ETU]TIMEUP
07月12日 16:41:11.276 [ETU]TIMEUP
07月12日 16:41:24.817 [ETU]TIMEUP
07月12日 16:41:27.016 [ETU]TIMEUP
07月12日 16:41:40.803 [ETU]TIMEUP
07月12日 16:41:42.998 [ETU]TIMEUP
07月12日 16:41:56.546 [ETU]TIMEUP
07月12日 16:41:58.747 [ETU]TIMEUP
07月12日 16:42:12.487 [ETU]TIMEUP
07月12日 16:42:14.692 [ETU]TIMEUP
07月12日 16:42:28.529 [ETU]TIMEUP
07月12日 16:42:30.726 [ETU]TIMEUP
07月12日 16:42:44.447 [ETU]TIMEUP
07月12日 16:42:46.646 [ETU]TIMEUP
07月12日 16:43:00.437 [ETU]TIMEUP
07月12日 16:43:02.636 [ETU]TIMEUP
07月12日 16:43:07.733 RECV EBR[BF=01]
07月12日 16:43:16.612 [ETU]TIMEUP
07月12日 16:43:18.814 [ETU]TIMEUP
07月12日 16:43:33.086 [ETU]TIMEUP
07月12日 16:43:35.897 [ETU]TIMEUP
07月12日 16:43:48.800 [ETU]TIMEUP
07月12日 16:43:51.948 [ETU]TIMEUP
07月12日 16:44:05.450 [ETU]TIMEUP
07月12日 16:44:07.848 [ETU]TIMEUP
07月12日 16:44:21.703 [ETU]TIMEUP
07月12日 16:44:23.899 [ETU]TIMEUP
07月12日 16:44:37.920 [ETU]TIMEUP
07月12日 16:44:40.119 [ETU]TIMEUP
07月12日 16:44:53.948 [ETU]TIMEUP
07月12日 16:44:56.152 [ETU]TIMEUP
07月12日 16:45:09.718 [ETU]TIMEUP
07月12日 16:45:11.916 [ETU]TIMEUP
07月12日 16:45:25.698 [ETU]TIMEUP
07月12日 16:45:27.898 [ETU]TIMEUP
07月12日 16:45:41.420 [ETU]TIMEUP
07月12日 16:45:43.618 [ETU]TIMEUP
07月12日 16:45:57.432 [ETU]TIMEUP
07月12日 16:45:59.630 [ETU]TIMEUP
07月12日 16:46:13.460 [ETU]TIMEUP
07月12日 16:46:15.657 [ETU]TIMEUP
07月12日 16:46:29.296 [ETU]TIMEUP
07月12日 16:46:31.497 [ETU]TIMEUP
07月12日 16:46:45.156 [ETU]TIMEUP
07月12日 16:46:47.358 [ETU]TIMEUP
07月12日 16:47:00.999 [ETU]TIMEUP
07月12日 16:47:03.196 [ETU]TIMEUP
07月12日 16:47:18.257 [ETU]TIMEUP
