07月12日 13:56:33.721 ***** StartLogging SPIN02.log *****
07月12日 13:56:33.731 spinMain起動 build : Jul 12 2012
07月12日 13:56:33.742 搬送ｱﾄﾞﾚｽｾｯﾄ完了 : ｱﾄﾞﾚｽ = 02
07月12日 13:56:33.742 CVPｱﾄﾞﾚｽｾｯﾄ完了：ｱﾄﾞﾚｽ = 11
07月12日 13:56:33.774 controlTask起動
07月12日 13:56:33.791 messageProc起動
07月12日 13:56:33.807 sendMsgTask起動
07月12日 13:56:33.816 temperatureTask起動
07月12日 13:56:33.829 waferInTask起動
07月12日 13:56:33.836 mainControl20起動
07月12日 13:56:33.850 chemiProcTask起動
07月12日 13:56:33.854 nozzleComTask起動
07月12日 13:56:33.865 nozzle1Task起動
07月12日 13:56:33.879 nozzle2Task起動
07月12日 13:56:33.890 dispenseTask起動
07月12日 13:56:33.895 mainControl100起動
07月12日 13:56:33.964 subControl起動
07月12日 13:56:33.982 SEND PWR[FC=02]
07月12日 13:56:33.983 interruptTask起動
07月12日 13:57:35.162 RECV MDR
07月12日 13:57:35.229 SEND MDT[MN=31]
07月12日 13:57:36.661 RECV MDS
07月12日 13:57:36.681 SRV:INITIAL Start
07月12日 13:57:36.704 TRN-NG N-SHT-OPEN
07月12日 13:57:38.528 RECV SOS[FN=02]
07月12日 13:57:41.977 SRV:INITIAL END
07月12日 13:57:43.641 RECV SOS[FN=04]
07月12日 13:57:45.111 RECV SOS[FN=05]
07月12日 13:57:45.208 RECV SOS[FN=05]
07月12日 13:57:46.017 RECV SOS[FN=06]
07月12日 13:57:48.815 RECV SOS[FN=08]
07月12日 13:57:50.742 RECV SOS[FN=09]
07月12日 13:57:50.837 RECV SOS[FN=09]
07月12日 13:57:56.504 RECV SOS[FN=20]
07月12日 13:57:57.754 RECV SOS[FN=21]
07月12日 13:57:58.665 RECV SOS[FN=25]
07月12日 13:58:07.711 RECV CLR[FC=02]
07月12日 13:58:07.736 CUP-STOP
07月12日 13:58:07.737 SHUTTER-STOP
07月12日 13:58:07.737 [VAC]CMD=4
07月12日 13:58:07.738 E-STOP
07月12日 13:58:07.738 SRV:ALREADY OFF
07月12日 13:58:07.756 SRV:OFF-END
07月12日 13:58:07.785 [DIS]E-STOP
07月12日 13:58:07.786 [SV-01]RESET-DIS-TIMER
07月12日 13:58:07.786 [SV-02]RESET-DIS-TIMER
07月12日 13:58:07.786 [SV-03]RESET-DIS-TIMER
07月12日 13:58:07.786 [SV-04]RESET-DIS-TIMER
07月12日 13:58:07.786 [SV-05]RESET-DIS-TIMER
07月12日 13:58:07.786 [SV-06]RESET-DIS-TIMER
07月12日 13:58:07.786 [SV-07]RESET-DIS-TIMER
07月12日 13:58:07.787 [SV-08]RESET-DIS-TIMER
07月12日 13:58:07.787 [SV-09]RESET-DIS-TIMER
07月12日 13:58:07.787 [SV-10]RESET-DIS-TIMER
07月12日 13:58:07.787 [SV-11]RESET-DIS-TIMER
07月12日 13:58:07.787 [SV-12]RESET-DIS-TIMER
07月12日 13:58:07.787 [SV-13]RESET-DIS-TIMER
07月12日 13:58:07.787 [SV-14]RESET-DIS-TIMER
07月12日 13:58:07.788 [SV-15]RESET-DIS-TIMER
07月12日 13:58:07.788 [SV-16]RESET-DIS-TIMER
07月12日 13:58:07.788 [SV-17]RESET-DIS-TIMER
07月12日 13:58:07.788 [SV-18]RESET-DIS-TIMER
07月12日 13:58:07.789 [SV-19]RESET-DIS-TIMER
07月12日 13:58:07.789 [SV-20]RESET-DIS-TIMER
07月12日 13:58:07.789 [SV-21]RESET-DIS-TIMER
07月12日 13:58:07.789 [SV-22]RESET-DIS-TIMER
07月12日 13:58:07.789 [SV-23]RESET-DIS-TIMER
07月12日 13:58:07.789 [SV-24]RESET-DIS-TIMER
07月12日 13:58:07.791 [UNIT_RST]START
07月12日 13:58:08.810 SRV:Non Alarm
07月12日 13:58:08.811 CUP-STOP
07月12日 13:58:08.812 SHUTTER-STOP
07月12日 13:58:08.831 PUMP BUSY1_OFF
07月12日 13:58:08.831 PUMP BUSY2_OFF
07月12日 13:58:08.831 PUMP BUSY3_OFF
07月12日 13:58:08.831 PUMP BUSY4_OFF
07月12日 13:58:08.914 RECV SLN[FC=02]
07月12日 13:58:08.934 RECV SLN[FC=02]
07月12日 13:58:09.233 SEND ALO[ALCD=6201,P1=00,P2=00,CF=00]
07月12日 13:58:09.335 SEND ALO[ALCD=8207,P1=00,P2=00,CF=00]
07月12日 13:58:14.618 RECV SLN[FC=12]
07月12日 13:58:14.655 RECV SLN[FC=12]
07月12日 13:58:26.519 RECV SLN[FC=11]
07月12日 13:58:26.566 RECV SLN[FC=11]
07月12日 13:58:31.952 RECV RET[FC=02]
07月12日 13:58:32.208 nzlUpOut2_st
07月12日 13:58:32.307 TRN-NG CHK-WAFER
07月12日 13:58:32.346 [VAC]ST=1
07月12日 13:58:32.405 [VAC]CMD=3
07月12日 13:58:33.607 [VAC]CMD=2
07月12日 13:58:33.607 [VAC]ST=2
07月12日 13:58:33.806 TRN-NG N-SHT-OPEN
07月12日 13:58:33.941 SEND REE[FC=02]
07月12日 13:58:37.286 RECV SLN[FC=12]
07月12日 13:58:37.340 RECV SLN[FC=12]
07月12日 13:58:40.361 RECV RET[FC=01]
07月12日 13:58:40.503 NZL1 U:0 A:0 P:0 H:0 4P:0 N:0
07月12日 13:58:40.503 SPN OK1
07月12日 13:58:40.503 NZ2 OK1
07月12日 13:58:40.504 NZL1 U:0 A:0 P:0 H:0 4P:0 N:0
07月12日 13:58:40.504 nzlDownOut
07月12日 13:58:40.505 NZL2 U:0 A:0 N:0
07月12日 13:58:40.505 SPN OK2
07月12日 13:58:40.505 NZ1 OK2
07月12日 13:58:40.505 NZL2 U:0 A:0 N:0
07月12日 13:58:40.505 nzlUpOut2
07月12日 13:58:40.506 TRN-NG RET-ORG
07月12日 13:58:40.733 NZL2 U:1 A:0 N:12
07月12日 13:58:40.733 TR OK2
07月12日 13:58:40.787 NZL1 U:2 A:0 P:0 H:0 4P:0 N:16
07月12日 13:58:40.787 TR OK1
07月12日 13:58:40.787 NZL1 U:2 A:0 P:0 H:0 4P:0 N:14
07月12日 13:58:40.788 TR NG1
07月12日 13:58:40.788 nzlPickDownOut
07月12日 13:58:40.923 NZ03-STQ S
07月12日 13:58:40.971 NZL1 U:1 A:0 P:0 H:0 4P:0 N:1
07月12日 13:58:40.971 TR OK1
07月12日 13:58:40.971 CHM OK1
07月12日 13:58:41.003 NZL1 U:1 A:0 P:0 H:3 4P:0 N:11
07月12日 13:58:41.004 nzlRelesOut
07月12日 13:58:41.387 CUP-UP-S
07月12日 13:58:41.431 [VAC]ST=1
07月12日 13:58:41.436 [VAC]CMD=3
07月12日 13:58:41.460 NZ02d-STQ E
07月12日 13:58:41.523 NZ03-ORG S
07月12日 13:58:42.306 NZL1 U:1 A:0 P:0 H:2 4P:0 N:10
07月12日 13:58:42.857 NZ02-STQ S
07月12日 13:58:43.564 CUP-UP-E
07月12日 13:58:43.620 SRV:ON-40
07月12日 13:58:44.020 NZ03-ORG COM-W(ORP)
07月12日 13:58:44.031 NZ02d-STQ E
07月12日 13:58:44.085 SRV:[RES DATA]-10
07月12日 13:58:44.085 SRV:ON-END
07月12日 13:58:44.158 SRV:ORG ON-42
07月12日 13:58:44.227 SRV:[RES DATA]-11
07月12日 13:58:44.524 SRV:[RES DATA]-13
07月12日 13:58:44.748 SRV:[RES DATA]-12
07月12日 13:58:45.323 NZ02-ORG S
07月12日 13:58:45.634 SRV:[RES DATA]-10
07月12日 13:58:45.634 SRV:ORG-END
07月12日 13:58:45.644 SRV:OFF- 0
07月12日 13:58:46.147 SRV:[RES DATA]- 0
07月12日 13:58:46.147 SRV:OFF-END
07月12日 13:58:46.236 CUP-DOWN-S
07月12日 13:58:46.317 SHUTTER-CLOSE-S
07月12日 13:58:46.323 SHUTTER-CLOSE-E
07月12日 13:58:48.008 CUP-DOWN-E
07月12日 13:58:48.207 [VAC]CMD=2
07月12日 13:58:48.207 [VAC]ST=2
07月12日 13:58:49.567 NZ03-ORG E
07月12日 13:58:49.603 NZL_ARM_LOW LowF:1 Pls:-100
07月12日 13:58:49.623 NZ03-MOV S
07月12日 13:58:52.339 NZ02-ORG E
07月12日 13:58:52.423 NZ02-MOV S
07月12日 13:58:53.977 NZ03-MOV E
07月12日 13:58:54.104 NZL2 U:1 A:1 N:1
07月12日 13:58:54.105 NZL_ORG_END2
07月12日 13:58:54.697 NZ02-MOV E
07月12日 13:58:54.804 NZL1 U:1 A:1 P:0 H:2 4P:1 N:10
07月12日 13:58:54.804 nzlDownOut
07月12日 13:58:54.956 NZL1 U:2 A:1 P:0 H:2 4P:1 N:9
07月12日 13:58:54.957 CHM NG1
07月12日 13:58:54.957 NZL1 U:2 A:1 P:0 H:2 4P:1 N:13
07月12日 13:58:54.957 nzlPickDownOut
07月12日 13:58:55.108 NZL1 U:1 A:1 P:0 H:2 4P:1 N:1
07月12日 13:58:55.108 CHM OK1
07月12日 13:58:55.108 NZL1 U:1 A:1 P:0 H:3 4P:1 N:11
07月12日 13:58:55.109 nzlRelesOut
07月12日 13:58:55.231 NZL1 U:1 A:1 P:0 H:2 4P:1 N:10
07月12日 13:58:55.325 NZ01-STQ S
07月12日 13:58:55.615 NZ02d-STQ E
07月12日 13:58:55.705 NZL1 U:1 A:1 P:0 H:2 4P:1 N:12
07月12日 13:58:55.726 NZ01-ORG S
07月12日 13:59:03.148 NZ01-ORG E
07月12日 13:59:03.236 NZ01-MOV S
07月12日 13:59:06.857 NZ01-MOV E
07月12日 13:59:07.023 NZ01-MOV S
07月12日 13:59:12.851 NZ01-MOV E
07月12日 13:59:12.905 NZL1 U:1 A:1 P:1 H:2 4P:1 N:10
07月12日 13:59:12.905 NZL_ORG_END
07月12日 13:59:13.003 TRN-NG N-SHT-OPEN
07月12日 13:59:13.076 SEND REE[FC=01]
07月12日 13:59:13.176 SEND STT[PN1=01,ST=00]
07月12日 13:59:13.277 SEND STT[PN1=02,ST=00]
07月12日 13:59:22.035 RECV SLN[FC=12]
07月12日 13:59:22.055 RECV SLN[FC=12]
07月12日 13:59:29.236 RECV USM[PN1=04,PN2=02,DN1=01,DN2=00]
07月12日 13:59:30.512 RECV USM[PN1=03,PN2=01,DN1=00,DN2=00]
07月12日 13:59:33.318 RECV SLN[FC=11]
07月12日 13:59:33.378 RECV SLN[FC=11]
07月12日 13:59:33.626 RECV SLN[FC=12]
07月12日 13:59:33.697 RECV SLN[FC=12]
07月12日 13:59:59.122 RECV SLN[FC=12]
07月12日 13:59:59.170 RECV SLN[FC=12]
07月12日 13:59:59.460 RECV USM[PN1=03,PN2=01,DN1=00,DN2=00]
07月12日 14:00:23.016 RECV SLN[FC=12]
07月12日 14:00:23.116 RECV SLN[FC=12]
07月12日 14:00:45.914 RECV SLN[FC=11]
07月12日 14:00:45.955 RECV SLN[FC=11]
07月12日 14:00:46.114 RECV USM[PN1=03,PN2=00,DN1=00,DN2=00]
07月12日 14:02:13.142 RECV SLN[FC=12]
07月12日 14:02:13.213 RECV SLN[FC=12]
07月12日 14:02:24.853 RECV SLN[FC=12]
07月12日 14:02:24.873 RECV SLN[FC=12]
07月12日 14:03:00.155 RECV SLN[FC=12]
07月12日 14:03:00.190 RECV SLN[FC=12]
07月12日 14:03:11.762 RECV SLN[FC=12]
07月12日 14:03:11.811 RECV SLN[FC=12]
07月12日 14:03:17.457 RECV USM[PN1=03,PN2=01,DN1=00,DN2=00]
07月12日 14:03:37.904 RECV SLN[FC=12]
07月12日 14:03:37.937 RECV SLN[FC=12]
07月12日 14:03:44.568 RECV USM[PN1=03,PN2=00,DN1=00,DN2=00]
07月12日 14:04:47.715 RECV SLN[FC=12]
07月12日 14:04:47.773 RECV SLN[FC=12]
07月12日 14:04:59.317 RECV SLN[FC=12]
07月12日 14:04:59.345 RECV SLN[FC=12]
07月12日 14:05:17.141 RECV SLN[FC=01]
07月12日 14:05:17.202 RECV SLN[FC=01]
07月12日 14:05:17.669 RECV EBR[BF=01]
07月12日 14:05:17.756 RECV SPD[GN=00,RN=01,SN=02,NT=000000]
07月12日 14:05:17.794 SEND PSC[GN=00,RN=01]
07月12日 14:05:17.794 SEND STT[PN1=01,ST=03]
07月12日 14:05:18.004 RECV EBR[BF=01]
07月12日 14:05:25.745 RECV SLN[FC=12]
07月12日 14:05:25.785 RECV SLN[FC=12]
07月12日 14:05:35.501 RECV USM[PN1=03,PN2=01,DN1=00,DN2=00]
07月12日 14:05:38.148 RECV SLN[FC=12]
07月12日 14:05:38.166 RECV SLN[FC=12]
07月12日 14:05:50.238 RECV SLN[FC=12]
07月12日 14:05:50.273 RECV SLN[FC=12]
07月12日 14:06:13.753 RECV SLN[FC=12]
07月12日 14:06:13.804 RECV SLN[FC=12]
07月12日 14:06:39.544 RECV SLN[FC=12]
07月12日 14:06:39.582 RECV SLN[FC=12]
07月12日 14:06:51.150 RECV SLN[FC=12]
07月12日 14:06:51.222 RECV SLN[FC=12]
07月12日 14:07:02.850 RECV SLN[FC=12]
07月12日 14:07:02.885 RECV SLN[FC=12]
07月12日 14:07:05.990 RECV USM[PN1=03,PN2=00,DN1=00,DN2=00]
07月12日 14:07:26.754 RECV SLN[FC=12]
07月12日 14:07:26.770 RECV SLN[FC=12]
07月12日 14:07:52.145 RECV SLN[FC=12]
07月12日 14:07:52.209 RECV SLN[FC=12]
07月12日 14:08:06.442 RECV SLN[FC=12]
07月12日 14:08:06.480 RECV SLN[FC=12]
07月12日 14:08:18.301 RECV SLN[FC=12]
07月12日 14:08:18.351 RECV SLN[FC=12]
07月12日 14:08:32.142 RECV USM[PN1=03,PN2=01,DN1=00,DN2=00]
07月12日 14:08:44.750 RECV SLN[FC=12]
07月12日 14:08:44.834 RECV SLN[FC=12]
07月12日 14:08:56.453 RECV SLN[FC=12]
07月12日 14:08:56.475 RECV SLN[FC=12]
07月12日 14:09:04.054 RECV USM[PN1=03,PN2=00,DN1=00,DN2=00]
07月12日 14:10:20.907 RECV SLN[FC=12]
07月12日 14:10:20.951 RECV SLN[FC=12]
07月12日 14:10:32.552 RECV SLN[FC=12]
07月12日 14:10:32.624 RECV SLN[FC=12]
07月12日 14:11:03.950 RECV SLN[FC=12]
07月12日 14:11:04.039 RECV SLN[FC=12]
07月12日 14:11:15.550 RECV SLN[FC=12]
07月12日 14:11:15.569 RECV SLN[FC=12]
07月12日 14:11:20.256 RECV USM[PN1=03,PN2=01,DN1=00,DN2=00]
07月12日 14:11:27.144 RECV SLN[FC=12]
07月12日 14:11:27.202 RECV SLN[FC=12]
07月12日 14:11:50.648 RECV SLN[FC=12]
07月12日 14:11:50.712 RECV SLN[FC=12]
07月12日 14:12:02.347 RECV SLN[FC=12]
07月12日 14:12:02.401 RECV SLN[FC=12]
07月12日 14:12:14.146 RECV SLN[FC=12]
07月12日 14:12:14.180 RECV SLN[FC=12]
07月12日 14:12:26.451 RECV SLN[FC=12]
07月12日 14:12:26.452 RECV SLN[FC=12]
07月12日 14:12:38.751 RECV SLN[FC=12]
07月12日 14:12:38.825 RECV SLN[FC=12]
07月12日 14:12:46.945 RECV SLN[FC=11]
07月12日 14:12:46.988 RECV SLN[FC=11]
07月12日 14:12:50.953 RECV SLN[FC=12]
07月12日 14:12:51.002 RECV SLN[FC=12]
07月12日 14:13:11.047 RECV SLN[FC=11]
07月12日 14:13:11.089 RECV SLN[FC=11]
07月12日 14:14:39.922 RECV SLN[FC=12]
07月12日 14:14:39.999 RECV SLN[FC=12]
07月12日 14:15:16.580 RECV SLN[FC=12]
07月12日 14:15:16.624 RECV SLN[FC=12]
07月12日 14:15:28.393 RECV SLN[FC=12]
07月12日 14:15:28.409 RECV SLN[FC=12]
07月12日 14:15:54.681 RECV SLN[FC=12]
07月12日 14:15:54.715 RECV SLN[FC=12]
07月12日 14:16:44.274 RECV SLN[FC=12]
07月12日 14:16:44.336 RECV SLN[FC=12]
07月12日 14:17:07.889 RECV SLN[FC=12]
07月12日 14:17:07.948 RECV SLN[FC=12]
07月12日 14:17:22.891 RECV SLN[FC=12]
07月12日 14:17:22.970 RECV SLN[FC=12]
07月12日 14:17:35.175 RECV SLN[FC=12]
07月12日 14:17:35.227 RECV SLN[FC=12]
07月12日 14:17:48.891 RECV SLN[FC=12]
07月12日 14:17:48.916 RECV SLN[FC=12]
07月12日 14:18:00.488 RECV SLN[FC=12]
07月12日 14:18:00.528 RECV SLN[FC=12]
07月12日 14:18:04.984 RECV USM[PN1=03,PN2=00,DN1=00,DN2=00]
07月12日 14:18:12.985 RECV SLN[FC=12]
07月12日 14:18:13.043 RECV SLN[FC=12]
07月12日 14:18:15.121 RECV USM[PN1=03,PN2=01,DN1=00,DN2=00]
07月12日 14:18:24.816 RECV USM[PN1=03,PN2=00,DN1=00,DN2=00]
07月12日 14:18:28.371 RECV USM[PN1=03,PN2=01,DN1=00,DN2=00]
07月12日 14:18:36.491 RECV SLN[FC=12]
07月12日 14:18:36.565 RECV SLN[FC=12]
07月12日 14:19:12.188 RECV SLN[FC=12]
07月12日 14:19:12.282 RECV SLN[FC=12]
07月12日 14:19:19.093 RECV SLN[FC=11]
07月12日 14:19:19.130 RECV SLN[FC=11]
07月12日 14:19:24.080 RECV SLN[FC=12]
07月12日 14:19:24.131 RECV SLN[FC=12]
07月12日 14:19:36.282 RECV SLN[FC=12]
07月12日 14:19:36.338 RECV SLN[FC=12]
07月12日 14:19:42.691 RECV SLN[FC=11]
07月12日 14:19:42.765 RECV SLN[FC=11]
07月12日 14:20:19.881 RECV SLN[FC=11]
07月12日 14:20:19.890 RECV SLN[FC=11]
07月12日 14:20:22.512 RECV USM[PN1=03,PN2=00,DN1=00,DN2=00]
07月12日 14:20:27.655 RECV SLN[FC=12]
07月12日 14:20:27.749 RECV SLN[FC=12]
07月12日 14:20:33.689 RECV SLN[FC=11]
07月12日 14:20:33.689 RECV SLN[FC=11]
07月12日 14:20:52.790 RECV SLN[FC=12]
07月12日 14:20:52.883 RECV SLN[FC=12]
07月12日 14:21:19.882 RECV SLN[FC=12]
07月12日 14:21:19.919 RECV SLN[FC=12]
07月12日 14:21:22.271 RECV USM[PN1=03,PN2=01,DN1=00,DN2=00]
07月12日 14:21:45.486 RECV SLN[FC=12]
07月12日 14:21:45.508 RECV SLN[FC=12]
07月12日 14:21:57.283 RECV SLN[FC=12]
07月12日 14:21:57.299 RECV SLN[FC=12]
07月12日 14:22:44.274 RECV SLN[FC=12]
07月12日 14:22:44.336 RECV SLN[FC=12]
07月12日 14:23:33.580 RECV SLN[FC=12]
07月12日 14:23:33.626 RECV SLN[FC=12]
07月12日 14:23:57.337 RECV SLN[FC=12]
07月12日 14:23:57.401 RECV SLN[FC=12]
07月12日 14:24:58.057 RECV SLN[FC=12]
07月12日 14:24:58.071 RECV SLN[FC=12]
07月12日 14:25:09.810 RECV SLN[FC=12]
07月12日 14:25:09.835 RECV SLN[FC=12]
07月12日 14:25:57.069 RECV SLN[FC=12]
07月12日 14:25:57.167 RECV SLN[FC=12]
07月12日 14:26:08.707 RECV SLN[FC=12]
07月12日 14:26:08.791 RECV SLN[FC=12]
07月12日 14:26:22.746 RECV SLN[FC=12]
07月12日 14:26:22.765 RECV SLN[FC=12]
07月12日 14:26:34.506 RECV SLN[FC=12]
07月12日 14:26:34.533 RECV SLN[FC=12]
07月12日 14:28:50.704 RECV SLN[FC=12]
07月12日 14:28:50.751 RECV SLN[FC=12]
07月12日 14:29:05.756 RECV SLN[FC=12]
07月12日 14:29:05.763 RECV SLN[FC=12]
07月12日 14:29:36.003 RECV SLN[FC=12]
07月12日 14:29:36.082 RECV SLN[FC=12]
07月12日 14:30:30.408 RECV SLN[FC=12]
07月12日 14:30:30.440 RECV SLN[FC=12]
07月12日 14:30:43.216 RECV SLN[FC=12]
07月12日 14:30:43.318 RECV SLN[FC=12]
07月12日 14:30:53.520 RECV USM[PN1=03,PN2=00,DN1=00,DN2=00]
07月12日 14:30:56.316 RECV SLN[FC=12]
07月12日 14:30:56.345 RECV SLN[FC=12]
07月12日 14:31:05.593 RECV CLR[FC=02]
07月12日 14:31:05.611 CUP-STOP
07月12日 14:31:05.612 SHUTTER-STOP
07月12日 14:31:05.612 [VAC]CMD=4
07月12日 14:31:05.613 E-STOP
07月12日 14:31:05.613 SRV:ALREADY OFF
07月12日 14:31:05.636 SRV:OFF-END
07月12日 14:31:05.650 [DIS]E-STOP
07月12日 14:31:05.650 [SV-01]RESET-DIS-TIMER
07月12日 14:31:05.650 [SV-02]RESET-DIS-TIMER
07月12日 14:31:05.650 [SV-03]RESET-DIS-TIMER
07月12日 14:31:05.651 [SV-04]RESET-DIS-TIMER
07月12日 14:31:05.651 [SV-05]RESET-DIS-TIMER
07月12日 14:31:05.651 [SV-06]RESET-DIS-TIMER
07月12日 14:31:05.651 [SV-07]RESET-DIS-TIMER
07月12日 14:31:05.651 [SV-08]RESET-DIS-TIMER
07月12日 14:31:05.651 [SV-09]RESET-DIS-TIMER
07月12日 14:31:05.651 [SV-10]RESET-DIS-TIMER
07月12日 14:31:05.651 [SV-11]RESET-DIS-TIMER
07月12日 14:31:05.652 [SV-12]RESET-DIS-TIMER
07月12日 14:31:05.652 [SV-13]RESET-DIS-TIMER
07月12日 14:31:05.652 [SV-14]RESET-DIS-TIMER
07月12日 14:31:05.652 [SV-15]RESET-DIS-TIMER
07月12日 14:31:05.653 [SV-16]RESET-DIS-TIMER
07月12日 14:31:05.653 [SV-17]RESET-DIS-TIMER
07月12日 14:31:05.653 [SV-18]RESET-DIS-TIMER
07月12日 14:31:05.653 [SV-19]RESET-DIS-TIMER
07月12日 14:31:05.653 [SV-20]RESET-DIS-TIMER
07月12日 14:31:05.653 [SV-21]RESET-DIS-TIMER
07月12日 14:31:05.653 [SV-22]RESET-DIS-TIMER
07月12日 14:31:05.654 [SV-23]RESET-DIS-TIMER
07月12日 14:31:05.654 [SV-24]RESET-DIS-TIMER
07月12日 14:31:05.655 [UNIT_RST]START
07月12日 14:31:06.790 SRV:Non Alarm
07月12日 14:31:06.791 CUP-STOP
07月12日 14:31:06.791 SHUTTER-STOP
07月12日 14:31:07.109 SEND ALO[ALCD=6201,P1=00,P2=00,CF=00]
07月12日 14:31:07.216 SEND ALO[ALCD=8207,P1=00,P2=00,CF=00]
07月12日 14:31:17.111 RECV RET[FC=02]
07月12日 14:31:17.284 nzlUpOut2
07月12日 14:31:17.388 TRN-NG CHK-WAFER
07月12日 14:31:17.390 [VAC]ST=1
07月12日 14:31:17.489 [VAC]CMD=3
07月12日 14:31:18.684 [VAC]CMD=2
07月12日 14:31:18.685 [VAC]ST=2
07月12日 14:31:18.884 TRN-NG N-SHT-OPEN
07月12日 14:31:18.890 SEND REE[FC=02]
07月12日 14:31:22.660 RECV SLN[FC=12]
07月12日 14:31:22.686 RECV SLN[FC=12]
07月12日 14:31:46.024 RECV SLN[FC=12]
07月12日 14:31:46.076 RECV SLN[FC=12]
07月12日 14:31:57.757 RECV SLN[FC=12]
07月12日 14:31:57.782 RECV SLN[FC=12]
07月12日 14:32:09.457 RECV SLN[FC=12]
07月12日 14:32:09.532 RECV SLN[FC=12]
07月12日 14:32:16.748 RECV RET[FC=01]
07月12日 14:32:16.883 NZL1 U:1 A:0 P:1 H:2 4P:1 N:0
07月12日 14:32:16.884 TR NG1
07月12日 14:32:16.884 CHM NG1
07月12日 14:32:16.884 NZL1 U:1 A:0 P:1 H:2 4P:1 N:0
07月12日 14:32:16.884 nzlDownOut
07月12日 14:32:16.885 NZL2 U:1 A:0 N:0
07月12日 14:32:16.885 TR NG2
07月12日 14:32:16.885 NZL2 U:1 A:0 N:0
07月12日 14:32:16.885 nzlUpOut2
07月12日 14:32:16.886 TRN-NG RET-ORG
07月12日 14:32:17.028 NZL2 U:1 A:0 N:12
07月12日 14:32:17.029 TR OK2
07月12日 14:32:17.074 NZL1 U:2 A:0 P:1 H:2 4P:1 N:9
07月12日 14:32:17.075 TR OK1
07月12日 14:32:17.075 NZL1 U:2 A:0 P:1 H:2 4P:1 N:13
07月12日 14:32:17.075 nzlPickDownOut
07月12日 14:32:17.150 NZL1 U:1 A:0 P:1 H:2 4P:1 N:1
07月12日 14:32:17.150 CHM OK1
07月12日 14:32:17.185 NZL1 U:1 A:0 P:1 H:3 4P:1 N:11
07月12日 14:32:17.185 nzlRelesOut
07月12日 14:32:17.203 NZ03-STQ S
07月12日 14:32:17.282 NZL1 U:1 A:0 P:1 H:2 4P:1 N:10
07月12日 14:32:17.582 CUP-UP-S
07月12日 14:32:17.648 [VAC]ST=1
07月12日 14:32:17.662 [VAC]CMD=3
07月12日 14:32:17.682 NZ02-STQ S
07月12日 14:32:17.683 NZ02-STQ COM-W(STQ)
07月12日 14:32:17.694 NZ02d-STQ E
07月12日 14:32:17.694 NZ02-STQ S
07月12日 14:32:18.370 NZ03-ORG S
07月12日 14:32:18.370 NZ03-ORG COM-W(INI)
07月12日 14:32:18.384 NZ02d-STQ E
07月12日 14:32:18.387 NZ03-ORG S
07月12日 14:32:19.063 NZ02-ORG S
07月12日 14:32:19.744 CUP-UP-E
07月12日 14:32:19.779 SRV:ON-40
07月12日 14:32:20.316 SRV:[RES DATA]-10
07月12日 14:32:20.316 SRV:ON-END
07月12日 14:32:20.360 SRV:ORG ON-42
07月12日 14:32:20.474 SRV:[RES DATA]-11
07月12日 14:32:20.753 SRV:[RES DATA]-13
07月12日 14:32:20.971 SRV:[RES DATA]-12
07月12日 14:32:21.253 RECV SLN[FC=12]
07月12日 14:32:21.320 RECV SLN[FC=12]
07月12日 14:32:21.866 SRV:[RES DATA]-10
07月12日 14:32:21.866 SRV:ORG-END
07月12日 14:32:21.870 SRV:OFF- 0
07月12日 14:32:22.456 SRV:[RES DATA]- 0
07月12日 14:32:22.456 SRV:OFF-END
07月12日 14:32:22.510 CUP-DOWN-S
07月12日 14:32:22.534 SHUTTER-CLOSE-S
07月12日 14:32:22.563 SHUTTER-CLOSE-E
07月12日 14:32:24.186 CUP-DOWN-E
07月12日 14:32:24.335 NZ03-ORG E
07月12日 14:32:24.384 NZL_ARM_LOW LowF:1 Pls:-100
07月12日 14:32:24.385 [VAC]CMD=2
07月12日 14:32:24.385 [VAC]ST=2
07月12日 14:32:24.405 NZ03-MOV S
07月12日 14:32:26.768 NZ02-ORG E
07月12日 14:32:26.803 NZ02-MOV S
07月12日 14:32:27.855 NZ03-MOV E
07月12日 14:32:27.987 NZL2 U:1 A:1 N:1
07月12日 14:32:27.987 NZL_ORG_END2
07月12日 14:32:28.244 NZ02-MOV E
07月12日 14:32:28.386 NZL1 U:1 A:1 P:1 H:2 4P:1 N:10
07月12日 14:32:28.386 nzlDownOut
07月12日 14:32:28.465 NZL1 U:2 A:1 P:1 H:2 4P:1 N:9
07月12日 14:32:28.465 CHM NG1
07月12日 14:32:28.465 NZL1 U:2 A:1 P:1 H:2 4P:1 N:13
07月12日 14:32:28.465 nzlPickDownOut
07月12日 14:32:28.516 NZL1 U:1 A:1 P:1 H:2 4P:1 N:1
07月12日 14:32:28.516 CHM OK1
07月12日 14:32:28.583 NZL1 U:1 A:1 P:1 H:3 4P:1 N:11
07月12日 14:32:28.584 nzlRelesOut
07月12日 14:32:28.685 NZL1 U:1 A:1 P:1 H:2 4P:1 N:10
07月12日 14:32:28.802 NZ01-STQ S
07月12日 14:32:29.045 NZ02d-STQ E
07月12日 14:32:29.083 NZL1 U:1 A:1 P:1 H:2 4P:1 N:12
07月12日 14:32:29.104 NZ01-ORG S
07月12日 14:32:36.393 NZ01-ORG E
07月12日 14:32:36.511 NZ01-MOV S
07月12日 14:32:39.806 NZ01-MOV E
07月12日 14:32:40.005 NZ01-MOV S
07月12日 14:32:44.757 RECV SLN[FC=12]
07月12日 14:32:44.777 RECV SLN[FC=12]
07月12日 14:32:45.173 NZ01-MOV E
07月12日 14:32:45.191 NZL1 U:1 A:1 P:1 H:2 4P:1 N:10
07月12日 14:32:45.191 NZL_ORG_END
07月12日 14:32:45.291 TRN-NG N-SHT-OPEN
07月12日 14:32:45.385 SEND REE[FC=01]
07月12日 14:32:45.492 SEND STT[PN1=01,ST=00]
07月12日 14:32:45.598 SEND STT[PN1=02,ST=00]
07月12日 14:33:10.154 RECV SLN[FC=12]
07月12日 14:33:10.196 RECV SLN[FC=12]
07月12日 14:33:15.248 RECV USM[PN1=04,PN2=02,DN1=01,DN2=00]
07月12日 14:33:16.357 RECV USM[PN1=03,PN2=01,DN1=00,DN2=00]
07月12日 14:33:34.863 RECV SLN[FC=12]
07月12日 14:33:34.884 RECV SLN[FC=12]
07月12日 14:33:58.357 RECV SLN[FC=12]
07月12日 14:33:58.378 RECV SLN[FC=12]
07月12日 14:34:23.855 RECV SLN[FC=12]
07月12日 14:34:23.890 RECV SLN[FC=12]
07月12日 14:34:47.163 RECV SLN[FC=12]
07月12日 14:34:47.164 RECV SLN[FC=12]
07月12日 14:35:01.659 RECV SLN[FC=12]
07月12日 14:35:01.742 RECV SLN[FC=12]
07月12日 14:35:38.157 RECV SLN[FC=12]
07月12日 14:35:38.239 RECV SLN[FC=12]
07月12日 14:36:01.456 RECV SLN[FC=12]
07月12日 14:36:01.512 RECV SLN[FC=12]
07月12日 14:36:13.164 RECV SLN[FC=12]
07月12日 14:36:13.183 RECV SLN[FC=12]
07月12日 14:36:24.757 RECV SLN[FC=12]
07月12日 14:36:24.847 RECV SLN[FC=12]
07月12日 14:36:50.035 RECV SOS[FN=02]
07月12日 14:37:04.254 RECV SLN[FC=12]
07月12日 14:37:04.328 RECV SLN[FC=12]
07月12日 14:37:05.766 RECV SOS[FN=02]
07月12日 14:37:16.430 RECV SLN[FC=12]
07月12日 14:37:16.502 RECV SLN[FC=12]
07月12日 14:37:26.263 RECV EBR[BF=01]
07月12日 14:37:28.639 RECV SLN[FC=12]
07月12日 14:37:28.716 RECV SLN[FC=12]
07月12日 14:37:42.874 RECV SLN[FC=12]
07月12日 14:37:42.950 RECV SLN[FC=12]
07月12日 14:37:55.936 RECV SLN[FC=12]
07月12日 14:37:55.976 RECV SLN[FC=12]
07月12日 14:38:07.645 RECV SLN[FC=12]
07月12日 14:38:07.736 RECV SLN[FC=12]
07月12日 14:38:45.749 RECV SLN[FC=12]
07月12日 14:38:45.778 RECV SLN[FC=12]
07月12日 14:38:57.341 RECV SLN[FC=12]
07月12日 14:38:57.364 RECV SLN[FC=12]
07月12日 14:39:09.149 RECV SLN[FC=12]
07月12日 14:39:09.240 RECV SLN[FC=12]
07月12日 14:39:41.940 RECV EBR[BF=02]
07月12日 14:39:42.738 RECV SLN[FC=12]
07月12日 14:39:42.812 RECV SLN[FC=12]
07月12日 14:40:08.138 RECV SLN[FC=12]
07月12日 14:40:08.177 RECV SLN[FC=12]
07月12日 14:40:20.817 RECV EBR[BF=01]
07月12日 14:40:38.171 RECV SLN[FC=12]
07月12日 14:40:38.269 RECV SLN[FC=12]
07月12日 14:41:15.761 RECV SLN[FC=12]
07月12日 14:41:15.776 RECV SLN[FC=12]
07月12日 14:41:27.356 RECV SLN[FC=12]
07月12日 14:41:27.396 RECV SLN[FC=12]
07月12日 14:41:39.257 RECV SLN[FC=12]
07月12日 14:41:39.274 RECV SLN[FC=12]
07月12日 14:41:50.962 RECV SLN[FC=12]
07月12日 14:41:50.992 RECV SLN[FC=12]
07月12日 14:42:03.156 RECV SLN[FC=12]
07月12日 14:42:03.245 RECV SLN[FC=12]
07月12日 14:42:15.262 RECV SLN[FC=12]
07月12日 14:42:15.283 RECV SLN[FC=12]
07月12日 14:42:27.156 RECV SLN[FC=12]
07月12日 14:42:27.210 RECV SLN[FC=12]
07月12日 14:42:38.858 RECV SLN[FC=12]
07月12日 14:42:38.928 RECV SLN[FC=12]
07月12日 14:42:50.458 RECV SLN[FC=12]
07月12日 14:42:50.476 RECV SLN[FC=12]
07月12日 14:43:02.105 RECV SLN[FC=12]
07月12日 14:43:02.169 RECV SLN[FC=12]
07月12日 14:43:25.513 RECV SLN[FC=12]
07月12日 14:43:25.584 RECV SLN[FC=12]
07月12日 14:43:40.004 RECV SLN[FC=12]
07月12日 14:43:40.063 RECV SLN[FC=12]
07月12日 14:44:03.837 RECV SLN[FC=12]
07月12日 14:44:03.871 RECV SLN[FC=12]
07月12日 14:44:20.364 RECV SLN[FC=12]
07月12日 14:44:20.430 RECV SLN[FC=12]
07月12日 14:44:46.005 RECV SLN[FC=12]
07月12日 14:44:46.084 RECV SLN[FC=12]
07月12日 14:44:57.705 RECV SLN[FC=12]
07月12日 14:44:57.737 RECV SLN[FC=12]
07月12日 14:45:09.305 RECV SLN[FC=12]
07月12日 14:45:09.344 RECV SLN[FC=12]
07月12日 14:45:20.909 RECV SLN[FC=12]
07月12日 14:45:20.970 RECV SLN[FC=12]
07月12日 14:45:32.506 RECV SLN[FC=12]
07月12日 14:45:32.578 RECV SLN[FC=12]
07月12日 14:46:08.408 RECV SLN[FC=12]
07月12日 14:46:08.410 RECV SLN[FC=12]
07月12日 14:46:17.114 RECV CLR[FC=02]
07月12日 14:46:17.128 [DIS]E-STOP
07月12日 14:46:17.129 [SV-01]RESET-DIS-TIMER
07月12日 14:46:17.129 [SV-02]RESET-DIS-TIMER
07月12日 14:46:17.129 [SV-03]RESET-DIS-TIMER
07月12日 14:46:17.129 [SV-04]RESET-DIS-TIMER
07月12日 14:46:17.129 [SV-05]RESET-DIS-TIMER
07月12日 14:46:17.130 [SV-06]RESET-DIS-TIMER
07月12日 14:46:17.130 [SV-07]RESET-DIS-TIMER
07月12日 14:46:17.130 [SV-08]RESET-DIS-TIMER
07月12日 14:46:17.130 [SV-09]RESET-DIS-TIMER
07月12日 14:46:17.130 [SV-10]RESET-DIS-TIMER
07月12日 14:46:17.131 [SV-11]RESET-DIS-TIMER
07月12日 14:46:17.131 [SV-12]RESET-DIS-TIMER
07月12日 14:46:17.131 [SV-13]RESET-DIS-TIMER
07月12日 14:46:17.131 [SV-14]RESET-DIS-TIMER
07月12日 14:46:17.131 [SV-15]RESET-DIS-TIMER
07月12日 14:46:17.131 [SV-16]RESET-DIS-TIMER
07月12日 14:46:17.131 [SV-17]RESET-DIS-TIMER
07月12日 14:46:17.131 [SV-18]RESET-DIS-TIMER
07月12日 14:46:17.131 [SV-19]RESET-DIS-TIMER
07月12日 14:46:17.132 [SV-20]RESET-DIS-TIMER
07月12日 14:46:17.132 [SV-21]RESET-DIS-TIMER
07月12日 14:46:17.132 [SV-22]RESET-DIS-TIMER
07月12日 14:46:17.132 [SV-23]RESET-DIS-TIMER
07月12日 14:46:17.132 [SV-24]RESET-DIS-TIMER
07月12日 14:46:17.134 CUP-STOP
07月12日 14:46:17.134 SHUTTER-STOP
07月12日 14:46:17.134 [VAC]CMD=4
07月12日 14:46:17.135 E-STOP
07月12日 14:46:17.135 SRV:ALREADY OFF
07月12日 14:46:17.150 SRV:OFF-END
07月12日 14:46:17.228 [DIS]E-STOP
07月12日 14:46:17.228 [SV-01]RESET-DIS-TIMER
07月12日 14:46:17.228 [SV-02]RESET-DIS-TIMER
07月12日 14:46:17.229 [SV-03]RESET-DIS-TIMER
07月12日 14:46:17.229 [SV-04]RESET-DIS-TIMER
07月12日 14:46:17.229 [SV-05]RESET-DIS-TIMER
07月12日 14:46:17.229 [SV-06]RESET-DIS-TIMER
07月12日 14:46:17.229 [SV-07]RESET-DIS-TIMER
07月12日 14:46:17.230 [SV-08]RESET-DIS-TIMER
07月12日 14:46:17.230 [SV-09]RESET-DIS-TIMER
07月12日 14:46:17.230 [SV-10]RESET-DIS-TIMER
07月12日 14:46:17.230 [SV-11]RESET-DIS-TIMER
07月12日 14:46:17.230 [SV-12]RESET-DIS-TIMER
07月12日 14:46:17.230 [SV-13]RESET-DIS-TIMER
07月12日 14:46:17.230 [SV-14]RESET-DIS-TIMER
07月12日 14:46:17.230 [SV-15]RESET-DIS-TIMER
07月12日 14:46:17.231 [SV-16]RESET-DIS-TIMER
07月12日 14:46:17.231 [SV-17]RESET-DIS-TIMER
07月12日 14:46:17.231 [SV-18]RESET-DIS-TIMER
07月12日 14:46:17.231 [SV-19]RESET-DIS-TIMER
07月12日 14:46:17.231 [SV-20]RESET-DIS-TIMER
07月12日 14:46:17.231 [SV-21]RESET-DIS-TIMER
07月12日 14:46:17.231 [SV-22]RESET-DIS-TIMER
07月12日 14:46:17.231 [SV-23]RESET-DIS-TIMER
07月12日 14:46:17.231 [SV-24]RESET-DIS-TIMER
07月12日 14:46:17.233 [UNIT_RST]START
07月12日 14:46:18.249 SRV:Non Alarm
07月12日 14:46:18.250 CUP-STOP
07月12日 14:46:18.250 SHUTTER-STOP
07月12日 14:46:18.565 SEND ALO[ALCD=6201,P1=00,P2=00,CF=00]
07月12日 14:46:18.668 SEND ALO[ALCD=8207,P1=00,P2=00,CF=00]
07月12日 14:46:22.104 RECV SLN[FC=12]
07月12日 14:46:22.195 RECV SLN[FC=12]
07月12日 14:46:28.161 RECV RET[FC=02]
07月12日 14:46:28.344 nzlUpOut2
07月12日 14:46:28.444 TRN-NG CHK-WAFER
07月12日 14:46:28.446 [VAC]ST=1
07月12日 14:46:28.544 [VAC]CMD=3
07月12日 14:46:29.746 [VAC]CMD=2
07月12日 14:46:29.747 [VAC]ST=2
07月12日 14:46:29.946 TRN-NG N-SHT-OPEN
07月12日 14:46:30.046 SEND REE[FC=02]
07月12日 14:46:34.330 RECV SLN[FC=12]
07月12日 14:46:34.391 RECV SLN[FC=12]
07月12日 14:46:45.929 RECV SLN[FC=12]
07月12日 14:46:46.003 RECV SLN[FC=12]
07月12日 14:46:57.924 RECV SLN[FC=12]
07月12日 14:46:57.970 RECV SLN[FC=12]
07月12日 14:47:31.355 ***** StartLogging SPIN02.log *****
07月12日 14:47:31.367 spinMain起動 build : Jul 12 2012
07月12日 14:47:31.367 搬送ｱﾄﾞﾚｽｾｯﾄ完了 : ｱﾄﾞﾚｽ = 02
07月12日 14:47:31.367 CVPｱﾄﾞﾚｽｾｯﾄ完了：ｱﾄﾞﾚｽ = 11
07月12日 14:47:31.400 controlTask起動
07月12日 14:47:31.412 messageProc起動
07月12日 14:47:31.421 sendMsgTask起動
07月12日 14:47:31.442 temperatureTask起動
07月12日 14:47:31.457 waferInTask起動
07月12日 14:47:31.467 mainControl20起動
07月12日 14:47:31.484 chemiProcTask起動
07月12日 14:47:31.500 nozzleComTask起動
07月12日 14:47:31.510 nozzle1Task起動
07月12日 14:47:31.521 nozzle2Task起動
07月12日 14:47:31.524 SEND PWR[FC=02]
07月12日 14:47:31.532 dispenseTask起動
07月12日 14:47:31.547 mainControl100起動
07月12日 14:47:31.605 subControl起動
07月12日 14:47:31.622 interruptTask起動
07月12日 14:48:14.562 RECV MDR
07月12日 14:48:14.652 SEND MDT[MN=31]
07月12日 14:48:16.441 RECV MDS
07月12日 14:48:16.458 SRV:INITIAL Start
07月12日 14:48:16.483 TRN-NG N-SHT-OPEN
07月12日 14:48:18.418 RECV SOS[FN=02]
07月12日 14:48:21.538 SRV:INITIAL END
07月12日 14:48:23.893 RECV SOS[FN=04]
07月12日 14:48:24.974 RECV SOS[FN=05]
07月12日 14:48:25.069 RECV SOS[FN=05]
07月12日 14:48:26.285 RECV SOS[FN=06]
07月12日 14:48:28.613 RECV SOS[FN=08]
07月12日 14:48:30.538 RECV SOS[FN=09]
07月12日 14:48:30.628 RECV SOS[FN=09]
07月12日 14:48:36.320 RECV SOS[FN=20]
07月12日 14:48:36.946 RECV SOS[FN=21]
07月12日 14:48:37.804 RECV SOS[FN=25]
07月12日 14:48:48.086 RECV CLR[FC=02]
07月12日 14:48:48.184 CUP-STOP
07月12日 14:48:48.185 SHUTTER-STOP
07月12日 14:48:48.185 [VAC]CMD=4
07月12日 14:48:48.186 E-STOP
07月12日 14:48:48.186 SRV:ALREADY OFF
07月12日 14:48:48.277 SRV:OFF-END
07月12日 14:48:48.340 [DIS]E-STOP
07月12日 14:48:48.340 [SV-01]RESET-DIS-TIMER
07月12日 14:48:48.340 [SV-02]RESET-DIS-TIMER
07月12日 14:48:48.340 [SV-03]RESET-DIS-TIMER
07月12日 14:48:48.340 [SV-04]RESET-DIS-TIMER
07月12日 14:48:48.341 [SV-05]RESET-DIS-TIMER
07月12日 14:48:48.341 [SV-06]RESET-DIS-TIMER
07月12日 14:48:48.341 [SV-07]RESET-DIS-TIMER
07月12日 14:48:48.341 [SV-08]RESET-DIS-TIMER
07月12日 14:48:48.341 [SV-09]RESET-DIS-TIMER
07月12日 14:48:48.341 [SV-10]RESET-DIS-TIMER
07月12日 14:48:48.341 [SV-11]RESET-DIS-TIMER
07月12日 14:48:48.342 [SV-12]RESET-DIS-TIMER
07月12日 14:48:48.346 [SV-13]RESET-DIS-TIMER
07月12日 14:48:48.346 [SV-14]RESET-DIS-TIMER
07月12日 14:48:48.346 [SV-15]RESET-DIS-TIMER
07月12日 14:48:48.346 [SV-16]RESET-DIS-TIMER
07月12日 14:48:48.346 [SV-17]RESET-DIS-TIMER
07月12日 14:48:48.346 [SV-18]RESET-DIS-TIMER
07月12日 14:48:48.347 [SV-19]RESET-DIS-TIMER
07月12日 14:48:48.347 [SV-20]RESET-DIS-TIMER
07月12日 14:48:48.347 [SV-21]RESET-DIS-TIMER
07月12日 14:48:48.347 [SV-22]RESET-DIS-TIMER
07月12日 14:48:48.347 [SV-23]RESET-DIS-TIMER
07月12日 14:48:48.347 [SV-24]RESET-DIS-TIMER
07月12日 14:48:48.348 [UNIT_RST]START
07月12日 14:48:49.394 SRV:Non Alarm
07月12日 14:48:49.395 CUP-STOP
07月12日 14:48:49.396 SHUTTER-STOP
07月12日 14:48:49.418 PUMP BUSY1_OFF
07月12日 14:48:49.418 PUMP BUSY2_OFF
07月12日 14:48:49.418 PUMP BUSY3_OFF
07月12日 14:48:49.418 PUMP BUSY4_OFF
07月12日 14:48:49.560 RECV SLN[FC=02]
07月12日 14:48:49.581 RECV SLN[FC=02]
07月12日 14:48:49.879 SEND ALO[ALCD=6201,P1=00,P2=00,CF=00]
07月12日 14:48:49.982 SEND ALO[ALCD=8207,P1=00,P2=00,CF=00]
07月12日 14:48:53.859 RECV SLN[FC=12]
07月12日 14:48:53.896 RECV SLN[FC=12]
07月12日 14:49:01.325 RECV RET[FC=02]
07月12日 14:49:01.503 nzlUpOut2_st
07月12日 14:49:01.603 TRN-NG CHK-WAFER
07月12日 14:49:01.605 [VAC]ST=1
07月12日 14:49:01.705 [VAC]CMD=3
07月12日 14:49:03.582 [VAC]CMD=2
07月12日 14:49:03.582 [VAC]ST=2
07月12日 14:49:03.976 TRN-NG N-SHT-OPEN
07月12日 14:49:04.662 SEND REE[FC=02]
07月12日 14:49:25.737 RECV RET[FC=01]
07月12日 14:49:25.833 CUP-UP-S
07月12日 14:49:25.859 [VAC]ST=1
07月12日 14:49:25.875 [VAC]CMD=3
07月12日 14:49:25.899 NZL1 U:0 A:0 P:0 H:0 4P:0 N:0
07月12日 14:49:25.900 SPN OK1
07月12日 14:49:25.900 NZ2 OK1
07月12日 14:49:25.900 NZL1 U:0 A:0 P:0 H:0 4P:0 N:0
07月12日 14:49:25.900 nzlDownOut
07月12日 14:49:25.901 NZL1 U:2 A:0 P:0 H:0 4P:0 N:16
07月12日 14:49:25.902 TR OK1
07月12日 14:49:25.902 NZL1 U:2 A:0 P:0 H:0 4P:0 N:14
07月12日 14:49:25.902 TR NG1
07月12日 14:49:25.902 nzlPickDownOut
07月12日 14:49:25.903 NZL2 U:0 A:0 N:0
07月12日 14:49:25.903 SPN OK2
07月12日 14:49:25.903 NZ1 OK2
07月12日 14:49:25.904 NZL2 U:0 A:0 N:0
07月12日 14:49:25.904 nzlUpOut2
07月12日 14:49:25.904 TRN-NG RET-ORG
07月12日 14:49:25.998 NZL1 U:1 A:0 P:0 H:0 4P:0 N:1
07月12日 14:49:25.999 TR OK1
07月12日 14:49:25.999 CHM OK1
07月12日 14:49:25.999 NZL2 U:1 A:0 N:12
07月12日 14:49:26.000 TR OK2
07月12日 14:49:26.104 NZL1 U:1 A:0 P:0 H:3 4P:0 N:11
07月12日 14:49:26.105 nzlRelesOut
07月12日 14:49:26.215 NZ03-STQ S
07月12日 14:49:26.407 NZ02d-STQ E
07月12日 14:49:26.514 NZ03-ORG S
07月12日 14:49:27.192 NZL1 U:1 A:0 P:0 H:2 4P:0 N:10
07月12日 14:49:27.847 NZ02-STQ S
07月12日 14:49:28.035 CUP-UP-E
07月12日 14:49:28.072 SRV:ON-40
07月12日 14:49:28.709 SRV:[RES DATA]-10
07月12日 14:49:28.710 SRV:ON-END
07月12日 14:49:28.749 SRV:ORG ON-42
07月12日 14:49:28.863 SRV:[RES DATA]-11
07月12日 14:49:28.976 NZ03-ORG COM-W(ORS)
07月12日 14:49:28.988 NZ02d-STQ E
07月12日 14:49:29.164 SRV:[RES DATA]-13
07月12日 14:49:29.365 SRV:[RES DATA]-12
07月12日 14:49:29.890 NZ02-ORG S
07月12日 14:49:30.255 SRV:[RES DATA]-10
07月12日 14:49:30.256 SRV:ORG-END
07月12日 14:49:30.262 SRV:OFF- 0
07月12日 14:49:30.854 SRV:[RES DATA]- 0
07月12日 14:49:30.854 SRV:OFF-END
07月12日 14:49:30.855 CUP-DOWN-S
07月12日 14:49:30.855 SHUTTER-CLOSE-S
07月12日 14:49:30.856 SHUTTER-CLOSE-E
07月12日 14:49:31.517 NZ03-ORG E
07月12日 14:49:31.601 NZL_ARM_LOW LowF:1 Pls:-100
07月12日 14:49:31.615 NZ03-MOV S
07月12日 14:49:33.399 CUP-DOWN-E
07月12日 14:49:33.622 [VAC]CMD=2
07月12日 14:49:33.622 [VAC]ST=2
07月12日 14:49:34.752 SEND ALO[ALCD=2101,P1=01,P2=00,CF=00]
07月12日 14:49:35.116 NZ02-ORG E
07月12日 14:49:35.234 NZ02-MOV S
07月12日 14:49:37.263 NZ03-MOV E
07月12日 14:49:37.413 NZL2 U:1 A:1 N:1
07月12日 14:49:37.413 NZL_ORG_END2
07月12日 14:49:37.486 NZ02-MOV E
07月12日 14:49:37.613 NZL1 U:1 A:1 P:0 H:2 4P:1 N:10
07月12日 14:49:37.613 nzlDownOut
07月12日 14:49:37.682 NZL1 U:2 A:1 P:0 H:2 4P:1 N:9
07月12日 14:49:37.682 CHM NG1
07月12日 14:49:37.682 NZL1 U:2 A:1 P:0 H:2 4P:1 N:13
07月12日 14:49:37.682 nzlPickDownOut
07月12日 14:49:37.749 NZL1 U:1 A:1 P:0 H:2 4P:1 N:1
07月12日 14:49:37.749 CHM OK1
07月12日 14:49:37.813 NZL1 U:1 A:1 P:0 H:3 4P:1 N:11
07月12日 14:49:37.813 nzlRelesOut
07月12日 14:49:37.914 NZL1 U:1 A:1 P:0 H:2 4P:1 N:10
07月12日 14:49:38.034 NZ01-STQ S
07月12日 14:49:38.283 NZ02d-STQ E
07月12日 14:49:38.314 NZL1 U:1 A:1 P:0 H:2 4P:1 N:12
07月12日 14:49:38.334 NZ01-ORG S
07月12日 14:49:44.570 RECV SLN[FC=12]
07月12日 14:49:44.648 RECV SLN[FC=12]
07月12日 14:49:45.062 NZ01-ORG E
07月12日 14:49:45.135 NZ01-MOV S
07月12日 14:49:48.449 NZ01-MOV E
07月12日 14:49:48.705 NZ01-MOV S
07月12日 14:49:51.430 RECV SLN[FC=05]
07月12日 14:49:51.479 SEND ARA[ALCD=2101,ST=00]
07月12日 14:49:51.493 RECV SLN[FC=05]
07月12日 14:49:51.587 SEND ARA[ALCD=2101,ST=00]
07月12日 14:49:51.692 SEND ALO[ALCD=2101,P1=01,P2=00,CF=00]
07月12日 14:49:53.845 NZ01-MOV E
07月12日 14:49:53.870 NZL1 U:1 A:1 P:1 H:2 4P:1 N:10
07月12日 14:49:53.870 NZL_ORG_END
07月12日 14:49:53.967 TRN-NG N-SHT-OPEN
07月12日 14:49:54.030 SEND REE[FC=01]
07月12日 14:49:54.130 SEND STT[PN1=01,ST=00]
07月12日 14:49:54.231 SEND STT[PN1=02,ST=00]
07月12日 14:49:54.725 RECV ARS[ALCD=2101,CF=00,GN=00]
07月12日 14:49:58.497 RECV ARS[ALCD=2101,CF=00,GN=00]
07月12日 14:50:08.517 RECV SLN[FC=12]
07月12日 14:50:08.614 RECV SLN[FC=12]
07月12日 14:50:14.810 RECV SLN[FC=11]
07月12日 14:50:14.895 RECV SLN[FC=11]
07月12日 14:50:21.162 RECV SLN[FC=12]
07月12日 14:50:21.254 RECV SLN[FC=12]
07月12日 14:50:24.036 RECV USM[PN1=04,PN2=02,DN1=01,DN2=00]
07月12日 14:50:25.896 RECV USM[PN1=03,PN2=01,DN1=00,DN2=00]
07月12日 14:50:33.606 RECV SLN[FC=12]
07月12日 14:50:33.644 RECV SLN[FC=12]
07月12日 14:50:58.954 RECV SLN[FC=12]
07月12日 14:50:58.968 RECV SLN[FC=12]
07月12日 14:51:11.939 RECV SLN[FC=12]
07月12日 14:51:11.994 RECV SLN[FC=12]
07月12日 14:51:24.748 RECV SLN[FC=12]
07月12日 14:51:24.771 RECV SLN[FC=12]
07月12日 14:52:14.390 RECV SLN[FC=12]
07月12日 14:52:14.412 RECV SLN[FC=12]
07月12日 14:53:06.817 RECV SLN[FC=12]
07月12日 14:53:06.840 RECV SLN[FC=12]
07月12日 14:53:16.545 RECV EBR[BF=01]
07月12日 14:53:44.510 RECV SLN[FC=12]
07月12日 14:53:44.542 RECV SLN[FC=12]
07月12日 14:53:58.838 RECV SLN[FC=12]
07月12日 14:53:58.876 RECV SLN[FC=12]
07月12日 14:54:24.421 RECV SLN[FC=12]
07月12日 14:54:24.440 RECV SLN[FC=12]
07月12日 14:54:38.905 RECV SLN[FC=12]
07月12日 14:54:38.937 RECV SLN[FC=12]
07月12日 14:55:04.954 RECV SLN[FC=12]
07月12日 14:55:05.010 RECV SLN[FC=12]
07月12日 14:55:44.037 RECV SLN[FC=12]
07月12日 14:55:44.068 RECV SLN[FC=12]
07月12日 14:55:57.194 RECV SLN[FC=12]
07月12日 14:55:57.263 RECV SLN[FC=12]
07月12日 14:56:22.333 RECV SLN[FC=12]
07月12日 14:56:22.432 RECV SLN[FC=12]
07月12日 14:56:35.093 RECV SLN[FC=12]
07月12日 14:56:35.158 RECV SLN[FC=12]
07月12日 14:56:47.054 RECV SLN[FC=12]
07月12日 14:56:47.136 RECV SLN[FC=12]
07月12日 14:57:12.206 RECV SLN[FC=12]
07月12日 14:57:12.280 RECV SLN[FC=12]
07月12日 14:57:25.182 RECV SLN[FC=12]
07月12日 14:57:25.280 RECV SLN[FC=12]
07月12日 14:57:37.643 RECV SLN[FC=12]
07月12日 14:57:37.728 RECV SLN[FC=12]
07月12日 14:57:52.276 RECV SLN[FC=12]
07月12日 14:57:52.318 RECV SLN[FC=12]
07月12日 14:58:05.525 RECV SLN[FC=12]
07月12日 14:58:05.568 RECV SLN[FC=12]
07月12日 14:58:55.494 RECV SLN[FC=12]
07月12日 14:58:55.574 RECV SLN[FC=12]
07月12日 14:59:20.487 RECV SLN[FC=12]
07月12日 14:59:20.541 RECV SLN[FC=12]
07月12日 14:59:32.084 RECV SLN[FC=12]
07月12日 14:59:32.130 RECV SLN[FC=12]
07月12日 14:59:45.128 RECV SLN[FC=12]
07月12日 14:59:45.171 RECV SLN[FC=12]
07月12日 15:00:15.806 RECV SLN[FC=12]
07月12日 15:00:15.868 RECV SLN[FC=12]
07月12日 15:00:29.391 RECV SLN[FC=12]
07月12日 15:00:29.462 RECV SLN[FC=12]
07月12日 15:00:43.011 RECV SLN[FC=12]
07月12日 15:00:43.017 RECV SLN[FC=12]
07月12日 15:00:56.766 RECV SLN[FC=12]
07月12日 15:00:56.811 RECV SLN[FC=12]
07月12日 15:01:11.071 RECV SLN[FC=12]
07月12日 15:01:11.148 RECV SLN[FC=12]
07月12日 15:01:27.247 RECV SLN[FC=12]
07月12日 15:01:27.261 RECV SLN[FC=12]
07月12日 15:01:54.700 RECV SLN[FC=12]
07月12日 15:01:54.732 RECV SLN[FC=12]
07月12日 15:02:38.898 RECV SLN[FC=12]
07月12日 15:02:38.943 RECV SLN[FC=12]
07月12日 15:03:39.470 RECV SLN[FC=12]
07月12日 15:03:39.498 RECV SLN[FC=12]
07月12日 15:04:08.665 RECV SLN[FC=12]
07月12日 15:04:08.677 RECV SLN[FC=12]
07月12日 15:04:22.703 RECV SLN[FC=12]
07月12日 15:04:22.802 RECV SLN[FC=12]
07月12日 15:04:35.419 RECV SLN[FC=12]
07月12日 15:04:35.455 RECV SLN[FC=12]
07月12日 15:04:52.560 RECV SLN[FC=12]
07月12日 15:04:52.605 RECV SLN[FC=12]
07月12日 15:05:08.554 RECV SLN[FC=12]
07月12日 15:05:08.635 RECV SLN[FC=12]
07月12日 15:05:23.718 RECV EBR[BF=02]
07月12日 15:05:27.969 RECV EBR[BF=01]
07月12日 15:05:35.623 RECV SLN[FC=12]
07月12日 15:05:35.636 RECV SLN[FC=12]
07月12日 15:06:05.783 RECV SLN[FC=12]
07月12日 15:06:05.818 RECV SLN[FC=12]
07月12日 15:06:33.837 RECV SLN[FC=12]
07月12日 15:06:33.847 RECV SLN[FC=12]
07月12日 15:07:05.006 RECV SLN[FC=12]
07月12日 15:07:05.088 RECV SLN[FC=12]
07月12日 15:07:19.430 RECV SLN[FC=12]
07月12日 15:07:19.446 RECV SLN[FC=12]
07月12日 15:07:32.975 RECV SLN[FC=12]
07月12日 15:07:33.046 RECV SLN[FC=12]
07月12日 15:07:38.201 RECV EBR[BF=02]
07月12日 15:07:43.100 RECV EBR[BF=01]
07月12日 15:07:49.225 RECV SLN[FC=12]
07月12日 15:07:49.242 RECV SLN[FC=12]
07月12日 15:08:24.318 RECV SLN[FC=12]
07月12日 15:08:24.348 RECV SLN[FC=12]
07月12日 15:08:42.860 RECV SLN[FC=12]
07月12日 15:08:42.947 RECV SLN[FC=12]
07月12日 15:09:20.446 RECV SLN[FC=12]
07月12日 15:09:20.459 RECV SLN[FC=12]
07月12日 15:09:34.417 RECV SLN[FC=12]
07月12日 15:09:34.431 RECV SLN[FC=12]
07月12日 15:09:44.309 RECV EBR[BF=02]
07月12日 15:09:46.901 RECV SLN[FC=12]
07月12日 15:09:46.969 RECV SLN[FC=12]
07月12日 15:09:48.585 RECV EBR[BF=01]
07月12日 15:09:59.668 RECV SLN[FC=12]
07月12日 15:09:59.686 RECV SLN[FC=12]
07月12日 15:10:26.980 RECV SLN[FC=12]
07月12日 15:10:27.036 RECV SLN[FC=12]
07月12日 15:10:50.904 RECV SLN[FC=12]
07月12日 15:10:50.971 RECV SLN[FC=12]
07月12日 15:11:03.916 RECV SLN[FC=12]
07月12日 15:11:03.929 RECV SLN[FC=12]
07月12日 15:11:41.974 RECV SLN[FC=12]
07月12日 15:11:41.974 RECV SLN[FC=12]
07月12日 15:11:51.626 RECV EBR[BF=02]
07月12日 15:11:56.442 RECV EBR[BF=01]
07月12日 15:11:58.440 RECV SLN[FC=12]
07月12日 15:11:58.518 RECV SLN[FC=12]
07月12日 15:11:59.483 RECV EBR[BF=02]
07月12日 15:12:06.471 RECV EBR[BF=01]
07月12日 15:12:11.268 RECV SLN[FC=12]
07月12日 15:12:11.293 RECV SLN[FC=12]
07月12日 15:12:24.421 RECV SLN[FC=12]
07月12日 15:12:24.496 RECV SLN[FC=12]
07月12日 15:12:36.060 RECV SLN[FC=12]
07月12日 15:12:36.106 RECV SLN[FC=12]
07月12日 15:13:29.565 RECV SLN[FC=12]
07月12日 15:13:29.672 RECV SLN[FC=12]
07月12日 15:13:54.884 RECV SLN[FC=12]
07月12日 15:13:54.963 RECV SLN[FC=12]
07月12日 15:14:08.131 RECV EBR[BF=02]
07月12日 15:14:12.849 RECV EBR[BF=01]
07月12日 15:14:24.801 RECV SLN[FC=12]
07月12日 15:14:24.896 RECV SLN[FC=12]
07月12日 15:14:36.486 RECV SLN[FC=12]
07月12日 15:14:36.506 RECV SLN[FC=12]
07月12日 15:14:50.411 RECV SLN[FC=12]
07月12日 15:14:50.424 RECV SLN[FC=12]
07月12日 15:15:02.706 RECV SLN[FC=12]
07月12日 15:15:02.720 RECV SLN[FC=12]
07月12日 15:15:14.930 RECV SLN[FC=12]
07月12日 15:15:14.960 RECV SLN[FC=12]
07月12日 15:15:49.369 RECV SLN[FC=12]
07月12日 15:15:49.466 RECV SLN[FC=12]
07月12日 15:16:04.379 RECV SLN[FC=12]
07月12日 15:16:04.464 RECV SLN[FC=12]
07月12日 15:16:29.476 RECV SLN[FC=12]
07月12日 15:16:29.497 RECV SLN[FC=12]
07月12日 15:17:34.445 RECV SLN[FC=12]
07月12日 15:17:34.473 RECV SLN[FC=12]
07月12日 15:17:47.096 RECV SLN[FC=12]
07月12日 15:17:47.177 RECV SLN[FC=12]
07月12日 15:18:38.352 RECV EBR[BF=02]
07月12日 15:18:39.464 RECV SLN[FC=12]
07月12日 15:18:39.492 RECV SLN[FC=12]
07月12日 15:18:51.562 RECV SLN[FC=12]
07月12日 15:18:51.589 RECV SLN[FC=12]
07月12日 15:19:42.048 RECV SLN[FC=12]
07月12日 15:19:42.115 RECV SLN[FC=12]
07月12日 15:20:09.528 RECV SLN[FC=12]
07月12日 15:20:09.588 RECV SLN[FC=12]
07月12日 15:20:49.138 RECV SLN[FC=12]
07月12日 15:20:49.171 RECV SLN[FC=12]
07月12日 15:21:54.771 RECV SLN[FC=12]
07月12日 15:21:54.826 RECV SLN[FC=12]
07月12日 15:22:10.800 RECV SLN[FC=12]
07月12日 15:22:10.850 RECV SLN[FC=12]
07月12日 15:22:43.590 RECV SLN[FC=12]
07月12日 15:22:43.628 RECV SLN[FC=12]
07月12日 15:23:14.293 RECV SLN[FC=12]
07月12日 15:23:14.367 RECV SLN[FC=12]
07月12日 15:23:30.247 RECV SLN[FC=12]
07月12日 15:23:30.346 RECV SLN[FC=12]
07月12日 15:23:46.214 RECV SLN[FC=12]
07月12日 15:23:46.250 RECV SLN[FC=12]
07月12日 15:24:02.124 RECV SLN[FC=12]
07月12日 15:24:02.162 RECV SLN[FC=12]
07月12日 15:24:18.148 RECV SLN[FC=12]
07月12日 15:24:18.235 RECV SLN[FC=12]
07月12日 15:24:34.120 RECV SLN[FC=12]
07月12日 15:24:34.151 RECV SLN[FC=12]
07月12日 15:24:50.044 RECV SLN[FC=12]
07月12日 15:24:50.070 RECV SLN[FC=12]
07月12日 15:25:05.911 RECV SLN[FC=12]
07月12日 15:25:05.934 RECV SLN[FC=12]
07月12日 15:25:22.170 RECV SLN[FC=12]
07月12日 15:25:22.215 RECV SLN[FC=12]
07月12日 15:25:39.556 RECV SLN[FC=12]
07月12日 15:25:39.583 RECV SLN[FC=12]
07月12日 15:25:54.855 RECV SLN[FC=12]
07月12日 15:25:54.866 RECV SLN[FC=12]
07月12日 15:26:10.641 RECV SLN[FC=12]
07月12日 15:26:10.714 RECV SLN[FC=12]
07月12日 15:26:27.028 RECV SLN[FC=12]
07月12日 15:26:27.093 RECV SLN[FC=12]
07月12日 15:26:43.162 RECV SLN[FC=12]
07月12日 15:26:43.187 RECV SLN[FC=12]
07月12日 15:27:01.341 RECV SLN[FC=12]
07月12日 15:27:01.347 RECV SLN[FC=12]
07月12日 15:27:15.193 RECV SLN[FC=12]
07月12日 15:27:15.271 RECV SLN[FC=12]
07月12日 15:27:47.177 RECV SLN[FC=12]
07月12日 15:27:47.255 RECV SLN[FC=12]
07月12日 15:28:03.290 RECV SLN[FC=12]
07月12日 15:28:03.345 RECV SLN[FC=12]
07月12日 15:28:19.021 RECV SLN[FC=12]
07月12日 15:28:19.077 RECV SLN[FC=12]
07月12日 15:28:35.084 RECV SLN[FC=12]
07月12日 15:28:35.142 RECV SLN[FC=12]
07月12日 15:28:50.824 RECV SLN[FC=12]
07月12日 15:28:50.872 RECV SLN[FC=12]
07月12日 15:29:25.384 RECV SLN[FC=12]
07月12日 15:29:25.415 RECV SLN[FC=12]
07月12日 15:29:55.421 RECV SLN[FC=12]
07月12日 15:29:55.449 RECV SLN[FC=12]
07月12日 15:30:11.509 RECV SLN[FC=12]
07月12日 15:30:11.556 RECV SLN[FC=12]
07月12日 15:30:46.063 RECV SLN[FC=12]
07月12日 15:30:46.124 RECV SLN[FC=12]
07月12日 15:31:00.093 RECV SLN[FC=12]
07月12日 15:31:00.148 RECV SLN[FC=12]
07月12日 15:31:15.952 RECV SLN[FC=12]
07月12日 15:31:15.990 RECV SLN[FC=12]
07月12日 15:31:50.254 RECV SLN[FC=12]
07月12日 15:31:50.287 RECV SLN[FC=12]
07月12日 15:32:20.127 RECV SLN[FC=12]
07月12日 15:32:20.152 RECV SLN[FC=12]
07月12日 15:32:33.703 RECV EBR[BF=01]
07月12日 15:33:08.281 RECV SLN[FC=12]
07月12日 15:33:08.312 RECV SLN[FC=12]
07月12日 15:33:27.094 RECV SLN[FC=12]
07月12日 15:33:27.112 RECV SLN[FC=12]
07月12日 15:33:43.312 RECV SLN[FC=12]
07月12日 15:33:43.352 RECV SLN[FC=12]
07月12日 15:34:12.843 RECV SLN[FC=12]
07月12日 15:34:12.843 RECV SLN[FC=12]
07月12日 15:34:32.659 RECV EBR[BF=02]
07月12日 15:34:45.406 RECV SLN[FC=12]
07月12日 15:34:45.423 RECV SLN[FC=12]
07月12日 15:35:00.955 RECV SLN[FC=12]
07月12日 15:35:00.964 RECV SLN[FC=12]
07月12日 15:35:19.153 RECV SLN[FC=12]
07月12日 15:35:19.243 RECV SLN[FC=12]
07月12日 15:35:32.960 RECV SLN[FC=12]
07月12日 15:35:33.019 RECV SLN[FC=12]
07月12日 15:36:36.739 RECV SLN[FC=12]
07月12日 15:36:36.789 RECV SLN[FC=12]
07月12日 15:37:27.992 RECV SLN[FC=12]
07月12日 15:37:28.041 RECV SLN[FC=12]
07月12日 15:37:41.485 RECV SLN[FC=12]
07月12日 15:37:41.510 RECV SLN[FC=12]
07月12日 15:38:29.233 RECV SLN[FC=12]
07月12日 15:38:29.273 RECV SLN[FC=12]
07月12日 15:39:03.187 RECV SLN[FC=12]
07月12日 15:39:03.280 RECV SLN[FC=12]
07月12日 15:39:33.490 RECV SLN[FC=12]
07月12日 15:39:33.531 RECV SLN[FC=12]
07月12日 15:40:21.131 RECV SLN[FC=12]
07月12日 15:40:21.222 RECV SLN[FC=12]
07月12日 15:41:10.435 RECV SLN[FC=12]
07月12日 15:41:10.479 RECV SLN[FC=12]
07月12日 15:41:25.841 RECV SLN[FC=12]
07月12日 15:41:25.912 RECV SLN[FC=12]
07月12日 15:41:41.605 RECV SLN[FC=12]
07月12日 15:41:56.910 ***** StartLogging SPIN02.log *****
07月12日 15:41:56.928 spinMain起動 build : Jul 12 2012
07月12日 15:41:56.928 搬送ｱﾄﾞﾚｽｾｯﾄ完了 : ｱﾄﾞﾚｽ = 02
07月12日 15:41:56.928 CVPｱﾄﾞﾚｽｾｯﾄ完了：ｱﾄﾞﾚｽ = 11
07月12日 15:41:56.971 controlTask起動
07月12日 15:41:56.992 messageProc起動
07月12日 15:41:57.013 sendMsgTask起動
07月12日 15:41:57.017 temperatureTask起動
07月12日 15:41:57.032 waferInTask起動
07月12日 15:41:57.041 mainControl20起動
07月12日 15:41:57.053 chemiProcTask起動
07月12日 15:41:57.064 nozzleComTask起動
07月12日 15:41:57.077 nozzle1Task起動
07月12日 15:41:57.081 nozzle2Task起動
07月12日 15:41:57.089 dispenseTask起動
07月12日 15:41:57.112 mainControl100起動
07月12日 15:41:57.176 subControl起動
07月12日 15:41:57.178 SEND PWR[FC=02]
07月12日 15:41:57.181 interruptTask起動
07月12日 15:42:50.874 RECV MDR
07月12日 15:42:50.925 SEND MDT[MN=31]
07月12日 15:42:52.317 RECV MDS
07月12日 15:42:52.325 SRV:INITIAL Start
07月12日 15:42:52.413 TRN-NG N-SHT-OPEN
07月12日 15:42:54.411 RECV SOS[FN=02]
07月12日 15:42:57.619 SRV:INITIAL END
07月12日 15:42:58.721 RECV SOS[FN=04]
07月12日 15:43:00.291 RECV SOS[FN=05]
07月12日 15:43:00.378 RECV SOS[FN=05]
07月12日 15:43:01.195 RECV SOS[FN=06]
07月12日 15:43:04.051 RECV SOS[FN=08]
07月12日 15:43:06.317 RECV SOS[FN=09]
07月12日 15:43:06.411 RECV SOS[FN=09]
07月12日 15:43:11.487 RECV SOS[FN=20]
07月12日 15:43:12.122 RECV SOS[FN=21]
07月12日 15:43:13.134 RECV SOS[FN=25]
07月12日 15:43:22.774 RECV CLR[FC=02]
07月12日 15:43:22.786 CUP-STOP
07月12日 15:43:22.787 SHUTTER-STOP
07月12日 15:43:22.787 [VAC]CMD=4
07月12日 15:43:22.788 E-STOP
07月12日 15:43:22.788 SRV:ALREADY OFF
07月12日 15:43:22.808 SRV:OFF-END
07月12日 15:43:22.857 [DIS]E-STOP
07月12日 15:43:22.857 [SV-01]RESET-DIS-TIMER
07月12日 15:43:22.857 [SV-02]RESET-DIS-TIMER
07月12日 15:43:22.857 [SV-03]RESET-DIS-TIMER
07月12日 15:43:22.858 [SV-04]RESET-DIS-TIMER
07月12日 15:43:22.858 [SV-05]RESET-DIS-TIMER
07月12日 15:43:22.858 [SV-06]RESET-DIS-TIMER
07月12日 15:43:22.858 [SV-07]RESET-DIS-TIMER
07月12日 15:43:22.858 [SV-08]RESET-DIS-TIMER
07月12日 15:43:22.858 [SV-09]RESET-DIS-TIMER
07月12日 15:43:22.859 [SV-10]RESET-DIS-TIMER
07月12日 15:43:22.859 [SV-11]RESET-DIS-TIMER
07月12日 15:43:22.859 [SV-12]RESET-DIS-TIMER
07月12日 15:43:22.859 [SV-13]RESET-DIS-TIMER
07月12日 15:43:22.859 [SV-14]RESET-DIS-TIMER
07月12日 15:43:22.859 [SV-15]RESET-DIS-TIMER
07月12日 15:43:22.860 [SV-16]RESET-DIS-TIMER
07月12日 15:43:22.860 [SV-17]RESET-DIS-TIMER
07月12日 15:43:22.860 [SV-18]RESET-DIS-TIMER
07月12日 15:43:22.860 [SV-19]RESET-DIS-TIMER
07月12日 15:43:22.861 [SV-20]RESET-DIS-TIMER
07月12日 15:43:22.861 [SV-21]RESET-DIS-TIMER
07月12日 15:43:22.861 [SV-22]RESET-DIS-TIMER
07月12日 15:43:22.861 [SV-23]RESET-DIS-TIMER
07月12日 15:43:22.861 [SV-24]RESET-DIS-TIMER
07月12日 15:43:22.862 [UNIT_RST]START
07月12日 15:43:23.885 SRV:Non Alarm
07月12日 15:43:23.886 CUP-STOP
07月12日 15:43:23.887 SHUTTER-STOP
07月12日 15:43:23.898 PUMP BUSY1_OFF
07月12日 15:43:23.898 PUMP BUSY2_OFF
07月12日 15:43:23.898 PUMP BUSY3_OFF
07月12日 15:43:23.899 PUMP BUSY4_OFF
07月12日 15:43:23.977 RECV SLN[FC=02]
07月12日 15:43:24.055 RECV SLN[FC=02]
07月12日 15:43:24.353 SEND ALO[ALCD=6201,P1=00,P2=00,CF=00]
07月12日 15:43:24.454 SEND ALO[ALCD=8207,P1=00,P2=00,CF=00]
07月12日 15:43:40.579 RECV RET[FC=02]
07月12日 15:43:41.384 nzlUpOut2_st
07月12日 15:43:41.524 TRN-NG CHK-WAFER
07月12日 15:43:41.526 [VAC]ST=1
07月12日 15:43:41.659 [VAC]CMD=3
07月12日 15:43:43.098 [VAC]CMD=2
07月12日 15:43:43.098 [VAC]ST=2
07月12日 15:43:43.298 TRN-NG N-SHT-OPEN
07月12日 15:43:43.394 SEND REE[FC=02]
07月12日 15:43:48.334 RECV RET[FC=01]
07月12日 15:43:48.440 CUP-UP-S
07月12日 15:43:48.468 [VAC]ST=1
07月12日 15:43:48.477 [VAC]CMD=3
07月12日 15:43:48.501 NZL1 U:0 A:0 P:0 H:0 4P:0 N:0
07月12日 15:43:48.501 SPN OK1
07月12日 15:43:48.501 NZ2 OK1
07月12日 15:43:48.501 NZL1 U:0 A:0 P:0 H:0 4P:0 N:0
07月12日 15:43:48.502 nzlDownOut
07月12日 15:43:48.503 NZL1 U:2 A:0 P:0 H:0 4P:0 N:16
07月12日 15:43:48.503 TR OK1
07月12日 15:43:48.503 NZL1 U:2 A:0 P:0 H:0 4P:0 N:14
07月12日 15:43:48.503 TR NG1
07月12日 15:43:48.503 nzlPickDownOut
07月12日 15:43:48.504 NZL2 U:0 A:0 N:0
07月12日 15:43:48.504 SPN OK2
07月12日 15:43:48.504 NZ1 OK2
07月12日 15:43:48.505 NZL2 U:0 A:0 N:0
07月12日 15:43:48.505 nzlUpOut2
07月12日 15:43:48.506 TRN-NG RET-ORG
07月12日 15:43:48.597 NZL1 U:1 A:0 P:0 H:0 4P:0 N:1
07月12日 15:43:48.597 TR OK1
07月12日 15:43:48.597 CHM OK1
07月12日 15:43:48.598 NZL2 U:1 A:0 N:12
07月12日 15:43:48.598 TR OK2
07月12日 15:43:48.698 NZL1 U:1 A:0 P:0 H:3 4P:0 N:11
07月12日 15:43:48.698 nzlRelesOut
07月12日 15:43:48.819 NZ03-STQ S
07月12日 15:43:49.000 NZ02d-STQ E
07月12日 15:43:49.017 NZ03-ORG S
07月12日 15:43:49.696 NZL1 U:1 A:0 P:0 H:2 4P:0 N:10
07月12日 15:43:50.620 CUP-UP-E
07月12日 15:43:50.665 SRV:ON-40
07月12日 15:43:50.816 NZ02-STQ S
07月12日 15:43:51.352 SRV:[RES DATA]-10
07月12日 15:43:51.352 SRV:ON-END
07月12日 15:43:51.383 SRV:ORG ON-42
07月12日 15:43:51.570 SRV:[RES DATA]-11
07月12日 15:43:51.870 SRV:[RES DATA]-13
07月12日 15:43:51.893 NZ03-ORG COM-W(ORS)
07月12日 15:43:51.903 NZ02d-STQ E
07月12日 15:43:52.094 SRV:[RES DATA]-12
07月12日 15:43:52.892 NZ02-ORG S
07月12日 15:43:52.913 SRV:[RES DATA]-10
07月12日 15:43:52.914 SRV:ORG-END
07月12日 15:43:52.924 SRV:OFF- 0
07月12日 15:43:53.483 SRV:[RES DATA]- 0
07月12日 15:43:53.483 SRV:OFF-END
07月12日 15:43:53.524 CUP-DOWN-S
07月12日 15:43:53.562 SHUTTER-CLOSE-S
07月12日 15:43:53.617 SHUTTER-CLOSE-E
07月12日 15:43:54.887 NZ03-ORG E
07月12日 15:43:54.900 NZL_ARM_LOW LowF:1 Pls:-100
07月12日 15:43:54.924 NZ03-MOV S
07月12日 15:43:55.182 CUP-DOWN-E
07月12日 15:43:55.299 [VAC]CMD=2
07月12日 15:43:55.299 [VAC]ST=2
07月12日 15:43:58.699 NZ02-ORG E
07月12日 15:43:58.732 NZ02-MOV S
07月12日 15:43:59.973 NZ03-MOV E
07月12日 15:44:00.114 NZL2 U:1 A:1 N:1
07月12日 15:44:00.114 NZL_ORG_END2
07月12日 15:44:00.378 NZ02-MOV E
07月12日 15:44:00.511 NZL1 U:1 A:1 P:0 H:2 4P:1 N:10
07月12日 15:44:00.511 nzlDownOut
07月12日 15:44:00.512 NZL1 U:2 A:1 P:0 H:2 4P:1 N:9
07月12日 15:44:00.512 CHM NG1
07月12日 15:44:00.513 NZL1 U:2 A:1 P:0 H:2 4P:1 N:13
07月12日 15:44:00.513 nzlPickDownOut
07月12日 15:44:00.611 NZL1 U:1 A:1 P:0 H:2 4P:1 N:1
07月12日 15:44:00.611 CHM OK1
07月12日 15:44:00.715 NZL1 U:1 A:1 P:0 H:3 4P:1 N:11
07月12日 15:44:00.715 nzlRelesOut
07月12日 15:44:00.815 NZL1 U:1 A:1 P:0 H:2 4P:1 N:10
07月12日 15:44:00.935 NZ01-STQ S
07月12日 15:44:01.116 NZ02d-STQ E
07月12日 15:44:01.210 NZL1 U:1 A:1 P:0 H:2 4P:1 N:12
07月12日 15:44:01.236 NZ01-ORG S
07月12日 15:44:08.394 NZ01-ORG E
07月12日 15:44:08.431 NZ01-MOV S
07月12日 15:44:11.715 NZ01-MOV E
07月12日 15:44:11.962 NZ01-MOV S
07月12日 15:44:17.357 NZ01-MOV E
07月12日 15:44:17.366 NZL1 U:1 A:1 P:1 H:2 4P:1 N:10
07月12日 15:44:17.366 NZL_ORG_END
07月12日 15:44:17.458 TRN-NG N-SHT-OPEN
07月12日 15:44:17.539 SEND REE[FC=01]
07月12日 15:44:17.640 SEND STT[PN1=01,ST=00]
07月12日 15:44:17.740 SEND STT[PN1=02,ST=00]
07月12日 15:45:19.983 RECV USM[PN1=04,PN2=02,DN1=01,DN2=00]
07月12日 15:45:21.126 RECV USM[PN1=03,PN2=01,DN1=00,DN2=00]
07月12日 15:46:23.568 RECV SOS[FN=02]
07月12日 15:47:12.839 RECV USM[PN1=03,PN2=01,DN1=00,DN2=00]
07月12日 15:47:33.641 RECV USM[PN1=03,PN2=00,DN1=00,DN2=00]
07月12日 15:47:55.120 RECV USM[PN1=03,PN2=01,DN1=00,DN2=00]
07月12日 15:47:57.121 RECV USM[PN1=03,PN2=00,DN1=00,DN2=00]
07月12日 15:52:22.532 RECV EBR[BF=01]
07月12日 15:54:24.259 RECV EBR[BF=02]
07月12日 15:55:18.562 ***** StartLogging SPIN02.log *****
07月12日 15:55:18.568 spinMain起動 build : Jul 12 2012
07月12日 15:55:18.572 搬送ｱﾄﾞﾚｽｾｯﾄ完了 : ｱﾄﾞﾚｽ = 02
07月12日 15:55:18.572 CVPｱﾄﾞﾚｽｾｯﾄ完了：ｱﾄﾞﾚｽ = 11
07月12日 15:55:18.598 controlTask起動
07月12日 15:55:18.609 messageProc起動
07月12日 15:55:18.622 sendMsgTask起動
07月12日 15:55:18.631 temperatureTask起動
07月12日 15:55:18.644 waferInTask起動
07月12日 15:55:18.652 mainControl20起動
07月12日 15:55:18.665 chemiProcTask起動
07月12日 15:55:18.669 nozzleComTask起動
07月12日 15:55:18.679 nozzle1Task起動
07月12日 15:55:18.684 nozzle2Task起動
07月12日 15:55:18.700 dispenseTask起動
07月12日 15:55:18.724 mainControl100起動
07月12日 15:55:18.738 SEND PWR[FC=02]
07月12日 15:55:18.792 subControl起動
07月12日 15:55:18.806 interruptTask起動
07月12日 15:56:07.734 RECV MDR
07月12日 15:56:07.798 SEND MDT[MN=31]
07月12日 15:56:09.298 RECV MDS
07月12日 15:56:09.300 SRV:INITIAL Start
07月12日 15:56:09.322 TRN-NG N-SHT-OPEN
07月12日 15:56:11.227 RECV SOS[FN=02]
07月12日 15:56:14.609 SRV:INITIAL END
07月12日 15:56:16.158 RECV SOS[FN=04]
07月12日 15:56:17.473 RECV SOS[FN=05]
07月12日 15:56:17.573 RECV SOS[FN=05]
07月12日 15:56:18.396 RECV SOS[FN=06]
07月12日 15:56:20.925 RECV SOS[FN=08]
07月12日 15:56:23.023 RECV SOS[FN=09]
07月12日 15:56:23.117 RECV SOS[FN=09]
07月12日 15:56:28.865 RECV SOS[FN=20]
07月12日 15:56:29.634 RECV SOS[FN=21]
07月12日 15:56:30.827 RECV SOS[FN=25]
07月12日 15:56:40.197 RECV CLR[FC=02]
07月12日 15:56:40.220 [DIS]E-STOP
07月12日 15:56:40.221 [SV-01]RESET-DIS-TIMER
07月12日 15:56:40.221 [SV-02]RESET-DIS-TIMER
07月12日 15:56:40.222 [SV-03]RESET-DIS-TIMER
07月12日 15:56:40.222 [SV-04]RESET-DIS-TIMER
07月12日 15:56:40.222 [SV-05]RESET-DIS-TIMER
07月12日 15:56:40.222 [SV-06]RESET-DIS-TIMER
07月12日 15:56:40.222 [SV-07]RESET-DIS-TIMER
07月12日 15:56:40.222 [SV-08]RESET-DIS-TIMER
07月12日 15:56:40.223 [SV-09]RESET-DIS-TIMER
07月12日 15:56:40.223 [SV-10]RESET-DIS-TIMER
07月12日 15:56:40.223 [SV-11]RESET-DIS-TIMER
07月12日 15:56:40.223 [SV-12]RESET-DIS-TIMER
07月12日 15:56:40.223 [SV-13]RESET-DIS-TIMER
07月12日 15:56:40.223 [SV-14]RESET-DIS-TIMER
07月12日 15:56:40.223 [SV-15]RESET-DIS-TIMER
07月12日 15:56:40.224 [SV-16]RESET-DIS-TIMER
07月12日 15:56:40.224 [SV-17]RESET-DIS-TIMER
07月12日 15:56:40.224 [SV-18]RESET-DIS-TIMER
07月12日 15:56:40.224 [SV-19]RESET-DIS-TIMER
07月12日 15:56:40.224 [SV-20]RESET-DIS-TIMER
07月12日 15:56:40.224 [SV-21]RESET-DIS-TIMER
07月12日 15:56:40.224 [SV-22]RESET-DIS-TIMER
07月12日 15:56:40.225 [SV-23]RESET-DIS-TIMER
07月12日 15:56:40.225 [SV-24]RESET-DIS-TIMER
07月12日 15:56:40.247 CUP-STOP
07月12日 15:56:40.274 SHUTTER-STOP
07月12日 15:56:40.274 [VAC]CMD=4
07月12日 15:56:40.295 E-STOP
07月12日 15:56:40.301 SRV:ALREADY OFF
07月12日 15:56:40.305 SRV:OFF-END
07月12日 15:56:41.500 SRV:Non Alarm
07月12日 15:56:41.501 CUP-STOP
07月12日 15:56:41.502 SHUTTER-STOP
07月12日 15:56:41.522 PUMP BUSY1_OFF
07月12日 15:56:41.522 PUMP BUSY2_OFF
07月12日 15:56:41.522 PUMP BUSY3_OFF
07月12日 15:56:41.522 PUMP BUSY4_OFF
07月12日 15:56:41.815 RECV SLN[FC=02]
07月12日 15:56:41.889 RECV SLN[FC=02]
07月12日 15:56:41.987 SEND ALO[ALCD=6201,P1=00,P2=00,CF=00]
07月12日 15:56:42.091 SEND ALO[ALCD=8207,P1=00,P2=00,CF=00]
07月12日 15:56:47.314 RECV SLN[FC=12]
07月12日 15:56:47.407 RECV SLN[FC=12]
07月12日 15:56:52.669 RECV RET[FC=02]
07月12日 15:56:52.824 nzlUpOut2_st
07月12日 15:56:52.921 TRN-NG CHK-WAFER
07月12日 15:56:52.923 [VAC]ST=1
07月12日 15:56:53.022 [VAC]CMD=3
07月12日 15:56:54.225 [VAC]CMD=2
07月12日 15:56:54.226 [VAC]ST=2
07月12日 15:56:54.426 TRN-NG N-SHT-OPEN
07月12日 15:56:54.485 SEND REE[FC=02]
07月12日 15:56:59.438 RECV RET[FC=01]
07月12日 15:56:59.471 CUP-UP-S
07月12日 15:56:59.485 [VAC]ST=1
07月12日 15:56:59.500 [VAC]CMD=3
07月12日 15:56:59.524 NZL1 U:0 A:0 P:0 H:0 4P:0 N:0
07月12日 15:56:59.524 SPN OK1
07月12日 15:56:59.524 NZ2 OK1
07月12日 15:56:59.524 NZL1 U:0 A:0 P:0 H:0 4P:0 N:0
07月12日 15:56:59.524 nzlDownOut
07月12日 15:56:59.525 NZL2 U:0 A:0 N:0
07月12日 15:56:59.525 SPN OK2
07月12日 15:56:59.525 NZ1 OK2
07月12日 15:56:59.526 NZL2 U:0 A:0 N:0
07月12日 15:56:59.526 nzlUpOut2
07月12日 15:56:59.526 TRN-NG RET-ORG
07月12日 15:56:59.620 NZL2 U:1 A:0 N:12
07月12日 15:56:59.620 TR OK2
07月12日 15:56:59.634 NZL1 U:2 A:0 P:0 H:0 4P:0 N:16
07月12日 15:56:59.634 TR OK1
07月12日 15:56:59.634 NZL1 U:2 A:0 P:0 H:0 4P:0 N:14
07月12日 15:56:59.634 TR NG1
07月12日 15:56:59.634 nzlPickDownOut
07月12日 15:56:59.686 NZL1 U:1 A:0 P:0 H:0 4P:0 N:1
07月12日 15:56:59.686 TR OK1
07月12日 15:56:59.686 CHM OK1
07月12日 15:56:59.722 NZL1 U:1 A:0 P:0 H:3 4P:0 N:11
07月12日 15:56:59.722 nzlRelesOut
07月12日 15:56:59.839 NZ03-STQ S
07月12日 15:57:01.414 NZ02d-STQ E
07月12日 15:57:01.466 NZ03-ORG S
07月12日 15:57:01.726 CUP-UP-E
07月12日 15:57:01.746 NZL1 U:1 A:0 P:0 H:2 4P:0 N:10
07月12日 15:57:01.855 SRV:ON-40
07月12日 15:57:02.369 SRV:[RES DATA]-10
07月12日 15:57:02.370 SRV:ON-END
07月12日 15:57:02.399 SRV:ORG ON-42
07月12日 15:57:02.508 SRV:[RES DATA]-11
07月12日 15:57:02.787 SRV:[RES DATA]-13
07月12日 15:57:03.009 NZ02-STQ S
07月12日 15:57:03.014 SRV:[RES DATA]-12
07月12日 15:57:03.740 NZ03-ORG COM-W(ORP)
07月12日 15:57:03.751 NZ02d-STQ E
07月12日 15:57:03.833 SRV:[RES DATA]-10
07月12日 15:57:03.833 SRV:ORG-END
07月12日 15:57:03.847 SRV:OFF- 0
07月12日 15:57:04.425 SRV:[RES DATA]- 0
07月12日 15:57:04.425 SRV:OFF-END
07月12日 15:57:04.426 CUP-DOWN-S
07月12日 15:57:04.427 SHUTTER-CLOSE-S
07月12日 15:57:04.427 SHUTTER-CLOSE-E
07月12日 15:57:04.634 NZ02-ORG S
07月12日 15:57:06.100 CUP-DOWN-E
07月12日 15:57:06.241 [VAC]CMD=2
07月12日 15:57:06.242 [VAC]ST=2
07月12日 15:57:07.141 NZ03-ORG E
07月12日 15:57:07.145 NZL_ARM_LOW LowF:1 Pls:-100
07月12日 15:57:07.166 NZ03-MOV S
07月12日 15:57:09.827 NZ02-ORG E
07月12日 15:57:09.863 NZ02-MOV S
07月12日 15:57:10.223 RECV SLN[FC=12]
07月12日 15:57:10.295 RECV SLN[FC=12]
07月12日 15:57:11.375 NZ03-MOV E
07月12日 15:57:11.539 NZL2 U:1 A:1 N:1
07月12日 15:57:11.539 NZL_ORG_END2
07月12日 15:57:11.645 RECV SLN[FC=11]
07月12日 15:57:11.707 RECV SLN[FC=11]
07月12日 15:57:11.778 NZ02-MOV E
07月12日 15:57:11.943 NZL1 U:1 A:1 P:0 H:2 4P:1 N:10
07月12日 15:57:11.943 nzlDownOut
07月12日 15:57:11.944 NZL1 U:2 A:1 P:0 H:2 4P:1 N:9
07月12日 15:57:11.944 CHM NG1
07月12日 15:57:11.944 NZL1 U:2 A:1 P:0 H:2 4P:1 N:13
07月12日 15:57:11.944 nzlPickDownOut
07月12日 15:57:12.043 NZL1 U:1 A:1 P:0 H:2 4P:1 N:1
07月12日 15:57:12.043 CHM OK1
07月12日 15:57:12.142 NZL1 U:1 A:1 P:0 H:3 4P:1 N:11
07月12日 15:57:12.142 nzlRelesOut
07月12日 15:57:12.239 NZL1 U:1 A:1 P:0 H:2 4P:1 N:10
07月12日 15:57:12.369 NZ01-STQ S
07月12日 15:57:12.553 NZ02d-STQ E
07月12日 15:57:12.642 NZL1 U:1 A:1 P:0 H:2 4P:1 N:12
07月12日 15:57:12.668 NZ01-ORG S
07月12日 15:57:19.627 NZ01-ORG E
07月12日 15:57:19.659 NZ01-MOV S
07月12日 15:57:22.746 RECV SLN[FC=12]
07月12日 15:57:22.772 RECV SLN[FC=12]
07月12日 15:57:23.073 NZ01-MOV E
07月12日 15:57:23.251 NZ01-MOV S
07月12日 15:57:28.735 NZ01-MOV E
07月12日 15:57:28.736 NZL1 U:1 A:1 P:1 H:2 4P:1 N:10
07月12日 15:57:28.736 NZL_ORG_END
07月12日 15:57:28.833 TRN-NG N-SHT-OPEN
07月12日 15:57:28.897 SEND REE[FC=01]
07月12日 15:57:29.004 SEND STT[PN1=01,ST=00]
07月12日 15:57:29.105 SEND STT[PN1=02,ST=00]
07月12日 15:57:35.732 RECV SLN[FC=12]
07月12日 15:57:35.747 RECV SLN[FC=12]
07月12日 15:57:57.689 RECV USM[PN1=04,PN2=02,DN1=01,DN2=00]
07月12日 15:57:59.179 RECV USM[PN1=03,PN2=01,DN1=00,DN2=00]
07月12日 15:57:59.739 RECV SLN[FC=12]
07月12日 15:57:59.793 RECV SLN[FC=12]
07月12日 15:58:14.794 RECV SLN[FC=12]
07月12日 15:58:14.805 RECV SLN[FC=12]
07月12日 15:58:28.607 RECV SLN[FC=12]
07月12日 15:58:28.690 RECV SLN[FC=12]
07月12日 15:58:54.718 RECV SLN[FC=12]
07月12日 15:58:54.726 RECV SLN[FC=12]
07月12日 15:59:06.966 RECV SLN[FC=12]
07月12日 15:59:07.065 RECV SLN[FC=12]
07月12日 15:59:19.715 RECV SLN[FC=12]
07月12日 15:59:19.764 RECV SLN[FC=12]
07月12日 15:59:44.184 RECV SLN[FC=12]
07月12日 15:59:44.185 RECV SLN[FC=12]
07月12日 15:59:56.675 RECV SLN[FC=12]
07月12日 15:59:56.768 RECV SLN[FC=12]
07月12日 16:00:21.682 RECV SLN[FC=12]
07月12日 16:00:21.732 RECV SLN[FC=12]
07月12日 16:00:33.947 RECV SLN[FC=12]
07月12日 16:00:34.024 RECV SLN[FC=12]
07月12日 16:00:58.266 RECV SLN[FC=12]
07月12日 16:00:58.304 RECV SLN[FC=12]
07月12日 16:01:10.852 RECV SLN[FC=12]
07月12日 16:01:10.864 RECV SLN[FC=12]
07月12日 16:02:02.794 RECV SLN[FC=12]
07月12日 16:02:02.839 RECV SLN[FC=12]
07月12日 16:02:14.395 RECV SLN[FC=12]
07月12日 16:02:14.443 RECV SLN[FC=12]
07月12日 16:02:39.379 RECV SLN[FC=12]
07月12日 16:02:39.445 RECV SLN[FC=12]
07月12日 16:02:51.697 RECV SLN[FC=12]
07月12日 16:02:51.744 RECV SLN[FC=12]
07月12日 16:03:04.482 RECV SLN[FC=12]
07月12日 16:03:04.496 RECV SLN[FC=12]
07月12日 16:03:41.453 RECV SLN[FC=12]
07月12日 16:03:41.483 RECV SLN[FC=12]
07月12日 16:04:32.761 RECV SLN[FC=12]
07月12日 16:04:32.815 RECV SLN[FC=12]
07月12日 16:04:44.362 RECV SLN[FC=12]
07月12日 16:04:44.386 RECV SLN[FC=12]
07月12日 16:05:09.344 RECV SLN[FC=12]
07月12日 16:05:09.437 RECV SLN[FC=12]
07月12日 16:05:22.133 RECV SLN[FC=12]
07月12日 16:05:22.212 RECV SLN[FC=12]
07月12日 16:05:34.829 RECV SLN[FC=12]
07月12日 16:05:34.842 RECV SLN[FC=12]
07月12日 16:05:47.978 RECV SLN[FC=12]
07月12日 16:05:48.023 RECV SLN[FC=12]
07月12日 16:05:59.778 RECV SLN[FC=12]
07月12日 16:05:59.833 RECV SLN[FC=12]
07月12日 16:06:37.376 RECV SLN[FC=12]
07月12日 16:06:37.435 RECV SLN[FC=12]
07月12日 16:07:02.586 RECV SLN[FC=12]
07月12日 16:07:02.587 RECV SLN[FC=12]
07月12日 16:08:04.453 RECV SLN[FC=12]
07月12日 16:08:04.552 RECV SLN[FC=12]
07月12日 16:08:54.476 RECV SLN[FC=12]
07月12日 16:08:54.519 RECV SLN[FC=12]
07月12日 16:09:07.145 RECV SLN[FC=12]
07月12日 16:09:07.200 RECV SLN[FC=12]
07月12日 16:09:19.615 RECV SLN[FC=12]
07月12日 16:09:19.706 RECV SLN[FC=12]
07月12日 16:10:08.575 RECV SLN[FC=12]
07月12日 16:10:08.609 RECV SLN[FC=12]
07月12日 16:10:34.255 RECV SLN[FC=12]
07月12日 16:10:34.266 RECV SLN[FC=12]
07月12日 16:10:49.160 RECV SOS[FN=02]
07月12日 16:11:11.711 RECV SLN[FC=12]
07月12日 16:11:11.726 RECV SLN[FC=12]
07月12日 16:11:26.024 RECV EBR[BF=01]
07月12日 16:11:39.834 RECV SLN[FC=12]
07月12日 16:11:39.884 RECV SLN[FC=12]
07月12日 16:11:52.763 RECV SLN[FC=12]
07月12日 16:11:52.817 RECV SLN[FC=12]
07月12日 16:12:05.362 RECV SLN[FC=12]
07月12日 16:12:05.397 RECV SLN[FC=12]
07月12日 16:12:18.225 RECV SLN[FC=12]
07月12日 16:12:18.295 RECV SLN[FC=12]
07月12日 16:12:30.403 RECV SLN[FC=12]
07月12日 16:12:30.459 RECV SLN[FC=12]
07月12日 16:12:48.675 RECV EBR[BF=02]
07月12日 16:13:08.304 RECV SLN[FC=12]
07月12日 16:13:08.357 RECV SLN[FC=12]
07月12日 16:14:00.092 RECV SLN[FC=12]
07月12日 16:14:00.128 RECV SLN[FC=12]
07月12日 16:14:25.470 RECV SLN[FC=12]
07月12日 16:14:25.557 RECV SLN[FC=12]
07月12日 16:15:18.627 RECV SLN[FC=12]
07月12日 16:15:18.698 RECV SLN[FC=12]
07月12日 16:15:55.249 RECV SLN[FC=12]
07月12日 16:15:55.258 RECV SLN[FC=12]
07月12日 16:16:08.225 RECV SLN[FC=12]
07月12日 16:16:08.284 RECV SLN[FC=12]
07月12日 16:16:21.068 RECV SLN[FC=12]
07月12日 16:16:21.115 RECV SLN[FC=12]
07月12日 16:16:33.879 RECV SLN[FC=12]
07月12日 16:16:33.925 RECV SLN[FC=12]
07月12日 16:16:45.493 RECV SLN[FC=12]
07月12日 16:16:45.571 RECV SLN[FC=12]
07月12日 16:17:11.936 RECV USM[PN1=03,PN2=01,DN1=00,DN2=00]
07月12日 16:17:13.279 RECV USM[PN1=03,PN2=00,DN1=00,DN2=00]
07月12日 16:17:19.532 RECV USM[PN1=03,PN2=01,DN1=00,DN2=00]
07月12日 16:17:23.857 RECV SLN[FC=12]
07月12日 16:17:23.910 RECV SLN[FC=12]
07月12日 16:17:36.609 RECV SLN[FC=12]
07月12日 16:17:36.686 RECV SLN[FC=12]
07月12日 16:18:13.514 RECV SLN[FC=12]
07月12日 16:18:13.608 RECV SLN[FC=12]
07月12日 16:18:26.439 RECV SLN[FC=12]
07月12日 16:18:26.524 RECV SLN[FC=12]
07月12日 16:18:39.607 RECV SLN[FC=12]
07月12日 16:18:39.653 RECV SLN[FC=12]
07月12日 16:19:04.546 RECV SLN[FC=12]
07月12日 16:19:04.576 RECV SLN[FC=12]
07月12日 16:19:16.247 RECV SLN[FC=12]
07月12日 16:19:16.273 RECV SLN[FC=12]
07月12日 16:19:54.148 RECV SLN[FC=12]
07月12日 16:19:54.216 RECV SLN[FC=12]
07月12日 16:20:19.191 RECV SLN[FC=12]
07月12日 16:20:19.215 RECV SLN[FC=12]
07月12日 16:20:31.298 RECV SLN[FC=12]
07月12日 16:20:31.363 RECV SLN[FC=12]
07月12日 16:20:44.102 RECV SLN[FC=12]
07月12日 16:20:44.158 RECV SLN[FC=12]
07月12日 16:20:56.517 RECV SLN[FC=12]
07月12日 16:20:56.546 RECV SLN[FC=12]
07月12日 16:21:34.527 RECV SLN[FC=12]
07月12日 16:21:34.590 RECV SLN[FC=12]
07月12日 16:21:46.232 RECV SLN[FC=12]
07月12日 16:21:46.268 RECV SLN[FC=12]
07月12日 16:22:11.895 RECV SLN[FC=12]
07月12日 16:22:11.986 RECV SLN[FC=12]
07月12日 16:22:14.757 RECV USM[PN1=03,PN2=00,DN1=00,DN2=00]
07月12日 16:22:37.050 RECV SLN[FC=12]
07月12日 16:22:37.099 RECV SLN[FC=12]
07月12日 16:23:01.717 RECV SLN[FC=12]
07月12日 16:23:01.769 RECV SLN[FC=12]
07月12日 16:23:16.766 RECV SLN[FC=12]
07月12日 16:23:16.787 RECV SLN[FC=12]
07月12日 16:23:31.831 RECV SLN[FC=12]
07月12日 16:23:31.850 RECV SLN[FC=12]
07月12日 16:23:44.425 RECV SLN[FC=12]
07月12日 16:23:44.492 RECV SLN[FC=12]
07月12日 16:23:57.245 RECV SLN[FC=12]
07月12日 16:23:57.285 RECV SLN[FC=12]
07月12日 16:24:10.207 RECV SLN[FC=12]
07月12日 16:24:10.223 RECV SLN[FC=12]
07月12日 16:24:22.847 RECV SLN[FC=12]
07月12日 16:24:22.867 RECV SLN[FC=12]
07月12日 16:25:24.759 RECV SLN[FC=12]
07月12日 16:25:24.760 RECV SLN[FC=12]
07月12日 16:25:58.956 RECV SLN[FC=12]
07月12日 16:25:59.059 RECV SLN[FC=12]
07月12日 16:26:15.142 RECV SLN[FC=12]
07月12日 16:26:15.168 RECV SLN[FC=12]
07月12日 16:26:31.344 RECV SLN[FC=12]
07月12日 16:26:31.394 RECV SLN[FC=12]
07月12日 16:26:47.226 RECV SLN[FC=12]
07月12日 16:26:47.286 RECV SLN[FC=12]
07月12日 16:27:04.536 RECV SLN[FC=12]
07月12日 16:27:04.569 RECV SLN[FC=12]
07月12日 16:27:36.357 RECV SLN[FC=12]
07月12日 16:27:36.388 RECV SLN[FC=12]
07月12日 16:27:52.160 RECV SLN[FC=12]
07月12日 16:27:52.223 RECV SLN[FC=12]
07月12日 16:28:24.036 RECV SLN[FC=12]
07月12日 16:28:24.043 RECV SLN[FC=12]
07月12日 16:28:56.017 RECV SLN[FC=12]
07月12日 16:28:56.100 RECV SLN[FC=12]
07月12日 16:29:12.163 RECV SLN[FC=12]
07月12日 16:29:12.169 RECV SLN[FC=12]
07月12日 16:29:28.643 RECV SLN[FC=12]
07月12日 16:29:28.665 RECV SLN[FC=12]
07月12日 16:29:44.183 RECV EBR[BF=01]
07月12日 16:30:38.853 RECV SLN[FC=12]
07月12日 16:30:38.854 RECV SLN[FC=12]
07月12日 16:31:18.958 RECV EBR[BF=02]
07月12日 16:31:28.629 RECV SLN[FC=12]
07月12日 16:31:28.703 RECV SLN[FC=12]
07月12日 16:31:45.547 RECV SLN[FC=12]
07月12日 16:31:45.553 RECV SLN[FC=12]
07月12日 16:32:51.923 RECV EBR[BF=01]
07月12日 16:32:56.920 RECV SLN[FC=12]
07月12日 16:32:56.988 RECV SLN[FC=12]
07月12日 16:33:28.647 RECV SLN[FC=12]
07月12日 16:33:28.713 RECV SLN[FC=12]
07月12日 16:34:50.048 RECV SLN[FC=12]
07月12日 16:34:50.116 RECV SLN[FC=12]
07月12日 16:35:05.529 RECV SLN[FC=12]
07月12日 16:35:05.618 RECV SLN[FC=12]
07月12日 16:35:15.836 RECV EBR[BF=02]
07月12日 16:35:37.473 RECV SLN[FC=12]
07月12日 16:35:37.541 RECV SLN[FC=12]
07月12日 16:36:26.314 RECV SLN[FC=12]
07月12日 16:36:26.346 RECV SLN[FC=12]
07月12日 16:36:42.631 RECV SLN[FC=12]
07月12日 16:36:42.670 RECV SLN[FC=12]
07月12日 16:37:30.696 RECV SLN[FC=12]
07月12日 16:37:30.768 RECV SLN[FC=12]
07月12日 16:37:46.274 RECV SLN[FC=12]
07月12日 16:37:46.333 RECV SLN[FC=12]
07月12日 16:38:02.401 RECV SLN[FC=12]
07月12日 16:38:02.500 RECV SLN[FC=12]
07月12日 16:38:35.678 RECV SLN[FC=12]
07月12日 16:38:35.705 RECV SLN[FC=12]
07月12日 16:39:05.677 RECV SLN[FC=11]
07月12日 16:39:05.764 RECV SLN[FC=11]
07月12日 16:39:38.721 RECV SLN[FC=12]
07月12日 16:39:38.804 RECV SLN[FC=12]
07月12日 16:39:53.146 RECV SLN[FC=11]
07月12日 16:39:53.191 RECV SLN[FC=11]
07月12日 16:40:10.937 RECV SLN[FC=12]
07月12日 16:40:10.972 RECV SLN[FC=12]
07月12日 16:40:27.067 RECV SLN[FC=12]
07月12日 16:40:27.120 RECV SLN[FC=12]
07月12日 16:40:43.067 RECV SLN[FC=12]
07月12日 16:40:43.096 RECV SLN[FC=12]
07月12日 16:40:59.059 RECV SLN[FC=12]
07月12日 16:40:59.090 RECV SLN[FC=12]
07月12日 16:41:30.648 RECV SLN[FC=12]
07月12日 16:41:30.682 RECV SLN[FC=12]
07月12日 16:41:46.578 RECV SLN[FC=12]
07月12日 16:41:46.622 RECV SLN[FC=12]
07月12日 16:42:35.151 RECV SLN[FC=12]
07月12日 16:42:35.192 RECV SLN[FC=12]
07月12日 16:42:51.479 RECV SLN[FC=12]
07月12日 16:42:51.515 RECV SLN[FC=12]
07月12日 16:43:07.733 RECV EBR[BF=01]
07月12日 16:43:24.478 RECV SLN[FC=12]
07月12日 16:43:24.525 RECV SLN[FC=12]
07月12日 16:43:56.474 RECV SLN[FC=12]
07月12日 16:43:56.527 RECV SLN[FC=12]
07月12日 16:44:28.485 RECV SLN[FC=12]
07月12日 16:44:28.557 RECV SLN[FC=12]
07月12日 16:45:16.268 RECV SLN[FC=12]
07月12日 16:45:16.294 RECV SLN[FC=12]
07月12日 16:45:32.334 RECV SLN[FC=12]
07月12日 16:45:32.359 RECV SLN[FC=12]
07月12日 16:45:48.352 RECV SLN[FC=12]
07月12日 16:45:48.384 RECV SLN[FC=12]
07月12日 16:46:21.285 RECV SLN[FC=12]
07月12日 16:46:21.353 RECV SLN[FC=12]
