07月12日 16:46:09.010 [TRR][WACT][MOVE_X2]処理開始 (0.00mm + 0.00mm) -> (287.50mm + -0.05mm)
07月12日 16:46:09.012 [TRR][WACT][MOVE_X2]軸移動開始
07月12日 16:46:09.328 [TRR][WACT][MOVE_X2]FORチェックパルス 理論値：9935　現在値：15022
07月12日 16:46:09.682 [TRR][WACT][MOVE_X2]軸移動完了
07月12日 16:46:09.682 [TRR][WACT][MOVE_X2]受取センサ検知
07月12日 16:46:09.682 [TRR][WACT][MOVE_X2]処理完了
07月12日 16:46:09.697 [TRR][WACT]X2 GET FOR 移動完了
07月12日 16:46:09.697 [TRR][WACT]Z X2PUT 移動開始
07月12日 16:46:09.699 [TRR][WACT][MOVE_Z]処理開始 (12.00mm + -1.15mm) -> (22.50mm + -1.15mm)
07月12日 16:46:09.700 [TRR][WACT][MOVE_Z]軸移動開始
07月12日 16:46:09.929 [TRR][WACT][MOVE_Z]軸移動完了
07月12日 16:46:10.067 [TRR][WACT][MOVE_Z]エンコーダ値一致 ODR:26687 NOW:26668
07月12日 16:46:10.067 [TRR][WACT][MOVE_Z]処理完了
07月12日 16:46:10.070 [WACT]Z X2PUT 移動完了
07月12日 16:46:10.070 [TRR][WACT]相手先PSS確認中
07月12日 16:46:10.084 [TRR][WACT]PUTリクエスト(REQ02)送信
07月12日 16:46:10.084 SEND REQ 02(ウエハ受け渡し要求) S:01 U:01 POS:1
07月12日 16:46:10.085 [TRR][WACT]X1軸ウエハ有り
07月12日 16:46:10.085 [TRR][WACT]PUT FOR ウエハエラーチェック
07月12日 16:46:10.085 [TRR][WACT]X2 GET REV & X1 PUT FOR 移動開始
07月12日 16:46:10.086 [TRR][WACT][MOVE_X1]処理開始 (0.00mm + 0.00mm) -> (287.50mm + -0.45mm)
07月12日 16:46:10.087 [TRR][WACT][MOVE_X1]軸移動開始
07月12日 16:46:10.087 [TRR][WACT][MOVE_X2]処理開始 (287.50mm + -0.05mm) -> (0.00mm + 0.00mm)
07月12日 16:46:10.087 [TRR][WACT][MOVE_X2]軸移動開始
07月12日 16:46:10.088 [TRR][WACT][MOVE_Y]処理開始 (5.00mm + -0.80mm) -> (5.00mm + -0.80mm)
07月12日 16:46:10.088 [TRR][WACT][MOVE_Y]軸移動開始
07月12日 16:46:10.088 [TRR][WACT][MOVE_T]処理開始 (90.00mm + 0.26mm) -> (90.00mm + 0.32mm)
07月12日 16:46:10.089 [TRR][WACT][MOVE_T]軸移動開始
07月12日 16:46:10.287 [TRR][WACT][MOVE_Y]軸移動完了
07月12日 16:46:10.288 [TRR][WACT][MOVE_Y]エンコーダ値一致 ODR:2100 NOW:2090
07月12日 16:46:10.288 [TRR][WACT][MOVE_Y]処理完了
07月12日 16:46:10.288 [TRR][WACT][MOVE_T]軸移動完了
07月12日 16:46:10.288 [TRR][WACT][MOVE_T]エンコーダ値一致 ODR:125071 NOW:125070
07月12日 16:46:10.289 [TRR][WACT][MOVE_T]処理完了
07月12日 16:46:10.676 [TRR][WACT][MOVE_X2]軸移動完了
07月12日 16:46:10.677 [TRR][WACT][MOVE_X2]原点センサ検知
07月12日 16:46:10.677 [TRR][WACT][MOVE_X2]処理完了
07月12日 16:46:10.686 [TRR][WACT][MOVE_X1]軸移動完了
07月12日 16:46:10.686 [TRR][WACT][MOVE_X1]受取センサ検知
07月12日 16:46:10.686 [TRR][WACT][MOVE_X1]処理完了
07月12日 16:46:10.687 [TRR][WACT]X2 GET REV & X1 PUT FOR 移動完了
07月12日 16:46:10.688 [TRR][WACT]X2軸ウエハ無し
07月12日 16:46:10.688 [TRR][WACT]GET REV ウエハエラーチェック
07月12日 16:46:10.688 [TRR][WACT]Z X1MID 移動開始
07月12日 16:46:10.697 [TRR][WACT][MOVE_Z]処理開始 (22.50mm + -1.15mm) -> (7.50mm + -3.15mm)
07月12日 16:46:10.697 [TRR][WACT][MOVE_Z]軸移動開始
07月12日 16:46:10.973 [TRR][WACT][MOVE_Z]軸移動完了
07月12日 16:46:11.116 [TRR][WACT][MOVE_Z]エンコーダ値一致 ODR:5437 NOW:5460
07月12日 16:46:11.116 [TRR][WACT][MOVE_Z]処理完了
07月12日 16:46:11.121 [TRR][WACT]Z X1MID 移動完了
07月12日 16:46:11.121 [TRR][WACT]Z X1GET 移動開始
07月12日 16:46:11.125 [TRR][WACT][MOVE_Z]処理開始 (7.50mm + -3.15mm) -> (0.00mm + -1.15mm)
07月12日 16:46:11.125 [TRR][WACT][MOVE_Z]軸移動開始
07月12日 16:46:11.324 [TRR][WACT][MOVE_Z]軸移動完了
07月12日 16:46:11.412 [TRR][WACT][MOVE_Z]エンコーダ値一致 ODR:-1438 NOW:-1406
07月12日 16:46:11.412 [TRR][WACT][MOVE_Z]処理完了
07月12日 16:46:11.419 [TRR][WACT]Z X1GET 移動完了
07月12日 16:46:11.419 [TRR][WACT]X1 PUT REV 移動開始
07月12日 16:46:11.420 [TRR][WACT][MOVE_X1]処理開始 (287.50mm + -0.45mm) -> (0.00mm + 0.00mm)
07月12日 16:46:11.421 [TRR][WACT][MOVE_X1]軸移動開始
07月12日 16:46:11.754 [TRR][WACT][MOVE_X1]REVチェックパルス 理論値：30185　現在値：26972
07月12日 16:46:12.008 [TRR][WACT][MOVE_X1]軸移動完了
07月12日 16:46:12.008 [TRR][WACT][MOVE_X1]原点センサ検知
07月12日 16:46:12.008 [TRR][WACT][MOVE_X1]処理完了
07月12日 16:46:12.012 [TRR][WACT]X1 PUT REV 移動完了
07月12日 16:46:12.012 [TRR][WACT]PUT REV ウエハエラーチェック
07月12日 16:46:12.012 [TRR][WACT]処理正常終了
07月12日 16:46:12.024 SEND END(ウエハ受け渡し終了) S:01 U:01 POS:1
07月12日 16:46:12.024 SEND TRC(入れ替え完了報告) 入替POS:1 行先POS:22 GET:0 PUT:1 ARM:X2
07月12日 16:46:12.024 [TRR][MOVE]ポジション移動開始 POS:22
07月12日 16:46:12.025 [TRR][MOVE][PTS_NPOS]処理開始
07月12日 16:46:12.033 [TRR][MOVE][PTS_NPOS]全軸正常位置移動完了
07月12日 16:46:12.045 [TRR][MOVE][PTS_MOVE]ポジション移動開始 POS:22
07月12日 16:46:12.050 [TRR][MOVE][PTS_MOVE][MOVE_Y]処理開始 (5.00mm + -0.80mm) -> (1904.00mm + 0.00mm)
07月12日 16:46:12.051 [TRR][MOVE][PTS_MOVE][MOVE_Y]軸移動開始
07月12日 16:46:12.051 [TRR][MOVE][PTS_MOVE][MOVE_Z]処理開始 (0.00mm + -1.15mm) -> (16.00mm + 0.00mm)
07月12日 16:46:12.052 [TRR][MOVE][PTS_MOVE][MOVE_Z]軸移動開始
07月12日 16:46:12.052 [TRR][MOVE][PTS_MOVE][MOVE_T]処理開始 (90.00mm + 0.32mm) -> (270.00mm + 6.93mm)
07月12日 16:46:12.053 [TRR][MOVE][PTS_MOVE][MOVE_T]軸移動開始
07月12日 16:46:12.547 RECV PSS(ウエハ受渡可/不可) 03 U:1 S:1
07月12日 16:46:17.056 [TRR][MOVE][PTS_MOVE][MOVE_Y]軸移動完了
07月12日 16:46:17.133 [TRR][MOVE][PTS_MOVE][MOVE_Z]軸移動完了
07月12日 16:46:17.144 [TRR][MOVE][PTS_MOVE][MOVE_Z]エンコーダ値一致 ODR:20000 NOW:19961
07月12日 16:46:17.144 [TRR][MOVE][PTS_MOVE][MOVE_Z]処理完了
07月12日 16:46:17.144 [TRR][MOVE][PTS_MOVE][MOVE_T]軸移動完了
07月12日 16:46:17.152 [TRR][MOVE][PTS_MOVE][MOVE_T]エンコーダ値一致 ODR:376532 NOW:376535
07月12日 16:46:17.152 [TRR][MOVE][PTS_MOVE][MOVE_T]処理完了
07月12日 16:46:17.493 [TRR][MOVE][PTS_MOVE][MOVE_Y]エンコーダ値一致 ODR:952000 NOW:951981
07月12日 16:46:17.494 [TRR][MOVE][PTS_MOVE][MOVE_Y]処理完了
07月12日 16:46:17.504 [TRR][MOVE][PTS_MOVE]ポジション移動正常終了 POS:22
07月12日 16:46:17.514 [TRR][MOVE]ポジション移動正常終了 POS:22
07月12日 16:46:17.529 [TRR]処理正常終了
07月12日 16:46:17.529 SEND STT 00(ステータス報告)
07月12日 16:46:22.125 RECV PSS(ウエハ受渡可/不可) 00 U:1 S:1
07月12日 16:46:32.422 RECV PSS(ウエハ受渡可/不可) 00 U:1 S:10
07月12日 16:46:32.577 RECV TRR WFPOS:22 MVPOS:1 G:1 P:0 0ms
07月12日 16:46:32.578 GETWFID:  01 01 01 01 01 01 00 00 00 05 00 00 02 03 03 01 00 00 00 00 00 00 00 00 00 00 00 00 00 00 00 00
07月12日 16:46:32.578 PUTWFID:  00 00 00 00 00 00 00 00 00 00 00 00 00 00 00 00 00 00 00 00 00 00 00 00 00 00 00 00 00 00 00 00
07月12日 16:46:32.588 SEND STT 01(ステータス報告)
07月12日 16:46:32.588 [TRR]処理開始 入替POS:22 受:01(X1) 置:00(X1) 移動POS:01
07月12日 16:46:32.589 [TRR][MOVE]ポジション移動開始 POS:22
07月12日 16:46:32.589 [TRR][MOVE][PTS_NPOS]処理開始
07月12日 16:46:32.590 [TRR][MOVE][PTS_NPOS]全軸正常位置移動完了
07月12日 16:46:32.607 [TRR][MOVE][PTS_MOVE]ポジション移動開始 POS:22
07月12日 16:46:32.609 [TRR][MOVE][PTS_MOVE][MOVE_Y]処理開始 (1904.00mm + 0.00mm) -> (1904.00mm + 0.00mm)
07月12日 16:46:32.610 [TRR][MOVE][PTS_MOVE][MOVE_Y]軸移動開始
07月12日 16:46:32.610 [TRR][MOVE][PTS_MOVE][MOVE_Z]処理開始 (16.00mm + 0.00mm) -> (4.00mm + 0.00mm)
07月12日 16:46:32.611 [TRR][MOVE][PTS_MOVE][MOVE_Z]軸移動開始
07月12日 16:46:32.612 [TRR][MOVE][PTS_MOVE][MOVE_T]処理開始 (270.00mm + 6.93mm) -> (270.00mm + 6.99mm)
07月12日 16:46:32.612 [TRR][MOVE][PTS_MOVE][MOVE_T]軸移動開始
07月12日 16:46:32.635 [TRR][MOVE][PTS_MOVE][MOVE_Y]軸移動完了
07月12日 16:46:32.635 [TRR][MOVE][PTS_MOVE][MOVE_Y]エンコーダ値一致 ODR:952000 NOW:952000
07月12日 16:46:32.635 [TRR][MOVE][PTS_MOVE][MOVE_Y]処理完了
07月12日 16:46:32.777 [TRR][MOVE][PTS_MOVE][MOVE_T]軸移動完了
07月12日 16:46:32.777 [TRR][MOVE][PTS_MOVE][MOVE_T]エンコーダ値一致 ODR:376545 NOW:376545
07月12日 16:46:32.777 [TRR][MOVE][PTS_MOVE][MOVE_T]処理完了
07月12日 16:46:32.827 [TRR][MOVE][PTS_MOVE][MOVE_Z]軸移動完了
07月12日 16:46:32.975 [TRR][MOVE][PTS_MOVE][MOVE_Z]エンコーダ値一致 ODR:5000 NOW:5044
07月12日 16:46:32.975 [TRR][MOVE][PTS_MOVE][MOVE_Z]処理完了
07月12日 16:46:32.981 [TRR][MOVE][PTS_MOVE]ポジション移動正常終了 POS:22
07月12日 16:46:32.992 [TRR][MOVE]ポジション移動正常終了 POS:22
07月12日 16:46:33.004 [TRR][GET]処理開始
07月12日 16:46:33.004 [TRR][GET]相手先PSS確認中
07月12日 16:46:33.018 [TRR][GET]GETリクエスト送信
07月12日 16:46:33.019 SEND REQ 01(ウエハ受け渡し要求) S:10 U:01 POS:22
07月12日 16:46:33.020 [TRR][GET][MOVE_X1]処理開始 (0.00mm + 0.00mm) -> (288.00mm + 2.00mm)
07月12日 16:46:33.020 [TRR][GET][MOVE_X1]軸移動開始
07月12日 16:46:33.219 [TRR][GET][MOVE_X1]FORチェックパルス 理論値：9935　現在値：15060
07月12日 16:46:33.621 [TRR][GET][MOVE_X1]軸移動完了
07月12日 16:46:33.622 [TRR][GET][MOVE_X1]受取センサ検知
07月12日 16:46:33.622 [TRR][GET][MOVE_X1]処理完了
07月12日 16:46:33.639 [TRR][GET][MOVE_Z]処理開始 (4.00mm + 0.00mm) -> (14.50mm + 0.00mm)
07月12日 16:46:33.640 [TRR][GET][MOVE_Z]軸移動開始
07月12日 16:46:33.869 [TRR][GET][MOVE_Z]軸移動完了
07月12日 16:46:34.006 [TRR][GET][MOVE_Z]エンコーダ値一致 ODR:18125 NOW:18101
07月12日 16:46:34.007 [TRR][GET][MOVE_Z]処理完了
07月12日 16:46:34.016 [TRR][GET][MOVE_X1]処理開始 (288.00mm + 2.00mm) -> (0.00mm + 0.00mm)
07月12日 16:46:34.016 [TRR][GET][MOVE_X1]軸移動開始
07月12日 16:46:34.692 [TRR][GET][MOVE_X1]REVチェックパルス 理論値：30185　現在値：0
07月12日 16:46:34.760 [TRR][GET][MOVE_X1]軸移動完了
07月12日 16:46:34.761 [TRR][GET][MOVE_X1]原点センサ検知
07月12日 16:46:34.762 [TRR][GET][MOVE_X1]処理完了
07月12日 16:46:34.769 [TRR][GET]X1軸ウエハ無し
07月12日 16:46:34.769 [TRR][GET]ウエハエラーチェック
07月12日 16:46:34.769 [ALM][STOP]処理開始
07月12日 16:46:34.769 SEND TST (搬送ユニット停止報告) POS:22
07月12日 16:46:34.774 ALARM ON(CODE:602)
07月12日 16:46:34.774 [TRR][GET]処理異常終了
07月12日 16:46:34.790 SEND ALO(CODE:602)
07月12日 16:46:34.924 [ALM][STOP]処理終了
